<?xml version="1.0" encoding="utf-8"?>
<!DOCTYPE coverage SYSTEM "http://cobertura.sourceforge.net/xml/coverage-04.dtd">
<coverage line-rate="0.729542302357836" branch-rate="0.510204081632653" lines-covered="1052" lines-valid="1442" branches-covered="50" branches-valid="98" complexity="334" version="0" timestamp="1702599710">
  <sources>
    <source>C:\Users\Vlad\</source>
  </sources>
  <packages>
    <package name="ProiectMOPS.Applications" line-rate="0.169354838709677" branch-rate="0" complexity="77">
      <classes>
        <class name="ProiectMOPS.Applications.CommandHandlers.ProductCommandHandlers.CreateProductCommandHandlers" filename="C:\Users\Vlad\Desktop\ASP\Proiect-MOPS\Backend\ProiectMOPS\ProiectMOPS.Applications\CommandHandlers\ProductCommandHandlers\CreateProductCommandHandlers.cs" line-rate="0" branch-rate="1" complexity="2">
          <methods>
            <method name=".ctor" signature="(...)" line-rate="0" branch-rate="1" complexity="1">
              <lines>
                <line number="11" hits="0" branch="false" />
                <line number="12" hits="0" branch="false" />
                <line number="13" hits="0" branch="false" />
                <line number="14" hits="0" branch="false" />
              </lines>
            </method>
            <method name="Handle" signature="()" line-rate="0" branch-rate="1" complexity="1">
              <lines>
                <line number="17" hits="0" branch="false" />
                <line number="18" hits="0" branch="false" />
                <line number="19" hits="0" branch="false" />
                <line number="20" hits="0" branch="false" />
                <line number="21" hits="0" branch="false" />
                <line number="22" hits="0" branch="false" />
                <line number="23" hits="0" branch="false" />
                <line number="24" hits="0" branch="false" />
                <line number="26" hits="0" branch="false" />
                <line number="27" hits="0" branch="false" />
                <line number="28" hits="0" branch="false" />
                <line number="29" hits="0" branch="false" />
              </lines>
            </method>
          </methods>
          <lines>
            <line number="11" hits="0" branch="false" />
            <line number="12" hits="0" branch="false" />
            <line number="13" hits="0" branch="false" />
            <line number="14" hits="0" branch="false" />
            <line number="17" hits="0" branch="false" />
            <line number="18" hits="0" branch="false" />
            <line number="19" hits="0" branch="false" />
            <line number="20" hits="0" branch="false" />
            <line number="21" hits="0" branch="false" />
            <line number="22" hits="0" branch="false" />
            <line number="23" hits="0" branch="false" />
            <line number="24" hits="0" branch="false" />
            <line number="26" hits="0" branch="false" />
            <line number="27" hits="0" branch="false" />
            <line number="28" hits="0" branch="false" />
            <line number="29" hits="0" branch="false" />
          </lines>
        </class>
        <class name="ProiectMOPS.Applications.CommandHandlers.ProductCommandHandlers.DeleteProductCommandHandler" filename="C:\Users\Vlad\Desktop\ASP\Proiect-MOPS\Backend\ProiectMOPS\ProiectMOPS.Applications\CommandHandlers\ProductCommandHandlers\DeleteProductCommandHandler.cs" line-rate="0" branch-rate="0" complexity="3">
          <methods>
            <method name=".ctor" signature="(...)" line-rate="0" branch-rate="1" complexity="1">
              <lines>
                <line number="11" hits="0" branch="false" />
                <line number="12" hits="0" branch="false" />
                <line number="13" hits="0" branch="false" />
                <line number="14" hits="0" branch="false" />
              </lines>
            </method>
            <method name="Handle" signature="()" line-rate="0" branch-rate="0" complexity="2">
              <lines>
                <line number="17" hits="0" branch="false" />
                <line number="18" hits="0" branch="false" />
                <line number="19" hits="0" branch="true" condition-coverage="0% (0/2)" />
                <line number="20" hits="0" branch="false" />
                <line number="21" hits="0" branch="false" />
                <line number="23" hits="0" branch="false" />
                <line number="24" hits="0" branch="false" />
                <line number="25" hits="0" branch="false" />
                <line number="26" hits="0" branch="false" />
              </lines>
            </method>
          </methods>
          <lines>
            <line number="11" hits="0" branch="false" />
            <line number="12" hits="0" branch="false" />
            <line number="13" hits="0" branch="false" />
            <line number="14" hits="0" branch="false" />
            <line number="17" hits="0" branch="false" />
            <line number="18" hits="0" branch="false" />
            <line number="19" hits="0" branch="true" condition-coverage="0% (0/2)" />
            <line number="20" hits="0" branch="false" />
            <line number="21" hits="0" branch="false" />
            <line number="23" hits="0" branch="false" />
            <line number="24" hits="0" branch="false" />
            <line number="25" hits="0" branch="false" />
            <line number="26" hits="0" branch="false" />
          </lines>
        </class>
        <class name="ProiectMOPS.Applications.CommandHandlers.ProductCommandHandlers.UpdateProductCommandHandlers" filename="C:\Users\Vlad\Desktop\ASP\Proiect-MOPS\Backend\ProiectMOPS\ProiectMOPS.Applications\CommandHandlers\ProductCommandHandlers\UpdateProductCommandHandlers.cs" line-rate="0" branch-rate="0" complexity="3">
          <methods>
            <method name=".ctor" signature="(...)" line-rate="0" branch-rate="1" complexity="1">
              <lines>
                <line number="11" hits="0" branch="false" />
                <line number="12" hits="0" branch="false" />
                <line number="13" hits="0" branch="false" />
                <line number="14" hits="0" branch="false" />
              </lines>
            </method>
            <method name="Handle" signature="()" line-rate="0" branch-rate="0" complexity="2">
              <lines>
                <line number="17" hits="0" branch="false" />
                <line number="18" hits="0" branch="false" />
                <line number="19" hits="0" branch="true" condition-coverage="0% (0/2)" />
                <line number="20" hits="0" branch="false" />
                <line number="21" hits="0" branch="false" />
                <line number="24" hits="0" branch="false" />
                <line number="25" hits="0" branch="false" />
                <line number="26" hits="0" branch="false" />
                <line number="27" hits="0" branch="false" />
                <line number="28" hits="0" branch="false" />
                <line number="29" hits="0" branch="false" />
                <line number="30" hits="0" branch="false" />
                <line number="31" hits="0" branch="false" />
              </lines>
            </method>
          </methods>
          <lines>
            <line number="11" hits="0" branch="false" />
            <line number="12" hits="0" branch="false" />
            <line number="13" hits="0" branch="false" />
            <line number="14" hits="0" branch="false" />
            <line number="17" hits="0" branch="false" />
            <line number="18" hits="0" branch="false" />
            <line number="19" hits="0" branch="true" condition-coverage="0% (0/2)" />
            <line number="20" hits="0" branch="false" />
            <line number="21" hits="0" branch="false" />
            <line number="24" hits="0" branch="false" />
            <line number="25" hits="0" branch="false" />
            <line number="26" hits="0" branch="false" />
            <line number="27" hits="0" branch="false" />
            <line number="28" hits="0" branch="false" />
            <line number="29" hits="0" branch="false" />
            <line number="30" hits="0" branch="false" />
            <line number="31" hits="0" branch="false" />
          </lines>
        </class>
        <class name="ProiectMOPS.Applications.CommandHandlers.ProductImageCommandHandlers.CreateProductImageCommandHandler" filename="C:\Users\Vlad\Desktop\ASP\Proiect-MOPS\Backend\ProiectMOPS\ProiectMOPS.Applications\CommandHandlers\ProductImageCommandHandlers\CreateProductImageCommandHandler.cs" line-rate="0" branch-rate="1" complexity="2">
          <methods>
            <method name=".ctor" signature="(...)" line-rate="0" branch-rate="1" complexity="1">
              <lines>
                <line number="12" hits="0" branch="false" />
                <line number="13" hits="0" branch="false" />
                <line number="14" hits="0" branch="false" />
                <line number="15" hits="0" branch="false" />
              </lines>
            </method>
            <method name="Handle" signature="()" line-rate="0" branch-rate="1" complexity="1">
              <lines>
                <line number="18" hits="0" branch="false" />
                <line number="19" hits="0" branch="false" />
                <line number="20" hits="0" branch="false" />
                <line number="21" hits="0" branch="false" />
                <line number="23" hits="0" branch="false" />
                <line number="24" hits="0" branch="false" />
                <line number="25" hits="0" branch="false" />
                <line number="26" hits="0" branch="false" />
              </lines>
            </method>
          </methods>
          <lines>
            <line number="12" hits="0" branch="false" />
            <line number="13" hits="0" branch="false" />
            <line number="14" hits="0" branch="false" />
            <line number="15" hits="0" branch="false" />
            <line number="18" hits="0" branch="false" />
            <line number="19" hits="0" branch="false" />
            <line number="20" hits="0" branch="false" />
            <line number="21" hits="0" branch="false" />
            <line number="23" hits="0" branch="false" />
            <line number="24" hits="0" branch="false" />
            <line number="25" hits="0" branch="false" />
            <line number="26" hits="0" branch="false" />
          </lines>
        </class>
        <class name="ProiectMOPS.Applications.CommandHandlers.ProductImageCommandHandlers.DeleteProductImageCommandHandler" filename="C:\Users\Vlad\Desktop\ASP\Proiect-MOPS\Backend\ProiectMOPS\ProiectMOPS.Applications\CommandHandlers\ProductImageCommandHandlers\DeleteProductImageCommandHandler.cs" line-rate="0" branch-rate="0" complexity="3">
          <methods>
            <method name=".ctor" signature="(...)" line-rate="0" branch-rate="1" complexity="1">
              <lines>
                <line number="11" hits="0" branch="false" />
                <line number="12" hits="0" branch="false" />
                <line number="13" hits="0" branch="false" />
                <line number="14" hits="0" branch="false" />
              </lines>
            </method>
            <method name="Handle" signature="()" line-rate="0" branch-rate="0" complexity="2">
              <lines>
                <line number="17" hits="0" branch="false" />
                <line number="18" hits="0" branch="false" />
                <line number="19" hits="0" branch="true" condition-coverage="0% (0/2)" />
                <line number="20" hits="0" branch="false" />
                <line number="21" hits="0" branch="false" />
                <line number="23" hits="0" branch="false" />
                <line number="24" hits="0" branch="false" />
                <line number="25" hits="0" branch="false" />
                <line number="26" hits="0" branch="false" />
              </lines>
            </method>
          </methods>
          <lines>
            <line number="11" hits="0" branch="false" />
            <line number="12" hits="0" branch="false" />
            <line number="13" hits="0" branch="false" />
            <line number="14" hits="0" branch="false" />
            <line number="17" hits="0" branch="false" />
            <line number="18" hits="0" branch="false" />
            <line number="19" hits="0" branch="true" condition-coverage="0% (0/2)" />
            <line number="20" hits="0" branch="false" />
            <line number="21" hits="0" branch="false" />
            <line number="23" hits="0" branch="false" />
            <line number="24" hits="0" branch="false" />
            <line number="25" hits="0" branch="false" />
            <line number="26" hits="0" branch="false" />
          </lines>
        </class>
        <class name="ProiectMOPS.Applications.CommandHandlers.ReviewCommandHandlers.CreateReviewCommandHandler" filename="C:\Users\Vlad\Desktop\ASP\Proiect-MOPS\Backend\ProiectMOPS\ProiectMOPS.Applications\CommandHandlers\ReviewCommandHandlers\CreateReviewCommandHandler.cs" line-rate="0" branch-rate="0" complexity="3">
          <methods>
            <method name=".ctor" signature="(...)" line-rate="0" branch-rate="1" complexity="1">
              <lines>
                <line number="12" hits="0" branch="false" />
                <line number="13" hits="0" branch="false" />
                <line number="14" hits="0" branch="false" />
                <line number="15" hits="0" branch="false" />
              </lines>
            </method>
            <method name="Handle" signature="()" line-rate="0" branch-rate="0" complexity="2">
              <lines>
                <line number="18" hits="0" branch="false" />
                <line number="19" hits="0" branch="false" />
                <line number="21" hits="0" branch="true" condition-coverage="0% (0/2)" />
                <line number="22" hits="0" branch="false" />
                <line number="23" hits="0" branch="false" />
                <line number="26" hits="0" branch="false" />
                <line number="27" hits="0" branch="false" />
                <line number="28" hits="0" branch="false" />
                <line number="29" hits="0" branch="false" />
                <line number="30" hits="0" branch="false" />
                <line number="31" hits="0" branch="false" />
                <line number="32" hits="0" branch="false" />
                <line number="34" hits="0" branch="false" />
                <line number="35" hits="0" branch="false" />
                <line number="36" hits="0" branch="false" />
                <line number="37" hits="0" branch="false" />
              </lines>
            </method>
          </methods>
          <lines>
            <line number="12" hits="0" branch="false" />
            <line number="13" hits="0" branch="false" />
            <line number="14" hits="0" branch="false" />
            <line number="15" hits="0" branch="false" />
            <line number="18" hits="0" branch="false" />
            <line number="19" hits="0" branch="false" />
            <line number="21" hits="0" branch="true" condition-coverage="0% (0/2)" />
            <line number="22" hits="0" branch="false" />
            <line number="23" hits="0" branch="false" />
            <line number="26" hits="0" branch="false" />
            <line number="27" hits="0" branch="false" />
            <line number="28" hits="0" branch="false" />
            <line number="29" hits="0" branch="false" />
            <line number="30" hits="0" branch="false" />
            <line number="31" hits="0" branch="false" />
            <line number="32" hits="0" branch="false" />
            <line number="34" hits="0" branch="false" />
            <line number="35" hits="0" branch="false" />
            <line number="36" hits="0" branch="false" />
            <line number="37" hits="0" branch="false" />
          </lines>
        </class>
        <class name="ProiectMOPS.Applications.CommandHandlers.ReviewCommandHandlers.DeleteReviewCommandHandler" filename="C:\Users\Vlad\Desktop\ASP\Proiect-MOPS\Backend\ProiectMOPS\ProiectMOPS.Applications\CommandHandlers\ReviewCommandHandlers\DeleteReviewCommandHandler.cs" line-rate="0" branch-rate="0" complexity="3">
          <methods>
            <method name=".ctor" signature="(...)" line-rate="0" branch-rate="1" complexity="1">
              <lines>
                <line number="11" hits="0" branch="false" />
                <line number="12" hits="0" branch="false" />
                <line number="13" hits="0" branch="false" />
                <line number="14" hits="0" branch="false" />
              </lines>
            </method>
            <method name="Handle" signature="()" line-rate="0" branch-rate="0" complexity="2">
              <lines>
                <line number="17" hits="0" branch="false" />
                <line number="18" hits="0" branch="false" />
                <line number="19" hits="0" branch="true" condition-coverage="0% (0/2)" />
                <line number="20" hits="0" branch="false" />
                <line number="21" hits="0" branch="false" />
                <line number="23" hits="0" branch="false" />
                <line number="24" hits="0" branch="false" />
                <line number="25" hits="0" branch="false" />
                <line number="26" hits="0" branch="false" />
              </lines>
            </method>
          </methods>
          <lines>
            <line number="11" hits="0" branch="false" />
            <line number="12" hits="0" branch="false" />
            <line number="13" hits="0" branch="false" />
            <line number="14" hits="0" branch="false" />
            <line number="17" hits="0" branch="false" />
            <line number="18" hits="0" branch="false" />
            <line number="19" hits="0" branch="true" condition-coverage="0% (0/2)" />
            <line number="20" hits="0" branch="false" />
            <line number="21" hits="0" branch="false" />
            <line number="23" hits="0" branch="false" />
            <line number="24" hits="0" branch="false" />
            <line number="25" hits="0" branch="false" />
            <line number="26" hits="0" branch="false" />
          </lines>
        </class>
        <class name="ProiectMOPS.Applications.CommandHandlers.ReviewCommandHandlers.UpdateReviewCommandHandler" filename="C:\Users\Vlad\Desktop\ASP\Proiect-MOPS\Backend\ProiectMOPS\ProiectMOPS.Applications\CommandHandlers\ReviewCommandHandlers\UpdateReviewCommandHandler.cs" line-rate="0" branch-rate="0" complexity="3">
          <methods>
            <method name=".ctor" signature="(...)" line-rate="0" branch-rate="1" complexity="1">
              <lines>
                <line number="11" hits="0" branch="false" />
                <line number="12" hits="0" branch="false" />
                <line number="13" hits="0" branch="false" />
                <line number="14" hits="0" branch="false" />
              </lines>
            </method>
            <method name="Handle" signature="()" line-rate="0" branch-rate="0" complexity="2">
              <lines>
                <line number="17" hits="0" branch="false" />
                <line number="18" hits="0" branch="false" />
                <line number="19" hits="0" branch="true" condition-coverage="0% (0/2)" />
                <line number="20" hits="0" branch="false" />
                <line number="21" hits="0" branch="false" />
                <line number="24" hits="0" branch="false" />
                <line number="25" hits="0" branch="false" />
                <line number="26" hits="0" branch="false" />
                <line number="27" hits="0" branch="false" />
                <line number="28" hits="0" branch="false" />
                <line number="29" hits="0" branch="false" />
                <line number="30" hits="0" branch="false" />
              </lines>
            </method>
          </methods>
          <lines>
            <line number="11" hits="0" branch="false" />
            <line number="12" hits="0" branch="false" />
            <line number="13" hits="0" branch="false" />
            <line number="14" hits="0" branch="false" />
            <line number="17" hits="0" branch="false" />
            <line number="18" hits="0" branch="false" />
            <line number="19" hits="0" branch="true" condition-coverage="0% (0/2)" />
            <line number="20" hits="0" branch="false" />
            <line number="21" hits="0" branch="false" />
            <line number="24" hits="0" branch="false" />
            <line number="25" hits="0" branch="false" />
            <line number="26" hits="0" branch="false" />
            <line number="27" hits="0" branch="false" />
            <line number="28" hits="0" branch="false" />
            <line number="29" hits="0" branch="false" />
            <line number="30" hits="0" branch="false" />
          </lines>
        </class>
        <class name="ProiectMOPS.Applications.Commands.ProductCommands.CreateProductCommand" filename="C:\Users\Vlad\Desktop\ASP\Proiect-MOPS\Backend\ProiectMOPS\ProiectMOPS.Applications\Commands\ProductCommands\CreateProductCommand.cs" line-rate="0.916666666666667" branch-rate="1" complexity="6">
          <methods>
            <method name="get_UserID" signature="()" line-rate="1" branch-rate="1" complexity="1">
              <lines>
                <line number="17" hits="6" branch="false" />
              </lines>
            </method>
            <method name="get_Price" signature="()" line-rate="1" branch-rate="1" complexity="1">
              <lines>
                <line number="18" hits="6" branch="false" />
              </lines>
            </method>
            <method name="get_Description" signature="()" line-rate="1" branch-rate="1" complexity="1">
              <lines>
                <line number="19" hits="6" branch="false" />
              </lines>
            </method>
            <method name="get_Name" signature="()" line-rate="1" branch-rate="1" complexity="1">
              <lines>
                <line number="20" hits="6" branch="false" />
              </lines>
            </method>
            <method name=".ctor" signature="()" line-rate="0" branch-rate="1" complexity="1">
              <lines>
                <line number="9" hits="0" branch="false" />
              </lines>
            </method>
            <method name=".ctor" signature="(...)" line-rate="1" branch-rate="1" complexity="1">
              <lines>
                <line number="10" hits="6" branch="false" />
                <line number="11" hits="6" branch="false" />
                <line number="12" hits="6" branch="false" />
                <line number="13" hits="6" branch="false" />
                <line number="14" hits="6" branch="false" />
                <line number="15" hits="6" branch="false" />
                <line number="16" hits="6" branch="false" />
              </lines>
            </method>
          </methods>
          <lines>
            <line number="9" hits="0" branch="false" />
            <line number="10" hits="6" branch="false" />
            <line number="11" hits="6" branch="false" />
            <line number="12" hits="6" branch="false" />
            <line number="13" hits="6" branch="false" />
            <line number="14" hits="6" branch="false" />
            <line number="15" hits="6" branch="false" />
            <line number="16" hits="6" branch="false" />
            <line number="17" hits="6" branch="false" />
            <line number="18" hits="6" branch="false" />
            <line number="19" hits="6" branch="false" />
            <line number="20" hits="6" branch="false" />
          </lines>
        </class>
        <class name="ProiectMOPS.Applications.Commands.ProductCommands.DeleteProductCommand" filename="C:\Users\Vlad\Desktop\ASP\Proiect-MOPS\Backend\ProiectMOPS\ProiectMOPS.Applications\Commands\ProductCommands\DeleteProductCommand.cs" line-rate="1" branch-rate="1" complexity="1">
          <methods>
            <method name="get_ProductID" signature="()" line-rate="1" branch-rate="1" complexity="1">
              <lines>
                <line number="8" hits="7" branch="false" />
              </lines>
            </method>
          </methods>
          <lines>
            <line number="8" hits="7" branch="false" />
          </lines>
        </class>
        <class name="ProiectMOPS.Applications.Commands.ProductCommands.UpdateProductCommand" filename="C:\Users\Vlad\Desktop\ASP\Proiect-MOPS\Backend\ProiectMOPS\ProiectMOPS.Applications\Commands\ProductCommands\UpdateProductCommand.cs" line-rate="1" branch-rate="1" complexity="5">
          <methods>
            <method name="get_ProductID" signature="()" line-rate="1" branch-rate="1" complexity="1">
              <lines>
                <line number="8" hits="7" branch="false" />
              </lines>
            </method>
            <method name="get_UserID" signature="()" line-rate="1" branch-rate="1" complexity="1">
              <lines>
                <line number="9" hits="7" branch="false" />
              </lines>
            </method>
            <method name="get_Price" signature="()" line-rate="1" branch-rate="1" complexity="1">
              <lines>
                <line number="10" hits="7" branch="false" />
              </lines>
            </method>
            <method name="get_Description" signature="()" line-rate="1" branch-rate="1" complexity="1">
              <lines>
                <line number="11" hits="7" branch="false" />
              </lines>
            </method>
            <method name="get_Name" signature="()" line-rate="1" branch-rate="1" complexity="1">
              <lines>
                <line number="12" hits="7" branch="false" />
              </lines>
            </method>
          </methods>
          <lines>
            <line number="8" hits="7" branch="false" />
            <line number="9" hits="7" branch="false" />
            <line number="10" hits="7" branch="false" />
            <line number="11" hits="7" branch="false" />
            <line number="12" hits="7" branch="false" />
          </lines>
        </class>
        <class name="ProiectMOPS.Applications.Commands.ProductImageCommands.CreateProductImageCommand" filename="C:\Users\Vlad\Desktop\ASP\Proiect-MOPS\Backend\ProiectMOPS\ProiectMOPS.Applications\Commands\ProductImageCommands\CreateProductImageCommand.cs" line-rate="1" branch-rate="1" complexity="3">
          <methods>
            <method name="get_URL" signature="()" line-rate="1" branch-rate="1" complexity="1">
              <lines>
                <line number="9" hits="5" branch="false" />
              </lines>
            </method>
            <method name="get_ProductID" signature="()" line-rate="1" branch-rate="1" complexity="1">
              <lines>
                <line number="10" hits="5" branch="false" />
              </lines>
            </method>
            <method name=".ctor" signature="(...)" line-rate="1" branch-rate="1" complexity="1">
              <lines>
                <line number="11" hits="5" branch="false" />
                <line number="12" hits="5" branch="false" />
                <line number="13" hits="5" branch="false" />
                <line number="14" hits="5" branch="false" />
                <line number="15" hits="5" branch="false" />
              </lines>
            </method>
          </methods>
          <lines>
            <line number="9" hits="5" branch="false" />
            <line number="10" hits="5" branch="false" />
            <line number="11" hits="5" branch="false" />
            <line number="12" hits="5" branch="false" />
            <line number="13" hits="5" branch="false" />
            <line number="14" hits="5" branch="false" />
            <line number="15" hits="5" branch="false" />
          </lines>
        </class>
        <class name="ProiectMOPS.Applications.Commands.ProductImageCommands.DeleteProductImageCommand" filename="C:\Users\Vlad\Desktop\ASP\Proiect-MOPS\Backend\ProiectMOPS\ProiectMOPS.Applications\Commands\ProductImageCommands\DeleteProductImageCommand.cs" line-rate="1" branch-rate="1" complexity="1">
          <methods>
            <method name="get_ProductImageID" signature="()" line-rate="1" branch-rate="1" complexity="1">
              <lines>
                <line number="8" hits="6" branch="false" />
              </lines>
            </method>
          </methods>
          <lines>
            <line number="8" hits="6" branch="false" />
          </lines>
        </class>
        <class name="ProiectMOPS.Applications.Commands.ReviewCommands.CreateReviewCommand" filename="C:\Users\Vlad\Desktop\ASP\Proiect-MOPS\Backend\ProiectMOPS\ProiectMOPS.Applications\Commands\ReviewCommands\CreateReviewCommand.cs" line-rate="0.777777777777778" branch-rate="1" complexity="5">
          <methods>
            <method name="get_Description" signature="()" line-rate="1" branch-rate="1" complexity="1">
              <lines>
                <line number="11" hits="6" branch="false" />
              </lines>
            </method>
            <method name="get_UserID" signature="()" line-rate="0" branch-rate="1" complexity="1">
              <lines>
                <line number="12" hits="0" branch="false" />
              </lines>
            </method>
            <method name="get_StarNumber" signature="()" line-rate="1" branch-rate="1" complexity="1">
              <lines>
                <line number="13" hits="6" branch="false" />
              </lines>
            </method>
            <method name="get_ProductID" signature="()" line-rate="0" branch-rate="1" complexity="1">
              <lines>
                <line number="14" hits="0" branch="false" />
              </lines>
            </method>
            <method name=".ctor" signature="(...)" line-rate="1" branch-rate="1" complexity="1">
              <lines>
                <line number="16" hits="6" branch="false" />
                <line number="17" hits="6" branch="false" />
                <line number="19" hits="6" branch="false" />
                <line number="20" hits="6" branch="false" />
                <line number="21" hits="6" branch="false" />
              </lines>
            </method>
          </methods>
          <lines>
            <line number="11" hits="6" branch="false" />
            <line number="12" hits="0" branch="false" />
            <line number="13" hits="6" branch="false" />
            <line number="14" hits="0" branch="false" />
            <line number="16" hits="6" branch="false" />
            <line number="17" hits="6" branch="false" />
            <line number="19" hits="6" branch="false" />
            <line number="20" hits="6" branch="false" />
            <line number="21" hits="6" branch="false" />
          </lines>
        </class>
        <class name="ProiectMOPS.Applications.Commands.ReviewCommands.DeleteReviewCommand" filename="C:\Users\Vlad\Desktop\ASP\Proiect-MOPS\Backend\ProiectMOPS\ProiectMOPS.Applications\Commands\ReviewCommands\DeleteReviewCommand.cs" line-rate="1" branch-rate="1" complexity="1">
          <methods>
            <method name="get_ReviewID" signature="()" line-rate="1" branch-rate="1" complexity="1">
              <lines>
                <line number="8" hits="7" branch="false" />
              </lines>
            </method>
          </methods>
          <lines>
            <line number="8" hits="7" branch="false" />
          </lines>
        </class>
        <class name="ProiectMOPS.Applications.Commands.ReviewCommands.UpdateReviewCommand" filename="C:\Users\Vlad\Desktop\ASP\Proiect-MOPS\Backend\ProiectMOPS\ProiectMOPS.Applications\Commands\ReviewCommands\UpdateReviewCommand.cs" line-rate="1" branch-rate="1" complexity="3">
          <methods>
            <method name="get_Description" signature="()" line-rate="1" branch-rate="1" complexity="1">
              <lines>
                <line number="8" hits="7" branch="false" />
              </lines>
            </method>
            <method name="get_StarNumber" signature="()" line-rate="1" branch-rate="1" complexity="1">
              <lines>
                <line number="9" hits="7" branch="false" />
              </lines>
            </method>
            <method name="get_ReviewID" signature="()" line-rate="1" branch-rate="1" complexity="1">
              <lines>
                <line number="10" hits="7" branch="false" />
              </lines>
            </method>
          </methods>
          <lines>
            <line number="8" hits="7" branch="false" />
            <line number="9" hits="7" branch="false" />
            <line number="10" hits="7" branch="false" />
          </lines>
        </class>
        <class name="ProiectMOPS.Applications.Queries.ProductImageQueries.GetProductImageByIDQuery" filename="C:\Users\Vlad\Desktop\ASP\Proiect-MOPS\Backend\ProiectMOPS\ProiectMOPS.Applications\Queries\ProductImageQueries\GetProductImageByIDQuery.cs" line-rate="1" branch-rate="1" complexity="1">
          <methods>
            <method name="get_ProductImageID" signature="()" line-rate="1" branch-rate="1" complexity="1">
              <lines>
                <line number="8" hits="1" branch="false" />
              </lines>
            </method>
          </methods>
          <lines>
            <line number="8" hits="1" branch="false" />
          </lines>
        </class>
        <class name="ProiectMOPS.Applications.Queries.ProductImageQueries.GetProductImagesByProductIDQuery" filename="C:\Users\Vlad\Desktop\ASP\Proiect-MOPS\Backend\ProiectMOPS\ProiectMOPS.Applications\Queries\ProductImageQueries\GetProductImagesByProductIDQuery.cs" line-rate="1" branch-rate="1" complexity="1">
          <methods>
            <method name="get_ProductID" signature="()" line-rate="1" branch-rate="1" complexity="1">
              <lines>
                <line number="8" hits="1" branch="false" />
              </lines>
            </method>
          </methods>
          <lines>
            <line number="8" hits="1" branch="false" />
          </lines>
        </class>
        <class name="ProiectMOPS.Applications.Queries.ProductQueries.GetProductByIDQuery" filename="C:\Users\Vlad\Desktop\ASP\Proiect-MOPS\Backend\ProiectMOPS\ProiectMOPS.Applications\Queries\ProductQueries\GetProductByIDQuery.cs" line-rate="1" branch-rate="1" complexity="1">
          <methods>
            <method name="get_ProductID" signature="()" line-rate="1" branch-rate="1" complexity="1">
              <lines>
                <line number="8" hits="1" branch="false" />
              </lines>
            </method>
          </methods>
          <lines>
            <line number="8" hits="1" branch="false" />
          </lines>
        </class>
        <class name="ProiectMOPS.Applications.Queries.ProductQueries.GetProductsByUserIDQuery" filename="C:\Users\Vlad\Desktop\ASP\Proiect-MOPS\Backend\ProiectMOPS\ProiectMOPS.Applications\Queries\ProductQueries\GetProductsByUserIDQuery.cs" line-rate="1" branch-rate="1" complexity="1">
          <methods>
            <method name="get_UserID" signature="()" line-rate="1" branch-rate="1" complexity="1">
              <lines>
                <line number="8" hits="1" branch="false" />
              </lines>
            </method>
          </methods>
          <lines>
            <line number="8" hits="1" branch="false" />
          </lines>
        </class>
        <class name="ProiectMOPS.Applications.Queries.ReviewQueries.GetReviewByIDQuery" filename="C:\Users\Vlad\Desktop\ASP\Proiect-MOPS\Backend\ProiectMOPS\ProiectMOPS.Applications\Queries\ReviewQueries\GetReviewByIDQuery.cs" line-rate="1" branch-rate="1" complexity="1">
          <methods>
            <method name="get_ReviewID" signature="()" line-rate="1" branch-rate="1" complexity="1">
              <lines>
                <line number="8" hits="1" branch="false" />
              </lines>
            </method>
          </methods>
          <lines>
            <line number="8" hits="1" branch="false" />
          </lines>
        </class>
        <class name="ProiectMOPS.Applications.Queries.ReviewQueries.GetReviewsByProductIDQuery" filename="C:\Users\Vlad\Desktop\ASP\Proiect-MOPS\Backend\ProiectMOPS\ProiectMOPS.Applications\Queries\ReviewQueries\GetReviewsByProductIDQuery.cs" line-rate="0" branch-rate="1" complexity="1">
          <methods>
            <method name="get_ProductID" signature="()" line-rate="0" branch-rate="1" complexity="1">
              <lines>
                <line number="8" hits="0" branch="false" />
              </lines>
            </method>
          </methods>
          <lines>
            <line number="8" hits="0" branch="false" />
          </lines>
        </class>
        <class name="ProiectMOPS.Applications.Queries.ReviewQueries.GetReviewsByUserIDQuery" filename="C:\Users\Vlad\Desktop\ASP\Proiect-MOPS\Backend\ProiectMOPS\ProiectMOPS.Applications\Queries\ReviewQueries\GetReviewsByUserIDQuery.cs" line-rate="1" branch-rate="1" complexity="1">
          <methods>
            <method name="get_UserID" signature="()" line-rate="1" branch-rate="1" complexity="1">
              <lines>
                <line number="8" hits="1" branch="false" />
              </lines>
            </method>
          </methods>
          <lines>
            <line number="8" hits="1" branch="false" />
          </lines>
        </class>
        <class name="ProiectMOPS.Applications.QueryHandlers.ProductImageQueryHandlers.GetProductImageByIDQueryHandler" filename="C:\Users\Vlad\Desktop\ASP\Proiect-MOPS\Backend\ProiectMOPS\ProiectMOPS.Applications\QueryHandlers\ProductImageQueryHandlers\GetProductImageByIDQueryHandler.cs" line-rate="0" branch-rate="0" complexity="3">
          <methods>
            <method name=".ctor" signature="(...)" line-rate="0" branch-rate="1" complexity="1">
              <lines>
                <line number="11" hits="0" branch="false" />
                <line number="12" hits="0" branch="false" />
                <line number="13" hits="0" branch="false" />
                <line number="14" hits="0" branch="false" />
              </lines>
            </method>
            <method name="Handle" signature="()" line-rate="0" branch-rate="0" complexity="2">
              <lines>
                <line number="17" hits="0" branch="false" />
                <line number="18" hits="0" branch="false" />
                <line number="19" hits="0" branch="true" condition-coverage="0% (0/2)" />
                <line number="20" hits="0" branch="false" />
                <line number="21" hits="0" branch="false" />
                <line number="23" hits="0" branch="false" />
                <line number="24" hits="0" branch="false" />
              </lines>
            </method>
          </methods>
          <lines>
            <line number="11" hits="0" branch="false" />
            <line number="12" hits="0" branch="false" />
            <line number="13" hits="0" branch="false" />
            <line number="14" hits="0" branch="false" />
            <line number="17" hits="0" branch="false" />
            <line number="18" hits="0" branch="false" />
            <line number="19" hits="0" branch="true" condition-coverage="0% (0/2)" />
            <line number="20" hits="0" branch="false" />
            <line number="21" hits="0" branch="false" />
            <line number="23" hits="0" branch="false" />
            <line number="24" hits="0" branch="false" />
          </lines>
        </class>
        <class name="ProiectMOPS.Applications.QueryHandlers.ProductImageQueryHandlers.GetProductImagesByProductIDQueryHandler" filename="C:\Users\Vlad\Desktop\ASP\Proiect-MOPS\Backend\ProiectMOPS\ProiectMOPS.Applications\QueryHandlers\ProductImageQueryHandlers\GetProductImagesByProductIDQueryHandler.cs" line-rate="0" branch-rate="1" complexity="2">
          <methods>
            <method name=".ctor" signature="(...)" line-rate="0" branch-rate="1" complexity="1">
              <lines>
                <line number="11" hits="0" branch="false" />
                <line number="12" hits="0" branch="false" />
                <line number="13" hits="0" branch="false" />
                <line number="14" hits="0" branch="false" />
              </lines>
            </method>
            <method name="Handle" signature="()" line-rate="0" branch-rate="1" complexity="1">
              <lines>
                <line number="16" hits="0" branch="false" />
                <line number="17" hits="0" branch="false" />
                <line number="18" hits="0" branch="false" />
              </lines>
            </method>
          </methods>
          <lines>
            <line number="11" hits="0" branch="false" />
            <line number="12" hits="0" branch="false" />
            <line number="13" hits="0" branch="false" />
            <line number="14" hits="0" branch="false" />
            <line number="16" hits="0" branch="false" />
            <line number="17" hits="0" branch="false" />
            <line number="18" hits="0" branch="false" />
          </lines>
        </class>
        <class name="ProiectMOPS.Applications.QueryHandlers.ProductImageQueryHandlers.GetProductImagesQueryHandler" filename="C:\Users\Vlad\Desktop\ASP\Proiect-MOPS\Backend\ProiectMOPS\ProiectMOPS.Applications\QueryHandlers\ProductImageQueryHandlers\GetProductImagesQueryHandler.cs" line-rate="0" branch-rate="1" complexity="2">
          <methods>
            <method name=".ctor" signature="(...)" line-rate="0" branch-rate="1" complexity="1">
              <lines>
                <line number="11" hits="0" branch="false" />
                <line number="12" hits="0" branch="false" />
                <line number="13" hits="0" branch="false" />
                <line number="14" hits="0" branch="false" />
              </lines>
            </method>
            <method name="Handle" signature="()" line-rate="0" branch-rate="1" complexity="1">
              <lines>
                <line number="16" hits="0" branch="false" />
                <line number="17" hits="0" branch="false" />
                <line number="18" hits="0" branch="false" />
              </lines>
            </method>
          </methods>
          <lines>
            <line number="11" hits="0" branch="false" />
            <line number="12" hits="0" branch="false" />
            <line number="13" hits="0" branch="false" />
            <line number="14" hits="0" branch="false" />
            <line number="16" hits="0" branch="false" />
            <line number="17" hits="0" branch="false" />
            <line number="18" hits="0" branch="false" />
          </lines>
        </class>
        <class name="ProiectMOPS.Applications.QueryHandlers.ProductQueryHandlers.GetProductByIDQueryHandler" filename="C:\Users\Vlad\Desktop\ASP\Proiect-MOPS\Backend\ProiectMOPS\ProiectMOPS.Applications\QueryHandlers\ProductQueryHandlers\GetProductByIDQueryHandler.cs" line-rate="0" branch-rate="0" complexity="3">
          <methods>
            <method name=".ctor" signature="(...)" line-rate="0" branch-rate="1" complexity="1">
              <lines>
                <line number="11" hits="0" branch="false" />
                <line number="12" hits="0" branch="false" />
                <line number="13" hits="0" branch="false" />
                <line number="14" hits="0" branch="false" />
              </lines>
            </method>
            <method name="Handle" signature="()" line-rate="0" branch-rate="0" complexity="2">
              <lines>
                <line number="17" hits="0" branch="false" />
                <line number="18" hits="0" branch="false" />
                <line number="19" hits="0" branch="true" condition-coverage="0% (0/2)" />
                <line number="20" hits="0" branch="false" />
                <line number="21" hits="0" branch="false" />
                <line number="23" hits="0" branch="false" />
                <line number="24" hits="0" branch="false" />
              </lines>
            </method>
          </methods>
          <lines>
            <line number="11" hits="0" branch="false" />
            <line number="12" hits="0" branch="false" />
            <line number="13" hits="0" branch="false" />
            <line number="14" hits="0" branch="false" />
            <line number="17" hits="0" branch="false" />
            <line number="18" hits="0" branch="false" />
            <line number="19" hits="0" branch="true" condition-coverage="0% (0/2)" />
            <line number="20" hits="0" branch="false" />
            <line number="21" hits="0" branch="false" />
            <line number="23" hits="0" branch="false" />
            <line number="24" hits="0" branch="false" />
          </lines>
        </class>
        <class name="ProiectMOPS.Applications.QueryHandlers.ProductQueryHandlers.GetProductsByUserIDQueryHandler" filename="C:\Users\Vlad\Desktop\ASP\Proiect-MOPS\Backend\ProiectMOPS\ProiectMOPS.Applications\QueryHandlers\ProductQueryHandlers\GetProductsByUserIDQueryHandler.cs" line-rate="0" branch-rate="1" complexity="2">
          <methods>
            <method name=".ctor" signature="(...)" line-rate="0" branch-rate="1" complexity="1">
              <lines>
                <line number="11" hits="0" branch="false" />
                <line number="12" hits="0" branch="false" />
                <line number="13" hits="0" branch="false" />
                <line number="14" hits="0" branch="false" />
              </lines>
            </method>
            <method name="Handle" signature="()" line-rate="0" branch-rate="1" complexity="1">
              <lines>
                <line number="16" hits="0" branch="false" />
                <line number="17" hits="0" branch="false" />
                <line number="18" hits="0" branch="false" />
              </lines>
            </method>
          </methods>
          <lines>
            <line number="11" hits="0" branch="false" />
            <line number="12" hits="0" branch="false" />
            <line number="13" hits="0" branch="false" />
            <line number="14" hits="0" branch="false" />
            <line number="16" hits="0" branch="false" />
            <line number="17" hits="0" branch="false" />
            <line number="18" hits="0" branch="false" />
          </lines>
        </class>
        <class name="ProiectMOPS.Applications.QueryHandlers.ProductQueryHandlers.GetProductsQueryHandlers" filename="C:\Users\Vlad\Desktop\ASP\Proiect-MOPS\Backend\ProiectMOPS\ProiectMOPS.Applications\QueryHandlers\ProductQueryHandlers\GetProductsQueryHandlers.cs" line-rate="0" branch-rate="1" complexity="2">
          <methods>
            <method name=".ctor" signature="(...)" line-rate="0" branch-rate="1" complexity="1">
              <lines>
                <line number="11" hits="0" branch="false" />
                <line number="12" hits="0" branch="false" />
                <line number="13" hits="0" branch="false" />
                <line number="14" hits="0" branch="false" />
              </lines>
            </method>
            <method name="Handle" signature="()" line-rate="0" branch-rate="1" complexity="1">
              <lines>
                <line number="16" hits="0" branch="false" />
                <line number="17" hits="0" branch="false" />
                <line number="18" hits="0" branch="false" />
              </lines>
            </method>
          </methods>
          <lines>
            <line number="11" hits="0" branch="false" />
            <line number="12" hits="0" branch="false" />
            <line number="13" hits="0" branch="false" />
            <line number="14" hits="0" branch="false" />
            <line number="16" hits="0" branch="false" />
            <line number="17" hits="0" branch="false" />
            <line number="18" hits="0" branch="false" />
          </lines>
        </class>
        <class name="ProiectMOPS.Applications.QueryHandlers.ReviewQueryHandlers.GetReviewByIDQueryHandler" filename="C:\Users\Vlad\Desktop\ASP\Proiect-MOPS\Backend\ProiectMOPS\ProiectMOPS.Applications\QueryHandlers\ReviewQueryHandlers\GetReviewByIDQueryHandler.cs" line-rate="0" branch-rate="0" complexity="3">
          <methods>
            <method name=".ctor" signature="(...)" line-rate="0" branch-rate="1" complexity="1">
              <lines>
                <line number="11" hits="0" branch="false" />
                <line number="12" hits="0" branch="false" />
                <line number="13" hits="0" branch="false" />
                <line number="14" hits="0" branch="false" />
              </lines>
            </method>
            <method name="Handle" signature="()" line-rate="0" branch-rate="0" complexity="2">
              <lines>
                <line number="17" hits="0" branch="false" />
                <line number="18" hits="0" branch="false" />
                <line number="19" hits="0" branch="true" condition-coverage="0% (0/2)" />
                <line number="20" hits="0" branch="false" />
                <line number="21" hits="0" branch="false" />
                <line number="23" hits="0" branch="false" />
                <line number="24" hits="0" branch="false" />
              </lines>
            </method>
          </methods>
          <lines>
            <line number="11" hits="0" branch="false" />
            <line number="12" hits="0" branch="false" />
            <line number="13" hits="0" branch="false" />
            <line number="14" hits="0" branch="false" />
            <line number="17" hits="0" branch="false" />
            <line number="18" hits="0" branch="false" />
            <line number="19" hits="0" branch="true" condition-coverage="0% (0/2)" />
            <line number="20" hits="0" branch="false" />
            <line number="21" hits="0" branch="false" />
            <line number="23" hits="0" branch="false" />
            <line number="24" hits="0" branch="false" />
          </lines>
        </class>
        <class name="ProiectMOPS.Applications.QueryHandlers.ReviewQueryHandlers.GetReviewsByProductIDQueryHandler" filename="C:\Users\Vlad\Desktop\ASP\Proiect-MOPS\Backend\ProiectMOPS\ProiectMOPS.Applications\QueryHandlers\ReviewQueryHandlers\GetReviewsByProductIDQueryHandler.cs" line-rate="0" branch-rate="1" complexity="2">
          <methods>
            <method name=".ctor" signature="(...)" line-rate="0" branch-rate="1" complexity="1">
              <lines>
                <line number="11" hits="0" branch="false" />
                <line number="12" hits="0" branch="false" />
                <line number="13" hits="0" branch="false" />
                <line number="14" hits="0" branch="false" />
              </lines>
            </method>
            <method name="Handle" signature="()" line-rate="0" branch-rate="1" complexity="1">
              <lines>
                <line number="16" hits="0" branch="false" />
                <line number="17" hits="0" branch="false" />
                <line number="18" hits="0" branch="false" />
              </lines>
            </method>
          </methods>
          <lines>
            <line number="11" hits="0" branch="false" />
            <line number="12" hits="0" branch="false" />
            <line number="13" hits="0" branch="false" />
            <line number="14" hits="0" branch="false" />
            <line number="16" hits="0" branch="false" />
            <line number="17" hits="0" branch="false" />
            <line number="18" hits="0" branch="false" />
          </lines>
        </class>
        <class name="ProiectMOPS.Applications.QueryHandlers.ReviewQueryHandlers.GetReviewsByUserIDQueryHandler" filename="C:\Users\Vlad\Desktop\ASP\Proiect-MOPS\Backend\ProiectMOPS\ProiectMOPS.Applications\QueryHandlers\ReviewQueryHandlers\GetReviewsByUserIDQueryHandler.cs" line-rate="0" branch-rate="1" complexity="2">
          <methods>
            <method name=".ctor" signature="(...)" line-rate="0" branch-rate="1" complexity="1">
              <lines>
                <line number="11" hits="0" branch="false" />
                <line number="12" hits="0" branch="false" />
                <line number="13" hits="0" branch="false" />
                <line number="14" hits="0" branch="false" />
              </lines>
            </method>
            <method name="Handle" signature="()" line-rate="0" branch-rate="1" complexity="1">
              <lines>
                <line number="16" hits="0" branch="false" />
                <line number="17" hits="0" branch="false" />
                <line number="18" hits="0" branch="false" />
              </lines>
            </method>
          </methods>
          <lines>
            <line number="11" hits="0" branch="false" />
            <line number="12" hits="0" branch="false" />
            <line number="13" hits="0" branch="false" />
            <line number="14" hits="0" branch="false" />
            <line number="16" hits="0" branch="false" />
            <line number="17" hits="0" branch="false" />
            <line number="18" hits="0" branch="false" />
          </lines>
        </class>
        <class name="ProiectMOPS.Applications.QueryHandlers.ReviewQueryHandlers.GetReviewsQueryHandler" filename="C:\Users\Vlad\Desktop\ASP\Proiect-MOPS\Backend\ProiectMOPS\ProiectMOPS.Applications\QueryHandlers\ReviewQueryHandlers\GetReviewsQueryHandler.cs" line-rate="0" branch-rate="1" complexity="2">
          <methods>
            <method name=".ctor" signature="(...)" line-rate="0" branch-rate="1" complexity="1">
              <lines>
                <line number="11" hits="0" branch="false" />
                <line number="12" hits="0" branch="false" />
                <line number="13" hits="0" branch="false" />
                <line number="14" hits="0" branch="false" />
              </lines>
            </method>
            <method name="Handle" signature="()" line-rate="0" branch-rate="1" complexity="1">
              <lines>
                <line number="16" hits="0" branch="false" />
                <line number="17" hits="0" branch="false" />
                <line number="18" hits="0" branch="false" />
              </lines>
            </method>
          </methods>
          <lines>
            <line number="11" hits="0" branch="false" />
            <line number="12" hits="0" branch="false" />
            <line number="13" hits="0" branch="false" />
            <line number="14" hits="0" branch="false" />
            <line number="16" hits="0" branch="false" />
            <line number="17" hits="0" branch="false" />
            <line number="18" hits="0" branch="false" />
          </lines>
        </class>
      </classes>
    </package>
    <package name="ProiectMOPS.Domain" line-rate="0.908045977011494" branch-rate="1" complexity="68">
      <classes>
        <class name="ProiectMOPS.Domain.DTOs.CreateProductDTO" filename="C:\Users\Vlad\Desktop\ASP\Proiect-MOPS\Backend\ProiectMOPS\ProiectMOPS\DTOs\CreateProductDTO.cs" line-rate="1" branch-rate="1" complexity="4">
          <methods>
            <method name="get_UserID" signature="()" line-rate="1" branch-rate="1" complexity="1">
              <lines>
                <line number="5" hits="13" branch="false" />
              </lines>
            </method>
            <method name="get_Price" signature="()" line-rate="1" branch-rate="1" complexity="1">
              <lines>
                <line number="6" hits="12" branch="false" />
              </lines>
            </method>
            <method name="get_Description" signature="()" line-rate="1" branch-rate="1" complexity="1">
              <lines>
                <line number="7" hits="12" branch="false" />
              </lines>
            </method>
            <method name="get_Name" signature="()" line-rate="1" branch-rate="1" complexity="1">
              <lines>
                <line number="8" hits="12" branch="false" />
              </lines>
            </method>
          </methods>
          <lines>
            <line number="5" hits="13" branch="false" />
            <line number="6" hits="12" branch="false" />
            <line number="7" hits="12" branch="false" />
            <line number="8" hits="12" branch="false" />
          </lines>
        </class>
        <class name="ProiectMOPS.Domain.DTOs.CreateProductImageDTO" filename="C:\Users\Vlad\Desktop\ASP\Proiect-MOPS\Backend\ProiectMOPS\ProiectMOPS\DTOs\CreateProductImageDTO.cs" line-rate="1" branch-rate="1" complexity="2">
          <methods>
            <method name="get_ProductID" signature="()" line-rate="1" branch-rate="1" complexity="1">
              <lines>
                <line number="5" hits="11" branch="false" />
              </lines>
            </method>
            <method name="get_URL" signature="()" line-rate="1" branch-rate="1" complexity="1">
              <lines>
                <line number="6" hits="10" branch="false" />
              </lines>
            </method>
          </methods>
          <lines>
            <line number="5" hits="11" branch="false" />
            <line number="6" hits="10" branch="false" />
          </lines>
        </class>
        <class name="ProiectMOPS.Domain.DTOs.CreateReviewDTO" filename="C:\Users\Vlad\Desktop\ASP\Proiect-MOPS\Backend\ProiectMOPS\ProiectMOPS\DTOs\CreateReviewDTO.cs" line-rate="1" branch-rate="1" complexity="4">
          <methods>
            <method name="get_Description" signature="()" line-rate="1" branch-rate="1" complexity="1">
              <lines>
                <line number="5" hits="12" branch="false" />
              </lines>
            </method>
            <method name="get_UserID" signature="()" line-rate="1" branch-rate="1" complexity="1">
              <lines>
                <line number="6" hits="7" branch="false" />
              </lines>
            </method>
            <method name="get_StarNumber" signature="()" line-rate="1" branch-rate="1" complexity="1">
              <lines>
                <line number="7" hits="12" branch="false" />
              </lines>
            </method>
            <method name="get_ProductID" signature="()" line-rate="1" branch-rate="1" complexity="1">
              <lines>
                <line number="8" hits="7" branch="false" />
              </lines>
            </method>
          </methods>
          <lines>
            <line number="5" hits="12" branch="false" />
            <line number="6" hits="7" branch="false" />
            <line number="7" hits="12" branch="false" />
            <line number="8" hits="7" branch="false" />
          </lines>
        </class>
        <class name="ProiectMOPS.Domain.DTOs.LoginUserDTO" filename="C:\Users\Vlad\Desktop\ASP\Proiect-MOPS\Backend\ProiectMOPS\ProiectMOPS\DTOs\LoginUserDTO.cs" line-rate="1" branch-rate="1" complexity="2">
          <methods>
            <method name="get_UserName" signature="()" line-rate="1" branch-rate="1" complexity="1">
              <lines>
                <line number="5" hits="13" branch="false" />
              </lines>
            </method>
            <method name="get_Password" signature="()" line-rate="1" branch-rate="1" complexity="1">
              <lines>
                <line number="6" hits="13" branch="false" />
              </lines>
            </method>
          </methods>
          <lines>
            <line number="5" hits="13" branch="false" />
            <line number="6" hits="13" branch="false" />
          </lines>
        </class>
        <class name="ProiectMOPS.Domain.DTOs.ProductDTO_TDD" filename="C:\Users\Vlad\Desktop\ASP\Proiect-MOPS\Backend\ProiectMOPS\ProiectMOPS\DTOs\ProductDTO_TDD.cs" line-rate="1" branch-rate="1" complexity="9">
          <methods>
            <method name="get_ProductID" signature="()" line-rate="1" branch-rate="1" complexity="1">
              <lines>
                <line number="12" hits="92" branch="false" />
              </lines>
            </method>
            <method name="get_Price" signature="()" line-rate="1" branch-rate="1" complexity="1">
              <lines>
                <line number="13" hits="96" branch="false" />
              </lines>
            </method>
            <method name="get_Name" signature="()" line-rate="1" branch-rate="1" complexity="1">
              <lines>
                <line number="14" hits="96" branch="false" />
              </lines>
            </method>
            <method name="get_Description" signature="()" line-rate="1" branch-rate="1" complexity="1">
              <lines>
                <line number="15" hits="96" branch="false" />
              </lines>
            </method>
            <method name="get_CreateTime" signature="()" line-rate="1" branch-rate="1" complexity="1">
              <lines>
                <line number="16" hits="94" branch="false" />
              </lines>
            </method>
            <method name="get_UpdateTime" signature="()" line-rate="1" branch-rate="1" complexity="1">
              <lines>
                <line number="17" hits="94" branch="false" />
              </lines>
            </method>
            <method name="get_UserID" signature="()" line-rate="1" branch-rate="1" complexity="1">
              <lines>
                <line number="18" hits="96" branch="false" />
              </lines>
            </method>
            <method name=".ctor" signature="(...)" line-rate="1" branch-rate="1" complexity="1">
              <lines>
                <line number="20" hits="184" branch="false" />
                <line number="21" hits="92" branch="false" />
                <line number="22" hits="92" branch="false" />
                <line number="23" hits="92" branch="false" />
                <line number="24" hits="92" branch="false" />
                <line number="25" hits="92" branch="false" />
                <line number="26" hits="92" branch="false" />
                <line number="27" hits="92" branch="false" />
                <line number="28" hits="92" branch="false" />
              </lines>
            </method>
            <method name=".ctor" signature="()" line-rate="1" branch-rate="1" complexity="1">
              <lines>
                <line number="30" hits="6" branch="false" />
              </lines>
            </method>
          </methods>
          <lines>
            <line number="12" hits="92" branch="false" />
            <line number="13" hits="96" branch="false" />
            <line number="14" hits="96" branch="false" />
            <line number="15" hits="96" branch="false" />
            <line number="16" hits="94" branch="false" />
            <line number="17" hits="94" branch="false" />
            <line number="18" hits="96" branch="false" />
            <line number="20" hits="184" branch="false" />
            <line number="21" hits="92" branch="false" />
            <line number="22" hits="92" branch="false" />
            <line number="23" hits="92" branch="false" />
            <line number="24" hits="92" branch="false" />
            <line number="25" hits="92" branch="false" />
            <line number="26" hits="92" branch="false" />
            <line number="27" hits="92" branch="false" />
            <line number="28" hits="92" branch="false" />
            <line number="30" hits="6" branch="false" />
          </lines>
        </class>
        <class name="ProiectMOPS.Domain.DTOs.ProductImageDTO_TDD" filename="C:\Users\Vlad\Desktop\ASP\Proiect-MOPS\Backend\ProiectMOPS\ProiectMOPS\DTOs\ProductImageDTO_TDD.cs" line-rate="1" branch-rate="1" complexity="4">
          <methods>
            <method name="get_URL" signature="()" line-rate="1" branch-rate="1" complexity="1">
              <lines>
                <line number="12" hits="24" branch="false" />
              </lines>
            </method>
            <method name="get_ProductID" signature="()" line-rate="1" branch-rate="1" complexity="1">
              <lines>
                <line number="13" hits="24" branch="false" />
              </lines>
            </method>
            <method name=".ctor" signature="(...)" line-rate="1" branch-rate="1" complexity="1">
              <lines>
                <line number="15" hits="20" branch="false" />
                <line number="16" hits="20" branch="false" />
                <line number="17" hits="20" branch="false" />
                <line number="18" hits="20" branch="false" />
                <line number="19" hits="20" branch="false" />
              </lines>
            </method>
            <method name=".ctor" signature="()" line-rate="1" branch-rate="1" complexity="1">
              <lines>
                <line number="21" hits="6" branch="false" />
              </lines>
            </method>
          </methods>
          <lines>
            <line number="12" hits="24" branch="false" />
            <line number="13" hits="24" branch="false" />
            <line number="15" hits="20" branch="false" />
            <line number="16" hits="20" branch="false" />
            <line number="17" hits="20" branch="false" />
            <line number="18" hits="20" branch="false" />
            <line number="19" hits="20" branch="false" />
            <line number="21" hits="6" branch="false" />
          </lines>
        </class>
        <class name="ProiectMOPS.Domain.DTOs.RegisterUserDTO" filename="C:\Users\Vlad\Desktop\ASP\Proiect-MOPS\Backend\ProiectMOPS\ProiectMOPS\DTOs\RegisterUserDTO.cs" line-rate="1" branch-rate="1" complexity="3">
          <methods>
            <method name="get_UserName" signature="()" line-rate="1" branch-rate="1" complexity="1">
              <lines>
                <line number="5" hits="10" branch="false" />
              </lines>
            </method>
            <method name="get_Password" signature="()" line-rate="1" branch-rate="1" complexity="1">
              <lines>
                <line number="6" hits="5" branch="false" />
              </lines>
            </method>
            <method name="get_Role" signature="()" line-rate="1" branch-rate="1" complexity="1">
              <lines>
                <line number="7" hits="6" branch="false" />
              </lines>
            </method>
          </methods>
          <lines>
            <line number="5" hits="10" branch="false" />
            <line number="6" hits="5" branch="false" />
            <line number="7" hits="6" branch="false" />
          </lines>
        </class>
        <class name="ProiectMOPS.Domain.DTOs.ReviewDTO_TDD" filename="C:\Users\Vlad\Desktop\ASP\Proiect-MOPS\Backend\ProiectMOPS\ProiectMOPS\DTOs\ReviewDTO_TDD.cs" line-rate="1" branch-rate="1" complexity="8">
          <methods>
            <method name="get_CreatedTime" signature="()" line-rate="1" branch-rate="1" complexity="1">
              <lines>
                <line number="12" hits="26" branch="false" />
              </lines>
            </method>
            <method name="get_UpdatedTime" signature="()" line-rate="1" branch-rate="1" complexity="1">
              <lines>
                <line number="13" hits="26" branch="false" />
              </lines>
            </method>
            <method name="get_Description" signature="()" line-rate="1" branch-rate="1" complexity="1">
              <lines>
                <line number="14" hits="28" branch="false" />
              </lines>
            </method>
            <method name="get_UserID" signature="()" line-rate="1" branch-rate="1" complexity="1">
              <lines>
                <line number="15" hits="28" branch="false" />
              </lines>
            </method>
            <method name="get_StarNumber" signature="()" line-rate="1" branch-rate="1" complexity="1">
              <lines>
                <line number="16" hits="28" branch="false" />
              </lines>
            </method>
            <method name="get_ProductID" signature="()" line-rate="1" branch-rate="1" complexity="1">
              <lines>
                <line number="17" hits="28" branch="false" />
              </lines>
            </method>
            <method name=".ctor" signature="(...)" line-rate="1" branch-rate="1" complexity="1">
              <lines>
                <line number="19" hits="48" branch="false" />
                <line number="20" hits="24" branch="false" />
                <line number="21" hits="24" branch="false" />
                <line number="22" hits="24" branch="false" />
                <line number="23" hits="24" branch="false" />
                <line number="24" hits="24" branch="false" />
                <line number="25" hits="24" branch="false" />
                <line number="27" hits="24" branch="false" />
              </lines>
            </method>
            <method name=".ctor" signature="()" line-rate="1" branch-rate="1" complexity="1">
              <lines>
                <line number="29" hits="6" branch="false" />
              </lines>
            </method>
          </methods>
          <lines>
            <line number="12" hits="26" branch="false" />
            <line number="13" hits="26" branch="false" />
            <line number="14" hits="28" branch="false" />
            <line number="15" hits="28" branch="false" />
            <line number="16" hits="28" branch="false" />
            <line number="17" hits="28" branch="false" />
            <line number="19" hits="48" branch="false" />
            <line number="20" hits="24" branch="false" />
            <line number="21" hits="24" branch="false" />
            <line number="22" hits="24" branch="false" />
            <line number="23" hits="24" branch="false" />
            <line number="24" hits="24" branch="false" />
            <line number="25" hits="24" branch="false" />
            <line number="27" hits="24" branch="false" />
            <line number="29" hits="6" branch="false" />
          </lines>
        </class>
        <class name="ProiectMOPS.Domain.DTOs.UpdateProductDTO" filename="C:\Users\Vlad\Desktop\ASP\Proiect-MOPS\Backend\ProiectMOPS\ProiectMOPS\DTOs\UpdateProductDTO.cs" line-rate="1" branch-rate="1" complexity="4">
          <methods>
            <method name="get_UserID" signature="()" line-rate="1" branch-rate="1" complexity="1">
              <lines>
                <line number="5" hits="7" branch="false" />
              </lines>
            </method>
            <method name="get_Price" signature="()" line-rate="1" branch-rate="1" complexity="1">
              <lines>
                <line number="6" hits="7" branch="false" />
              </lines>
            </method>
            <method name="get_Description" signature="()" line-rate="1" branch-rate="1" complexity="1">
              <lines>
                <line number="7" hits="7" branch="false" />
              </lines>
            </method>
            <method name="get_Name" signature="()" line-rate="1" branch-rate="1" complexity="1">
              <lines>
                <line number="8" hits="7" branch="false" />
              </lines>
            </method>
          </methods>
          <lines>
            <line number="5" hits="7" branch="false" />
            <line number="6" hits="7" branch="false" />
            <line number="7" hits="7" branch="false" />
            <line number="8" hits="7" branch="false" />
          </lines>
        </class>
        <class name="ProiectMOPS.Domain.DTOs.UpdateReviewDTO" filename="C:\Users\Vlad\Desktop\ASP\Proiect-MOPS\Backend\ProiectMOPS\ProiectMOPS\DTOs\UpdateReviewDTO.cs" line-rate="1" branch-rate="1" complexity="2">
          <methods>
            <method name="get_Description" signature="()" line-rate="1" branch-rate="1" complexity="1">
              <lines>
                <line number="5" hits="7" branch="false" />
              </lines>
            </method>
            <method name="get_StarNumber" signature="()" line-rate="1" branch-rate="1" complexity="1">
              <lines>
                <line number="6" hits="7" branch="false" />
              </lines>
            </method>
          </methods>
          <lines>
            <line number="5" hits="7" branch="false" />
            <line number="6" hits="7" branch="false" />
          </lines>
        </class>
        <class name="ProiectMOPS.Domain.Models.Product" filename="C:\Users\Vlad\Desktop\ASP\Proiect-MOPS\Backend\ProiectMOPS\ProiectMOPS\Models\Product.cs" line-rate="0.727272727272727" branch-rate="1" complexity="11">
          <methods>
            <method name="get_ProductID" signature="()" line-rate="1" branch-rate="1" complexity="1">
              <lines>
                <line number="5" hits="113" branch="false" />
              </lines>
            </method>
            <method name="get_Price" signature="()" line-rate="1" branch-rate="1" complexity="1">
              <lines>
                <line number="6" hits="95" branch="false" />
              </lines>
            </method>
            <method name="get_Name" signature="()" line-rate="1" branch-rate="1" complexity="1">
              <lines>
                <line number="7" hits="95" branch="false" />
              </lines>
            </method>
            <method name="get_Description" signature="()" line-rate="1" branch-rate="1" complexity="1">
              <lines>
                <line number="8" hits="95" branch="false" />
              </lines>
            </method>
            <method name="get_CreateTime" signature="()" line-rate="1" branch-rate="1" complexity="1">
              <lines>
                <line number="9" hits="3" branch="false" />
              </lines>
            </method>
            <method name="get_UpdateTime" signature="()" line-rate="1" branch-rate="1" complexity="1">
              <lines>
                <line number="10" hits="3" branch="false" />
              </lines>
            </method>
            <method name="get_UserID" signature="()" line-rate="1" branch-rate="1" complexity="1">
              <lines>
                <line number="11" hits="101" branch="false" />
              </lines>
            </method>
            <method name="get_User" signature="()" line-rate="0" branch-rate="1" complexity="1">
              <lines>
                <line number="12" hits="0" branch="false" />
              </lines>
            </method>
            <method name="get_Images" signature="()" line-rate="0" branch-rate="1" complexity="1">
              <lines>
                <line number="13" hits="0" branch="false" />
              </lines>
            </method>
            <method name="get_Reviews" signature="()" line-rate="0" branch-rate="1" complexity="1">
              <lines>
                <line number="14" hits="0" branch="false" />
              </lines>
            </method>
            <method name=".ctor" signature="()" line-rate="1" branch-rate="1" complexity="1">
              <lines>
                <line number="16" hits="567" branch="false" />
              </lines>
            </method>
          </methods>
          <lines>
            <line number="5" hits="113" branch="false" />
            <line number="6" hits="95" branch="false" />
            <line number="7" hits="95" branch="false" />
            <line number="8" hits="95" branch="false" />
            <line number="9" hits="3" branch="false" />
            <line number="10" hits="3" branch="false" />
            <line number="11" hits="101" branch="false" />
            <line number="12" hits="0" branch="false" />
            <line number="13" hits="0" branch="false" />
            <line number="14" hits="0" branch="false" />
            <line number="16" hits="567" branch="false" />
          </lines>
        </class>
        <class name="ProiectMOPS.Domain.Models.ProductImage" filename="C:\Users\Vlad\Desktop\ASP\Proiect-MOPS\Backend\ProiectMOPS\ProiectMOPS\Models\ProductImage.cs" line-rate="0.75" branch-rate="1" complexity="4">
          <methods>
            <method name="get_ProductImageID" signature="()" line-rate="1" branch-rate="1" complexity="1">
              <lines>
                <line number="5" hits="5" branch="false" />
              </lines>
            </method>
            <method name="get_URL" signature="()" line-rate="1" branch-rate="1" complexity="1">
              <lines>
                <line number="6" hits="27" branch="false" />
              </lines>
            </method>
            <method name="get_ProductID" signature="()" line-rate="1" branch-rate="1" complexity="1">
              <lines>
                <line number="7" hits="27" branch="false" />
              </lines>
            </method>
            <method name="get_Product" signature="()" line-rate="0" branch-rate="1" complexity="1">
              <lines>
                <line number="8" hits="0" branch="false" />
              </lines>
            </method>
          </methods>
          <lines>
            <line number="5" hits="5" branch="false" />
            <line number="6" hits="27" branch="false" />
            <line number="7" hits="27" branch="false" />
            <line number="8" hits="0" branch="false" />
          </lines>
        </class>
        <class name="ProiectMOPS.Domain.Models.Review" filename="C:\Users\Vlad\Desktop\ASP\Proiect-MOPS\Backend\ProiectMOPS\ProiectMOPS\Models\Review.cs" line-rate="0.777777777777778" branch-rate="1" complexity="9">
          <methods>
            <method name="get_ReviewID" signature="()" line-rate="1" branch-rate="1" complexity="1">
              <lines>
                <line number="5" hits="9" branch="false" />
              </lines>
            </method>
            <method name="get_CreatedTime" signature="()" line-rate="1" branch-rate="1" complexity="1">
              <lines>
                <line number="6" hits="3" branch="false" />
              </lines>
            </method>
            <method name="get_UpdatedTime" signature="()" line-rate="1" branch-rate="1" complexity="1">
              <lines>
                <line number="7" hits="3" branch="false" />
              </lines>
            </method>
            <method name="get_Description" signature="()" line-rate="1" branch-rate="1" complexity="1">
              <lines>
                <line number="8" hits="27" branch="false" />
              </lines>
            </method>
            <method name="get_UserID" signature="()" line-rate="1" branch-rate="1" complexity="1">
              <lines>
                <line number="9" hits="33" branch="false" />
              </lines>
            </method>
            <method name="get_StarNumber" signature="()" line-rate="1" branch-rate="1" complexity="1">
              <lines>
                <line number="10" hits="27" branch="false" />
              </lines>
            </method>
            <method name="get_User" signature="()" line-rate="0" branch-rate="1" complexity="1">
              <lines>
                <line number="11" hits="0" branch="false" />
              </lines>
            </method>
            <method name="get_ProductID" signature="()" line-rate="1" branch-rate="1" complexity="1">
              <lines>
                <line number="12" hits="27" branch="false" />
              </lines>
            </method>
            <method name="get_Product" signature="()" line-rate="0" branch-rate="1" complexity="1">
              <lines>
                <line number="13" hits="0" branch="false" />
              </lines>
            </method>
          </methods>
          <lines>
            <line number="5" hits="9" branch="false" />
            <line number="6" hits="3" branch="false" />
            <line number="7" hits="3" branch="false" />
            <line number="8" hits="27" branch="false" />
            <line number="9" hits="33" branch="false" />
            <line number="10" hits="27" branch="false" />
[...]
            </method>
            <method name="DeleteReview_ValidReview_ReturnsOk" signature="()" line-rate="0.833333333333333" branch-rate="1" complexity="1">
              <lines>
                <line number="120" hits="1" branch="false" />
                <line number="124" hits="1" branch="false" />
                <line number="125" hits="1" branch="false" />
                <line number="128" hits="1" branch="false" />
                <line number="130" hits="1" branch="false" />
                <line number="131" hits="0" branch="false" />
              </lines>
            </method>
            <method name="GetReviewById_ValidReview_ReturnsOk" signature="()" line-rate="1" branch-rate="1" complexity="1">
              <lines>
                <line number="148" hits="1" branch="false" />
                <line number="152" hits="1" branch="false" />
                <line number="153" hits="1" branch="false" />
                <line number="156" hits="1" branch="false" />
                <line number="158" hits="1" branch="false" />
                <line number="159" hits="1" branch="false" />
              </lines>
            </method>
            <method name="GetReviewByUserId_ValidReview_ReturnsOk" signature="()" line-rate="1" branch-rate="1" complexity="1">
              <lines>
                <line number="162" hits="1" branch="false" />
                <line number="166" hits="1" branch="false" />
                <line number="167" hits="1" branch="false" />
                <line number="170" hits="1" branch="false" />
                <line number="172" hits="1" branch="false" />
                <line number="173" hits="1" branch="false" />
              </lines>
            </method>
            <method name="GetReview_ValidReview_ReturnsOk" signature="()" line-rate="1" branch-rate="1" complexity="1">
              <lines>
                <line number="134" hits="1" branch="false" />
                <line number="138" hits="1" branch="false" />
                <line number="139" hits="1" branch="false" />
                <line number="142" hits="1" branch="false" />
                <line number="144" hits="1" branch="false" />
                <line number="145" hits="1" branch="false" />
              </lines>
            </method>
            <method name="UpdateReview_ValidReview_ReturnsOk" signature="()" line-rate="1" branch-rate="1" complexity="1">
              <lines>
                <line number="105" hits="1" branch="false" />
                <line number="109" hits="1" branch="false" />
                <line number="110" hits="1" branch="false" />
                <line number="113" hits="1" branch="false" />
                <line number="115" hits="1" branch="false" />
                <line number="116" hits="1" branch="false" />
              </lines>
            </method>
          </methods>
          <lines>
            <line number="39" hits="6" branch="false" />
            <line number="40" hits="6" branch="false" />
            <line number="41" hits="6" branch="false" />
            <line number="42" hits="6" branch="false" />
            <line number="43" hits="6" branch="false" />
            <line number="45" hits="6" branch="false" />
            <line number="46" hits="6" branch="false" />
            <line number="47" hits="6" branch="false" />
            <line number="48" hits="6" branch="false" />
            <line number="49" hits="6" branch="false" />
            <line number="50" hits="6" branch="false" />
            <line number="51" hits="6" branch="false" />
            <line number="52" hits="6" branch="false" />
            <line number="53" hits="6" branch="false" />
            <line number="54" hits="6" branch="false" />
            <line number="55" hits="6" branch="false" />
            <line number="56" hits="6" branch="false" />
            <line number="57" hits="6" branch="false" />
            <line number="58" hits="6" branch="false" />
            <line number="59" hits="6" branch="false" />
            <line number="60" hits="6" branch="false" />
            <line number="61" hits="6" branch="false" />
            <line number="62" hits="6" branch="false" />
            <line number="63" hits="6" branch="false" />
            <line number="64" hits="6" branch="false" />
            <line number="65" hits="6" branch="false" />
            <line number="66" hits="6" branch="false" />
            <line number="67" hits="6" branch="false" />
            <line number="68" hits="6" branch="false" />
            <line number="69" hits="6" branch="false" />
            <line number="70" hits="6" branch="false" />
            <line number="71" hits="6" branch="false" />
            <line number="72" hits="6" branch="false" />
            <line number="73" hits="6" branch="false" />
            <line number="74" hits="6" branch="false" />
            <line number="75" hits="6" branch="false" />
            <line number="76" hits="6" branch="false" />
            <line number="78" hits="6" branch="false" />
            <line number="81" hits="6" branch="false" />
            <line number="85" hits="1" branch="false" />
            <line number="86" hits="1" branch="false" />
            <line number="87" hits="1" branch="false" />
            <line number="88" hits="1" branch="false" />
            <line number="90" hits="1" branch="false" />
            <line number="91" hits="1" branch="false" />
            <line number="105" hits="1" branch="false" />
            <line number="109" hits="1" branch="false" />
            <line number="110" hits="1" branch="false" />
            <line number="113" hits="1" branch="false" />
            <line number="115" hits="1" branch="false" />
            <line number="116" hits="1" branch="false" />
            <line number="120" hits="1" branch="false" />
            <line number="124" hits="1" branch="false" />
            <line number="125" hits="1" branch="false" />
            <line number="128" hits="1" branch="false" />
            <line number="130" hits="1" branch="false" />
            <line number="131" hits="0" branch="false" />
            <line number="134" hits="1" branch="false" />
            <line number="138" hits="1" branch="false" />
            <line number="139" hits="1" branch="false" />
            <line number="142" hits="1" branch="false" />
            <line number="144" hits="1" branch="false" />
            <line number="145" hits="1" branch="false" />
            <line number="148" hits="1" branch="false" />
            <line number="152" hits="1" branch="false" />
            <line number="153" hits="1" branch="false" />
            <line number="156" hits="1" branch="false" />
            <line number="158" hits="1" branch="false" />
            <line number="159" hits="1" branch="false" />
            <line number="162" hits="1" branch="false" />
            <line number="166" hits="1" branch="false" />
            <line number="167" hits="1" branch="false" />
            <line number="170" hits="1" branch="false" />
            <line number="172" hits="1" branch="false" />
            <line number="173" hits="1" branch="false" />
          </lines>
        </class>
        <class name="TestProjectMOPS.UserControllerUnitTests" filename="C:\Users\Vlad\Desktop\ASP\Proiect-MOPS\Backend\ProiectMOPS\TestProjectMOPS\UserControllerUnitTests.cs" line-rate="0.956043956043956" branch-rate="1" complexity="8">
          <methods>
            <method name=".ctor" signature="()" line-rate="1" branch-rate="1" complexity="1">
              <lines>
                <line number="30" hits="7" branch="false" />
                <line number="31" hits="7" branch="false" />
                <line number="32" hits="7" branch="false" />
                <line number="33" hits="7" branch="false" />
                <line number="34" hits="7" branch="false" />
                <line number="35" hits="7" branch="false" />
                <line number="36" hits="7" branch="false" />
                <line number="37" hits="7" branch="false" />
                <line number="38" hits="7" branch="false" />
                <line number="39" hits="7" branch="false" />
                <line number="40" hits="7" branch="false" />
                <line number="41" hits="7" branch="false" />
                <line number="42" hits="7" branch="false" />
                <line number="43" hits="7" branch="false" />
                <line number="44" hits="7" branch="false" />
                <line number="45" hits="7" branch="false" />
                <line number="46" hits="7" branch="false" />
                <line number="47" hits="7" branch="false" />
                <line number="48" hits="7" branch="false" />
                <line number="49" hits="7" branch="false" />
                <line number="50" hits="7" branch="false" />
                <line number="51" hits="7" branch="false" />
                <line number="52" hits="7" branch="false" />
                <line number="53" hits="7" branch="false" />
                <line number="54" hits="7" branch="false" />
                <line number="55" hits="7" branch="false" />
                <line number="56" hits="7" branch="false" />
                <line number="57" hits="7" branch="false" />
                <line number="58" hits="7" branch="false" />
                <line number="59" hits="7" branch="false" />
                <line number="60" hits="7" branch="false" />
                <line number="61" hits="7" branch="false" />
                <line number="62" hits="7" branch="false" />
              </lines>
            </method>
            <method name="AddToRole_ValidCredentials_ReturnsOkResult" signature="()" line-rate="0.833333333333333" branch-rate="1" complexity="1">
              <lines>
                <line number="128" hits="1" branch="false" />
                <line number="129" hits="1" branch="false" />
                <line number="130" hits="1" branch="false" />
                <line number="131" hits="1" branch="false" />
                <line number="132" hits="1" branch="false" />
                <line number="133" hits="1" branch="false" />
                <line number="134" hits="1" branch="false" />
                <line number="135" hits="1" branch="false" />
                <line number="136" hits="1" branch="false" />
                <line number="138" hits="1" branch="false" />
                <line number="140" hits="0" branch="false" />
                <line number="141" hits="0" branch="false" />
              </lines>
            </method>
            <method name="ChangePassword_ValidCredentials_ReturnsOkResult" signature="()" line-rate="0.8" branch-rate="1" complexity="1">
              <lines>
                <line number="145" hits="1" branch="false" />
                <line number="146" hits="1" branch="false" />
                <line number="147" hits="1" branch="false" />
                <line number="148" hits="1" branch="false" />
                <line number="149" hits="1" branch="false" />
                <line number="150" hits="1" branch="false" />
                <line number="151" hits="1" branch="false" />
                <line number="153" hits="1" branch="false" />
                <line number="155" hits="0" branch="false" />
                <line number="156" hits="0" branch="false" />
              </lines>
            </method>
            <method name="Login_InvalidCredentials_ReturnsUnauthorizedResult" signature="()" line-rate="1" branch-rate="1" complexity="1">
              <lines>
                <line number="81" hits="1" branch="false" />
                <line number="82" hits="1" branch="false" />
                <line number="83" hits="1" branch="false" />
                <line number="84" hits="1" branch="false" />
                <line number="85" hits="1" branch="false" />
                <line number="87" hits="1" branch="false" />
                <line number="89" hits="1" branch="false" />
                <line number="90" hits="1" branch="false" />
              </lines>
            </method>
            <method name="Login_ValidCredentials_ReturnsOkResult" signature="()" line-rate="1" branch-rate="1" complexity="1">
              <lines>
                <line number="66" hits="1" branch="false" />
                <line number="67" hits="1" branch="false" />
                <line number="68" hits="1" branch="false" />
                <line number="69" hits="1" branch="false" />
                <line number="70" hits="1" branch="false" />
                <line number="71" hits="1" branch="false" />
                <line number="72" hits="1" branch="false" />
                <line number="74" hits="1" branch="false" />
                <line number="76" hits="1" branch="false" />
                <line number="77" hits="1" branch="false" />
              </lines>
            </method>
            <method name="Register_InvalidInput_ReturnsBadRequestResult" signature="()" line-rate="1" branch-rate="1" complexity="1">
              <lines>
                <line number="106" hits="1" branch="false" />
                <line number="107" hits="1" branch="false" />
                <line number="108" hits="1" branch="false" />
                <line number="110" hits="1" branch="false" />
                <line number="112" hits="1" branch="false" />
                <line number="113" hits="1" branch="false" />
              </lines>
            </method>
            <method name="Register_UserExists_ReturnsConflictResult" signature="()" line-rate="1" branch-rate="1" complexity="1">
              <lines>
                <line number="117" hits="1" branch="false" />
                <line number="118" hits="1" branch="false" />
                <line number="119" hits="1" branch="false" />
                <line number="121" hits="1" branch="false" />
                <line number="123" hits="1" branch="false" />
                <line number="124" hits="1" branch="false" />
              </lines>
            </method>
            <method name="Register_ValidInput_ReturnsOkResult" signature="()" line-rate="1" branch-rate="1" complexity="1">
              <lines>
                <line number="94" hits="1" branch="false" />
                <line number="95" hits="1" branch="false" />
                <line number="96" hits="1" branch="false" />
                <line number="98" hits="1" branch="false" />
                <line number="100" hits="1" branch="false" />
                <line number="101" hits="1" branch="false" />
              </lines>
            </method>
          </methods>
          <lines>
            <line number="30" hits="7" branch="false" />
            <line number="31" hits="7" branch="false" />
            <line number="32" hits="7" branch="false" />
            <line number="33" hits="7" branch="false" />
            <line number="34" hits="7" branch="false" />
            <line number="35" hits="7" branch="false" />
            <line number="36" hits="7" branch="false" />
            <line number="37" hits="7" branch="false" />
            <line number="38" hits="7" branch="false" />
            <line number="39" hits="7" branch="false" />
            <line number="40" hits="7" branch="false" />
            <line number="41" hits="7" branch="false" />
            <line number="42" hits="7" branch="false" />
            <line number="43" hits="7" branch="false" />
            <line number="44" hits="7" branch="false" />
            <line number="45" hits="7" branch="false" />
            <line number="46" hits="7" branch="false" />
            <line number="47" hits="7" branch="false" />
            <line number="48" hits="7" branch="false" />
            <line number="49" hits="7" branch="false" />
            <line number="50" hits="7" branch="false" />
            <line number="51" hits="7" branch="false" />
            <line number="52" hits="7" branch="false" />
            <line number="53" hits="7" branch="false" />
            <line number="54" hits="7" branch="false" />
            <line number="55" hits="7" branch="false" />
            <line number="56" hits="7" branch="false" />
            <line number="57" hits="7" branch="false" />
            <line number="58" hits="7" branch="false" />
            <line number="59" hits="7" branch="false" />
            <line number="60" hits="7" branch="false" />
            <line number="61" hits="7" branch="false" />
            <line number="62" hits="7" branch="false" />
            <line number="66" hits="1" branch="false" />
            <line number="67" hits="1" branch="false" />
            <line number="68" hits="1" branch="false" />
            <line number="69" hits="1" branch="false" />
            <line number="70" hits="1" branch="false" />
            <line number="71" hits="1" branch="false" />
            <line number="72" hits="1" branch="false" />
            <line number="74" hits="1" branch="false" />
            <line number="76" hits="1" branch="false" />
            <line number="77" hits="1" branch="false" />
            <line number="81" hits="1" branch="false" />
            <line number="82" hits="1" branch="false" />
            <line number="83" hits="1" branch="false" />
            <line number="84" hits="1" branch="false" />
            <line number="85" hits="1" branch="false" />
            <line number="87" hits="1" branch="false" />
            <line number="89" hits="1" branch="false" />
            <line number="90" hits="1" branch="false" />
            <line number="94" hits="1" branch="false" />
            <line number="95" hits="1" branch="false" />
            <line number="96" hits="1" branch="false" />
            <line number="98" hits="1" branch="false" />
            <line number="100" hits="1" branch="false" />
            <line number="101" hits="1" branch="false" />
            <line number="106" hits="1" branch="false" />
            <line number="107" hits="1" branch="false" />
            <line number="108" hits="1" branch="false" />
            <line number="110" hits="1" branch="false" />
            <line number="112" hits="1" branch="false" />
            <line number="113" hits="1" branch="false" />
            <line number="117" hits="1" branch="false" />
            <line number="118" hits="1" branch="false" />
            <line number="119" hits="1" branch="false" />
            <line number="121" hits="1" branch="false" />
            <line number="123" hits="1" branch="false" />
            <line number="124" hits="1" branch="false" />
            <line number="128" hits="1" branch="false" />
            <line number="129" hits="1" branch="false" />
            <line number="130" hits="1" branch="false" />
            <line number="131" hits="1" branch="false" />
            <line number="132" hits="1" branch="false" />
            <line number="133" hits="1" branch="false" />
            <line number="134" hits="1" branch="false" />
            <line number="135" hits="1" branch="false" />
            <line number="136" hits="1" branch="false" />
            <line number="138" hits="1" branch="false" />
            <line number="140" hits="0" branch="false" />
            <line number="141" hits="0" branch="false" />
            <line number="145" hits="1" branch="false" />
            <line number="146" hits="1" branch="false" />
            <line number="147" hits="1" branch="false" />
            <line number="148" hits="1" branch="false" />
            <line number="149" hits="1" branch="false" />
            <line number="150" hits="1" branch="false" />
            <line number="151" hits="1" branch="false" />
            <line number="153" hits="1" branch="false" />
            <line number="155" hits="0" branch="false" />
            <line number="156" hits="0" branch="false" />
          </lines>
        </class>
      </classes>
    </package>
  </packages>
</coverage>