TpTrace Verbose: 0 : 23940, 1, 2023/12/15, 00:21:46.405, 398291867486, testhost.dll, Version: 16.11.0
TpTrace Information: 0 : 23940, 1, 2023/12/15, 00:21:46.414, 398291920176, testhost.dll, DefaultEngineInvoker.Invoke: Testhost process started with args :[--port, 55569],[--endpoint, 127.0.0.1:055569],[--role, client],[--parentprocessid, 25376],[--diag, C:\Users\Vlad\Desktop\ASP\Proiect-MOPS\Backend\ProiectMOPS\TestProjectMOPS\bin\Debug\net6.0\fine-code-coverage\coverage-tool-output\diagnostics.host.23-12-15_00-21-46_19064_5.log],[--tracelevel, 4],[--datacollectionport, 55568],[--telemetryoptedin, false]
TpTrace Information: 0 : 23940, 1, 2023/12/15, 00:21:46.416, 398291937493, testhost.dll, Setting up debug trace listener.
TpTrace Verbose: 0 : 23940, 1, 2023/12/15, 00:21:46.416, 398291939564, testhost.dll, TestPlatformTraceListener.Setup: Replacing listener 0 with TestHostTraceListener.
TpTrace Verbose: 0 : 23940, 1, 2023/12/15, 00:21:46.416, 398291940090, testhost.dll, TestPlatformTraceListener.Setup: Added test platform trace listener.
TpTrace Information: 0 : 23940, 1, 2023/12/15, 00:21:46.418, 398291951631, testhost.dll, DefaultEngineInvoker.SetParentProcessExitCallback: Monitoring parent process with id: '25376'
TpTrace Information: 0 : 23940, 1, 2023/12/15, 00:21:46.424, 398292017452, testhost.dll, DefaultEngineInvoker.GetConnectionInfo: Initialize communication on endpoint address: '127.0.0.1:055569'
TpTrace Information: 0 : 23940, 1, 2023/12/15, 00:21:46.435, 398292124225, testhost.dll, SocketClient.Start: connecting to server endpoint: 127.0.0.1:055569
TpTrace Information: 0 : 23940, 1, 2023/12/15, 00:21:46.441, 398292189496, testhost.dll, DefaultEngineInvoker.ConnectToDatacollector: Connecting to datacollector, port: 55568
TpTrace Information: 0 : 23940, 10, 2023/12/15, 00:21:46.443, 398292202715, testhost.dll, SocketClient.OnServerConnected: connected to server endpoint: 127.0.0.1:055569
TpTrace Information: 0 : 23940, 1, 2023/12/15, 00:21:46.445, 398292221955, testhost.dll, Trying to connect to server on socket : 127.0.0.1:55568 
TpTrace Verbose: 0 : 23940, 10, 2023/12/15, 00:21:46.445, 398292222929, testhost.dll, Connected to server, and starting MessageLoopAsync
TpTrace Verbose: 0 : 23940, 1, 2023/12/15, 00:21:46.445, 398292224772, testhost.dll, SocketCommunicationManager : SetupClientAsync : Attempting to connect to the server.
TpTrace Information: 0 : 23940, 9, 2023/12/15, 00:21:46.446, 398292238110, testhost.dll, Connected to the server successfully 
TpTrace Information: 0 : 23940, 9, 2023/12/15, 00:21:46.446, 398292238867, testhost.dll, Using the buffer size of 16384 bytes
TpTrace Information: 0 : 23940, 1, 2023/12/15, 00:21:46.447, 398292242933, testhost.dll, DefaultEngineInvoker.Invoke: Start Request Processing.
TpTrace Information: 0 : 23940, 12, 2023/12/15, 00:21:46.447, 398292249751, testhost.dll, DefaultEngineInvoker.StartProcessingAsync: Connected to vstest.console, Starting process requests.
TpTrace Verbose: 0 : 23940, 10, 2023/12/15, 00:21:46.448, 398292260158, testhost.dll, TcpClientExtensions.MessageLoopAsync: Polling on remoteEndPoint: [::ffff:127.0.0.1]:55569 localEndPoint: [::ffff:127.0.0.1]:55570
TpTrace Verbose: 0 : 23940, 10, 2023/12/15, 00:21:46.449, 398292263323, testhost.dll, TcpClientExtensions.MessageLoopAsync: NotifyDataAvailable remoteEndPoint: [::ffff:127.0.0.1]:55569 localEndPoint: [::ffff:127.0.0.1]:55570
TpTrace Information: 0 : 23940, 10, 2023/12/15, 00:21:46.564, 398293418753, testhost.dll, TestRequestHandler.OnMessageReceived: received message: (ProtocolVersion) -> 7
TpTrace Verbose: 0 : 23940, 10, 2023/12/15, 00:21:46.592, 398293699715, testhost.dll, TestRequestHandler.SendData:  sending data from testhost: {"Version":5,"MessageType":"TestSession.Message","Payload":{"MessageLevel":0,"Message":"Logging TestHost Diagnostics in file: C:\\Users\\Vlad\\Desktop\\ASP\\Proiect-MOPS\\Backend\\ProiectMOPS\\TestProjectMOPS\\bin\\Debug\\net6.0\\fine-code-coverage\\coverage-tool-output\\diagnostics.host.23-12-15_00-21-46_19064_5.log"}}
TpTrace Verbose: 0 : 23940, 10, 2023/12/15, 00:21:46.593, 398293702337, testhost.dll, TcpClientExtensions.MessageLoopAsync: Polling on remoteEndPoint: [::ffff:127.0.0.1]:55569 localEndPoint: [::ffff:127.0.0.1]:55570
TpTrace Verbose: 0 : 23940, 10, 2023/12/15, 00:21:46.593, 398293703719, testhost.dll, TcpClientExtensions.MessageLoopAsync: NotifyDataAvailable remoteEndPoint: [::ffff:127.0.0.1]:55569 localEndPoint: [::ffff:127.0.0.1]:55570
TpTrace Information: 0 : 23940, 10, 2023/12/15, 00:21:46.598, 398293757665, testhost.dll, TestRequestHandler.OnMessageReceived: received message: (TestExecution.Initialize) -> [
  "C:\\Users\\Vlad\\Desktop\\ASP\\Proiect-MOPS\\Backend\\ProiectMOPS\\TestProjectMOPS\\bin\\Debug\\net6.0\\fine-code-coverage\\build-output\\Microsoft.VisualStudio.TestPlatform.MSTest.TestAdapter.dll"
]
TpTrace Verbose: 0 : 23940, 10, 2023/12/15, 00:21:46.604, 398293812494, testhost.dll, TcpClientExtensions.MessageLoopAsync: Polling on remoteEndPoint: [::ffff:127.0.0.1]:55569 localEndPoint: [::ffff:127.0.0.1]:55570
TpTrace Verbose: 0 : 23940, 10, 2023/12/15, 00:21:46.604, 398293813669, testhost.dll, TcpClientExtensions.MessageLoopAsync: NotifyDataAvailable remoteEndPoint: [::ffff:127.0.0.1]:55569 localEndPoint: [::ffff:127.0.0.1]:55570
TpTrace Information: 0 : 23940, 4, 2023/12/15, 00:21:46.604, 398293815567, testhost.dll, TestRequestHandler.OnMessageReceived: Running job 'TestExecution.Initialize'.
TpTrace Verbose: 0 : 23940, 4, 2023/12/15, 00:21:46.606, 398293831946, testhost.dll, TestExecutorService: Loading the extensions
TpTrace Information: 0 : 23940, 10, 2023/12/15, 00:21:46.606, 398293840288, testhost.dll, TestRequestHandler.OnMessageReceived: received message: (TestExecution.StartWithSources) -> {
  "AdapterSourceMap": {
    "_none_": [
      "C:\\Users\\Vlad\\Desktop\\ASP\\Proiect-MOPS\\Backend\\ProiectMOPS\\TestProjectMOPS\\bin\\Debug\\net6.0\\fine-code-coverage\\build-output\\TestProjectMOPS.dll"
    ]
  },
  "RunSettings": "<RunSettings>\r\n  <RunConfiguration>\r\n    <ResultsDirectory>C:\\Users\\Vlad\\Desktop\\ASP\\Proiect-MOPS\\Backend\\ProiectMOPS\\TestProjectMOPS\\bin\\Debug\\net6.0\\fine-code-coverage\\coverage-tool-output</ResultsDirectory>\r\n    <TargetFrameworkVersion>.NETCoreApp,Version=v6.0</TargetFrameworkVersion>\r\n    <DesignMode>False</DesignMode>\r\n    <CollectSourceInformation>False</CollectSourceInformation>\r\n  </RunConfiguration>\r\n  <LoggerRunSettings>\r\n    <Loggers>\r\n      <Logger friendlyName=\"blame\" enabled=\"True\" />\r\n      <Logger friendlyName=\"Console\" uri=\"logger://microsoft/TestPlatform/ConsoleLogger/v1\" assemblyQualifiedName=\"Microsoft.VisualStudio.TestPlatform.CommandLine.Internal.ConsoleLogger, vstest.console, Version=15.0.0.0, Culture=neutral, PublicKeyToken=b03f5f7f11d50a3a\" codeBase=\"C:\\Program Files\\dotnet\\sdk\\8.0.100\\vstest.console.dll\" enabled=\"True\" />\r\n    </Loggers>\r\n  </LoggerRunSettings>\r\n  <DataCollectionRunSettings>\r\n    <DataCollectors>\r\n      <DataCollector friendlyName=\"blame\" enabled=\"True\">\r\n        <Configuration>\r\n          <ResultsDirectory>C:\\Users\\Vlad\\Desktop\\ASP\\Proiect-MOPS\\Backend\\ProiectMOPS\\TestProjectMOPS\\bin\\Debug\\net6.0\\fine-code-coverage\\coverage-tool-output</ResultsDirectory>\r\n        </Configuration>\r\n      </DataCollector>\r\n    </DataCollectors>\r\n  </DataCollectionRunSettings>\r\n</RunSettings>",
  "TestExecutionContext": {
    "FrequencyOfRunStatsChangeEvent": 10,
    "RunStatsChangeEventTimeout": "00:00:01.5000000",
    "InIsolation": false,
    "KeepAlive": false,
    "AreTestCaseLevelEventsRequired": false,
    "IsDebug": false,
    "TestCaseFilter": null,
    "FilterOptions": null
  },
  "Package": null
}
TpTrace Verbose: 0 : 23940, 4, 2023/12/15, 00:21:46.607, 398293846335, testhost.dll, TestPluginCache.DiscoverTestExtensions: finding test extensions in assemblies ends with: TestAdapter.dll TPluginInfo: Microsoft.VisualStudio.TestPlatform.Common.ExtensionFramework.Utilities.TestExecutorPluginInformation TExtension: Microsoft.VisualStudio.TestPlatform.ObjectModel.Adapter.ITestExecutor
TpTrace Verbose: 0 : 23940, 4, 2023/12/15, 00:21:46.608, 398293855088, testhost.dll, TestPluginCache.GetExtensionPaths: Filtered extension paths: 
TpTrace Verbose: 0 : 23940, 4, 2023/12/15, 00:21:46.608, 398293858719, testhost.dll, TestPluginCache.GetExtensionPaths: Added default extension paths: C:\Users\Vlad\Desktop\ASP\Proiect-MOPS\Backend\ProiectMOPS\TestProjectMOPS\bin\Debug\net6.0\fine-code-coverage\build-output\Microsoft.VisualStudio.TestPlatform.MSTest.TestAdapter.dll
TpTrace Verbose: 0 : 23940, 4, 2023/12/15, 00:21:46.608, 398293859273, testhost.dll, TestPluginCache.GetExtensionPaths: Added unfilterableExtensionPaths: 
TpTrace Information: 0 : 23940, 4, 2023/12/15, 00:21:46.610, 398293871756, testhost.dll, AssemblyResolver.ctor: Creating AssemblyResolver with searchDirectories C:\Users\Vlad\Desktop\ASP\Proiect-MOPS\Backend\ProiectMOPS\TestProjectMOPS\bin\Debug\net6.0\fine-code-coverage\build-output
TpTrace Verbose: 0 : 23940, 4, 2023/12/15, 00:21:46.611, 398293888312, testhost.dll, TestPluginCache.DiscoverTestExtensions: Discovering the extensions using extension path.
TpTrace Verbose: 0 : 23940, 4, 2023/12/15, 00:21:46.611, 398293889839, testhost.dll, TestPluginCache.GetExtensionPaths: Filtered extension paths: 
TpTrace Verbose: 0 : 23940, 4, 2023/12/15, 00:21:46.611, 398293890533, testhost.dll, TestPluginCache.GetExtensionPaths: Added default extension paths: C:\Users\Vlad\Desktop\ASP\Proiect-MOPS\Backend\ProiectMOPS\TestProjectMOPS\bin\Debug\net6.0\fine-code-coverage\build-output\Microsoft.VisualStudio.TestPlatform.MSTest.TestAdapter.dll
TpTrace Verbose: 0 : 23940, 4, 2023/12/15, 00:21:46.612, 398293891221, testhost.dll, TestPluginCache.GetExtensionPaths: Added unfilterableExtensionPaths: 
TpTrace Verbose: 0 : 23940, 4, 2023/12/15, 00:21:46.612, 398293892073, testhost.dll, TestPluginCache.DiscoverTestExtensions: Discovering the extensions using allExtensionPaths: C:\Users\Vlad\Desktop\ASP\Proiect-MOPS\Backend\ProiectMOPS\TestProjectMOPS\bin\Debug\net6.0\fine-code-coverage\build-output\Microsoft.VisualStudio.TestPlatform.MSTest.TestAdapter.dll
TpTrace Information: 0 : 23940, 4, 2023/12/15, 00:21:46.613, 398293902094, testhost.dll, AssemblyResolver.AddSearchDirectories: Adding more searchDirectories C:\Users\Vlad\Desktop\ASP\Proiect-MOPS\Backend\ProiectMOPS\TestProjectMOPS\bin\Debug\net6.0\fine-code-coverage\build-output
TpTrace Information: 0 : 23940, 4, 2023/12/15, 00:21:46.620, 398293977316, testhost.dll, AssemblyResolver.OnResolve: Microsoft.VisualStudio.TestPlatform.MSTest.TestAdapter: Resolving assembly.
TpTrace Information: 0 : 23940, 4, 2023/12/15, 00:21:46.620, 398293978770, testhost.dll, AssemblyResolver.OnResolve: Microsoft.VisualStudio.TestPlatform.MSTest.TestAdapter: Searching in: 'C:\Users\Vlad\Desktop\ASP\Proiect-MOPS\Backend\ProiectMOPS\TestProjectMOPS\bin\Debug\net6.0\fine-code-coverage\build-output'.
TpTrace Information: 0 : 23940, 4, 2023/12/15, 00:21:46.622, 398293992934, testhost.dll, AssemblyResolver.OnResolve: Microsoft.VisualStudio.TestPlatform.MSTest.TestAdapter: Loading assembly 'C:\Users\Vlad\Desktop\ASP\Proiect-MOPS\Backend\ProiectMOPS\TestProjectMOPS\bin\Debug\net6.0\fine-code-coverage\build-output\Microsoft.VisualStudio.TestPlatform.MSTest.TestAdapter.dll'.
TpTrace Information: 0 : 23940, 4, 2023/12/15, 00:21:46.623, 398294001538, testhost.dll, AssemblyResolver.OnResolve: Resolved assembly: Microsoft.VisualStudio.TestPlatform.MSTest.TestAdapter, from path: C:\Users\Vlad\Desktop\ASP\Proiect-MOPS\Backend\ProiectMOPS\TestProjectMOPS\bin\Debug\net6.0\fine-code-coverage\build-output\Microsoft.VisualStudio.TestPlatform.MSTest.TestAdapter.dll
TpTrace Verbose: 0 : 23940, 10, 2023/12/15, 00:21:46.634, 398294113674, testhost.dll, TcpClientExtensions.MessageLoopAsync: Polling on remoteEndPoint: [::ffff:127.0.0.1]:55569 localEndPoint: [::ffff:127.0.0.1]:55570
TpTrace Verbose: 0 : 23940, 4, 2023/12/15, 00:21:46.648, 398294256696, testhost.dll, TestPluginCache: Discovered the extensions using extension path ''.
TpTrace Verbose: 0 : 23940, 4, 2023/12/15, 00:21:46.649, 398294263577, testhost.dll, TestPluginCache: Discoverers are ''.
TpTrace Verbose: 0 : 23940, 4, 2023/12/15, 00:21:46.649, 398294265420, testhost.dll, TestPluginCache: Executors are 'executor://MSTestAdapter/v2'.
TpTrace Verbose: 0 : 23940, 4, 2023/12/15, 00:21:46.649, 398294268870, testhost.dll, TestPluginCache: Executors2 are ''.
TpTrace Verbose: 0 : 23940, 4, 2023/12/15, 00:21:46.649, 398294269984, testhost.dll, TestPluginCache: Setting providers are ''.
TpTrace Verbose: 0 : 23940, 4, 2023/12/15, 00:21:46.650, 398294270830, testhost.dll, TestPluginCache: Loggers are ''.
TpTrace Verbose: 0 : 23940, 4, 2023/12/15, 00:21:46.653, 398294307237, testhost.dll, TestPluginCache.DiscoverTestExtensions: finding test extensions in assemblies ends with: TestAdapter.dll TPluginInfo: Microsoft.VisualStudio.TestPlatform.Common.ExtensionFramework.Utilities.TestExecutorPluginInformation2 TExtension: Microsoft.VisualStudio.TestPlatform.ObjectModel.Adapter.ITestExecutor2
TpTrace Verbose: 0 : 23940, 4, 2023/12/15, 00:21:46.653, 398294309658, testhost.dll, TestPluginCache.GetExtensionPaths: Filtered extension paths: 
TpTrace Verbose: 0 : 23940, 4, 2023/12/15, 00:21:46.653, 398294310239, testhost.dll, TestPluginCache.GetExtensionPaths: Added default extension paths: C:\Users\Vlad\Desktop\ASP\Proiect-MOPS\Backend\ProiectMOPS\TestProjectMOPS\bin\Debug\net6.0\fine-code-coverage\build-output\Microsoft.VisualStudio.TestPlatform.MSTest.TestAdapter.dll
TpTrace Verbose: 0 : 23940, 4, 2023/12/15, 00:21:46.654, 398294310623, testhost.dll, TestPluginCache.GetExtensionPaths: Added unfilterableExtensionPaths: 
TpTrace Information: 0 : 23940, 4, 2023/12/15, 00:21:46.654, 398294312502, testhost.dll, AssemblyResolver.AddSearchDirectories: Adding more searchDirectories C:\Users\Vlad\Desktop\ASP\Proiect-MOPS\Backend\ProiectMOPS\TestProjectMOPS\bin\Debug\net6.0\fine-code-coverage\build-output
TpTrace Verbose: 0 : 23940, 4, 2023/12/15, 00:21:46.654, 398294313247, testhost.dll, TestPluginCache.DiscoverTestExtensions: Discovering the extensions using extension path.
TpTrace Verbose: 0 : 23940, 4, 2023/12/15, 00:21:46.654, 398294313631, testhost.dll, TestPluginCache.GetExtensionPaths: Filtered extension paths: 
TpTrace Verbose: 0 : 23940, 4, 2023/12/15, 00:21:46.654, 398294313972, testhost.dll, TestPluginCache.GetExtensionPaths: Added default extension paths: C:\Users\Vlad\Desktop\ASP\Proiect-MOPS\Backend\ProiectMOPS\TestProjectMOPS\bin\Debug\net6.0\fine-code-coverage\build-output\Microsoft.VisualStudio.TestPlatform.MSTest.TestAdapter.dll
TpTrace Verbose: 0 : 23940, 4, 2023/12/15, 00:21:46.654, 398294314313, testhost.dll, TestPluginCache.GetExtensionPaths: Added unfilterableExtensionPaths: 
TpTrace Verbose: 0 : 23940, 4, 2023/12/15, 00:21:46.654, 398294314673, testhost.dll, TestPluginCache.DiscoverTestExtensions: Discovering the extensions using allExtensionPaths: C:\Users\Vlad\Desktop\ASP\Proiect-MOPS\Backend\ProiectMOPS\TestProjectMOPS\bin\Debug\net6.0\fine-code-coverage\build-output\Microsoft.VisualStudio.TestPlatform.MSTest.TestAdapter.dll
TpTrace Information: 0 : 23940, 4, 2023/12/15, 00:21:46.654, 398294315471, testhost.dll, AssemblyResolver.AddSearchDirectories: Adding more searchDirectories C:\Users\Vlad\Desktop\ASP\Proiect-MOPS\Backend\ProiectMOPS\TestProjectMOPS\bin\Debug\net6.0\fine-code-coverage\build-output
TpTrace Verbose: 0 : 23940, 4, 2023/12/15, 00:21:46.654, 398294318682, testhost.dll, TestPluginCache: Discovered the extensions using extension path ''.
TpTrace Verbose: 0 : 23940, 4, 2023/12/15, 00:21:46.654, 398294319142, testhost.dll, TestPluginCache: Discoverers are ''.
TpTrace Verbose: 0 : 23940, 4, 2023/12/15, 00:21:46.654, 398294319938, testhost.dll, TestPluginCache: Executors are 'executor://MSTestAdapter/v2'.
TpTrace Verbose: 0 : 23940, 4, 2023/12/15, 00:21:46.655, 398294320935, testhost.dll, TestPluginCache: Executors2 are ''.
TpTrace Verbose: 0 : 23940, 4, 2023/12/15, 00:21:46.655, 398294321443, testhost.dll, TestPluginCache: Setting providers are ''.
TpTrace Verbose: 0 : 23940, 4, 2023/12/15, 00:21:46.655, 398294322104, testhost.dll, TestPluginCache: Loggers are ''.
TpTrace Information: 0 : 23940, 4, 2023/12/15, 00:21:46.661, 398294383156, testhost.dll, TestPluginManager.CreateTestExtension: Attempting to load test extension: Microsoft.VisualStudio.TestPlatform.MSTest.TestAdapter.MSTestExecutor
TpTrace Verbose: 0 : 23940, 4, 2023/12/15, 00:21:46.668, 398294452091, testhost.dll, TestExecutorExtensionManager: Loading executor Microsoft.VisualStudio.TestPlatform.MSTest.TestAdapter.MSTestExecutor
TpTrace Verbose: 0 : 23940, 4, 2023/12/15, 00:21:46.668, 398294453139, testhost.dll, TestExecutorService: Loaded the executors
TpTrace Verbose: 0 : 23940, 4, 2023/12/15, 00:21:46.669, 398294461742, testhost.dll, TestPluginCache.DiscoverTestExtensions: finding test extensions in assemblies ends with: TestAdapter.dll TPluginInfo: Microsoft.VisualStudio.TestPlatform.Common.ExtensionFramework.Utilities.TestSettingsProviderPluginInformation TExtension: Microsoft.VisualStudio.TestPlatform.ObjectModel.Adapter.ISettingsProvider
TpTrace Verbose: 0 : 23940, 4, 2023/12/15, 00:21:46.669, 398294462726, testhost.dll, TestPluginCache.GetExtensionPaths: Filtered extension paths: 
TpTrace Verbose: 0 : 23940, 4, 2023/12/15, 00:21:46.669, 398294463249, testhost.dll, TestPluginCache.GetExtensionPaths: Added default extension paths: C:\Users\Vlad\Desktop\ASP\Proiect-MOPS\Backend\ProiectMOPS\TestProjectMOPS\bin\Debug\net6.0\fine-code-coverage\build-output\Microsoft.VisualStudio.TestPlatform.MSTest.TestAdapter.dll
TpTrace Verbose: 0 : 23940, 4, 2023/12/15, 00:21:46.669, 398294463626, testhost.dll, TestPluginCache.GetExtensionPaths: Added unfilterableExtensionPaths: 
TpTrace Information: 0 : 23940, 4, 2023/12/15, 00:21:46.669, 398294465110, testhost.dll, AssemblyResolver.AddSearchDirectories: Adding more searchDirectories C:\Users\Vlad\Desktop\ASP\Proiect-MOPS\Backend\ProiectMOPS\TestProjectMOPS\bin\Debug\net6.0\fine-code-coverage\build-output
TpTrace Verbose: 0 : 23940, 4, 2023/12/15, 00:21:46.669, 398294465751, testhost.dll, TestPluginCache.DiscoverTestExtensions: Discovering the extensions using extension path.
TpTrace Verbose: 0 : 23940, 4, 2023/12/15, 00:21:46.669, 398294466123, testhost.dll, TestPluginCache.GetExtensionPaths: Filtered extension paths: 
TpTrace Verbose: 0 : 23940, 4, 2023/12/15, 00:21:46.669, 398294466463, testhost.dll, TestPluginCache.GetExtensionPaths: Added default extension paths: C:\Users\Vlad\Desktop\ASP\Proiect-MOPS\Backend\ProiectMOPS\TestProjectMOPS\bin\Debug\net6.0\fine-code-coverage\build-output\Microsoft.VisualStudio.TestPlatform.MSTest.TestAdapter.dll
TpTrace Verbose: 0 : 23940, 4, 2023/12/15, 00:21:46.669, 398294466803, testhost.dll, TestPluginCache.GetExtensionPaths: Added unfilterableExtensionPaths: 
TpTrace Verbose: 0 : 23940, 4, 2023/12/15, 00:21:46.669, 398294467160, testhost.dll, TestPluginCache.DiscoverTestExtensions: Discovering the extensions using allExtensionPaths: C:\Users\Vlad\Desktop\ASP\Proiect-MOPS\Backend\ProiectMOPS\TestProjectMOPS\bin\Debug\net6.0\fine-code-coverage\build-output\Microsoft.VisualStudio.TestPlatform.MSTest.TestAdapter.dll
TpTrace Information: 0 : 23940, 4, 2023/12/15, 00:21:46.669, 398294467656, testhost.dll, AssemblyResolver.AddSearchDirectories: Adding more searchDirectories C:\Users\Vlad\Desktop\ASP\Proiect-MOPS\Backend\ProiectMOPS\TestProjectMOPS\bin\Debug\net6.0\fine-code-coverage\build-output
TpTrace Verbose: 0 : 23940, 4, 2023/12/15, 00:21:46.669, 398294469271, testhost.dll, TestPluginCache: Discovered the extensions using extension path ''.
TpTrace Verbose: 0 : 23940, 4, 2023/12/15, 00:21:46.669, 398294469705, testhost.dll, TestPluginCache: Discoverers are ''.
TpTrace Verbose: 0 : 23940, 4, 2023/12/15, 00:21:46.669, 398294470105, testhost.dll, TestPluginCache: Executors are 'executor://MSTestAdapter/v2'.
TpTrace Verbose: 0 : 23940, 4, 2023/12/15, 00:21:46.669, 398294470521, testhost.dll, TestPluginCache: Executors2 are ''.
TpTrace Verbose: 0 : 23940, 4, 2023/12/15, 00:21:46.670, 398294470932, testhost.dll, TestPluginCache: Setting providers are ''.
TpTrace Verbose: 0 : 23940, 4, 2023/12/15, 00:21:46.670, 398294471279, testhost.dll, TestPluginCache: Loggers are ''.
TpTrace Verbose: 0 : 23940, 4, 2023/12/15, 00:21:46.670, 398294479946, testhost.dll, TestExecutorService: Loaded the settings providers
TpTrace Information: 0 : 23940, 4, 2023/12/15, 00:21:46.671, 398294480704, testhost.dll, TestExecutorService: Loaded the extensions
TpTrace Information: 0 : 23940, 4, 2023/12/15, 00:21:46.671, 398294484819, testhost.dll, TestRequestHandler.OnMessageReceived: Running job 'TestExecution.StartWithSources'.
TpTrace Information: 0 : 23940, 4, 2023/12/15, 00:21:46.750, 398295276246, testhost.dll, TestDiscoveryManager: Discovering tests from sources C:\Users\Vlad\Desktop\ASP\Proiect-MOPS\Backend\ProiectMOPS\TestProjectMOPS\bin\Debug\net6.0\fine-code-coverage\build-output\TestProjectMOPS.dll
TpTrace Verbose: 0 : 23940, 4, 2023/12/15, 00:21:46.753, 398295301986, testhost.dll, TestPluginCache.DiscoverTestExtensions: finding test extensions in assemblies ends with: TestAdapter.dll TPluginInfo: Microsoft.VisualStudio.TestPlatform.Common.ExtensionFramework.Utilities.TestDiscovererPluginInformation TExtension: Microsoft.VisualStudio.TestPlatform.ObjectModel.Adapter.ITestDiscoverer
TpTrace Verbose: 0 : 23940, 4, 2023/12/15, 00:21:46.753, 398295303293, testhost.dll, TestPluginCache.GetExtensionPaths: Filtered extension paths: 
TpTrace Verbose: 0 : 23940, 4, 2023/12/15, 00:21:46.753, 398295303754, testhost.dll, TestPluginCache.GetExtensionPaths: Added default extension paths: C:\Users\Vlad\Desktop\ASP\Proiect-MOPS\Backend\ProiectMOPS\TestProjectMOPS\bin\Debug\net6.0\fine-code-coverage\build-output\Microsoft.VisualStudio.TestPlatform.MSTest.TestAdapter.dll
TpTrace Verbose: 0 : 23940, 4, 2023/12/15, 00:21:46.753, 398295304120, testhost.dll, TestPluginCache.GetExtensionPaths: Added unfilterableExtensionPaths: 
TpTrace Information: 0 : 23940, 4, 2023/12/15, 00:21:46.753, 398295305668, testhost.dll, AssemblyResolver.AddSearchDirectories: Adding more searchDirectories C:\Users\Vlad\Desktop\ASP\Proiect-MOPS\Backend\ProiectMOPS\TestProjectMOPS\bin\Debug\net6.0\fine-code-coverage\build-output
TpTrace Verbose: 0 : 23940, 4, 2023/12/15, 00:21:46.753, 398295306133, testhost.dll, TestPluginCache.DiscoverTestExtensions: Discovering the extensions using extension path.
TpTrace Verbose: 0 : 23940, 4, 2023/12/15, 00:21:46.753, 398295306509, testhost.dll, TestPluginCache.GetExtensionPaths: Filtered extension paths: 
TpTrace Verbose: 0 : 23940, 4, 2023/12/15, 00:21:46.753, 398295307004, testhost.dll, TestPluginCache.GetExtensionPaths: Added default extension paths: C:\Users\Vlad\Desktop\ASP\Proiect-MOPS\Backend\ProiectMOPS\TestProjectMOPS\bin\Debug\net6.0\fine-code-coverage\build-output\Microsoft.VisualStudio.TestPlatform.MSTest.TestAdapter.dll
TpTrace Verbose: 0 : 23940, 4, 2023/12/15, 00:21:46.753, 398295307504, testhost.dll, TestPluginCache.GetExtensionPaths: Added unfilterableExtensionPaths: 
TpTrace Verbose: 0 : 23940, 4, 2023/12/15, 00:21:46.753, 398295308102, testhost.dll, TestPluginCache.DiscoverTestExtensions: Discovering the extensions using allExtensionPaths: C:\Users\Vlad\Desktop\ASP\Proiect-MOPS\Backend\ProiectMOPS\TestProjectMOPS\bin\Debug\net6.0\fine-code-coverage\build-output\Microsoft.VisualStudio.TestPlatform.MSTest.TestAdapter.dll
TpTrace Information: 0 : 23940, 4, 2023/12/15, 00:21:46.753, 398295308563, testhost.dll, AssemblyResolver.AddSearchDirectories: Adding more searchDirectories C:\Users\Vlad\Desktop\ASP\Proiect-MOPS\Backend\ProiectMOPS\TestProjectMOPS\bin\Debug\net6.0\fine-code-coverage\build-output
TpTrace Verbose: 0 : 23940, 4, 2023/12/15, 00:21:46.755, 398295323256, testhost.dll, TestPluginCache: Discovered the extensions using extension path ''.
TpTrace Verbose: 0 : 23940, 4, 2023/12/15, 00:21:46.755, 398295323993, testhost.dll, TestPluginCache: Discoverers are 'Microsoft.VisualStudio.TestPlatform.MSTest.TestAdapter.MSTestDiscoverer, Microsoft.VisualStudio.TestPlatform.MSTest.TestAdapter, Version=14.0.0.0, Culture=neutral, PublicKeyToken=b03f5f7f11d50a3a'.
TpTrace Verbose: 0 : 23940, 4, 2023/12/15, 00:21:46.755, 398295324413, testhost.dll, TestPluginCache: Executors are 'executor://MSTestAdapter/v2'.
TpTrace Verbose: 0 : 23940, 4, 2023/12/15, 00:21:46.755, 398295325049, testhost.dll, TestPluginCache: Executors2 are ''.
TpTrace Verbose: 0 : 23940, 4, 2023/12/15, 00:21:46.755, 398295325577, testhost.dll, TestPluginCache: Setting providers are ''.
TpTrace Verbose: 0 : 23940, 4, 2023/12/15, 00:21:46.755, 398295325925, testhost.dll, TestPluginCache: Loggers are ''.
TpTrace Verbose: 0 : 23940, 4, 2023/12/15, 00:21:46.760, 398295374776, testhost.dll, BaseRunTests.RunTestInternalWithExecutors: Running tests for executor://MSTestAdapter/v2
TpTrace Information: 0 : 23940, 4, 2023/12/15, 00:21:46.760, 398295379134, testhost.dll, AssemblyResolver.OnResolve: Microsoft.VisualStudio.TestPlatform.MSTestAdapter.PlatformServices.Interface: Resolving assembly.
TpTrace Information: 0 : 23940, 4, 2023/12/15, 00:21:46.760, 398295379803, testhost.dll, AssemblyResolver.OnResolve: Microsoft.VisualStudio.TestPlatform.MSTestAdapter.PlatformServices.Interface: Searching in: 'C:\Users\Vlad\Desktop\ASP\Proiect-MOPS\Backend\ProiectMOPS\TestProjectMOPS\bin\Debug\net6.0\fine-code-coverage\build-output'.
TpTrace Information: 0 : 23940, 4, 2023/12/15, 00:21:46.761, 398295383927, testhost.dll, AssemblyResolver.OnResolve: Microsoft.VisualStudio.TestPlatform.MSTestAdapter.PlatformServices.Interface: Loading assembly 'C:\Users\Vlad\Desktop\ASP\Proiect-MOPS\Backend\ProiectMOPS\TestProjectMOPS\bin\Debug\net6.0\fine-code-coverage\build-output\Microsoft.VisualStudio.TestPlatform.MSTestAdapter.PlatformServices.Interface.dll'.
TpTrace Information: 0 : 23940, 4, 2023/12/15, 00:21:46.761, 398295388475, testhost.dll, AssemblyResolver.OnResolve: Resolved assembly: Microsoft.VisualStudio.TestPlatform.MSTestAdapter.PlatformServices.Interface, from path: C:\Users\Vlad\Desktop\ASP\Proiect-MOPS\Backend\ProiectMOPS\TestProjectMOPS\bin\Debug\net6.0\fine-code-coverage\build-output\Microsoft.VisualStudio.TestPlatform.MSTestAdapter.PlatformServices.Interface.dll
TpTrace Information: 0 : 23940, 4, 2023/12/15, 00:21:46.762, 398295398827, testhost.dll, AssemblyResolver.OnResolve: Microsoft.VisualStudio.TestPlatform.MSTestAdapter.PlatformServices: Resolving assembly.
TpTrace Information: 0 : 23940, 4, 2023/12/15, 00:21:46.762, 398295399531, testhost.dll, AssemblyResolver.OnResolve: Microsoft.VisualStudio.TestPlatform.MSTestAdapter.PlatformServices: Searching in: 'C:\Users\Vlad\Desktop\ASP\Proiect-MOPS\Backend\ProiectMOPS\TestProjectMOPS\bin\Debug\net6.0\fine-code-coverage\build-output'.
TpTrace Information: 0 : 23940, 4, 2023/12/15, 00:21:46.763, 398295403326, testhost.dll, AssemblyResolver.OnResolve: Microsoft.VisualStudio.TestPlatform.MSTestAdapter.PlatformServices: Loading assembly 'C:\Users\Vlad\Desktop\ASP\Proiect-MOPS\Backend\ProiectMOPS\TestProjectMOPS\bin\Debug\net6.0\fine-code-coverage\build-output\Microsoft.VisualStudio.TestPlatform.MSTestAdapter.PlatformServices.dll'.
TpTrace Information: 0 : 23940, 4, 2023/12/15, 00:21:46.763, 398295408128, testhost.dll, AssemblyResolver.OnResolve: Resolved assembly: Microsoft.VisualStudio.TestPlatform.MSTestAdapter.PlatformServices, from path: C:\Users\Vlad\Desktop\ASP\Proiect-MOPS\Backend\ProiectMOPS\TestProjectMOPS\bin\Debug\net6.0\fine-code-coverage\build-output\Microsoft.VisualStudio.TestPlatform.MSTestAdapter.PlatformServices.dll
TpTrace Information: 0 : 23940, 4, 2023/12/15, 00:21:46.763, 398295410488, testhost.dll, MSTest - MSTestExecutor.RunTests: Running tests from sources.
TpTrace Information: 0 : 23940, 4, 2023/12/15, 00:21:46.768, 398295458885, testhost.dll, MSTest - CollectSourceInformation value Found : False 
TpTrace Information: 0 : 23940, 4, 2023/12/15, 00:21:46.794, 398295712291, testhost.dll, MSTest - DictionaryHelper.ConcatWithOverwrites: The source is null or empty, returning the overwrite dictionary.
TpTrace Information: 0 : 23940, 4, 2023/12/15, 00:21:46.799, 398295762391, testhost.dll, MSTest - DictionaryHelper.ConcatWithOverwrites: The source is null or empty, returning the overwrite dictionary.
TpTrace Information: 0 : 23940, 4, 2023/12/15, 00:21:46.799, 398295764743, testhost.dll, MSTest - DictionaryHelper.ConcatWithOverwrites: The source is null or empty, returning the overwrite dictionary.
TpTrace Information: 0 : 23940, 4, 2023/12/15, 00:21:46.799, 398295765925, testhost.dll, MSTest - DictionaryHelper.ConcatWithOverwrites: The source is null or empty, returning the overwrite dictionary.
TpTrace Information: 0 : 23940, 4, 2023/12/15, 00:21:46.799, 398295768553, testhost.dll, MSTest - DictionaryHelper.ConcatWithOverwrites: The source is null or empty, returning the overwrite dictionary.
TpTrace Information: 0 : 23940, 4, 2023/12/15, 00:21:46.807, 398295848183, testhost.dll, AssemblyResolver.OnResolve: Microsoft.TestPlatform.AdapterUtilities: Resolving assembly.
TpTrace Information: 0 : 23940, 4, 2023/12/15, 00:21:46.807, 398295849654, testhost.dll, AssemblyResolver.OnResolve: Microsoft.TestPlatform.AdapterUtilities: Searching in: 'C:\Users\Vlad\Desktop\ASP\Proiect-MOPS\Backend\ProiectMOPS\TestProjectMOPS\bin\Debug\net6.0\fine-code-coverage\build-output'.
TpTrace Information: 0 : 23940, 4, 2023/12/15, 00:21:46.808, 398295854560, testhost.dll, AssemblyResolver.OnResolve: Microsoft.TestPlatform.AdapterUtilities: Loading assembly 'C:\Users\Vlad\Desktop\ASP\Proiect-MOPS\Backend\ProiectMOPS\TestProjectMOPS\bin\Debug\net6.0\fine-code-coverage\build-output\Microsoft.TestPlatform.AdapterUtilities.dll'.
TpTrace Information: 0 : 23940, 4, 2023/12/15, 00:21:46.809, 398295860669, testhost.dll, AssemblyResolver.OnResolve: Resolved assembly: Microsoft.TestPlatform.AdapterUtilities, from path: C:\Users\Vlad\Desktop\ASP\Proiect-MOPS\Backend\ProiectMOPS\TestProjectMOPS\bin\Debug\net6.0\fine-code-coverage\build-output\Microsoft.TestPlatform.AdapterUtilities.dll
TpTrace Information: 0 : 23940, 4, 2023/12/15, 00:21:46.835, 398296127684, testhost.dll, MSTest - DictionaryHelper.ConcatWithOverwrites: The source is null or empty, returning the overwrite dictionary.
TpTrace Information: 0 : 23940, 4, 2023/12/15, 00:21:46.835, 398296129101, testhost.dll, MSTest - DictionaryHelper.ConcatWithOverwrites: The source is null or empty, returning the overwrite dictionary.
TpTrace Information: 0 : 23940, 4, 2023/12/15, 00:21:46.835, 398296129952, testhost.dll, MSTest - DictionaryHelper.ConcatWithOverwrites: The source is null or empty, returning the overwrite dictionary.
TpTrace Information: 0 : 23940, 4, 2023/12/15, 00:21:46.836, 398296130764, testhost.dll, MSTest - DictionaryHelper.ConcatWithOverwrites: The source is null or empty, returning the overwrite dictionary.
TpTrace Information: 0 : 23940, 4, 2023/12/15, 00:21:46.836, 398296131508, testhost.dll, MSTest - DictionaryHelper.ConcatWithOverwrites: The source is null or empty, returning the overwrite dictionary.
TpTrace Information: 0 : 23940, 4, 2023/12/15, 00:21:46.836, 398296132275, testhost.dll, MSTest - DictionaryHelper.ConcatWithOverwrites: The source is null or empty, returning the overwrite dictionary.
TpTrace Information: 0 : 23940, 4, 2023/12/15, 00:21:46.836, 398296133013, testhost.dll, MSTest - DictionaryHelper.ConcatWithOverwrites: The source is null or empty, returning the overwrite dictionary.
TpTrace Information: 0 : 23940, 4, 2023/12/15, 00:21:46.836, 398296139893, testhost.dll, MSTest - DictionaryHelper.ConcatWithOverwrites: The source is null or empty, returning the overwrite dictionary.
TpTrace Information: 0 : 23940, 4, 2023/12/15, 00:21:46.837, 398296141016, testhost.dll, MSTest - DictionaryHelper.ConcatWithOverwrites: The source is null or empty, returning the overwrite dictionary.
TpTrace Information: 0 : 23940, 4, 2023/12/15, 00:21:46.837, 398296141824, testhost.dll, MSTest - DictionaryHelper.ConcatWithOverwrites: The source is null or empty, returning the overwrite dictionary.
TpTrace Information: 0 : 23940, 4, 2023/12/15, 00:21:46.837, 398296142637, testhost.dll, MSTest - DictionaryHelper.ConcatWithOverwrites: The source is null or empty, returning the overwrite dictionary.
TpTrace Information: 0 : 23940, 4, 2023/12/15, 00:21:46.837, 398296143460, testhost.dll, MSTest - DictionaryHelper.ConcatWithOverwrites: The source is null or empty, returning the overwrite dictionary.
TpTrace Information: 0 : 23940, 4, 2023/12/15, 00:21:46.837, 398296144734, testhost.dll, MSTest - DictionaryHelper.ConcatWithOverwrites: The source is null or empty, returning the overwrite dictionary.
TpTrace Information: 0 : 23940, 4, 2023/12/15, 00:21:46.837, 398296145631, testhost.dll, MSTest - DictionaryHelper.ConcatWithOverwrites: The source is null or empty, returning the overwrite dictionary.
TpTrace Information: 0 : 23940, 4, 2023/12/15, 00:21:46.837, 398296146406, testhost.dll, MSTest - DictionaryHelper.ConcatWithOverwrites: The source is null or empty, returning the overwrite dictionary.
TpTrace Information: 0 : 23940, 4, 2023/12/15, 00:21:46.838, 398296151872, testhost.dll, MSTest - DictionaryHelper.ConcatWithOverwrites: The source is null or empty, returning the overwrite dictionary.
TpTrace Information: 0 : 23940, 4, 2023/12/15, 00:21:46.838, 398296152788, testhost.dll, MSTest - DictionaryHelper.ConcatWithOverwrites: The source is null or empty, returning the overwrite dictionary.
TpTrace Information: 0 : 23940, 4, 2023/12/15, 00:21:46.838, 398296153556, testhost.dll, MSTest - DictionaryHelper.ConcatWithOverwrites: The source is null or empty, returning the overwrite dictionary.
TpTrace Information: 0 : 23940, 4, 2023/12/15, 00:21:46.838, 398296154335, testhost.dll, MSTest - DictionaryHelper.ConcatWithOverwrites: The source is null or empty, returning the overwrite dictionary.
TpTrace Information: 0 : 23940, 4, 2023/12/15, 00:21:46.838, 398296155088, testhost.dll, MSTest - DictionaryHelper.ConcatWithOverwrites: The source is null or empty, returning the overwrite dictionary.
TpTrace Information: 0 : 23940, 4, 2023/12/15, 00:21:46.838, 398296155900, testhost.dll, MSTest - DictionaryHelper.ConcatWithOverwrites: The source is null or empty, returning the overwrite dictionary.
TpTrace Information: 0 : 23940, 4, 2023/12/15, 00:21:46.839, 398296162356, testhost.dll, MSTest - DictionaryHelper.ConcatWithOverwrites: The source is null or empty, returning the overwrite dictionary.
TpTrace Information: 0 : 23940, 4, 2023/12/15, 00:21:46.839, 398296163389, testhost.dll, MSTest - DictionaryHelper.ConcatWithOverwrites: The source is null or empty, returning the overwrite dictionary.
TpTrace Information: 0 : 23940, 4, 2023/12/15, 00:21:46.839, 398296164651, testhost.dll, MSTest - DictionaryHelper.ConcatWithOverwrites: The source is null or empty, returning the overwrite dictionary.
TpTrace Information: 0 : 23940, 4, 2023/12/15, 00:21:46.839, 398296165706, testhost.dll, MSTest - DictionaryHelper.ConcatWithOverwrites: The source is null or empty, returning the overwrite dictionary.
TpTrace Information: 0 : 23940, 4, 2023/12/15, 00:21:46.839, 398296166594, testhost.dll, MSTest - DictionaryHelper.ConcatWithOverwrites: The source is null or empty, returning the overwrite dictionary.
TpTrace Information: 0 : 23940, 4, 2023/12/15, 00:21:46.839, 398296167355, testhost.dll, MSTest - DictionaryHelper.ConcatWithOverwrites: The source is null or empty, returning the overwrite dictionary.
TpTrace Information: 0 : 23940, 4, 2023/12/15, 00:21:46.839, 398296168156, testhost.dll, MSTest - DictionaryHelper.ConcatWithOverwrites: The source is null or empty, returning the overwrite dictionary.
TpTrace Information: 0 : 23940, 4, 2023/12/15, 00:21:46.840, 398296175281, testhost.dll, MSTest - DictionaryHelper.ConcatWithOverwrites: The source is null or empty, returning the overwrite dictionary.
TpTrace Information: 0 : 23940, 4, 2023/12/15, 00:21:46.840, 398296176460, testhost.dll, MSTest - DictionaryHelper.ConcatWithOverwrites: The source is null or empty, returning the overwrite dictionary.
TpTrace Information: 0 : 23940, 4, 2023/12/15, 00:21:46.840, 398296177282, testhost.dll, MSTest - DictionaryHelper.ConcatWithOverwrites: The source is null or empty, returning the overwrite dictionary.
TpTrace Information: 0 : 23940, 4, 2023/12/15, 00:21:46.840, 398296178055, testhost.dll, MSTest - DictionaryHelper.ConcatWithOverwrites: The source is null or empty, returning the overwrite dictionary.
TpTrace Information: 0 : 23940, 4, 2023/12/15, 00:21:46.840, 398296179363, testhost.dll, MSTest - DictionaryHelper.ConcatWithOverwrites: The source is null or empty, returning the overwrite dictionary.
TpTrace Information: 0 : 23940, 4, 2023/12/15, 00:21:46.840, 398296180147, testhost.dll, MSTest - DictionaryHelper.ConcatWithOverwrites: The source is null or empty, returning the overwrite dictionary.
TpTrace Information: 0 : 23940, 4, 2023/12/15, 00:21:46.841, 398296180927, testhost.dll, MSTest - DictionaryHelper.ConcatWithOverwrites: The source is null or empty, returning the overwrite dictionary.
TpTrace Information: 0 : 23940, 4, 2023/12/15, 00:21:46.841, 398296186792, testhost.dll, MSTest - DictionaryHelper.ConcatWithOverwrites: The source is null or empty, returning the overwrite dictionary.
TpTrace Information: 0 : 23940, 4, 2023/12/15, 00:21:46.841, 398296187775, testhost.dll, MSTest - DictionaryHelper.ConcatWithOverwrites: The source is null or empty, returning the overwrite dictionary.
TpTrace Information: 0 : 23940, 4, 2023/12/15, 00:21:46.841, 398296188565, testhost.dll, MSTest - DictionaryHelper.ConcatWithOverwrites: The source is null or empty, returning the overwrite dictionary.
TpTrace Information: 0 : 23940, 4, 2023/12/15, 00:21:46.841, 398296189379, testhost.dll, MSTest - DictionaryHelper.ConcatWithOverwrites: The source is null or empty, returning the overwrite dictionary.
TpTrace Information: 0 : 23940, 4, 2023/12/15, 00:21:46.841, 398296190131, testhost.dll, MSTest - DictionaryHelper.ConcatWithOverwrites: The source is null or empty, returning the overwrite dictionary.
TpTrace Information: 0 : 23940, 4, 2023/12/15, 00:21:46.842, 398296190902, testhost.dll, MSTest - DictionaryHelper.ConcatWithOverwrites: The source is null or empty, returning the overwrite dictionary.
TpTrace Information: 0 : 23940, 4, 2023/12/15, 00:21:46.842, 398296191650, testhost.dll, MSTest - DictionaryHelper.ConcatWithOverwrites: The source is null or empty, returning the overwrite dictionary.
TpTrace Information: 0 : 23940, 4, 2023/12/15, 00:21:46.842, 398296192434, testhost.dll, MSTest - DictionaryHelper.ConcatWithOverwrites: The source is null or empty, returning the overwrite dictionary.
TpTrace Information: 0 : 23940, 4, 2023/12/15, 00:21:46.842, 398296199524, testhost.dll, MSTest - DictionaryHelper.ConcatWithOverwrites: The source is null or empty, returning the overwrite dictionary.
TpTrace Information: 0 : 23940, 4, 2023/12/15, 00:21:46.843, 398296200544, testhost.dll, MSTest - DictionaryHelper.ConcatWithOverwrites: The source is null or empty, returning the overwrite dictionary.
TpTrace Information: 0 : 23940, 4, 2023/12/15, 00:21:46.843, 398296201388, testhost.dll, MSTest - DictionaryHelper.ConcatWithOverwrites: The source is null or empty, returning the overwrite dictionary.
TpTrace Information: 0 : 23940, 4, 2023/12/15, 00:21:46.843, 398296202137, testhost.dll, MSTest - DictionaryHelper.ConcatWithOverwrites: The source is null or empty, returning the overwrite dictionary.
TpTrace Information: 0 : 23940, 4, 2023/12/15, 00:21:46.843, 398296202871, testhost.dll, MSTest - DictionaryHelper.ConcatWithOverwrites: The source is null or empty, returning the overwrite dictionary.
TpTrace Information: 0 : 23940, 4, 2023/12/15, 00:21:46.843, 398296203934, testhost.dll, MSTest - DictionaryHelper.ConcatWithOverwrites: The source is null or empty, returning the overwrite dictionary.
TpTrace Information: 0 : 23940, 4, 2023/12/15, 00:21:46.843, 398296205217, testhost.dll, MSTest - DictionaryHelper.ConcatWithOverwrites: The source is null or empty, returning the overwrite dictionary.
TpTrace Information: 0 : 23940, 4, 2023/12/15, 00:21:46.843, 398296206352, testhost.dll, MSTest - DictionaryHelper.ConcatWithOverwrites: The source is null or empty, returning the overwrite dictionary.
TpTrace Information: 0 : 23940, 4, 2023/12/15, 00:21:46.843, 398296207465, testhost.dll, MSTest - DictionaryHelper.ConcatWithOverwrites: The source is null or empty, returning the overwrite dictionary.
TpTrace Information: 0 : 23940, 4, 2023/12/15, 00:21:46.843, 398296209744, testhost.dll, MSTest - MSTestDiscoverer: Found 41 tests from source C:\Users\Vlad\Desktop\ASP\Proiect-MOPS\Backend\ProiectMOPS\TestProjectMOPS\bin\Debug\net6.0\fine-code-coverage\build-output\TestProjectMOPS.dll
TpTrace Information: 0 : 23940, 4, 2023/12/15, 00:21:46.860, 398296379498, testhost.dll, AssemblyResolver.OnResolve: Microsoft.VisualStudio.TestPlatform.MSTestAdapter.PlatformServices.resources: Resolving assembly.
TpTrace Information: 0 : 23940, 4, 2023/12/15, 00:21:46.861, 398296380589, testhost.dll, AssemblyResolver.OnResolve: Microsoft.VisualStudio.TestPlatform.MSTestAdapter.PlatformServices.resources: Searching in: 'C:\Users\Vlad\Desktop\ASP\Proiect-MOPS\Backend\ProiectMOPS\TestProjectMOPS\bin\Debug\net6.0\fine-code-coverage\build-output'.
TpTrace Information: 0 : 23940, 4, 2023/12/15, 00:21:46.861, 398296381541, testhost.dll, AssemblyResolver.OnResolve: Microsoft.VisualStudio.TestPlatform.MSTestAdapter.PlatformServices.resources: Assembly path does not exist: 'C:\Users\Vlad\Desktop\ASP\Proiect-MOPS\Backend\ProiectMOPS\TestProjectMOPS\bin\Debug\net6.0\fine-code-coverage\build-output\Microsoft.VisualStudio.TestPlatform.MSTestAdapter.PlatformServices.resources.dll', returning.
TpTrace Information: 0 : 23940, 4, 2023/12/15, 00:21:46.861, 398296382419, testhost.dll, AssemblyResolver.OnResolve: Microsoft.VisualStudio.TestPlatform.MSTestAdapter.PlatformServices.resources: Assembly path does not exist: 'C:\Users\Vlad\Desktop\ASP\Proiect-MOPS\Backend\ProiectMOPS\TestProjectMOPS\bin\Debug\net6.0\fine-code-coverage\build-output\Microsoft.VisualStudio.TestPlatform.MSTestAdapter.PlatformServices.resources.exe', returning.
TpTrace Information: 0 : 23940, 4, 2023/12/15, 00:21:46.861, 398296382861, testhost.dll, AssemblyResolver.OnResolve: Microsoft.VisualStudio.TestPlatform.MSTestAdapter.PlatformServices.resources: Failed to load assembly.
TpTrace Information: 0 : 23940, 4, 2023/12/15, 00:21:46.861, 398296385672, testhost.dll, AssemblyResolver.OnResolve: Microsoft.VisualStudio.TestPlatform.MSTestAdapter.PlatformServices.resources: Resolving assembly.
TpTrace Information: 0 : 23940, 4, 2023/12/15, 00:21:46.861, 398296386250, testhost.dll, AssemblyResolver.OnResolve: Microsoft.VisualStudio.TestPlatform.MSTestAdapter.PlatformServices.resources: Resolved from cache.
TpTrace Information: 0 : 23940, 4, 2023/12/15, 00:21:46.871, 398296481949, testhost.dll, MSTest - Created unit-test runner C:\Users\Vlad\Desktop\ASP\Proiect-MOPS\Backend\ProiectMOPS\TestProjectMOPS\bin\Debug\net6.0\fine-code-coverage\build-output\TestProjectMOPS.dll
TpTrace Verbose: 0 : 23940, 4, 2023/12/15, 00:21:46.875, 398296520961, testhost.dll, TestExecutionRecorder.RecordStart: Starting test: TestProjectMOPS.ProductControllerTDDUnitTests.GetProduct_ValidProduct_ReturnsOk.
TpTrace Information: 0 : 23940, 4, 2023/12/15, 00:21:46.917, 398296948251, testhost.dll, MSTest - Executing test GetProduct_ValidProduct_ReturnsOk
TpTrace Verbose: 0 : 23940, 10, 2023/12/15, 00:21:47.649, 398304262460, testhost.dll, TcpClientExtensions.MessageLoopAsync: Polling on remoteEndPoint: [::ffff:127.0.0.1]:55569 localEndPoint: [::ffff:127.0.0.1]:55570
TpTrace Information: 0 : 23940, 14, 2023/12/15, 00:21:48.196, 398309736062, testhost.dll, Sending test run statistics
TpTrace Verbose: 0 : 23940, 14, 2023/12/15, 00:21:48.210, 398309871359, testhost.dll, TestRequestHandler.SendData:  sending data from testhost: {"Version":5,"MessageType":"TestExecution.StatsChange","Payload":{"NewTestResults":[],"TestRunStatistics":{"ExecutedTests":0,"Stats":{}},"ActiveTests":[{"Id":"9133a20a-44e5-6091-bd6c-59696e8f0af9","FullyQualifiedName":"TestProjectMOPS.ProductControllerTDDUnitTests.GetProduct_ValidProduct_ReturnsOk","DisplayName":"GetProduct_ValidProduct_ReturnsOk","ExecutorUri":"executor://MSTestAdapter/v2","Source":"C:\\Users\\Vlad\\Desktop\\ASP\\Proiect-MOPS\\Backend\\ProiectMOPS\\TestProjectMOPS\\bin\\Debug\\net6.0\\fine-code-coverage\\build-output\\TestProjectMOPS.dll","CodeFilePath":null,"LineNumber":-1,"Properties":[{"Key":{"Id":"TestCase.ManagedType","Label":"ManagedType","Category":"","Description":"","Attributes":1,"ValueType":"System.String"},"Value":"TestProjectMOPS.ProductControllerTDDUnitTests"},{"Key":{"Id":"TestCase.ManagedMethod","Label":"ManagedMethod","Category":"","Description":"","Attributes":1,"ValueType":"System.String"},"Value":"GetProduct_ValidProduct_ReturnsOk"},{"Key":{"Id":"MSTestDiscoverer.TestClassName","Label":"ClassName","Category":"","Description":"","Attributes":1,"ValueType":"System.String"},"Value":"TestProjectMOPS.ProductControllerTDDUnitTests"},{"Key":{"Id":"TestCase.Hierarchy","Label":"Hierarchy","Category":"","Description":"","Attributes":2,"ValueType":"System.String[]"},"Value":["TestProjectMOPS","ProductControllerTDDUnitTests"]},{"Key":{"Id":"TestObject.Traits","Label":"Traits","Category":"","Description":"","Attributes":5,"ValueType":"System.Collections.Generic.KeyValuePair`2[[System.String],[System.String]][]"},"Value":[]}]}]}}
TpTrace Verbose: 0 : 23940, 14, 2023/12/15, 00:21:48.210, 398309873375, testhost.dll, TestRunCache: OnNewTestResult: Notified the onCacheHit callback.
TpTrace Information: 0 : 23940, 4, 2023/12/15, 00:21:48.233, 398310107259, testhost.dll, AssemblyResolver.OnResolve: Microsoft.Data.SqlClient.resources: Resolving assembly.
TpTrace Information: 0 : 23940, 4, 2023/12/15, 00:21:48.233, 398310108295, testhost.dll, AssemblyResolver.OnResolve: Microsoft.Data.SqlClient.resources: Searching in: 'C:\Users\Vlad\Desktop\ASP\Proiect-MOPS\Backend\ProiectMOPS\TestProjectMOPS\bin\Debug\net6.0\fine-code-coverage\build-output'.
TpTrace Information: 0 : 23940, 4, 2023/12/15, 00:21:48.233, 398310109221, testhost.dll, AssemblyResolver.OnResolve: Microsoft.Data.SqlClient.resources: Assembly path does not exist: 'C:\Users\Vlad\Desktop\ASP\Proiect-MOPS\Backend\ProiectMOPS\TestProjectMOPS\bin\Debug\net6.0\fine-code-coverage\build-output\Microsoft.Data.SqlClient.resources.dll', returning.
TpTrace Information: 0 : 23940, 4, 2023/12/15, 00:21:48.233, 398310110060, testhost.dll, AssemblyResolver.OnResolve: Microsoft.Data.SqlClient.resources: Assembly path does not exist: 'C:\Users\Vlad\Desktop\ASP\Proiect-MOPS\Backend\ProiectMOPS\TestProjectMOPS\bin\Debug\net6.0\fine-code-coverage\build-output\Microsoft.Data.SqlClient.resources.exe', returning.
TpTrace Information: 0 : 23940, 4, 2023/12/15, 00:21:48.233, 398310110501, testhost.dll, AssemblyResolver.OnResolve: Microsoft.Data.SqlClient.resources: Failed to load assembly.
TpTrace Information: 0 : 23940, 4, 2023/12/15, 00:21:48.234, 398310112423, testhost.dll, AssemblyResolver.OnResolve: Microsoft.Data.SqlClient.resources: Resolving assembly.
TpTrace Information: 0 : 23940, 4, 2023/12/15, 00:21:48.234, 398310112871, testhost.dll, AssemblyResolver.OnResolve: Microsoft.Data.SqlClient.resources: Resolved from cache.
TpTrace Information: 0 : 23940, 4, 2023/12/15, 00:21:48.234, 398310119743, testhost.dll, AssemblyResolver.OnResolve: Microsoft.Data.SqlClient.resources: Resolving assembly.
TpTrace Information: 0 : 23940, 4, 2023/12/15, 00:21:48.234, 398310120336, testhost.dll, AssemblyResolver.OnResolve: Microsoft.Data.SqlClient.resources: Resolved from cache.
TpTrace Information: 0 : 23940, 4, 2023/12/15, 00:21:48.235, 398310121507, testhost.dll, AssemblyResolver.OnResolve: Microsoft.Data.SqlClient.resources: Resolving assembly.
TpTrace Information: 0 : 23940, 4, 2023/12/15, 00:21:48.235, 398310121963, testhost.dll, AssemblyResolver.OnResolve: Microsoft.Data.SqlClient.resources: Resolved from cache.
TpTrace Information: 0 : 23940, 4, 2023/12/15, 00:21:48.561, 398313388941, testhost.dll, MSTest - Executed test GetProduct_ValidProduct_ReturnsOk
TpTrace Verbose: 0 : 23940, 4, 2023/12/15, 00:21:48.566, 398313437926, testhost.dll, TestExecutionRecorder.RecordEnd: test: TestProjectMOPS.ProductControllerTDDUnitTests.GetProduct_ValidProduct_ReturnsOk execution completed.
TpTrace Warning: 0 : 23940, 4, 2023/12/15, 00:21:48.567, 398313441793, testhost.dll, TestRunCache: InProgressTests is null
TpTrace Verbose: 0 : 23940, 4, 2023/12/15, 00:21:48.580, 398313575081, testhost.dll, TestExecutionRecorder.RecordResult: Received result for test: TestProjectMOPS.ProductControllerTDDUnitTests.GetProduct_ValidProduct_ReturnsOk.
TpTrace Warning: 0 : 23940, 4, 2023/12/15, 00:21:48.584, 398313613301, testhost.dll, TestRunCache: InProgressTests is null
TpTrace Warning: 0 : 23940, 4, 2023/12/15, 00:21:48.584, 398313614940, testhost.dll, TestRunCache: No test found corresponding to testResult 'GetProduct_ValidProduct_ReturnsOk' in inProgress list.
TpTrace Verbose: 0 : 23940, 4, 2023/12/15, 00:21:48.584, 398313616002, testhost.dll, TestExecutionRecorder.RecordStart: Starting test: TestProjectMOPS.ProductControllerTDDUnitTests.CreateProduct_ReturnsOkResult.
TpTrace Information: 0 : 23940, 4, 2023/12/15, 00:21:48.586, 398313635054, testhost.dll, MSTest - Executing test CreateProduct_ReturnsOkResult
TpTrace Verbose: 0 : 23940, 10, 2023/12/15, 00:21:48.661, 398314385425, testhost.dll, TcpClientExtensions.MessageLoopAsync: Polling on remoteEndPoint: [::ffff:127.0.0.1]:55569 localEndPoint: [::ffff:127.0.0.1]:55570
TpTrace Information: 0 : 23940, 4, 2023/12/15, 00:21:48.782, 398315597370, testhost.dll, MSTest - Executed test CreateProduct_ReturnsOkResult
TpTrace Verbose: 0 : 23940, 4, 2023/12/15, 00:21:48.782, 398315598644, testhost.dll, TestExecutionRecorder.RecordEnd: test: TestProjectMOPS.ProductControllerTDDUnitTests.CreateProduct_ReturnsOkResult execution completed.
TpTrace Verbose: 0 : 23940, 4, 2023/12/15, 00:21:48.784, 398315617048, testhost.dll, TestExecutionRecorder.RecordResult: Received result for test: TestProjectMOPS.ProductControllerTDDUnitTests.CreateProduct_ReturnsOkResult.
TpTrace Warning: 0 : 23940, 4, 2023/12/15, 00:21:48.784, 398315618035, testhost.dll, TestRunCache: InProgressTests is null
TpTrace Warning: 0 : 23940, 4, 2023/12/15, 00:21:48.784, 398315618453, testhost.dll, TestRunCache: No test found corresponding to testResult 'CreateProduct_ReturnsOkResult' in inProgress list.
TpTrace Verbose: 0 : 23940, 4, 2023/12/15, 00:21:48.784, 398315619046, testhost.dll, TestExecutionRecorder.RecordStart: Starting test: TestProjectMOPS.ProductControllerTDDUnitTests.UpdateProduct_ValidProduct_ReturnsOk.
TpTrace Information: 0 : 23940, 4, 2023/12/15, 00:21:48.786, 398315631592, testhost.dll, MSTest - Executing test UpdateProduct_ValidProduct_ReturnsOk
TpTrace Information: 0 : 23940, 4, 2023/12/15, 00:21:48.837, 398316143835, testhost.dll, MSTest - Executed test UpdateProduct_ValidProduct_ReturnsOk
TpTrace Verbose: 0 : 23940, 4, 2023/12/15, 00:21:48.837, 398316144924, testhost.dll, TestExecutionRecorder.RecordEnd: test: TestProjectMOPS.ProductControllerTDDUnitTests.UpdateProduct_ValidProduct_ReturnsOk execution completed.
TpTrace Verbose: 0 : 23940, 4, 2023/12/15, 00:21:48.838, 398316157089, testhost.dll, TestExecutionRecorder.RecordResult: Received result for test: TestProjectMOPS.ProductControllerTDDUnitTests.UpdateProduct_ValidProduct_ReturnsOk.
TpTrace Warning: 0 : 23940, 4, 2023/12/15, 00:21:48.838, 398316157993, testhost.dll, TestRunCache: InProgressTests is null
TpTrace Warning: 0 : 23940, 4, 2023/12/15, 00:21:48.838, 398316158544, testhost.dll, TestRunCache: No test found corresponding to testResult 'UpdateProduct_ValidProduct_ReturnsOk' in inProgress list.
TpTrace Verbose: 0 : 23940, 4, 2023/12/15, 00:21:48.838, 398316159156, testhost.dll, TestExecutionRecorder.RecordStart: Starting test: TestProjectMOPS.ProductControllerTDDUnitTests.DeleteProduct_ValidProduct_ReturnsOk.
TpTrace Information: 0 : 23940, 4, 2023/12/15, 00:21:48.839, 398316169449, testhost.dll, MSTest - Executing test DeleteProduct_ValidProduct_ReturnsOk
TpTrace Information: 0 : 23940, 4, 2023/12/15, 00:21:48.869, 398316464985, testhost.dll, MSTest - Executed test DeleteProduct_ValidProduct_ReturnsOk
TpTrace Verbose: 0 : 23940, 4, 2023/12/15, 00:21:48.869, 398316466208, testhost.dll, TestExecutionRecorder.RecordEnd: test: TestProjectMOPS.ProductControllerTDDUnitTests.DeleteProduct_ValidProduct_ReturnsOk execution completed.
TpTrace Verbose: 0 : 23940, 4, 2023/12/15, 00:21:48.870, 398316479367, testhost.dll, TestExecutionRecorder.RecordResult: Received result for test: TestProjectMOPS.ProductControllerTDDUnitTests.DeleteProduct_ValidProduct_ReturnsOk.
TpTrace Warning: 0 : 23940, 4, 2023/12/15, 00:21:48.870, 398316480372, testhost.dll, TestRunCache: InProgressTests is null
TpTrace Warning: 0 : 23940, 4, 2023/12/15, 00:21:48.871, 398316480776, testhost.dll, TestRunCache: No test found corresponding to testResult 'DeleteProduct_ValidProduct_ReturnsOk' in inProgress list.
TpTrace Verbose: 0 : 23940, 4, 2023/12/15, 00:21:48.871, 398316481347, testhost.dll, TestExecutionRecorder.RecordStart: Starting test: TestProjectMOPS.ProductControllerTDDUnitTests.GetProductById_ValidProduct_ReturnsOk.
TpTrace Information: 0 : 23940, 4, 2023/12/15, 00:21:48.871, 398316490503, testhost.dll, MSTest - Executing test GetProductById_ValidProduct_ReturnsOk
TpTrace Information: 0 : 23940, 4, 2023/12/15, 00:21:48.944, 398317211951, testhost.dll, MSTest - Executed test GetProductById_ValidProduct_ReturnsOk
TpTrace Verbose: 0 : 23940, 4, 2023/12/15, 00:21:48.944, 398317213041, testhost.dll, TestExecutionRecorder.RecordEnd: test: TestProjectMOPS.ProductControllerTDDUnitTests.GetProductById_ValidProduct_ReturnsOk execution completed.
TpTrace Verbose: 0 : 23940, 4, 2023/12/15, 00:21:48.945, 398317224907, testhost.dll, TestExecutionRecorder.RecordResult: Received result for test: TestProjectMOPS.ProductControllerTDDUnitTests.GetProductById_ValidProduct_ReturnsOk.
TpTrace Warning: 0 : 23940, 4, 2023/12/15, 00:21:48.945, 398317225708, testhost.dll, TestRunCache: InProgressTests is null
TpTrace Warning: 0 : 23940, 4, 2023/12/15, 00:21:48.945, 398317226109, testhost.dll, TestRunCache: No test found corresponding to testResult 'GetProductById_ValidProduct_ReturnsOk' in inProgress list.
TpTrace Verbose: 0 : 23940, 4, 2023/12/15, 00:21:48.945, 398317226824, testhost.dll, TestExecutionRecorder.RecordStart: Starting test: TestProjectMOPS.ProductControllerTDDUnitTests.GetProductByUserId_ValidProduct_ReturnsOk.
TpTrace Information: 0 : 23940, 4, 2023/12/15, 00:21:48.946, 398317235218, testhost.dll, MSTest - Executing test GetProductByUserId_ValidProduct_ReturnsOk
TpTrace Information: 0 : 23940, 4, 2023/12/15, 00:21:48.951, 398317284755, testhost.dll, MSTest - Executed test GetProductByUserId_ValidProduct_ReturnsOk
TpTrace Verbose: 0 : 23940, 4, 2023/12/15, 00:21:48.951, 398317285879, testhost.dll, TestExecutionRecorder.RecordEnd: test: TestProjectMOPS.ProductControllerTDDUnitTests.GetProductByUserId_ValidProduct_ReturnsOk execution completed.
TpTrace Verbose: 0 : 23940, 4, 2023/12/15, 00:21:48.952, 398317297383, testhost.dll, TestExecutionRecorder.RecordResult: Received result for test: TestProjectMOPS.ProductControllerTDDUnitTests.GetProductByUserId_ValidProduct_ReturnsOk.
TpTrace Warning: 0 : 23940, 4, 2023/12/15, 00:21:48.952, 398317298008, testhost.dll, TestRunCache: InProgressTests is null
TpTrace Warning: 0 : 23940, 4, 2023/12/15, 00:21:48.952, 398317298601, testhost.dll, TestRunCache: No test found corresponding to testResult 'GetProductByUserId_ValidProduct_ReturnsOk' in inProgress list.
TpTrace Verbose: 0 : 23940, 4, 2023/12/15, 00:21:48.952, 398317299170, testhost.dll, TestExecutionRecorder.RecordStart: Starting test: TestProjectMOPS.ProductControllerUnitTests.CreateProduct_ReturnsOkResult.
TpTrace Information: 0 : 23940, 4, 2023/12/15, 00:21:48.953, 398317307579, testhost.dll, MSTest - Executing test CreateProduct_ReturnsOkResult
TpTrace Information: 0 : 23940, 4, 2023/12/15, 00:21:49.084, 398318611567, testhost.dll, MSTest - Executed test CreateProduct_ReturnsOkResult
TpTrace Verbose: 0 : 23940, 4, 2023/12/15, 00:21:49.084, 398318613292, testhost.dll, TestExecutionRecorder.RecordEnd: test: TestProjectMOPS.ProductControllerUnitTests.CreateProduct_ReturnsOkResult execution completed.
TpTrace Verbose: 0 : 23940, 4, 2023/12/15, 00:21:49.086, 398318632416, testhost.dll, TestExecutionRecorder.RecordResult: Received result for test: TestProjectMOPS.ProductControllerUnitTests.CreateProduct_ReturnsOkResult.
TpTrace Warning: 0 : 23940, 4, 2023/12/15, 00:21:49.086, 398318633771, testhost.dll, TestRunCache: InProgressTests is null
TpTrace Warning: 0 : 23940, 4, 2023/12/15, 00:21:49.086, 398318634390, testhost.dll, TestRunCache: No test found corresponding to testResult 'CreateProduct_ReturnsOkResult' in inProgress list.
TpTrace Verbose: 0 : 23940, 4, 2023/12/15, 00:21:49.086, 398318635274, testhost.dll, TestExecutionRecorder.RecordStart: Starting test: TestProjectMOPS.ProductControllerUnitTests.UpdateProduct_ValidProduct_ReturnsOk.
TpTrace Information: 0 : 23940, 4, 2023/12/15, 00:21:49.092, 398318691588, testhost.dll, MSTest - Executing test UpdateProduct_ValidProduct_ReturnsOk
TpTrace Information: 0 : 23940, 4, 2023/12/15, 00:21:49.095, 398318725213, testhost.dll, MSTest - Executed test UpdateProduct_ValidProduct_ReturnsOk
TpTrace Verbose: 0 : 23940, 4, 2023/12/15, 00:21:49.095, 398318726300, testhost.dll, TestExecutionRecorder.RecordEnd: test: TestProjectMOPS.ProductControllerUnitTests.UpdateProduct_ValidProduct_ReturnsOk execution completed.
TpTrace Verbose: 0 : 23940, 4, 2023/12/15, 00:21:49.096, 398318738566, testhost.dll, TestExecutionRecorder.RecordResult: Received result for test: TestProjectMOPS.ProductControllerUnitTests.UpdateProduct_ValidProduct_ReturnsOk.
TpTrace Warning: 0 : 23940, 4, 2023/12/15, 00:21:49.096, 398318739389, testhost.dll, TestRunCache: InProgressTests is null
TpTrace Warning: 0 : 23940, 4, 2023/12/15, 00:21:49.096, 398318739799, testhost.dll, TestRunCache: No test found corresponding to testResult 'UpdateProduct_ValidProduct_ReturnsOk' in inProgress list.
TpTrace Verbose: 0 : 23940, 4, 2023/12/15, 00:21:49.096, 398318740376, testhost.dll, TestExecutionRecorder.RecordStart: Starting test: TestProjectMOPS.ProductControllerUnitTests.DeleteProduct_ValidProduct_ReturnsOk.
TpTrace Information: 0 : 23940, 4, 2023/12/15, 00:21:49.097, 398318748733, testhost.dll, MSTest - Executing test DeleteProduct_ValidProduct_ReturnsOk
TpTrace Information: 0 : 23940, 4, 2023/12/15, 00:21:49.100, 398318771029, testhost.dll, AssemblyResolver.OnResolve: Microsoft.VisualStudio.TestPlatform.TestFramework.resources: Resolving assembly.
TpTrace Information: 0 : 23940, 4, 2023/12/15, 00:21:49.100, 398318771740, testhost.dll, AssemblyResolver.OnResolve: Microsoft.VisualStudio.TestPlatform.TestFramework.resources: Searching in: 'C:\Users\Vlad\Desktop\ASP\Proiect-MOPS\Backend\ProiectMOPS\TestProjectMOPS\bin\Debug\net6.0\fine-code-coverage\build-output'.
TpTrace Information: 0 : 23940, 4, 2023/12/15, 00:21:49.100, 398318772724, testhost.dll, AssemblyResolver.OnResolve: Microsoft.VisualStudio.TestPlatform.TestFramework.resources: Assembly path does not exist: 'C:\Users\Vlad\Desktop\ASP\Proiect-MOPS\Backend\ProiectMOPS\TestProjectMOPS\bin\Debug\net6.0\fine-code-coverage\build-output\Microsoft.VisualStudio.TestPlatform.TestFramework.resources.dll', returning.
TpTrace Information: 0 : 23940, 4, 2023/12/15, 00:21:49.100, 398318773669, testhost.dll, AssemblyResolver.OnResolve: Microsoft.VisualStudio.TestPlatform.TestFramework.resources: Assembly path does not exist: 'C:\Users\Vlad\Desktop\ASP\Proiect-MOPS\Backend\ProiectMOPS\TestProjectMOPS\bin\Debug\net6.0\fine-code-coverage\build-output\Microsoft.VisualStudio.TestPlatform.TestFramework.resources.exe', returning.
TpTrace Information: 0 : 23940, 4, 2023/12/15, 00:21:49.100, 398318774201, testhost.dll, AssemblyResolver.OnResolve: Microsoft.VisualStudio.TestPlatform.TestFramework.resources: Failed to load assembly.
TpTrace Information: 0 : 23940, 4, 2023/12/15, 00:21:49.123, 398319009219, testhost.dll, MSTest - Executed test DeleteProduct_ValidProduct_ReturnsOk
TpTrace Verbose: 0 : 23940, 4, 2023/12/15, 00:21:49.123, 398319010307, testhost.dll, TestExecutionRecorder.RecordEnd: test: TestProjectMOPS.ProductControllerUnitTests.DeleteProduct_ValidProduct_ReturnsOk execution completed.
TpTrace Information: 0 : 23940, 4, 2023/12/15, 00:21:49.125, 398319022010, testhost.dll, MSTest - MSTestExecutor:Test TestProjectMOPS.ProductControllerUnitTests.DeleteProduct_ValidProduct_ReturnsOk failed. ErrorMessage:Assert.IsInstanceOfType failed.  Expected type:<Microsoft.AspNetCore.Mvc.OkObjectResult>. Actual type:<Microsoft.AspNetCore.Mvc.NoContentResult>., ErrorStackTrace:   at TestProjectMOPS.ProductControllerUnitTests.DeleteProduct_ValidProduct_ReturnsOk() in C:\Users\Vlad\Desktop\ASP\Proiect-MOPS\Backend\ProiectMOPS\TestProjectMOPS\ProductControllerUnitTests.cs:line 138
   at Microsoft.VisualStudio.TestPlatform.MSTestAdapter.PlatformServices.ThreadOperations.ExecuteWithAbortSafety(Action action)
.
TpTrace Verbose: 0 : 23940, 4, 2023/12/15, 00:21:49.125, 398319023063, testhost.dll, TestExecutionRecorder.RecordResult: Received result for test: TestProjectMOPS.ProductControllerUnitTests.DeleteProduct_ValidProduct_ReturnsOk.
TpTrace Warning: 0 : 23940, 4, 2023/12/15, 00:21:49.125, 398319023784, testhost.dll, TestRunCache: InProgressTests is null
TpTrace Warning: 0 : 23940, 4, 2023/12/15, 00:21:49.125, 398319024180, testhost.dll, TestRunCache: No test found corresponding to testResult 'DeleteProduct_ValidProduct_ReturnsOk' in inProgress list.
TpTrace Verbose: 0 : 23940, 4, 2023/12/15, 00:21:49.125, 398319024806, testhost.dll, TestExecutionRecorder.RecordStart: Starting test: TestProjectMOPS.ProductControllerUnitTests.GetProduct_ValidProduct_ReturnsOk.
TpTrace Information: 0 : 23940, 4, 2023/12/15, 00:21:49.126, 398319032096, testhost.dll, Sending test run statistics
TpTrace Verbose: 0 : 23940, 4, 2023/12/15, 00:21:49.134, 398319115028, testhost.dll, TestRequestHandler.SendData:  sending data from testhost: {"Version":5,"MessageType":"TestExecution.StatsChange","Payload":{"NewTestResults":[{"TestCase":{"Id":"9133a20a-44e5-6091-bd6c-59696e8f0af9","FullyQualifiedName":"TestProjectMOPS.ProductControllerTDDUnitTests.GetProduct_ValidProduct_ReturnsOk","DisplayName":"GetProduct_ValidProduct_ReturnsOk","ExecutorUri":"executor://MSTestAdapter/v2","Source":"C:\\Users\\Vlad\\Desktop\\ASP\\Proiect-MOPS\\Backend\\ProiectMOPS\\TestProjectMOPS\\bin\\Debug\\net6.0\\fine-code-coverage\\build-output\\TestProjectMOPS.dll","CodeFilePath":null,"LineNumber":-1,"Properties":[{"Key":{"Id":"TestCase.ManagedType","Label":"ManagedType","Category":"","Description":"","Attributes":1,"ValueType":"System.String"},"Value":"TestProjectMOPS.ProductControllerTDDUnitTests"},{"Key":{"Id":"TestCase.ManagedMethod","Label":"ManagedMethod","Category":"","Description":"","Attributes":1,"ValueType":"System.String"},"Value":"GetProduct_ValidProduct_ReturnsOk"},{"Key":{"Id":"MSTestDiscoverer.TestClassName","Label":"ClassName","Category":"","Description":"","Attributes":1,"ValueType":"System.String"},"Value":"TestProjectMOPS.ProductControllerTDDUnitTests"},{"Key":{"Id":"TestCase.Hierarchy","Label":"Hierarchy","Category":"","Description":"","Attributes":2,"ValueType":"System.String[]"},"Value":["TestProjectMOPS","ProductControllerTDDUnitTests"]},{"Key":{"Id":"TestObject.Traits","Label":"Traits","Category":"","Description":"","Attributes":5,"ValueType":"System.Collections.Generic.KeyValuePair`2[[System.String],[System.String]][]"},"Value":[]}]},"Attachments":[],"Outcome":1,"ErrorMessage":null,"ErrorStackTrace":null,"DisplayName":"GetProduct_ValidProduct_ReturnsOk","Messages":[],"ComputerName":null,"Duration":"00:00:01.6276076","StartTime":"2023-12-15T00:21:46.9176684+02:00","EndTime":"2023-12-15T00:21:48.5619691+02:00","Properties":[{"Key":{"Id":"ExecutionId","Label":"ExecutionId","Category":"","Description":"","Attributes":1,"ValueType":"System.Guid"},"Value":"00000000-0000-0000-0000-000000000000"},{"Key":{"Id":"ParentExecId","Label":"ParentExecId","Category":"","Description":"","Attributes":1,"ValueType":"System.Guid"},"Value":"00000000-0000-0000-0000-000000000000"},{"Key":{"Id":"InnerResultsCount","Label":"InnerResultsCount","Category":"","Description":"","Attributes":1,"ValueType":"System.Int32"},"Value":0}]},{"TestCase":{"Id":"be363e52-f4a2-e039-b168-9cca709c0df5","FullyQualifiedName":"TestProjectMOPS.ProductControllerTDDUnitTests.CreateProduct_ReturnsOkResult","DisplayName":"CreateProduct_ReturnsOkResult","ExecutorUri":"executor://MSTestAdapter/v2","Source":"C:\\Users\\Vlad\\Desktop\\ASP\\Proiect-MOPS\\Backend\\ProiectMOPS\\TestProjectMOPS\\bin\\Debug\\net6.0\\fine-code-coverage\\build-output\\TestProjectMOPS.dll","CodeFilePath":null,"LineNumber":-1,"Properties":[{"Key":{"Id":"TestCase.ManagedType","Label":"ManagedType","Category":"","Description":"","Attributes":1,"ValueType":"System.String"},"Value":"TestProjectMOPS.ProductControllerTDDUnitTests"},{"Key":{"Id":"TestCase.ManagedMethod","Label":"ManagedMethod","Category":"","Description":"","Attributes":1,"ValueType":"System.String"},"Value":"CreateProduct_ReturnsOkResult"},{"Key":{"Id":"MSTestDiscoverer.TestClassName","Label":"ClassName","Category":"","Description":"","Attributes":1,"ValueType":"System.String"},"Value":"TestProjectMOPS.ProductControllerTDDUnitTests"},{"Key":{"Id":"TestCase.Hierarchy","Label":"Hierarchy","Category":"","Description":"","Attributes":2,"ValueType":"System.String[]"},"Value":["TestProjectMOPS","ProductControllerTDDUnitTests"]},{"Key":{"Id":"TestObject.Traits","Label":"Traits","Category":"","Description":"","Attributes":5,"ValueType":"System.Collections.Generic.KeyValuePair`2[[System.String],[System.String]][]"},"Value":[]}]},"Attachments":[],"Outcome":1,"ErrorMessage":null,"ErrorStackTrace":null,"DisplayName":"CreateProduct_ReturnsOkResult","Messages":[],"ComputerName":null,"Duration":"00:00:00.1959704","StartTime":"2023-12-15T00:21:48.5864424+02:00","EndTime":"2023-12-15T00:21:48.7827919+02:00","Properties":[{"Key":{"Id":"ExecutionId","Label":"ExecutionId","Category":"","Description":"","Attributes":1,"ValueType":"System.Guid"},"Value":"00000000-0000-0000-0000-000000000000"},{"Key":{"Id":"ParentExecId","Label":"ParentExecId","Category":"","Description":"","Attributes":1,"ValueType":"System.Guid"},"Value":"00000000-0000-0000-0000-000000000000"},{"Key":{"Id":"InnerResultsCount","Label":"InnerResultsCount","Category":"","Description":"","Attributes":1,"ValueType":"System.Int32"},"Value":0}]},{"TestCase":{"Id":"726ed528-f859-f9a3-4fe1-8fcde79ac6dc","FullyQualifiedName":"TestProjectMOPS.ProductControllerTDDUnitTests.UpdateProduct_ValidProduct_ReturnsOk","DisplayName":"UpdateProduct_ValidProduct_ReturnsOk","ExecutorUri":"executor://MSTestAdapter/v2","Source":"C:\\Users\\Vlad\\Desktop\\ASP\\Proiect-MOPS\\Backend\\ProiectMOPS\\TestProjectMOPS\\bin\\Debug\\net6.0\\fine-code-coverage\\build-output\\TestProjectMOPS.dll","CodeFilePath":null,"LineNumber":-1,"Properties":[{"Key":{"Id":"TestCase.ManagedType","Label":"ManagedType","Category":"","Description":"","Attributes":1,"ValueType":"System.String"},"Value":"TestProjectMOPS.ProductControllerTDDUnitTests"},{"Key":{"Id":"TestCase.ManagedMethod","Label":"ManagedMethod","Category":"","Description":"","Attributes":1,"ValueType":"System.String"},"Value":"UpdateProduct_ValidProduct_ReturnsOk"},{"Key":{"Id":"MSTestDiscoverer.TestClassName","Label":"ClassName","Category":"","Description":"","Attributes":1,"ValueType":"System.String"},"Value":"TestProjectMOPS.ProductControllerTDDUnitTests"},{"Key":{"Id":"TestCase.Hierarchy","Label":"Hierarchy","Category":"","Description":"","Attributes":2,"ValueType":"System.String[]"},"Value":["TestProjectMOPS","ProductControllerTDDUnitTests"]},{"Key":{"Id":"TestObject.Traits","Label":"Traits","Category":"","Description":"","Attributes":5,"ValueType":"System.Collections.Generic.KeyValuePair`2[[System.String],[System.String]][]"},"Value":[]}]},"Attachments":[],"Outcome":1,"ErrorMessage":null,"ErrorStackTrace":null,"DisplayName":"UpdateProduct_ValidProduct_ReturnsOk","Messages":[],"ComputerName":null,"Duration":"00:00:00.0509886","StartTime":"2023-12-15T00:21:48.7860987+02:00","EndTime":"2023-12-15T00:21:48.8374293+02:00","Properties":[{"Key":{"Id":"ExecutionId","Label":"ExecutionId","Category":"","Description":"","Attributes":1,"ValueType":"System.Guid"},"Value":"00000000-0000-0000-0000-000000000000"},{"Key":{"Id":"ParentExecId","Label":"ParentExecId","Category":"","Description":"","Attributes":1,"ValueType":"System.Guid"},"Value":"00000000-0000-0000-0000-000000000000"},{"Key":{"Id":"InnerResultsCount","Label":"InnerResultsCount","Category":"","Description":"","Attributes":1,"ValueType":"System.Int32"},"Value":0}]},{"TestCase":{"Id":"e8ab3319-f8d9-961f-3545-7cde0b3ea339","FullyQualifiedName":"TestProjectMOPS.ProductControllerTDDUnitTests.DeleteProduct_ValidProduct_ReturnsOk","DisplayName":"DeleteProduct_ValidProduct_ReturnsOk","ExecutorUri":"executor://MSTestAdapter/v2","Source":"C:\\Users\\Vlad\\Desktop\\ASP\\Proiect-MOPS\\Backend\\ProiectMOPS\\TestProjectMOPS\\bin\\Debug\\net6.0\\fine-code-coverage\\build-output\\TestProjectMOPS.dll","CodeFilePath":null,"LineNumber":-1,"Properties":[{"Key":{"Id":"TestCase.ManagedType","Label":"ManagedType","Category":"","Description":"","Attributes":1,"ValueType":"System.String"},"Value":"TestProjectMOPS.ProductControllerTDDUnitTests"},{"Key":{"Id":"TestCase.ManagedMethod","Label":"ManagedMethod","Category":"","Description":"","Attributes":1,"ValueType":"System.String"},"Value":"DeleteProduct_ValidProduct_ReturnsOk"},{"Key":{"Id":"MSTestDiscoverer.TestClassName","Label":"ClassName","Category":"","Description":"","Attributes":1,"ValueType":"System.String"},"Value":"TestProjectMOPS.ProductControllerTDDUnitTests"},{"Key":{"Id":"TestCase.Hierarchy","Label":"Hierarchy","Category":"","Description":"","Attributes":2,"ValueType":"System.String[]"},"Value":["TestProjectMOPS","ProductControllerTDDUnitTests"]},{"Key":{"Id":"TestObject.Traits","Label":"Traits","Category":"","Description":"","Attributes":5,"ValueType":"System.Collections.Generic.KeyValuePair`2[[System.String],[System.String]][]"},"Value":[]}]},"Attachments":[],"Outcome":1,"ErrorMessage":null,"ErrorStackTrace":null,"DisplayName":"DeleteProduct_ValidProduct_ReturnsOk","Messages":[],"ComputerName":null,"Duration":"00:00:00.0293655","StartTime":"2023-12-15T00:21:48.8398715+02:00","EndTime":"2023-12-15T00:21:48.869557+02:00","Properties":[{"Key":{"Id":"ExecutionId","Label":"ExecutionId","Category":"","Description":"","Attributes":1,"ValueType":"System.Guid"},"Value":"00000000-0000-0000-0000-000000000000"},{"Key":{"Id":"ParentExecId","Label":"ParentExecId","Category":"","Description":"","Attributes":1,"ValueType":"System.Guid"},"Value":"00000000-0000-0000-0000-000000000000"},{"Key":{"Id":"InnerResultsCount","Label":"InnerResultsCount","Category":"","Description":"","Attributes":1,"ValueType":"System.Int32"},"Value":0}]},{"TestCase":{"Id":"6a3321cd-c61b-e01b-ac04-93b52e49708e","FullyQualifiedName":"TestProjectMOPS.ProductControllerTDDUnitTests.GetProductById_ValidProduct_ReturnsOk","DisplayName":"GetProductById_ValidProduct_ReturnsOk","ExecutorUri":"executor://MSTestAdapter/v2","Source":"C:\\Users\\Vlad\\Desktop\\ASP\\Proiect-MOPS\\Backend\\ProiectMOPS\\TestProjectMOPS\\bin\\Debug\\net6.0\\fine-code-coverage\\build-output\\TestProjectMOPS.dll","CodeFilePath":null,"LineNumber":-1,"Properties":[{"Key":{"Id":"TestCase.ManagedType","Label":"ManagedType","Category":"","Description":"","Attributes":1,"ValueType":"System.String"},"Value":"TestProjectMOPS.ProductControllerTDDUnitTests"},{"Key":{"Id":"TestCase.ManagedMethod","Label":"ManagedMethod","Category":"","Description":"","Attributes":1,"ValueType":"System.String"},"Value":"GetProductById_ValidProduct_ReturnsOk"},{"Key":{"Id":"MSTestDiscoverer.TestClassName","Label":"ClassName","Category":"","Description":"","Attributes":1,"ValueType":"System.String"},"Value":"TestProjectMOPS.ProductControllerTDDUnitTests"},{"Key":{"Id":"TestCase.Hierarchy","Label":"Hierarchy","Category":"","Description":"","Attributes":2,"ValueType":"System.String[]"},"Value":["TestProjectMOPS","ProductControllerTDDUnitTests"]},{"Key":{"Id":"TestObject.Traits","Label":"Traits","Category":"","Description":"","Attributes":5,"ValueType":"System.Collections.Generic.KeyValuePair`2[[System.String],[System.String]][]"},"Value":[]}]},"Attachments":[],"Outcome":1,"ErrorMessage":null,"ErrorStackTrace":null,"DisplayName":"GetProductById_ValidProduct_ReturnsOk","Messages":[],"ComputerName":null,"Duration":"00:00:00.0719484","StartTime":"2023-12-15T00:21:48.8719926+02:00","EndTime":"2023-12-15T00:21:48.9442412+02:00","Properties":[{"Key":{"Id":"ExecutionId","Label":"ExecutionId","Category":"","Description":"","Attributes":1,"ValueType":"System.Guid"},"Value":"00000000-0000-0000-0000-000000000000"},{"Key":{"Id":"ParentExecId","Label":"ParentExecId","Category":"","Description":"","Attributes":1,"ValueType":"System.Guid"},"Value":"00000000-0000-0000-0000-000000000000"},{"Key":{"Id":"InnerResultsCount","Label":"InnerResultsCount","Category":"","Description":"","Attributes":1,"ValueType":"System.Int32"},"Value":0}]},{"TestCase":{"Id":"8ee2af17-8109-d30d-1148-6bb9ce60e171","FullyQualifiedName":"TestProjectMOPS.ProductControllerTDDUnitTests.GetProductByUserId_ValidProduct_ReturnsOk","DisplayName":"GetProductByUserId_ValidProduct_ReturnsOk","ExecutorUri":"executor://MSTestAdapter/v2","Source":"C:\\Users\\Vlad\\Desktop\\ASP\\Proiect-MOPS\\Backend\\ProiectMOPS\\TestProjectMOPS\\bin\\Debug\\net6.0\\fine-code-coverage\\build-output\\TestProjectMOPS.dll","CodeFilePath":null,"LineNumber":-1,"Properties":[{"Key":{"Id":"TestCase.ManagedType","Label":"ManagedType","Category":"","Description":"","Attributes":1,"ValueType":"System.String"},"Value":"TestProjectMOPS.ProductControllerTDDUnitTests"},{"Key":{"Id":"TestCase.ManagedMethod","Label":"ManagedMethod","Category":"","Description":"","Attributes":1,"ValueType":"System.String"},"Value":"GetProductByUserId_ValidProduct_ReturnsOk"},{"Key":{"Id":"MSTestDiscoverer.TestClassName","Label":"ClassName","Category":"","Description":"","Attributes":1,"ValueType":"System.String"},"Value":"TestProjectMOPS.ProductControllerTDDUnitTests"},{"Key":{"Id":"TestCase.Hierarchy","Label":"Hierarchy","Category":"","Description":"","Attributes":2,"ValueType":"System.String[]"},"Value":["TestProjectMOPS","ProductControllerTDDUnitTests"]},{"Key":{"Id":"TestObject.Traits","Label":"Traits","Category":"","Description":"","Attributes":5,"ValueType":"System.Collections.Generic.KeyValuePair`2[[System.String],[System.String]][]"},"Value":[]}]},"Attachments":[],"Outcome":1,"ErrorMessage":null,"ErrorStackTrace":null,"DisplayName":"GetProductByUserId_ValidProduct_ReturnsOk","Messages":[],"ComputerName":null,"Duration":"00:00:00.0047425","StartTime":"2023-12-15T00:21:48.9464644+02:00","EndTime":"2023-12-15T00:21:48.9515254+02:00","Properties":[{"Key":{"Id":"ExecutionId","Label":"ExecutionId","Category":"","Description":"","Attributes":1,"ValueType":"System.Guid"},"Value":"00000000-0000-0000-0000-000000000000"},{"Key":{"Id":"ParentExecId","Label":"ParentExecId","Category":"","Description":"","Attributes":1,"ValueType":"System.Guid"},"Value":"00000000-0000-0000-0000-000000000000"},{"Key":{"Id":"InnerResultsCount","Label":"InnerResultsCount","Category":"","Description":"","Attributes":1,"ValueType":"System.Int32"},"Value":0}]},{"TestCase":{"Id":"0f5234a4-1b98-184a-a5c0-1942c977d950","FullyQualifiedName":"TestProjectMOPS.ProductControllerUnitTests.CreateProduct_ReturnsOkResult","DisplayName":"CreateProduct_ReturnsOkResult","ExecutorUri":"executor://MSTestAdapter/v2","Source":"C:\\Users\\Vlad\\Desktop\\ASP\\Proiect-MOPS\\Backend\\ProiectMOPS\\TestProjectMOPS\\bin\\Debug\\net6.0\\fine-code-coverage\\build-output\\TestProjectMOPS.dll","CodeFilePath":null,"LineNumber":-1,"Properties":[{"Key":{"Id":"TestCase.ManagedType","Label":"ManagedType","Category":"","Description":"","Attributes":1,"ValueType":"System.String"},"Value":"TestProjectMOPS.ProductControllerUnitTests"},{"Key":{"Id":"TestCase.ManagedMethod","Label":"ManagedMethod","Category":"","Description":"","Attributes":1,"ValueType":"System.String"},"Value":"CreateProduct_ReturnsOkResult"},{"Key":{"Id":"MSTestDiscoverer.TestClassName","Label":"ClassName","Category":"","Description":"","Attributes":1,"ValueType":"System.String"},"Value":"TestProjectMOPS.ProductControllerUnitTests"},{"Key":{"Id":"TestCase.Hierarchy","Label":"Hierarchy","Category":"","Description":"","Attributes":2,"ValueType":"System.String[]"},"Value":["TestProjectMOPS","ProductControllerUnitTests"]},{"Key":{"Id":"TestObject.Traits","Label":"Traits","Category":"","Description":"","Attributes":5,"ValueType":"System.Collections.Generic.KeyValuePair`2[[System.String],[System.String]][]"},"Value":[]}]},"Attachments":[],"Outcome":1,"ErrorMessage":null,"ErrorStackTrace":null,"DisplayName":"CreateProduct_ReturnsOkResult","Messages":[],"ComputerName":null,"Duration":"00:00:00.1300722","StartTime":"2023-12-15T00:21:48.9536789+02:00","EndTime":"2023-12-15T00:21:49.0842552+02:00","Properties":[{"Key":{"Id":"ExecutionId","Label":"ExecutionId","Category":"","Description":"","Attributes":1,"ValueType":"System.Guid"},"Value":"00000000-0000-0000-0000-000000000000"},{"Key":{"Id":"ParentExecId","Label":"ParentExecId","Category":"","Description":"","Attributes":1,"ValueType":"System.Guid"},"Value":"00000000-0000-0000-0000-000000000000"},{"Key":{"Id":"InnerResultsCount","Label":"InnerResultsCount","Category":"","Description":"","Attributes":1,"ValueType":"System.Int32"},"Value":0}]},{"TestCase":{"Id":"0c0a41a5-788b-f53b-dcd2-c9108244dca6","FullyQualifiedName":"TestProjectMOPS.ProductControllerUnitTests.UpdateProduct_ValidProduct_ReturnsOk","DisplayName":"UpdateProduct_ValidProduct_ReturnsOk","ExecutorUri":"executor://MSTestAdapter/v2","Source":"C:\\Users\\Vlad\\Desktop\\ASP\\Proiect-MOPS\\Backend\\ProiectMOPS\\TestProjectMOPS\\bin\\Debug\\net6.0\\fine-code-coverage\\build-output\\TestProjectMOPS.dll","CodeFilePath":null,"LineNumber":-1,"Properties":[{"Key":{"Id":"TestCase.ManagedType","Label":"ManagedType","Category":"","Description":"","Attributes":1,"ValueType":"System.String"},"Value":"TestProjectMOPS.ProductControllerUnitTests"},{"Key":{"Id":"TestCase.ManagedMethod","Label":"ManagedMethod","Category":"","Description":"","Attributes":1,"ValueType":"System.String"},"Value":"UpdateProduct_ValidProduct_ReturnsOk"},{"Key":{"Id":"MSTestDiscoverer.TestClassName","Label":"ClassName","Category":"","Description":"","Attributes":1,"ValueType":"System.String"},"Value":"TestProjectMOPS.ProductControllerUnitTests"},{"Key":{"Id":"TestCase.Hierarchy","Label":"Hierarchy","Category":"","Description":"","Attributes":2,"ValueType":"System.String[]"},"Value":["TestProjectMOPS","ProductControllerUnitTests"]},{"Key":{"Id":"TestObject.Traits","Label":"Traits","Category":"","Description":"","Attributes":5,"ValueType":"System.Collections.Generic.KeyValuePair`2[[System.String],[System.String]][]"},"Value":[]}]},"Attachments":[],"Outcome":1,"ErrorMessage":null,"ErrorStackTrace":null,"DisplayName":"UpdateProduct_ValidProduct_ReturnsOk","Messages":[],"ComputerName":null,"Duration":"00:00:00.0031368","StartTime":"2023-12-15T00:21:49.0920933+02:00","EndTime":"2023-12-15T00:21:49.0955671+02:00","Properties":[{"Key":{"Id":"ExecutionId","Label":"ExecutionId","Category":"","Description":"","Attributes":1,"ValueType":"System.Guid"},"Value":"00000000-0000-0000-0000-000000000000"},{"Key":{"Id":"ParentExecId","Label":"ParentExecId","Category":"","Description":"","Attributes":1,"ValueType":"System.Guid"},"Value":"00000000-0000-0000-0000-000000000000"},{"Key":{"Id":"InnerResultsCount","Label":"InnerResultsCount","Category":"","Description":"","Attributes":1,"ValueType":"System.Int32"},"Value":0}]},{"TestCase":{"Id":"450a2db3-b6e2-d913-b6fc-0a21d6d7de18","FullyQualifiedName":"TestProjectMOPS.ProductControllerUnitTests.DeleteProduct_ValidProduct_ReturnsOk","DisplayName":"DeleteProduct_ValidProduct_ReturnsOk","ExecutorUri":"executor://MSTestAdapter/v2","Source":"C:\\Users\\Vlad\\Desktop\\ASP\\Proiect-MOPS\\Backend\\ProiectMOPS\\TestProjectMOPS\\bin\\Debug\\net6.0\\fine-code-coverage\\build-output\\TestProjectMOPS.dll","CodeFilePath":null,"LineNumber":-1,"Properties":[{"Key":{"Id":"TestCase.ManagedType","Label":"ManagedType","Category":"","Description":"","Attributes":1,"ValueType":"System.String"},"Value":"TestProjectMOPS.ProductControllerUnitTests"},{"Key":{"Id":"TestCase.ManagedMethod","Label":"ManagedMethod","Category":"","Description":"","Attributes":1,"ValueType":"System.String"},"Value":"DeleteProduct_ValidProduct_ReturnsOk"},{"Key":{"Id":"MSTestDiscoverer.TestClassName","Label":"ClassName","Category":"","Description":"","Attributes":1,"ValueType":"System.String"},"Value":"TestProjectMOPS.ProductControllerUnitTests"},{"Key":{"Id":"TestCase.Hierarchy","Label":"Hierarchy","Category":"","Description":"","Attributes":2,"ValueType":"System.String[]"},"Value":["TestProjectMOPS","ProductControllerUnitTests"]},{"Key":{"Id":"TestObject.Traits","Label":"Traits","Category":"","Description":"","Attributes":5,"ValueType":"System.Collections.Generic.KeyValuePair`2[[System.String],[System.String]][]"},"Value":[]}]},"Attachments":[],"Outcome":2,"ErrorMessage":"Assert.IsInstanceOfType failed.  Expected type:<Microsoft.AspNetCore.Mvc.OkObjectResult>. Actual type:<Microsoft.AspNetCore.Mvc.NoContentResult>.","ErrorStackTrace":"   at TestProjectMOPS.ProductControllerUnitTests.DeleteProduct_ValidProduct_ReturnsOk() in C:\\Users\\Vlad\\Desktop\\ASP\\Proiect-MOPS\\Backend\\ProiectMOPS\\TestProjectMOPS\\ProductControllerUnitTests.cs:line 138\r\n   at Microsoft.VisualStudio.TestPlatform.MSTestAdapter.PlatformServices.ThreadOperations.ExecuteWithAbortSafety(Action action)\r\n","DisplayName":"DeleteProduct_ValidProduct_ReturnsOk","Messages":[],"ComputerName":null,"Duration":"00:00:00.0255544","StartTime":"2023-12-15T00:21:49.0978152+02:00","EndTime":"2023-12-15T00:21:49.123965+02:00","Properties":[{"Key":{"Id":"ExecutionId","Label":"ExecutionId","Category":"","Description":"","Attributes":1,"ValueType":"System.Guid"},"Value":"00000000-0000-0000-0000-000000000000"},{"Key":{"Id":"ParentExecId","Label":"ParentExecId","Category":"","Description":"","Attributes":1,"ValueType":"System.Guid"},"Value":"00000000-0000-0000-0000-000000000000"},{"Key":{"Id":"InnerResultsCount","Label":"InnerResultsCount","Category":"","Description":"","Attributes":1,"ValueType":"System.Int32"},"Value":0}]}],"TestRunStatistics":{"ExecutedTests":9,"Stats":{"Passed":8,"Failed":1}},"ActiveTests":[{"Id":"e3446afe-a32a-9f9f-1403-86251c8ba825","FullyQualifiedName":"TestProjectMOPS.ProductControllerUnitTests.GetProduct_ValidProduct_ReturnsOk","DisplayName":"GetProduct_ValidProduct_ReturnsOk","ExecutorUri":"executor://MSTestAdapter/v2","Source":"C:\\Users\\Vlad\\Desktop\\ASP\\Proiect-MOPS\\Backend\\ProiectMOPS\\TestProjectMOPS\\bin\\Debug\\net6.0\\fine-code-coverage\\build-output\\TestProjectMOPS.dll","CodeFilePath":null,"LineNumber":-1,"Properties":[{"Key":{"Id":"TestCase.ManagedType","Label":"ManagedType","Category":"","Description":"","Attributes":1,"ValueType":"System.String"},"Value":"TestProjectMOPS.ProductControllerUnitTests"},{"Key":{"Id":"TestCase.ManagedMethod","Label":"ManagedMethod","Category":"","Description":"","Attributes":1,"ValueType":"System.String"},"Value":"GetProduct_ValidProduct_ReturnsOk"},{"Key":{"Id":"MSTestDiscoverer.TestClassName","Label":"ClassName","Category":"","Description":"","Attributes":1,"ValueType":"System.String"},"Value":"TestProjectMOPS.ProductControllerUnitTests"},{"Key":{"Id":"TestCase.Hierarchy","Label":"Hierarchy","Category":"","Description":"","Attributes":2,"ValueType":"System.String[]"},"Value":["TestProjectMOPS","ProductControllerUnitTests"]},{"Key":{"Id":"TestObject.Traits","Label":"Traits","Category":"","Description":"","Attributes":5,"ValueType":"System.Collections.Generic.KeyValuePair`2[[System.String],[System.String]][]"},"Value":[]}]}]}}
TpTrace Verbose: 0 : 23940, 4, 2023/12/15, 00:21:49.134, 398319118967, testhost.dll, TestRunCache: OnNewTestResult: Notified the onCacheHit callback.
TpTrace Information: 0 : 23940, 4, 2023/12/15, 00:21:49.136, 398319133433, testhost.dll, MSTest - Executing test GetProduct_ValidProduct_ReturnsOk
TpTrace Information: 0 : 23940, 4, 2023/12/15, 00:21:49.138, 398319155660, testhost.dll, MSTest - Executed test GetProduct_ValidProduct_ReturnsOk
TpTrace Verbose: 0 : 23940, 4, 2023/12/15, 00:21:49.138, 398319156759, testhost.dll, TestExecutionRecorder.RecordEnd: test: TestProjectMOPS.ProductControllerUnitTests.GetProduct_ValidProduct_ReturnsOk execution completed.
TpTrace Warning: 0 : 23940, 4, 2023/12/15, 00:21:49.138, 398319157264, testhost.dll, TestRunCache: InProgressTests is null
TpTrace Verbose: 0 : 23940, 4, 2023/12/15, 00:21:49.139, 398319170390, testhost.dll, TestExecutionRecorder.RecordResult: Received result for test: TestProjectMOPS.ProductControllerUnitTests.GetProduct_ValidProduct_ReturnsOk.
TpTrace Warning: 0 : 23940, 4, 2023/12/15, 00:21:49.140, 398319171306, testhost.dll, TestRunCache: InProgressTests is null
TpTrace Warning: 0 : 23940, 4, 2023/12/15, 00:21:49.140, 398319171748, testhost.dll, TestRunCache: No test found corresponding to testResult 'GetProduct_ValidProduct_ReturnsOk' in inProgress list.
TpTrace Verbose: 0 : 23940, 4, 2023/12/15, 00:21:49.140, 398319172363, testhost.dll, TestExecutionRecorder.RecordStart: Starting test: TestProjectMOPS.ProductControllerUnitTests.GetProductById_ValidProduct_ReturnsOk.
TpTrace Information: 0 : 23940, 4, 2023/12/15, 00:21:49.141, 398319182936, testhost.dll, MSTest - Executing test GetProductById_ValidProduct_ReturnsOk
TpTrace Information: 0 : 23940, 4, 2023/12/15, 00:21:49.144, 398319214821, testhost.dll, MSTest - Executed test GetProductById_ValidProduct_ReturnsOk
TpTrace Verbose: 0 : 23940, 4, 2023/12/15, 00:21:49.144, 398319215859, testhost.dll, TestExecutionRecorder.RecordEnd: test: TestProjectMOPS.ProductControllerUnitTests.GetProductById_ValidProduct_ReturnsOk execution completed.
TpTrace Verbose: 0 : 23940, 4, 2023/12/15, 00:21:49.145, 398319230075, testhost.dll, TestExecutionRecorder.RecordResult: Received result for test: TestProjectMOPS.ProductControllerUnitTests.GetProductById_ValidProduct_ReturnsOk.
TpTrace Warning: 0 : 23940, 4, 2023/12/15, 00:21:49.146, 398319231052, testhost.dll, TestRunCache: InProgressTests is null
TpTrace Warning: 0 : 23940, 4, 2023/12/15, 00:21:49.146, 398319231479, testhost.dll, TestRunCache: No test found corresponding to testResult 'GetProductById_ValidProduct_ReturnsOk' in inProgress list.
TpTrace Verbose: 0 : 23940, 4, 2023/12/15, 00:21:49.146, 398319232120, testhost.dll, TestExecutionRecorder.RecordStart: Starting test: TestProjectMOPS.ProductControllerUnitTests.GetProductByUserId_ValidProduct_ReturnsOk.
TpTrace Information: 0 : 23940, 4, 2023/12/15, 00:21:49.147, 398319242280, testhost.dll, MSTest - Executing test GetProductByUserId_ValidProduct_ReturnsOk
TpTrace Information: 0 : 23940, 4, 2023/12/15, 00:21:49.149, 398319263472, testhost.dll, MSTest - Executed test GetProductByUserId_ValidProduct_ReturnsOk
TpTrace Verbose: 0 : 23940, 4, 2023/12/15, 00:21:49.149, 398319264494, testhost.dll, TestExecutionRecorder.RecordEnd: test: TestProjectMOPS.ProductControllerUnitTests.GetProductByUserId_ValidProduct_ReturnsOk execution completed.
TpTrace Verbose: 0 : 23940, 4, 2023/12/15, 00:21:49.150, 398319275289, testhost.dll, TestExecutionRecorder.RecordResult: Received result for test: TestProjectMOPS.ProductControllerUnitTests.GetProductByUserId_ValidProduct_ReturnsOk.
TpTrace Warning: 0 : 23940, 4, 2023/12/15, 00:21:49.150, 398319276298, testhost.dll, TestRunCache: InProgressTests is null
TpTrace Warning: 0 : 23940, 4, 2023/12/15, 00:21:49.150, 398319276805, testhost.dll, TestRunCache: No test found corresponding to testResult 'GetProductByUserId_ValidProduct_ReturnsOk' in inProgress list.
TpTrace Verbose: 0 : 23940, 4, 2023/12/15, 00:21:49.150, 398319277836, testhost.dll, TestExecutionRecorder.RecordStart: Starting test: TestProjectMOPS.ProductImageControllerTDDUnitTests.GetProductImage_ValidProductImage_ReturnsOk.
TpTrace Information: 0 : 23940, 4, 2023/12/15, 00:21:49.151, 398319288425, testhost.dll, MSTest - Executing test GetProductImage_ValidProductImage_ReturnsOk
TpTrace Information: 0 : 23940, 4, 2023/12/15, 00:21:49.164, 398319411581, testhost.dll, MSTest - Executed test GetProductImage_ValidProductImage_ReturnsOk
TpTrace Verbose: 0 : 23940, 4, 2023/12/15, 00:21:49.164, 398319412789, testhost.dll, TestExecutionRecorder.RecordEnd: test: TestProjectMOPS.ProductImageControllerTDDUnitTests.GetProductImage_ValidProductImage_ReturnsOk execution completed.
TpTrace Verbose: 0 : 23940, 4, 2023/12/15, 00:21:49.165, 398319425190, testhost.dll, TestExecutionRecorder.RecordResult: Received result for test: TestProjectMOPS.ProductImageControllerTDDUnitTests.GetProductImage_ValidProductImage_ReturnsOk.
TpTrace Warning: 0 : 23940, 4, 2023/12/15, 00:21:49.165, 398319426146, testhost.dll, TestRunCache: InProgressTests is null
TpTrace Warning: 0 : 23940, 4, 2023/12/15, 00:21:49.165, 398319426667, testhost.dll, TestRunCache: No test found corresponding to testResult 'GetProductImage_ValidProductImage_ReturnsOk' in inProgress list.
TpTrace Verbose: 0 : 23940, 4, 2023/12/15, 00:21:49.165, 398319427260, testhost.dll, TestExecutionRecorder.RecordStart: Starting test: TestProjectMOPS.ProductImageControllerTDDUnitTests.CreateProductImage_ReturnsOkResult.
TpTrace Information: 0 : 23940, 4, 2023/12/15, 00:21:49.166, 398319437108, testhost.dll, MSTest - Executing test CreateProductImage_ReturnsOkResult
TpTrace Information: 0 : 23940, 4, 2023/12/15, 00:21:49.176, 398319531105, testhost.dll, MSTest - Executed test CreateProductImage_ReturnsOkResult
TpTrace Verbose: 0 : 23940, 4, 2023/12/15, 00:21:49.176, 398319532973, testhost.dll, TestExecutionRecorder.RecordEnd: test: TestProjectMOPS.ProductImageControllerTDDUnitTests.CreateProductImage_ReturnsOkResult execution completed.
TpTrace Verbose: 0 : 23940, 4, 2023/12/15, 00:21:49.177, 398319544644, testhost.dll, TestExecutionRecorder.RecordResult: Received result for test: TestProjectMOPS.ProductImageControllerTDDUnitTests.CreateProductImage_ReturnsOkResult.
TpTrace Warning: 0 : 23940, 4, 2023/12/15, 00:21:49.177, 398319545520, testhost.dll, TestRunCache: InProgressTests is null
TpTrace Warning: 0 : 23940, 4, 2023/12/15, 00:21:49.177, 398319545943, testhost.dll, TestRunCache: No test found corresponding to testResult 'CreateProductImage_ReturnsOkResult' in inProgress list.
TpTrace Verbose: 0 : 23940, 4, 2023/12/15, 00:21:49.177, 398319546536, testhost.dll, TestExecutionRecorder.RecordStart: Starting test: TestProjectMOPS.ProductImageControllerTDDUnitTests.DeleteProductImage_ValidProductImage_ReturnsOk.
TpTrace Information: 0 : 23940, 4, 2023/12/15, 00:21:49.178, 398319553945, testhost.dll, MSTest - Executing test DeleteProductImage_ValidProductImage_ReturnsOk
TpTrace Information: 0 : 23940, 4, 2023/12/15, 00:21:49.184, 398319614855, testhost.dll, MSTest - Executed test DeleteProductImage_ValidProductImage_ReturnsOk
TpTrace Verbose: 0 : 23940, 4, 2023/12/15, 00:21:49.184, 398319616457, testhost.dll, TestExecutionRecorder.RecordEnd: test: TestProjectMOPS.ProductImageControllerTDDUnitTests.DeleteProductImage_ValidProductImage_ReturnsOk execution completed.
TpTrace Verbose: 0 : 23940, 4, 2023/12/15, 00:21:49.185, 398319626848, testhost.dll, TestExecutionRecorder.RecordResult: Received result for test: TestProjectMOPS.ProductImageControllerTDDUnitTests.DeleteProductImage_ValidProductImage_ReturnsOk.
TpTrace Warning: 0 : 23940, 4, 2023/12/15, 00:21:49.185, 398319627558, testhost.dll, TestRunCache: InProgressTests is null
TpTrace Warning: 0 : 23940, 4, 2023/12/15, 00:21:49.185, 398319628104, testhost.dll, TestRunCache: No test found corresponding to testResult 'DeleteProductImage_ValidProductImage_ReturnsOk' in inProgress list.
TpTrace Verbose: 0 : 23940, 4, 2023/12/15, 00:21:49.185, 398319628655, testhost.dll, TestExecutionRecorder.RecordStart: Starting test: TestProjectMOPS.ProductImageControllerTDDUnitTests.GetProductImageById_ValidProductImage_ReturnsOk.
TpTrace Information: 0 : 23940, 4, 2023/12/15, 00:21:49.186, 398319636393, testhost.dll, MSTest - Executing test GetProductImageById_ValidProductImage_ReturnsOk
TpTrace Information: 0 : 23940, 4, 2023/12/15, 00:21:49.191, 398319685360, testhost.dll, MSTest - Executed test GetProductImageById_ValidProductImage_ReturnsOk
TpTrace Verbose: 0 : 23940, 4, 2023/12/15, 00:21:49.191, 398319686481, testhost.dll, TestExecutionRecorder.RecordEnd: test: TestProjectMOPS.ProductImageControllerTDDUnitTests.GetProductImageById_ValidProductImage_ReturnsOk execution completed.
TpTrace Verbose: 0 : 23940, 4, 2023/12/15, 00:21:49.192, 398319698605, testhost.dll, TestExecutionRecorder.RecordResult: Received result for test: TestProjectMOPS.ProductImageControllerTDDUnitTests.GetProductImageById_ValidProductImage_ReturnsOk.
TpTrace Warning: 0 : 23940, 4, 2023/12/15, 00:21:49.192, 398319699764, testhost.dll, TestRunCache: InProgressTests is null
TpTrace Warning: 0 : 23940, 4, 2023/12/15, 00:21:49.192, 398319700206, testhost.dll, TestRunCache: No test found corresponding to testResult 'GetProductImageById_ValidProductImage_ReturnsOk' in inProgress list.
TpTrace Verbose: 0 : 23940, 4, 2023/12/15, 00:21:49.193, 398319701073, testhost.dll, TestExecutionRecorder.RecordStart: Starting test: TestProjectMOPS.ProductImageControllerTDDUnitTests.GetProductImageByProductId_ValidProductImage_ReturnsOk.
TpTrace Information: 0 : 23940, 4, 2023/12/15, 00:21:49.193, 398319709502, testhost.dll, MSTest - Executing test GetProductImageByProductId_ValidProductImage_ReturnsOk
TpTrace Information: 0 : 23940, 4, 2023/12/15, 00:21:49.198, 398319753364, testhost.dll, MSTest - Executed test GetProductImageByProductId_ValidProductImage_ReturnsOk
TpTrace Verbose: 0 : 23940, 4, 2023/12/15, 00:21:49.198, 398319754521, testhost.dll, TestExecutionRecorder.RecordEnd: test: TestProjectMOPS.ProductImageControllerTDDUnitTests.GetProductImageByProductId_ValidProductImage_ReturnsOk execution completed.
TpTrace Verbose: 0 : 23940, 4, 2023/12/15, 00:21:49.199, 398319764262, testhost.dll, TestExecutionRecorder.RecordResult: Received result for test: TestProjectMOPS.ProductImageControllerTDDUnitTests.GetProductImageByProductId_ValidProductImage_ReturnsOk.
TpTrace Warning: 0 : 23940, 4, 2023/12/15, 00:21:49.199, 398319764856, testhost.dll, TestRunCache: InProgressTests is null
TpTrace Warning: 0 : 23940, 4, 2023/12/15, 00:21:49.199, 398319765372, testhost.dll, TestRunCache: No test found corresponding to testResult 'GetProductImageByProductId_ValidProductImage_ReturnsOk' in inProgress list.
TpTrace Verbose: 0 : 23940, 4, 2023/12/15, 00:21:49.199, 398319765907, testhost.dll, TestExecutionRecorder.RecordStart: Starting test: TestProjectMOPS.ProductImageControllerUnitTests.CreateProductImage_ReturnsOkResult.
TpTrace Information: 0 : 23940, 4, 2023/12/15, 00:21:49.200, 398319773315, testhost.dll, MSTest - Executing test CreateProductImage_ReturnsOkResult
TpTrace Information: 0 : 23940, 4, 2023/12/15, 00:21:49.205, 398319823938, testhost.dll, MSTest - Executed test CreateProductImage_ReturnsOkResult
TpTrace Verbose: 0 : 23940, 4, 2023/12/15, 00:21:49.205, 398319824672, testhost.dll, TestExecutionRecorder.RecordEnd: test: TestProjectMOPS.ProductImageControllerUnitTests.CreateProductImage_ReturnsOkResult execution completed.
TpTrace Verbose: 0 : 23940, 4, 2023/12/15, 00:21:49.206, 398319836506, testhost.dll, TestExecutionRecorder.RecordResult: Received result for test: TestProjectMOPS.ProductImageControllerUnitTests.CreateProductImage_ReturnsOkResult.
TpTrace Warning: 0 : 23940, 4, 2023/12/15, 00:21:49.206, 398319837733, testhost.dll, TestRunCache: InProgressTests is null
TpTrace Warning: 0 : 23940, 4, 2023/12/15, 00:21:49.206, 398319838252, testhost.dll, TestRunCache: No test found corresponding to testResult 'CreateProductImage_ReturnsOkResult' in inProgress list.
TpTrace Verbose: 0 : 23940, 4, 2023/12/15, 00:21:49.206, 398319839003, testhost.dll, TestExecutionRecorder.RecordStart: Starting test: TestProjectMOPS.ProductImageControllerUnitTests.DeleteProductImage_ValidProductImage_ReturnsOk.
TpTrace Information: 0 : 23940, 4, 2023/12/15, 00:21:49.206, 398319839516, testhost.dll, Sending test run statistics
TpTrace Verbose: 0 : 23940, 4, 2023/12/15, 00:21:49.209, 398319860687, testhost.dll, TestRequestHandler.SendData:  sending data from testhost: {"Version":5,"MessageType":"TestExecution.StatsChange","Payload":{"NewTestResults":[{"TestCase":{"Id":"e3446afe-a32a-9f9f-1403-86251c8ba825","FullyQualifiedName":"TestProjectMOPS.ProductControllerUnitTests.GetProduct_ValidProduct_ReturnsOk","DisplayName":"GetProduct_ValidProduct_ReturnsOk","ExecutorUri":"executor://MSTestAdapter/v2","Source":"C:\\Users\\Vlad\\Desktop\\ASP\\Proiect-MOPS\\Backend\\ProiectMOPS\\TestProjectMOPS\\bin\\Debug\\net6.0\\fine-code-coverage\\build-output\\TestProjectMOPS.dll","CodeFilePath":null,"LineNumber":-1,"Properties":[{"Key":{"Id":"TestCase.ManagedType","Label":"ManagedType","Category":"","Description":"","Attributes":1,"ValueType":"System.String"},"Value":"TestProjectMOPS.ProductControllerUnitTests"},{"Key":{"Id":"TestCase.ManagedMethod","Label":"ManagedMethod","Category":"","Description":"","Attributes":1,"ValueType":"System.String"},"Value":"GetProduct_ValidProduct_ReturnsOk"},{"Key":{"Id":"MSTestDiscoverer.TestClassName","Label":"ClassName","Category":"","Description":"","Attributes":1,"ValueType":"System.String"},"Value":"TestProjectMOPS.ProductControllerUnitTests"},{"Key":{"Id":"TestCase.Hierarchy","Label":"Hierarchy","Category":"","Description":"","Attributes":2,"ValueType":"System.String[]"},"Value":["TestProjectMOPS","ProductControllerUnitTests"]},{"Key":{"Id":"TestObject.Traits","Label":"Traits","Category":"","Description":"","Attributes":5,"ValueType":"System.Collections.Generic.KeyValuePair`2[[System.String],[System.String]][]"},"Value":[]}]},"Attachments":[],"Outcome":1,"ErrorMessage":null,"ErrorStackTrace":null,"DisplayName":"GetProduct_ValidProduct_ReturnsOk","Messages":[],"ComputerName":null,"Duration":"00:00:00.0020190","StartTime":"2023-12-15T00:21:49.1362816+02:00","EndTime":"2023-12-15T00:21:49.1386115+02:00","Properties":[{"Key":{"Id":"ExecutionId","Label":"ExecutionId","Category":"","Description":"","Attributes":1,"ValueType":"System.Guid"},"Value":"00000000-0000-0000-0000-000000000000"},{"Key":{"Id":"ParentExecId","Label":"ParentExecId","Category":"","Description":"","Attributes":1,"ValueType":"System.Guid"},"Value":"00000000-0000-0000-0000-000000000000"},{"Key":{"Id":"InnerResultsCount","Label":"InnerResultsCount","Category":"","Description":"","Attributes":1,"ValueType":"System.Int32"},"Value":0}]},{"TestCase":{"Id":"1657f699-ffa8-c6e7-afc9-238ddfc24efd","FullyQualifiedName":"TestProjectMOPS.ProductControllerUnitTests.GetProductById_ValidProduct_ReturnsOk","DisplayName":"GetProductById_ValidProduct_ReturnsOk","ExecutorUri":"executor://MSTestAdapter/v2","Source":"C:\\Users\\Vlad\\Desktop\\ASP\\Proiect-MOPS\\Backend\\ProiectMOPS\\TestProjectMOPS\\bin\\Debug\\net6.0\\fine-code-coverage\\build-output\\TestProjectMOPS.dll","CodeFilePath":null,"LineNumber":-1,"Properties":[{"Key":{"Id":"TestCase.ManagedType","Label":"ManagedType","Category":"","Description":"","Attributes":1,"ValueType":"System.String"},"Value":"TestProjectMOPS.ProductControllerUnitTests"},{"Key":{"Id":"TestCase.ManagedMethod","Label":"ManagedMethod","Category":"","Description":"","Attributes":1,"ValueType":"System.String"},"Value":"GetProductById_ValidProduct_ReturnsOk"},{"Key":{"Id":"MSTestDiscoverer.TestClassName","Label":"ClassName","Category":"","Description":"","Attributes":1,"ValueType":"System.String"},"Value":"TestProjectMOPS.ProductControllerUnitTests"},{"Key":{"Id":"TestCase.Hierarchy","Label":"Hierarchy","Category":"","Description":"","Attributes":2,"ValueType":"System.String[]"},"Value":["TestProjectMOPS","ProductControllerUnitTests"]},{"Key":{"Id":"TestObject.Traits","Label":"Traits","Category":"","Description":"","Attributes":5,"ValueType":"System.Collections.Generic.KeyValuePair`2[[System.String],[System.String]][]"},"Value":[]}]},"Attachments":[],"Outcome":1,"ErrorMessage":null,"ErrorStackTrace":null,"DisplayName":"GetProductById_ValidProduct_ReturnsOk","Messages":[],"ComputerName":null,"Duration":"00:00:00.0029995","StartTime":"2023-12-15T00:21:49.1412347+02:00","EndTime":"2023-12-15T00:21:49.1445221+02:00","Properties":[{"Key":{"Id":"ExecutionId","Label":"ExecutionId","Category":"","Description":"","Attributes":1,"ValueType":"System.Guid"},"Value":"00000000-0000-0000-0000-000000000000"},{"Key":{"Id":"ParentExecId","Label":"ParentExecId","Category":"","Description":"","Attributes":1,"ValueType":"System.Guid"},"Value":"00000000-0000-0000-0000-000000000000"},{"Key":{"Id":"InnerResultsCount","Label":"InnerResultsCount","Category":"","Description":"","Attributes":1,"ValueType":"System.Int32"},"Value":0}]},{"TestCase":{"Id":"43b47547-3ba8-0d8a-2b6a-53a2628b942f","FullyQualifiedName":"TestProjectMOPS.ProductControllerUnitTests.GetProductByUserId_ValidProduct_ReturnsOk","DisplayName":"GetProductByUserId_ValidProduct_ReturnsOk","ExecutorUri":"executor://MSTestAdapter/v2","Source":"C:\\Users\\Vlad\\Desktop\\ASP\\Proiect-MOPS\\Backend\\ProiectMOPS\\TestProjectMOPS\\bin\\Debug\\net6.0\\fine-code-coverage\\build-output\\TestProjectMOPS.dll","CodeFilePath":null,"LineNumber":-1,"Properties":[{"Key":{"Id":"TestCase.ManagedType","Label":"ManagedType","Category":"","Description":"","Attributes":1,"ValueType":"System.String"},"Value":"TestProjectMOPS.ProductControllerUnitTests"},{"Key":{"Id":"TestCase.ManagedMethod","Label":"ManagedMethod","Category":"","Description":"","Attributes":1,"ValueType":"System.String"},"Value":"GetProductByUserId_ValidProduct_ReturnsOk"},{"Key":{"Id":"MSTestDiscoverer.TestClassName","Label":"ClassName","Category":"","Description":"","Attributes":1,"ValueType":"System.String"},"Value":"TestProjectMOPS.ProductControllerUnitTests"},{"Key":{"Id":"TestCase.Hierarchy","Label":"Hierarchy","Category":"","Description":"","Attributes":2,"ValueType":"System.String[]"},"Value":["TestProjectMOPS","ProductControllerUnitTests"]},{"Key":{"Id":"TestObject.Traits","Label":"Traits","Category":"","Description":"","Attributes":5,"ValueType":"System.Collections.Generic.KeyValuePair`2[[System.String],[System.String]][]"},"Value":[]}]},"Attachments":[],"Outcome":1,"ErrorMessage":null,"ErrorStackTrace":null,"DisplayName":"GetProductByUserId_ValidProduct_ReturnsOk","Messages":[],"ComputerName":null,"Duration":"00:00:00.0018926","StartTime":"2023-12-15T00:21:49.1471645+02:00","EndTime":"2023-12-15T00:21:49.1493857+02:00","Properties":[{"Key":{"Id":"ExecutionId","Label":"ExecutionId","Category":"","Description":"","Attributes":1,"ValueType":"System.Guid"},"Value":"00000000-0000-0000-0000-000000000000"},{"Key":{"Id":"ParentExecId","Label":"ParentExecId","Category":"","Description":"","Attributes":1,"ValueType":"System.Guid"},"Value":"00000000-0000-0000-0000-000000000000"},{"Key":{"Id":"InnerResultsCount","Label":"InnerResultsCount","Category":"","Description":"","Attributes":1,"ValueType":"System.Int32"},"Value":0}]},{"TestCase":{"Id":"e6e073f3-8ebe-99ce-cf7e-05325793fd86","FullyQualifiedName":"TestProjectMOPS.ProductImageControllerTDDUnitTests.GetProductImage_ValidProductImage_ReturnsOk","DisplayName":"GetProductImage_ValidProductImage_ReturnsOk","ExecutorUri":"executor://MSTestAdapter/v2","Source":"C:\\Users\\Vlad\\Desktop\\ASP\\Proiect-MOPS\\Backend\\ProiectMOPS\\TestProjectMOPS\\bin\\Debug\\net6.0\\fine-code-coverage\\build-output\\TestProjectMOPS.dll","CodeFilePath":null,"LineNumber":-1,"Properties":[{"Key":{"Id":"TestCase.ManagedType","Label":"ManagedType","Category":"","Description":"","Attributes":1,"ValueType":"System.String"},"Value":"TestProjectMOPS.ProductImageControllerTDDUnitTests"},{"Key":{"Id":"TestCase.ManagedMethod","Label":"ManagedMethod","Category":"","Description":"","Attributes":1,"ValueType":"System.String"},"Value":"GetProductImage_ValidProductImage_ReturnsOk"},{"Key":{"Id":"MSTestDiscoverer.TestClassName","Label":"ClassName","Category":"","Description":"","Attributes":1,"ValueType":"System.String"},"Value":"TestProjectMOPS.ProductImageControllerTDDUnitTests"},{"Key":{"Id":"TestCase.Hierarchy","Label":"Hierarchy","Category":"","Description":"","Attributes":2,"ValueType":"System.String[]"},"Value":["TestProjectMOPS","ProductImageControllerTDDUnitTests"]},{"Key":{"Id":"TestObject.Traits","Label":"Traits","Category":"","Description":"","Attributes":5,"ValueType":"System.Collections.Generic.KeyValuePair`2[[System.String],[System.String]][]"},"Value":[]}]},"Attachments":[],"Outcome":1,"ErrorMessage":null,"ErrorStackTrace":null,"DisplayName":"GetProductImage_ValidProductImage_ReturnsOk","Messages":[],"ComputerName":null,"Duration":"00:00:00.0120186","StartTime":"2023-12-15T00:21:49.1517793+02:00","EndTime":"2023-12-15T00:21:49.164216+02:00","Properties":[{"Key":{"Id":"ExecutionId","Label":"ExecutionId","Category":"","Description":"","Attributes":1,"ValueType":"System.Guid"},"Value":"00000000-0000-0000-0000-000000000000"},{"Key":{"Id":"ParentExecId","Label":"ParentExecId","Category":"","Description":"","Attributes":1,"ValueType":"System.Guid"},"Value":"00000000-0000-0000-0000-000000000000"},{"Key":{"Id":"InnerResultsCount","Label":"InnerResultsCount","Category":"","Description":"","Attributes":1,"ValueType":"System.Int32"},"Value":0}]},{"TestCase":{"Id":"10782731-b852-484b-7e09-f5526e098981","FullyQualifiedName":"TestProjectMOPS.ProductImageControllerTDDUnitTests.CreateProductImage_ReturnsOkResult","DisplayName":"CreateProductImage_ReturnsOkResult","ExecutorUri":"executor://MSTestAdapter/v2","Source":"C:\\Users\\Vlad\\Desktop\\ASP\\Proiect-MOPS\\Backend\\ProiectMOPS\\TestProjectMOPS\\bin\\Debug\\net6.0\\fine-code-coverage\\build-output\\TestProjectMOPS.dll","CodeFilePath":null,"LineNumber":-1,"Properties":[{"Key":{"Id":"TestCase.ManagedType","Label":"ManagedType","Category":"","Description":"","Attributes":1,"ValueType":"System.String"},"Value":"TestProjectMOPS.ProductImageControllerTDDUnitTests"},{"Key":{"Id":"TestCase.ManagedMethod","Label":"ManagedMethod","Category":"","Description":"","Attributes":1,"ValueType":"System.String"},"Value":"CreateProductImage_ReturnsOkResult"},{"Key":{"Id":"MSTestDiscoverer.TestClassName","Label":"ClassName","Category":"","Description":"","Attributes":1,"ValueType":"System.String"},"Value":"TestProjectMOPS.ProductImageControllerTDDUnitTests"},{"Key":{"Id":"TestCase.Hierarchy","Label":"Hierarchy","Category":"","Description":"","Attributes":2,"ValueType":"System.String[]"},"Value":["TestProjectMOPS","ProductImageControllerTDDUnitTests"]},{"Key":{"Id":"TestObject.Traits","Label":"Traits","Category":"","Description":"","Attributes":5,"ValueType":"System.Collections.Generic.KeyValuePair`2[[System.String],[System.String]][]"},"Value":[]}]},"Attachments":[],"Outcome":1,"ErrorMessage":null,"ErrorStackTrace":null,"DisplayName":"CreateProductImage_ReturnsOkResult","Messages":[],"ComputerName":null,"Duration":"00:00:00.0092166","StartTime":"2023-12-15T00:21:49.1666518+02:00","EndTime":"2023-12-15T00:21:49.1762327+02:00","Properties":[{"Key":{"Id":"ExecutionId","Label":"ExecutionId","Category":"","Description":"","Attributes":1,"ValueType":"System.Guid"},"Value":"00000000-0000-0000-0000-000000000000"},{"Key":{"Id":"ParentExecId","Label":"ParentExecId","Category":"","Description":"","Attributes":1,"ValueType":"System.Guid"},"Value":"00000000-0000-0000-0000-000000000000"},{"Key":{"Id":"InnerResultsCount","Label":"InnerResultsCount","Category":"","Description":"","Attributes":1,"ValueType":"System.Int32"},"Value":0}]},{"TestCase":{"Id":"ccdf3291-6a54-d050-4f3b-94f0ea7e698d","FullyQualifiedName":"TestProjectMOPS.ProductImageControllerTDDUnitTests.DeleteProductImage_ValidProductImage_ReturnsOk","DisplayName":"DeleteProductImage_ValidProductImage_ReturnsOk","ExecutorUri":"executor://MSTestAdapter/v2","Source":"C:\\Users\\Vlad\\Desktop\\ASP\\Proiect-MOPS\\Backend\\ProiectMOPS\\TestProjectMOPS\\bin\\Debug\\net6.0\\fine-code-coverage\\build-output\\TestProjectMOPS.dll","CodeFilePath":null,"LineNumber":-1,"Properties":[{"Key":{"Id":"TestCase.ManagedType","Label":"ManagedType","Category":"","Description":"","Attributes":1,"ValueType":"System.String"},"Value":"TestProjectMOPS.ProductImageControllerTDDUnitTests"},{"Key":{"Id":"TestCase.ManagedMethod","Label":"ManagedMethod","Category":"","Description":"","Attributes":1,"ValueType":"System.String"},"Value":"DeleteProductImage_ValidProductImage_ReturnsOk"},{"Key":{"Id":"MSTestDiscoverer.TestClassName","Label":"ClassName","Category":"","Description":"","Attributes":1,"ValueType":"System.String"},"Value":"TestProjectMOPS.ProductImageControllerTDDUnitTests"},{"Key":{"Id":"TestCase.Hierarchy","Label":"Hierarchy","Category":"","Description":"","Attributes":2,"ValueType":"System.String[]"},"Value":["TestProjectMOPS","ProductImageControllerTDDUnitTests"]},{"Key":{"Id":"TestObject.Traits","Label":"Traits","Category":"","Description":"","Attributes":5,"ValueType":"System.Collections.Generic.KeyValuePair`2[[System.String],[System.String]][]"},"Value":[]}]},"Attachments":[],"Outcome":1,"ErrorMessage":null,"ErrorStackTrace":null,"DisplayName":"DeleteProductImage_ValidProductImage_ReturnsOk","Messages":[],"ComputerName":null,"Duration":"00:00:00.0059176","StartTime":"2023-12-15T00:21:49.1783371+02:00","EndTime":"2023-12-15T00:21:49.184583+02:00","Properties":[{"Key":{"Id":"ExecutionId","Label":"ExecutionId","Category":"","Description":"","Attributes":1,"ValueType":"System.Guid"},"Value":"00000000-0000-0000-0000-000000000000"},{"Key":{"Id":"ParentExecId","Label":"ParentExecId","Category":"","Description":"","Attributes":1,"ValueType":"System.Guid"},"Value":"00000000-0000-0000-0000-000000000000"},{"Key":{"Id":"InnerResultsCount","Label":"InnerResultsCount","Category":"","Description":"","Attributes":1,"ValueType":"System.Int32"},"Value":0}]},{"TestCase":{"Id":"9c8f3187-534c-36e0-71f1-5f884629f2e8","FullyQualifiedName":"TestProjectMOPS.ProductImageControllerTDDUnitTests.GetProductImageById_ValidProductImage_ReturnsOk","DisplayName":"GetProductImageById_ValidProductImage_ReturnsOk","ExecutorUri":"executor://MSTestAdapter/v2","Source":"C:\\Users\\Vlad\\Desktop\\ASP\\Proiect-MOPS\\Backend\\ProiectMOPS\\TestProjectMOPS\\bin\\Debug\\net6.0\\fine-code-coverage\\build-output\\TestProjectMOPS.dll","CodeFilePath":null,"LineNumber":-1,"Properties":[{"Key":{"Id":"TestCase.ManagedType","Label":"ManagedType","Category":"","Description":"","Attributes":1,"ValueType":"System.String"},"Value":"TestProjectMOPS.ProductImageControllerTDDUnitTests"},{"Key":{"Id":"TestCase.ManagedMethod","Label":"ManagedMethod","Category":"","Description":"","Attributes":1,"ValueType":"System.String"},"Value":"GetProductImageById_ValidProductImage_ReturnsOk"},{"Key":{"Id":"MSTestDiscoverer.TestClassName","Label":"ClassName","Category":"","Description":"","Attributes":1,"ValueType":"System.String"},"Value":"TestProjectMOPS.ProductImageControllerTDDUnitTests"},{"Key":{"Id":"TestCase.Hierarchy","Label":"Hierarchy","Category":"","Description":"","Attributes":2,"ValueType":"System.String[]"},"Value":["TestProjectMOPS","ProductImageControllerTDDUnitTests"]},{"Key":{"Id":"TestObject.Traits","Label":"Traits","Category":"","Description":"","Attributes":5,"ValueType":"System.Collections.Generic.KeyValuePair`2[[System.String],[System.String]][]"},"Value":[]}]},"Attachments":[],"Outcome":1,"ErrorMessage":null,"ErrorStackTrace":null,"DisplayName":"GetProductImageById_ValidProductImage_ReturnsOk","Messages":[],"ComputerName":null,"Duration":"00:00:00.0047191","StartTime":"2023-12-15T00:21:49.1865808+02:00","EndTime":"2023-12-15T00:21:49.1915858+02:00","Properties":[{"Key":{"Id":"ExecutionId","Label":"ExecutionId","Category":"","Description":"","Attributes":1,"ValueType":"System.Guid"},"Value":"00000000-0000-0000-0000-000000000000"},{"Key":{"Id":"ParentExecId","Label":"ParentExecId","Category":"","Description":"","Attributes":1,"ValueType":"System.Guid"},"Value":"00000000-0000-0000-0000-000000000000"},{"Key":{"Id":"InnerResultsCount","Label":"InnerResultsCount","Category":"","Description":"","Attributes":1,"ValueType":"System.Int32"},"Value":0}]},{"TestCase":{"Id":"4b082818-e80f-c2c1-6952-bb8d5fcb1d9b","FullyQualifiedName":"TestProjectMOPS.ProductImageControllerTDDUnitTests.GetProductImageByProductId_ValidProductImage_ReturnsOk","DisplayName":"GetProductImageByProductId_ValidProductImage_ReturnsOk","ExecutorUri":"executor://MSTestAdapter/v2","Source":"C:\\Users\\Vlad\\Desktop\\ASP\\Proiect-MOPS\\Backend\\ProiectMOPS\\TestProjectMOPS\\bin\\Debug\\net6.0\\fine-code-coverage\\build-output\\TestProjectMOPS.dll","CodeFilePath":null,"LineNumber":-1,"Properties":[{"Key":{"Id":"TestCase.ManagedType","Label":"ManagedType","Category":"","Description":"","Attributes":1,"ValueType":"System.String"},"Value":"TestProjectMOPS.ProductImageControllerTDDUnitTests"},{"Key":{"Id":"TestCase.ManagedMethod","Label":"ManagedMethod","Category":"","Description":"","Attributes":1,"ValueType":"System.String"},"Value":"GetProductImageByProductId_ValidProductImage_ReturnsOk"},{"Key":{"Id":"MSTestDiscoverer.TestClassName","Label":"ClassName","Category":"","Description":"","Attributes":1,"ValueType":"System.String"},"Value":"TestProjectMOPS.ProductImageControllerTDDUnitTests"},{"Key":{"Id":"TestCase.Hierarchy","Label":"Hierarchy","Category":"","Description":"","Attributes":2,"ValueType":"System.String[]"},"Value":["TestProjectMOPS","ProductImageControllerTDDUnitTests"]},{"Key":{"Id":"TestObject.Traits","Label":"Traits","Category":"","Description":"","Attributes":5,"ValueType":"System.Collections.Generic.KeyValuePair`2[[System.String],[System.String]][]"},"Value":[]}]},"Attachments":[],"Outcome":1,"ErrorMessage":null,"ErrorStackTrace":null,"DisplayName":"GetProductImageByProductId_ValidProductImage_ReturnsOk","Messages":[],"ComputerName":null,"Duration":"00:00:00.0041674","StartTime":"2023-12-15T00:21:49.1938913+02:00","EndTime":"2023-12-15T00:21:49.1983902+02:00","Properties":[{"Key":{"Id":"ExecutionId","Label":"ExecutionId","Category":"","Description":"","Attributes":1,"ValueType":"System.Guid"},"Value":"00000000-0000-0000-0000-000000000000"},{"Key":{"Id":"ParentExecId","Label":"ParentExecId","Category":"","Description":"","Attributes":1,"ValueType":"System.Guid"},"Value":"00000000-0000-0000-0000-000000000000"},{"Key":{"Id":"InnerResultsCount","Label":"InnerResultsCount","Category":"","Description":"","Attributes":1,"ValueType":"System.Int32"},"Value":0}]},{"TestCase":{"Id":"029912a1-f0b5-3c52-9e4f-da20f1a2c890","FullyQualifiedName":"TestProjectMOPS.ProductImageControllerUnitTests.CreateProductImage_ReturnsOkResult","DisplayName":"CreateProductImage_ReturnsOkResult","ExecutorUri":"executor://MSTestAdapter/v2","Source":"C:\\Users\\Vlad\\Desktop\\ASP\\Proiect-MOPS\\Backend\\ProiectMOPS\\TestProjectMOPS\\bin\\Debug\\net6.0\\fine-code-coverage\\build-output\\TestProjectMOPS.dll","CodeFilePath":null,"LineNumber":-1,"Properties":[{"Key":{"Id":"TestCase.ManagedType","Label":"ManagedType","Category":"","Description":"","Attributes":1,"ValueType":"System.String"},"Value":"TestProjectMOPS.ProductImageControllerUnitTests"},{"Key":{"Id":"TestCase.ManagedMethod","Label":"ManagedMethod","Category":"","Description":"","Attributes":1,"ValueType":"System.String"},"Value":"CreateProductImage_ReturnsOkResult"},{"Key":{"Id":"MSTestDiscoverer.TestClassName","Label":"ClassName","Category":"","Description":"","Attributes":1,"ValueType":"System.String"},"Value":"TestProjectMOPS.ProductImageControllerUnitTests"},{"Key":{"Id":"TestCase.Hierarchy","Label":"Hierarchy","Category":"","Description":"","Attributes":2,"ValueType":"System.String[]"},"Value":["TestProjectMOPS","ProductImageControllerUnitTests"]},{"Key":{"Id":"TestObject.Traits","Label":"Traits","Category":"","Description":"","Attributes":5,"ValueType":"System.Collections.Generic.KeyValuePair`2[[System.String],[System.String]][]"},"Value":[]}]},"Attachments":[],"Outcome":1,"ErrorMessage":null,"ErrorStackTrace":null,"DisplayName":"CreateProductImage_ReturnsOkResult","Messages":[],"ComputerName":null,"Duration":"00:00:00.0048404","StartTime":"2023-12-15T00:21:49.2002734+02:00","EndTime":"2023-12-15T00:21:49.2054058+02:00","Properties":[{"Key":{"Id":"ExecutionId","Label":"ExecutionId","Category":"","Description":"","Attributes":1,"ValueType":"System.Guid"},"Value":"00000000-0000-0000-0000-000000000000"},{"Key":{"Id":"ParentExecId","Label":"ParentExecId","Category":"","Description":"","Attributes":1,"ValueType":"System.Guid"},"Value":"00000000-0000-0000-0000-000000000000"},{"Key":{"Id":"InnerResultsCount","Label":"InnerResultsCount","Category":"","Description":"","Attributes":1,"ValueType":"System.Int32"},"Value":0}]}],"TestRunStatistics":{"ExecutedTests":18,"Stats":{"Passed":17,"Failed":1}},"ActiveTests":[{"Id":"10017471-b6e6-d58f-6b54-18bb9f93b26d","FullyQualifiedName":"TestProjectMOPS.ProductImageControllerUnitTests.DeleteProductImage_ValidProductImage_ReturnsOk","DisplayName":"DeleteProductImage_ValidProductImage_ReturnsOk","ExecutorUri":"executor://MSTestAdapter/v2","Source":"C:\\Users\\Vlad\\Desktop\\ASP\\Proiect-MOPS\\Backend\\ProiectMOPS\\TestProjectMOPS\\bin\\Debug\\net6.0\\fine-code-coverage\\build-output\\TestProjectMOPS.dll","CodeFilePath":null,"LineNumber":-1,"Properties":[{"Key":{"Id":"TestCase.ManagedType","Label":"ManagedType","Category":"","Description":"","Attributes":1,"ValueType":"System.String"},"Value":"TestProjectMOPS.ProductImageControllerUnitTests"},{"Key":{"Id":"TestCase.ManagedMethod","Label":"ManagedMethod","Category":"","Description":"","Attributes":1,"ValueType":"System.String"},"Value":"DeleteProductImage_ValidProductImage_ReturnsOk"},{"Key":{"Id":"MSTestDiscoverer.TestClassName","Label":"ClassName","Category":"","Description":"","Attributes":1,"ValueType":"System.String"},"Value":"TestProjectMOPS.ProductImageControllerUnitTests"},{"Key":{"Id":"TestCase.Hierarchy","Label":"Hierarchy","Category":"","Description":"","Attributes":2,"ValueType":"System.String[]"},"Value":["TestProjectMOPS","ProductImageControllerUnitTests"]},{"Key":{"Id":"TestObject.Traits","Label":"Traits","Category":"","Description":"","Attributes":5,"ValueType":"System.Collections.Generic.KeyValuePair`2[[System.String],[System.String]][]"},"Value":[]}]}]}}
TpTrace Verbose: 0 : 23940, 4, 2023/12/15, 00:21:49.209, 398319865074, testhost.dll, TestRunCache: OnNewTestResult: Notified the onCacheHit callback.
TpTrace Information: 0 : 23940, 4, 2023/12/15, 00:21:49.210, 398319875223, testhost.dll, MSTest - Executing test DeleteProductImage_ValidProductImage_ReturnsOk
TpTrace Information: 0 : 23940, 4, 2023/12/15, 00:21:49.212, 398319899396, testhost.dll, MSTest - Executed test DeleteProductImage_ValidProductImage_ReturnsOk
TpTrace Verbose: 0 : 23940, 4, 2023/12/15, 00:21:49.212, 398319900449, testhost.dll, TestExecutionRecorder.RecordEnd: test: TestProjectMOPS.ProductImageControllerUnitTests.DeleteProductImage_ValidProductImage_ReturnsOk execution completed.
TpTrace Warning: 0 : 23940, 4, 2023/12/15, 00:21:49.213, 398319901162, testhost.dll, TestRunCache: InProgressTests is null
TpTrace Information: 0 : 23940, 4, 2023/12/15, 00:21:49.214, 398319912894, testhost.dll, MSTest - MSTestExecutor:Test TestProjectMOPS.ProductImageControllerUnitTests.DeleteProductImage_ValidProductImage_ReturnsOk failed. ErrorMessage:Assert.IsInstanceOfType failed.  Expected type:<Microsoft.AspNetCore.Mvc.OkObjectResult>. Actual type:<Microsoft.AspNetCore.Mvc.NoContentResult>., ErrorStackTrace:   at TestProjectMOPS.ProductImageControllerUnitTests.DeleteProductImage_ValidProductImage_ReturnsOk() in C:\Users\Vlad\Desktop\ASP\Proiect-MOPS\Backend\ProiectMOPS\TestProjectMOPS\ProductImageControllerUnitTests.cs:line 105
   at Microsoft.VisualStudio.TestPlatform.MSTestAdapter.PlatformServices.ThreadOperations.ExecuteWithAbortSafety(Action action)
.
TpTrace Verbose: 0 : 23940, 4, 2023/12/15, 00:21:49.214, 398319913761, testhost.dll, TestExecutionRecorder.RecordResult: Received result for test: TestProjectMOPS.ProductImageControllerUnitTests.DeleteProductImage_ValidProductImage_ReturnsOk.
TpTrace Warning: 0 : 23940, 4, 2023/12/15, 00:21:49.214, 398319914332, testhost.dll, TestRunCache: InProgressTests is null
TpTrace Warning: 0 : 23940, 4, 2023/12/15, 00:21:49.214, 398319914813, testhost.dll, TestRunCache: No test found corresponding to testResult 'DeleteProductImage_ValidProductImage_ReturnsOk' in inProgress list.
TpTrace Verbose: 0 : 23940, 4, 2023/12/15, 00:21:49.214, 398319915450, testhost.dll, TestExecutionRecorder.RecordStart: Starting test: TestProjectMOPS.ProductImageControllerUnitTests.GetProductImage_ValidProductImage_ReturnsOk.
TpTrace Information: 0 : 23940, 4, 2023/12/15, 00:21:49.215, 398319924131, testhost.dll, MSTest - Executing test GetProductImage_ValidProductImage_ReturnsOk
TpTrace Information: 0 : 23940, 4, 2023/12/15, 00:21:49.217, 398319946105, testhost.dll, MSTest - Executed test GetProductImage_ValidProductImage_ReturnsOk
TpTrace Verbose: 0 : 23940, 4, 2023/12/15, 00:21:49.217, 398319946798, testhost.dll, TestExecutionRecorder.RecordEnd: test: TestProjectMOPS.ProductImageControllerUnitTests.GetProductImage_ValidProductImage_ReturnsOk execution completed.
TpTrace Verbose: 0 : 23940, 4, 2023/12/15, 00:21:49.218, 398319956343, testhost.dll, TestExecutionRecorder.RecordResult: Received result for test: TestProjectMOPS.ProductImageControllerUnitTests.GetProductImage_ValidProductImage_ReturnsOk.
TpTrace Warning: 0 : 23940, 4, 2023/12/15, 00:21:49.218, 398319956996, testhost.dll, TestRunCache: InProgressTests is null
TpTrace Warning: 0 : 23940, 4, 2023/12/15, 00:21:49.218, 398319957622, testhost.dll, TestRunCache: No test found corresponding to testResult 'GetProductImage_ValidProductImage_ReturnsOk' in inProgress list.
TpTrace Verbose: 0 : 23940, 4, 2023/12/15, 00:21:49.218, 398319958188, testhost.dll, TestExecutionRecorder.RecordStart: Starting test: TestProjectMOPS.ProductImageControllerUnitTests.GetProductImageById_ValidProductImage_ReturnsOk.
TpTrace Information: 0 : 23940, 4, 2023/12/15, 00:21:49.219, 398319965642, testhost.dll, MSTest - Executing test GetProductImageById_ValidProductImage_ReturnsOk
TpTrace Information: 0 : 23940, 4, 2023/12/15, 00:21:49.221, 398319987434, testhost.dll, MSTest - Executed test GetProductImageById_ValidProductImage_ReturnsOk
TpTrace Verbose: 0 : 23940, 4, 2023/12/15, 00:21:49.221, 398319988286, testhost.dll, TestExecutionRecorder.RecordEnd: test: TestProjectMOPS.ProductImageControllerUnitTests.GetProductImageById_ValidProductImage_ReturnsOk execution completed.
TpTrace Verbose: 0 : 23940, 4, 2023/12/15, 00:21:49.222, 398319998882, testhost.dll, TestExecutionRecorder.RecordResult: Received result for test: TestProjectMOPS.ProductImageControllerUnitTests.GetProductImageById_ValidProductImage_ReturnsOk.
TpTrace Warning: 0 : 23940, 4, 2023/12/15, 00:21:49.222, 398319999700, testhost.dll, TestRunCache: InProgressTests is null
TpTrace Warning: 0 : 23940, 4, 2023/12/15, 00:21:49.222, 398320000183, testhost.dll, TestRunCache: No test found corresponding to testResult 'GetProductImageById_ValidProductImage_ReturnsOk' in inProgress list.
TpTrace Verbose: 0 : 23940, 4, 2023/12/15, 00:21:49.223, 398320000766, testhost.dll, TestExecutionRecorder.RecordStart: Starting test: TestProjectMOPS.ProductImageControllerUnitTests.GetProductImagesByProductID_ValidProductImage_ReturnsOk.
TpTrace Information: 0 : 23940, 4, 2023/12/15, 00:21:49.223, 398320008976, testhost.dll, MSTest - Executing test GetProductImagesByProductID_ValidProductImage_ReturnsOk
TpTrace Information: 0 : 23940, 4, 2023/12/15, 00:21:49.226, 398320031121, testhost.dll, MSTest - Executed test GetProductImagesByProductID_ValidProductImage_ReturnsOk
TpTrace Verbose: 0 : 23940, 4, 2023/12/15, 00:21:49.226, 398320032140, testhost.dll, TestExecutionRecorder.RecordEnd: test: TestProjectMOPS.ProductImageControllerUnitTests.GetProductImagesByProductID_ValidProductImage_ReturnsOk execution completed.
TpTrace Verbose: 0 : 23940, 4, 2023/12/15, 00:21:49.227, 398320043806, testhost.dll, TestExecutionRecorder.RecordResult: Received result for test: TestProjectMOPS.ProductImageControllerUnitTests.GetProductImagesByProductID_ValidProductImage_ReturnsOk.
TpTrace Warning: 0 : 23940, 4, 2023/12/15, 00:21:49.227, 398320044503, testhost.dll, TestRunCache: InProgressTests is null
TpTrace Warning: 0 : 23940, 4, 2023/12/15, 00:21:49.227, 398320045112, testhost.dll, TestRunCache: No test found corresponding to testResult 'GetProductImagesByProductID_ValidProductImage_ReturnsOk' in inProgress list.
TpTrace Verbose: 0 : 23940, 4, 2023/12/15, 00:21:49.227, 398320045682, testhost.dll, TestExecutionRecorder.RecordStart: Starting test: TestProjectMOPS.ReviewControllerTDDUnitTests.GetReview_ValidReview_ReturnsOk.
TpTrace Information: 0 : 23940, 4, 2023/12/15, 00:21:49.228, 398320053815, testhost.dll, MSTest - Executing test GetReview_ValidReview_ReturnsOk
TpTrace Information: 0 : 23940, 4, 2023/12/15, 00:21:49.242, 398320193365, testhost.dll, MSTest - Executed test GetReview_ValidReview_ReturnsOk
TpTrace Verbose: 0 : 23940, 4, 2023/12/15, 00:21:49.242, 398320194650, testhost.dll, TestExecutionRecorder.RecordEnd: test: TestProjectMOPS.ReviewControllerTDDUnitTests.GetReview_ValidReview_ReturnsOk execution completed.
TpTrace Verbose: 0 : 23940, 4, 2023/12/15, 00:21:49.243, 398320205844, testhost.dll, TestExecutionRecorder.RecordResult: Received result for test: TestProjectMOPS.ReviewControllerTDDUnitTests.GetReview_ValidReview_ReturnsOk.
TpTrace Warning: 0 : 23940, 4, 2023/12/15, 00:21:49.243, 398320206754, testhost.dll, TestRunCache: InProgressTests is null
TpTrace Warning: 0 : 23940, 4, 2023/12/15, 00:21:49.243, 398320207157, testhost.dll, TestRunCache: No test found corresponding to testResult 'GetReview_ValidReview_ReturnsOk' in inProgress list.
TpTrace Verbose: 0 : 23940, 4, 2023/12/15, 00:21:49.243, 398320207702, testhost.dll, TestExecutionRecorder.RecordStart: Starting test: TestProjectMOPS.ReviewControllerTDDUnitTests.CreateReview_ReturnsOkResult.
TpTrace Information: 0 : 23940, 4, 2023/12/15, 00:21:49.244, 398320215853, testhost.dll, MSTest - Executing test CreateReview_ReturnsOkResult
TpTrace Information: 0 : 23940, 4, 2023/12/15, 00:21:49.256, 398320335853, testhost.dll, MSTest - Executed test CreateReview_ReturnsOkResult
TpTrace Verbose: 0 : 23940, 4, 2023/12/15, 00:21:49.256, 398320337037, testhost.dll, TestExecutionRecorder.RecordEnd: test: TestProjectMOPS.ReviewControllerTDDUnitTests.CreateReview_ReturnsOkResult execution completed.
TpTrace Verbose: 0 : 23940, 4, 2023/12/15, 00:21:49.257, 398320347873, testhost.dll, TestExecutionRecorder.RecordResult: Received result for test: TestProjectMOPS.ReviewControllerTDDUnitTests.CreateReview_ReturnsOkResult.
TpTrace Warning: 0 : 23940, 4, 2023/12/15, 00:21:49.257, 398320348514, testhost.dll, TestRunCache: InProgressTests is null
TpTrace Warning: 0 : 23940, 4, 2023/12/15, 00:21:49.257, 398320349057, testhost.dll, TestRunCache: No test found corresponding to testResult 'CreateReview_ReturnsOkResult' in inProgress list.
TpTrace Verbose: 0 : 23940, 4, 2023/12/15, 00:21:49.257, 398320349934, testhost.dll, TestExecutionRecorder.RecordStart: Starting test: TestProjectMOPS.ReviewControllerTDDUnitTests.UpdateReview_ValidReview_ReturnsOk.
TpTrace Information: 0 : 23940, 4, 2023/12/15, 00:21:49.259, 398320360717, testhost.dll, MSTest - Executing test UpdateReview_ValidReview_ReturnsOk
TpTrace Information: 0 : 23940, 4, 2023/12/15, 00:21:49.261, 398320386814, testhost.dll, MSTest - Executed test UpdateReview_ValidReview_ReturnsOk
TpTrace Verbose: 0 : 23940, 4, 2023/12/15, 00:21:49.261, 398320387825, testhost.dll, TestExecutionRecorder.RecordEnd: test: TestProjectMOPS.ReviewControllerTDDUnitTests.UpdateReview_ValidReview_ReturnsOk execution completed.
TpTrace Verbose: 0 : 23940, 4, 2023/12/15, 00:21:49.262, 398320397742, testhost.dll, TestExecutionRecorder.RecordResult: Received result for test: TestProjectMOPS.ReviewControllerTDDUnitTests.UpdateReview_ValidReview_ReturnsOk.
TpTrace Warning: 0 : 23940, 4, 2023/12/15, 00:21:49.262, 398320398530, testhost.dll, TestRunCache: InProgressTests is null
TpTrace Warning: 0 : 23940, 4, 2023/12/15, 00:21:49.262, 398320398919, testhost.dll, TestRunCache: No test found corresponding to testResult 'UpdateReview_ValidReview_ReturnsOk' in inProgress list.
TpTrace Verbose: 0 : 23940, 4, 2023/12/15, 00:21:49.262, 398320399480, testhost.dll, TestExecutionRecorder.RecordStart: Starting test: TestProjectMOPS.ReviewControllerTDDUnitTests.DeleteReview_ValidReview_ReturnsOk.
TpTrace Information: 0 : 23940, 4, 2023/12/15, 00:21:49.263, 398320407454, testhost.dll, MSTest - Executing test DeleteReview_ValidReview_ReturnsOk
TpTrace Information: 0 : 23940, 4, 2023/12/15, 00:21:49.270, 398320479890, testhost.dll, MSTest - Executed test DeleteReview_ValidReview_ReturnsOk
TpTrace Verbose: 0 : 23940, 4, 2023/12/15, 00:21:49.271, 398320481216, testhost.dll, TestExecutionRecorder.RecordEnd: test: TestProjectMOPS.ReviewControllerTDDUnitTests.DeleteReview_ValidReview_ReturnsOk execution completed.
TpTrace Verbose: 0 : 23940, 4, 2023/12/15, 00:21:49.272, 398320492099, testhost.dll, TestExecutionRecorder.RecordResult: Received result for test: TestProjectMOPS.ReviewControllerTDDUnitTests.DeleteReview_ValidReview_ReturnsOk.
TpTrace Warning: 0 : 23940, 4, 2023/12/15, 00:21:49.272, 398320492754, testhost.dll, TestRunCache: InProgressTests is null
TpTrace Warning: 0 : 23940, 4, 2023/12/15, 00:21:49.272, 398320493272, testhost.dll, TestRunCache: No test found corresponding to testResult 'DeleteReview_ValidReview_ReturnsOk' in inProgress list.
TpTrace Verbose: 0 : 23940, 4, 2023/12/15, 00:21:49.272, 398320494227, testhost.dll, TestExecutionRecorder.RecordStart: Starting test: TestProjectMOPS.ReviewControllerTDDUnitTests.GetReviewById_ValidReview_ReturnsOk.
TpTrace Information: 0 : 23940, 4, 2023/12/15, 00:21:49.273, 398320502559, testhost.dll, MSTest - Executing test GetReviewById_ValidReview_ReturnsOk
TpTrace Information: 0 : 23940, 4, 2023/12/15, 00:21:49.278, 398320553719, testhost.dll, MSTest - Executed test GetReviewById_ValidReview_ReturnsOk
TpTrace Verbose: 0 : 23940, 4, 2023/12/15, 00:21:49.278, 398320554880, testhost.dll, TestExecutionRecorder.RecordEnd: test: TestProjectMOPS.ReviewControllerTDDUnitTests.GetReviewById_ValidReview_ReturnsOk execution completed.
TpTrace Verbose: 0 : 23940, 4, 2023/12/15, 00:21:49.279, 398320565690, testhost.dll, TestExecutionRecorder.RecordResult: Received result for test: TestProjectMOPS.ReviewControllerTDDUnitTests.GetReviewById_ValidReview_ReturnsOk.
TpTrace Warning: 0 : 23940, 4, 2023/12/15, 00:21:49.279, 398320566346, testhost.dll, TestRunCache: InProgressTests is null
TpTrace Warning: 0 : 23940, 4, 2023/12/15, 00:21:49.279, 398320566861, testhost.dll, TestRunCache: No test found corresponding to testResult 'GetReviewById_ValidReview_ReturnsOk' in inProgress list.
TpTrace Verbose: 0 : 23940, 4, 2023/12/15, 00:21:49.279, 398320567385, testhost.dll, TestExecutionRecorder.RecordStart: Starting test: TestProjectMOPS.ReviewControllerTDDUnitTests.GetReviewByUserId_ValidReview_ReturnsOk.
TpTrace Information: 0 : 23940, 4, 2023/12/15, 00:21:49.279, 398320567755, testhost.dll, Sending test run statistics
TpTrace Verbose: 0 : 23940, 4, 2023/12/15, 00:21:49.280, 398320577226, testhost.dll, TestRequestHandler.SendData:  sending data from testhost: {"Version":5,"MessageType":"TestExecution.StatsChange","Payload":{"NewTestResults":[{"TestCase":{"Id":"10017471-b6e6-d58f-6b54-18bb9f93b26d","FullyQualifiedName":"TestProjectMOPS.ProductImageControllerUnitTests.DeleteProductImage_ValidProductImage_ReturnsOk","DisplayName":"DeleteProductImage_ValidProductImage_ReturnsOk","ExecutorUri":"executor://MSTestAdapter/v2","Source":"C:\\Users\\Vlad\\Desktop\\ASP\\Proiect-MOPS\\Backend\\ProiectMOPS\\TestProjectMOPS\\bin\\Debug\\net6.0\\fine-code-coverage\\build-output\\TestProjectMOPS.dll","CodeFilePath":null,"LineNumber":-1,"Properties":[{"Key":{"Id":"TestCase.ManagedType","Label":"ManagedType","Category":"","Description":"","Attributes":1,"ValueType":"System.String"},"Value":"TestProjectMOPS.ProductImageControllerUnitTests"},{"Key":{"Id":"TestCase.ManagedMethod","Label":"ManagedMethod","Category":"","Description":"","Attributes":1,"ValueType":"System.String"},"Value":"DeleteProductImage_ValidProductImage_ReturnsOk"},{"Key":{"Id":"MSTestDiscoverer.TestClassName","Label":"ClassName","Category":"","Description":"","Attributes":1,"ValueType":"System.String"},"Value":"TestProjectMOPS.ProductImageControllerUnitTests"},{"Key":{"Id":"TestCase.Hierarchy","Label":"Hierarchy","Category":"","Description":"","Attributes":2,"ValueType":"System.String[]"},"Value":["TestProjectMOPS","ProductImageControllerUnitTests"]},{"Key":{"Id":"TestObject.Traits","Label":"Traits","Category":"","Description":"","Attributes":5,"ValueType":"System.Collections.Generic.KeyValuePair`2[[System.String],[System.String]][]"},"Value":[]}]},"Attachments":[],"Outcome":2,"ErrorMessage":"Assert.IsInstanceOfType failed.  Expected type:<Microsoft.AspNetCore.Mvc.OkObjectResult>. Actual type:<Microsoft.AspNetCore.Mvc.NoContentResult>.","ErrorStackTrace":"   at TestProjectMOPS.ProductImageControllerUnitTests.DeleteProductImage_ValidProductImage_ReturnsOk() in C:\\Users\\Vlad\\Desktop\\ASP\\Proiect-MOPS\\Backend\\ProiectMOPS\\TestProjectMOPS\\ProductImageControllerUnitTests.cs:line 105\r\n   at Microsoft.VisualStudio.TestPlatform.MSTestAdapter.PlatformServices.ThreadOperations.ExecuteWithAbortSafety(Action action)\r\n","DisplayName":"DeleteProductImage_ValidProductImage_ReturnsOk","Messages":[],"ComputerName":null,"Duration":"00:00:00.0021996","StartTime":"2023-12-15T00:21:49.2104589+02:00","EndTime":"2023-12-15T00:21:49.2129805+02:00","Properties":[{"Key":{"Id":"ExecutionId","Label":"ExecutionId","Category":"","Description":"","Attributes":1,"ValueType":"System.Guid"},"Value":"00000000-0000-0000-0000-000000000000"},{"Key":{"Id":"ParentExecId","Label":"ParentExecId","Category":"","Description":"","Attributes":1,"ValueType":"System.Guid"},"Value":"00000000-0000-0000-0000-000000000000"},{"Key":{"Id":"InnerResultsCount","Label":"InnerResultsCount","Category":"","Description":"","Attributes":1,"ValueType":"System.Int32"},"Value":0}]},{"TestCase":{"Id":"50ea7fc2-bee3-68ec-523e-bf689b55884a","FullyQualifiedName":"TestProjectMOPS.ProductImageControllerUnitTests.GetProductImage_ValidProductImage_ReturnsOk","DisplayName":"GetProductImage_ValidProductImage_ReturnsOk","ExecutorUri":"executor://MSTestAdapter/v2","Source":"C:\\Users\\Vlad\\Desktop\\ASP\\Proiect-MOPS\\Backend\\ProiectMOPS\\TestProjectMOPS\\bin\\Debug\\net6.0\\fine-code-coverage\\build-output\\TestProjectMOPS.dll","CodeFilePath":null,"LineNumber":-1,"Properties":[{"Key":{"Id":"TestCase.ManagedType","Label":"ManagedType","Category":"","Description":"","Attributes":1,"ValueType":"System.String"},"Value":"TestProjectMOPS.ProductImageControllerUnitTests"},{"Key":{"Id":"TestCase.ManagedMethod","Label":"ManagedMethod","Category":"","Description":"","Attributes":1,"ValueType":"System.String"},"Value":"GetProductImage_ValidProductImage_ReturnsOk"},{"Key":{"Id":"MSTestDiscoverer.TestClassName","Label":"ClassName","Category":"","Description":"","Attributes":1,"ValueType":"System.String"},"Value":"TestProjectMOPS.ProductImageControllerUnitTests"},{"Key":{"Id":"TestCase.Hierarchy","Label":"Hierarchy","Category":"","Description":"","Attributes":2,"ValueType":"System.String[]"},"Value":["TestProjectMOPS","ProductImageControllerUnitTests"]},{"Key":{"Id":"TestObject.Traits","Label":"Traits","Category":"","Description":"","Attributes":5,"ValueType":"System.Collections.Generic.KeyValuePair`2[[System.String],[System.String]][]"},"Value":[]}]},"Attachments":[],"Outcome":1,"ErrorMessage":null,"ErrorStackTrace":null,"DisplayName":"GetProductImage_ValidProductImage_ReturnsOk","Messages":[],"ComputerName":null,"Duration":"00:00:00.0020061","StartTime":"2023-12-15T00:21:49.2153547+02:00","EndTime":"2023-12-15T00:21:49.2176179+02:00","Properties":[{"Key":{"Id":"ExecutionId","Label":"ExecutionId","Category":"","Description":"","Attributes":1,"ValueType":"System.Guid"},"Value":"00000000-0000-0000-0000-000000000000"},{"Key":{"Id":"ParentExecId","Label":"ParentExecId","Category":"","Description":"","Attributes":1,"ValueType":"System.Guid"},"Value":"00000000-0000-0000-0000-000000000000"},{"Key":{"Id":"InnerResultsCount","Label":"InnerResultsCount","Category":"","Description":"","Attributes":1,"ValueType":"System.Int32"},"Value":0}]},{"TestCase":{"Id":"33164792-0565-6ef9-ce2c-3eb4684b545a","FullyQualifiedName":"TestProjectMOPS.ProductImageControllerUnitTests.GetProductImageById_ValidProductImage_ReturnsOk","DisplayName":"GetProductImageById_ValidProductImage_ReturnsOk","ExecutorUri":"executor://MSTestAdapter/v2","Source":"C:\\Users\\Vlad\\Desktop\\ASP\\Proiect-MOPS\\Backend\\ProiectMOPS\\TestProjectMOPS\\bin\\Debug\\net6.0\\fine-code-coverage\\build-output\\TestProjectMOPS.dll","CodeFilePath":null,"LineNumber":-1,"Properties":[{"Key":{"Id":"TestCase.ManagedType","Label":"ManagedType","Category":"","Description":"","Attributes":1,"ValueType":"System.String"},"Value":"TestProjectMOPS.ProductImageControllerUnitTests"},{"Key":{"Id":"TestCase.ManagedMethod","Label":"ManagedMethod","Category":"","Description":"","Attributes":1,"ValueType":"System.String"},"Value":"GetProductImageById_ValidProductImage_ReturnsOk"},{"Key":{"Id":"MSTestDiscoverer.TestClassName","Label":"ClassName","Category":"","Description":"","Attributes":1,"ValueType":"System.String"},"Value":"TestProjectMOPS.ProductImageControllerUnitTests"},{"Key":{"Id":"TestCase.Hierarchy","Label":"Hierarchy","Category":"","Description":"","Attributes":2,"ValueType":"System.String[]"},"Value":["TestProjectMOPS","ProductImageControllerUnitTests"]},{"Key":{"Id":"TestObject.Traits","Label":"Traits","Category":"","Description":"","Attributes":5,"ValueType":"System.Collections.Generic.KeyValuePair`2[[System.String],[System.String]][]"},"Value":[]}]},"Attachments":[],"Outcome":1,"ErrorMessage":null,"ErrorStackTrace":null,"DisplayName":"GetProductImageById_ValidProductImage_ReturnsOk","Messages":[],"ComputerName":null,"Duration":"00:00:00.0020103","StartTime":"2023-12-15T00:21:49.2195007+02:00","EndTime":"2023-12-15T00:21:49.2217655+02:00","Properties":[{"Key":{"Id":"ExecutionId","Label":"ExecutionId","Category":"","Description":"","Attributes":1,"ValueType":"System.Guid"},"Value":"00000000-0000-0000-0000-000000000000"},{"Key":{"Id":"ParentExecId","Label":"ParentExecId","Category":"","Description":"","Attributes":1,"ValueType":"System.Guid"},"Value":"00000000-0000-0000-0000-000000000000"},{"Key":{"Id":"InnerResultsCount","Label":"InnerResultsCount","Category":"","Description":"","Attributes":1,"ValueType":"System.Int32"},"Value":0}]},{"TestCase":{"Id":"811a70ae-6452-176b-63d9-7e01d5e2c56b","FullyQualifiedName":"TestProjectMOPS.ProductImageControllerUnitTests.GetProductImagesByProductID_ValidProductImage_ReturnsOk","DisplayName":"GetProductImagesByProductID_ValidProductImage_ReturnsOk","ExecutorUri":"executor://MSTestAdapter/v2","Source":"C:\\Users\\Vlad\\Desktop\\ASP\\Proiect-MOPS\\Backend\\ProiectMOPS\\TestProjectMOPS\\bin\\Debug\\net6.0\\fine-code-coverage\\build-output\\TestProjectMOPS.dll","CodeFilePath":null,"LineNumber":-1,"Properties":[{"Key":{"Id":"TestCase.ManagedType","Label":"ManagedType","Category":"","Description":"","Attributes":1,"ValueType":"System.String"},"Value":"TestProjectMOPS.ProductImageControllerUnitTests"},{"Key":{"Id":"TestCase.ManagedMethod","Label":"ManagedMethod","Category":"","Description":"","Attributes":1,"ValueType":"System.String"},"Value":"GetProductImagesByProductID_ValidProductImage_ReturnsOk"},{"Key":{"Id":"MSTestDiscoverer.TestClassName","Label":"ClassName","Category":"","Description":"","Attributes":1,"ValueType":"System.String"},"Value":"TestProjectMOPS.ProductImageControllerUnitTests"},{"Key":{"Id":"TestCase.Hierarchy","Label":"Hierarchy","Category":"","Description":"","Attributes":2,"ValueType":"System.String[]"},"Value":["TestProjectMOPS","ProductImageControllerUnitTests"]},{"Key":{"Id":"TestObject.Traits","Label":"Traits","Category":"","Description":"","Attributes":5,"ValueType":"System.Collections.Generic.KeyValuePair`2[[System.String],[System.String]][]"},"Value":[]}]},"Attachments":[],"Outcome":1,"ErrorMessage":null,"ErrorStackTrace":null,"DisplayName":"GetProductImagesByProductID_ValidProductImage_ReturnsOk","Messages":[],"ComputerName":null,"Duration":"00:00:00.0020329","StartTime":"2023-12-15T00:21:49.2238403+02:00","EndTime":"2023-12-15T00:21:49.2261501+02:00","Properties":[{"Key":{"Id":"ExecutionId","Label":"ExecutionId","Category":"","Description":"","Attributes":1,"ValueType":"System.Guid"},"Value":"00000000-0000-0000-0000-000000000000"},{"Key":{"Id":"ParentExecId","Label":"ParentExecId","Category":"","Description":"","Attributes":1,"ValueType":"System.Guid"},"Value":"00000000-0000-0000-0000-000000000000"},{"Key":{"Id":"InnerResultsCount","Label":"InnerResultsCount","Category":"","Description":"","Attributes":1,"ValueType":"System.Int32"},"Value":0}]},{"TestCase":{"Id":"61c4408f-7726-30d1-19ba-599c1a981107","FullyQualifiedName":"TestProjectMOPS.ReviewControllerTDDUnitTests.GetReview_ValidReview_ReturnsOk","DisplayName":"GetReview_ValidReview_ReturnsOk","ExecutorUri":"executor://MSTestAdapter/v2","Source":"C:\\Users\\Vlad\\Desktop\\ASP\\Proiect-MOPS\\Backend\\ProiectMOPS\\TestProjectMOPS\\bin\\Debug\\net6.0\\fine-code-coverage\\build-output\\TestProjectMOPS.dll","CodeFilePath":null,"LineNumber":-1,"Properties":[{"Key":{"Id":"TestCase.ManagedType","Label":"ManagedType","Category":"","Description":"","Attributes":1,"ValueType":"System.String"},"Value":"TestProjectMOPS.ReviewControllerTDDUnitTests"},{"Key":{"Id":"TestCase.ManagedMethod","Label":"ManagedMethod","Category":"","Description":"","Attributes":1,"ValueType":"System.String"},"Value":"GetReview_ValidReview_ReturnsOk"},{"Key":{"Id":"MSTestDiscoverer.TestClassName","Label":"ClassName","Category":"","Description":"","Attributes":1,"ValueType":"System.String"},"Value":"TestProjectMOPS.ReviewControllerTDDUnitTests"},{"Key":{"Id":"TestCase.Hierarchy","Label":"Hierarchy","Category":"","Description":"","Attributes":2,"ValueType":"System.String[]"},"Value":["TestProjectMOPS","ReviewControllerTDDUnitTests"]},{"Key":{"Id":"TestObject.Traits","Label":"Traits","Category":"","Description":"","Attributes":5,"ValueType":"System.Collections.Generic.KeyValuePair`2[[System.String],[System.String]][]"},"Value":[]}]},"Attachments":[],"Outcome":1,"ErrorMessage":null,"ErrorStackTrace":null,"DisplayName":"GetReview_ValidReview_ReturnsOk","Messages":[],"ComputerName":null,"Duration":"00:00:00.0137018","StartTime":"2023-12-15T00:21:49.2283242+02:00","EndTime":"2023-12-15T00:21:49.2423952+02:00","Properties":[{"Key":{"Id":"ExecutionId","Label":"ExecutionId","Category":"","Description":"","Attributes":1,"ValueType":"System.Guid"},"Value":"00000000-0000-0000-0000-000000000000"},{"Key":{"Id":"ParentExecId","Label":"ParentExecId","Category":"","Description":"","Attributes":1,"ValueType":"System.Guid"},"Value":"00000000-0000-0000-0000-000000000000"},{"Key":{"Id":"InnerResultsCount","Label":"InnerResultsCount","Category":"","Description":"","Attributes":1,"ValueType":"System.Int32"},"Value":0}]},{"TestCase":{"Id":"73478926-922d-16ca-c39f-0eede3940232","FullyQualifiedName":"TestProjectMOPS.ReviewControllerTDDUnitTests.CreateReview_ReturnsOkResult","DisplayName":"CreateReview_ReturnsOkResult","ExecutorUri":"executor://MSTestAdapter/v2","Source":"C:\\Users\\Vlad\\Desktop\\ASP\\Proiect-MOPS\\Backend\\ProiectMOPS\\TestProjectMOPS\\bin\\Debug\\net6.0\\fine-code-coverage\\build-output\\TestProjectMOPS.dll","CodeFilePath":null,"LineNumber":-1,"Properties":[{"Key":{"Id":"TestCase.ManagedType","Label":"ManagedType","Category":"","Description":"","Attributes":1,"ValueType":"System.String"},"Value":"TestProjectMOPS.ReviewControllerTDDUnitTests"},{"Key":{"Id":"TestCase.ManagedMethod","Label":"ManagedMethod","Category":"","Description":"","Attributes":1,"ValueType":"System.String"},"Value":"CreateReview_ReturnsOkResult"},{"Key":{"Id":"MSTestDiscoverer.TestClassName","Label":"ClassName","Category":"","Description":"","Attributes":1,"ValueType":"System.String"},"Value":"TestProjectMOPS.ReviewControllerTDDUnitTests"},{"Key":{"Id":"TestCase.Hierarchy","Label":"Hierarchy","Category":"","Description":"","Attributes":2,"ValueType":"System.String[]"},"Value":["TestProjectMOPS","ReviewControllerTDDUnitTests"]},{"Key":{"Id":"TestObject.Traits","Label":"Traits","Category":"","Description":"","Attributes":5,"ValueType":"System.Collections.Generic.KeyValuePair`2[[System.String],[System.String]][]"},"Value":[]}]},"Attachments":[],"Outcome":1,"ErrorMessage":null,"ErrorStackTrace":null,"DisplayName":"CreateReview_ReturnsOkResult","Messages":[],"ComputerName":null,"Duration":"00:00:00.0117949","StartTime":"2023-12-15T00:21:49.2445149+02:00","EndTime":"2023-12-15T00:21:49.2566413+02:00","Properties":[{"Key":{"Id":"ExecutionId","Label":"ExecutionId","Category":"","Description":"","Attributes":1,"ValueType":"System.Guid"},"Value":"00000000-0000-0000-0000-000000000000"},{"Key":{"Id":"ParentExecId","Label":"ParentExecId","Category":"","Description":"","Attributes":1,"ValueType":"System.Guid"},"Value":"00000000-0000-0000-0000-000000000000"},{"Key":{"Id":"InnerResultsCount","Label":"InnerResultsCount","Category":"","Description":"","Attributes":1,"ValueType":"System.Int32"},"Value":0}]},{"TestCase":{"Id":"2fcc7468-34b6-7b94-150f-23afa6acf7df","FullyQualifiedName":"TestProjectMOPS.ReviewControllerTDDUnitTests.UpdateReview_ValidReview_ReturnsOk","DisplayName":"UpdateReview_ValidReview_ReturnsOk","ExecutorUri":"executor://MSTestAdapter/v2","Source":"C:\\Users\\Vlad\\Desktop\\ASP\\Proiect-MOPS\\Backend\\ProiectMOPS\\TestProjectMOPS\\bin\\Debug\\net6.0\\fine-code-coverage\\build-output\\TestProjectMOPS.dll","CodeFilePath":null,"LineNumber":-1,"Properties":[{"Key":{"Id":"TestCase.ManagedType","Label":"ManagedType","Category":"","Description":"","Attributes":1,"ValueType":"System.String"},"Value":"TestProjectMOPS.ReviewControllerTDDUnitTests"},{"Key":{"Id":"TestCase.ManagedMethod","Label":"ManagedMethod","Category":"","Description":"","Attributes":1,"ValueType":"System.String"},"Value":"UpdateReview_ValidReview_ReturnsOk"},{"Key":{"Id":"MSTestDiscoverer.TestClassName","Label":"ClassName","Category":"","Description":"","Attributes":1,"ValueType":"System.String"},"Value":"TestProjectMOPS.ReviewControllerTDDUnitTests"},{"Key":{"Id":"TestCase.Hierarchy","Label":"Hierarchy","Category":"","Description":"","Attributes":2,"ValueType":"System.String[]"},"Value":["TestProjectMOPS","ReviewControllerTDDUnitTests"]},{"Key":{"Id":"TestObject.Traits","Label":"Traits","Category":"","Description":"","Attributes":5,"ValueType":"System.Collections.Generic.KeyValuePair`2[[System.String],[System.String]][]"},"Value":[]}]},"Attachments":[],"Outcome":1,"ErrorMessage":null,"ErrorStackTrace":null,"DisplayName":"UpdateReview_ValidReview_ReturnsOk","Messages":[],"ComputerName":null,"Duration":"00:00:00.0024214","StartTime":"2023-12-15T00:21:49.2590126+02:00","EndTime":"2023-12-15T00:21:49.2617214+02:00","Properties":[{"Key":{"Id":"ExecutionId","Label":"ExecutionId","Category":"","Description":"","Attributes":1,"ValueType":"System.Guid"},"Value":"00000000-0000-0000-0000-000000000000"},{"Key":{"Id":"ParentExecId","Label":"ParentExecId","Category":"","Description":"","Attributes":1,"ValueType":"System.Guid"},"Value":"00000000-0000-0000-0000-000000000000"},{"Key":{"Id":"InnerResultsCount","Label":"InnerResultsCount","Category":"","Description":"","Attributes":1,"ValueType":"System.Int32"},"Value":0}]},{"TestCase":{"Id":"1d3acf97-378f-3d32-b5ba-d1c108e0bef6","FullyQualifiedName":"TestProjectMOPS.ReviewControllerTDDUnitTests.DeleteReview_ValidReview_ReturnsOk","DisplayName":"DeleteReview_ValidReview_ReturnsOk","ExecutorUri":"executor://MSTestAdapter/v2","Source":"C:\\Users\\Vlad\\Desktop\\ASP\\Proiect-MOPS\\Backend\\ProiectMOPS\\TestProjectMOPS\\bin\\Debug\\net6.0\\fine-code-coverage\\build-output\\TestProjectMOPS.dll","CodeFilePath":null,"LineNumber":-1,"Properties":[{"Key":{"Id":"TestCase.ManagedType","Label":"ManagedType","Category":"","Description":"","Attributes":1,"ValueType":"System.String"},"Value":"TestProjectMOPS.ReviewControllerTDDUnitTests"},{"Key":{"Id":"TestCase.ManagedMethod","Label":"ManagedMethod","Category":"","Description":"","Attributes":1,"ValueType":"System.String"},"Value":"DeleteReview_ValidReview_ReturnsOk"},{"Key":{"Id":"MSTestDiscoverer.TestClassName","Label":"ClassName","Category":"","Description":"","Attributes":1,"ValueType":"System.String"},"Value":"TestProjectMOPS.ReviewControllerTDDUnitTests"},{"Key":{"Id":"TestCase.Hierarchy","Label":"Hierarchy","Category":"","Description":"","Attributes":2,"ValueType":"System.String[]"},"Value":["TestProjectMOPS","ReviewControllerTDDUnitTests"]},{"Key":{"Id":"TestObject.Traits","Label":"Traits","Category":"","Description":"","Attributes":5,"ValueType":"System.Collections.Generic.KeyValuePair`2[[System.String],[System.String]][]"},"Value":[]}]},"Attachments":[],"Outcome":1,"ErrorMessage":null,"ErrorStackTrace":null,"DisplayName":"DeleteReview_ValidReview_ReturnsOk","Messages":[],"ComputerName":null,"Duration":"00:00:00.0070711","StartTime":"2023-12-15T00:21:49.2636883+02:00","EndTime":"2023-12-15T00:21:49.2710576+02:00","Properties":[{"Key":{"Id":"ExecutionId","Label":"ExecutionId","Category":"","Description":"","Attributes":1,"ValueType":"System.Guid"},"Value":"00000000-0000-0000-0000-000000000000"},{"Key":{"Id":"ParentExecId","Label":"ParentExecId","Category":"","Description":"","Attributes":1,"ValueType":"System.Guid"},"Value":"00000000-0000-0000-0000-000000000000"},{"Key":{"Id":"InnerResultsCount","Label":"InnerResultsCount","Category":"","Description":"","Attributes":1,"ValueType":"System.Int32"},"Value":0}]},{"TestCase":{"Id":"abb6164f-423b-0b3a-9670-89c61612cd1b","FullyQualifiedName":"TestProjectMOPS.ReviewControllerTDDUnitTests.GetReviewById_ValidReview_ReturnsOk","DisplayName":"GetReviewById_ValidReview_ReturnsOk","ExecutorUri":"executor://MSTestAdapter/v2","Source":"C:\\Users\\Vlad\\Desktop\\ASP\\Proiect-MOPS\\Backend\\ProiectMOPS\\TestProjectMOPS\\bin\\Debug\\net6.0\\fine-code-coverage\\build-output\\TestProjectMOPS.dll","CodeFilePath":null,"LineNumber":-1,"Properties":[{"Key":{"Id":"TestCase.ManagedType","Label":"ManagedType","Category":"","Description":"","Attributes":1,"ValueType":"System.String"},"Value":"TestProjectMOPS.ReviewControllerTDDUnitTests"},{"Key":{"Id":"TestCase.ManagedMethod","Label":"ManagedMethod","Category":"","Description":"","Attributes":1,"ValueType":"System.String"},"Value":"GetReviewById_ValidReview_ReturnsOk"},{"Key":{"Id":"MSTestDiscoverer.TestClassName","Label":"ClassName","Category":"","Description":"","Attributes":1,"ValueType":"System.String"},"Value":"TestProjectMOPS.ReviewControllerTDDUnitTests"},{"Key":{"Id":"TestCase.Hierarchy","Label":"Hierarchy","Category":"","Description":"","Attributes":2,"ValueType":"System.String[]"},"Value":["TestProjectMOPS","ReviewControllerTDDUnitTests"]},{"Key":{"Id":"TestObject.Traits","Label":"Traits","Category":"","Description":"","Attributes":5,"ValueType":"System.Collections.Generic.KeyValuePair`2[[System.String],[System.String]][]"},"Value":[]}]},"Attachments":[],"Outcome":1,"ErrorMessage":null,"ErrorStackTrace":null,"DisplayName":"GetReviewById_ValidReview_ReturnsOk","Messages":[],"ComputerName":null,"Duration":"00:00:00.0049563","StartTime":"2023-12-15T00:21:49.2731978+02:00","EndTime":"2023-12-15T00:21:49.2784263+02:00","Properties":[{"Key":{"Id":"ExecutionId","Label":"ExecutionId","Category":"","Description":"","Attributes":1,"ValueType":"System.Guid"},"Value":"00000000-0000-0000-0000-000000000000"},{"Key":{"Id":"ParentExecId","Label":"ParentExecId","Category":"","Description":"","Attributes":1,"ValueType":"System.Guid"},"Value":"00000000-0000-0000-0000-000000000000"},{"Key":{"Id":"InnerResultsCount","Label":"InnerResultsCount","Category":"","Description":"","Attributes":1,"ValueType":"System.Int32"},"Value":0}]}],"TestRunStatistics":{"ExecutedTests":27,"Stats":{"Passed":25,"Failed":2}},"ActiveTests":[{"Id":"4a49ea30-bc46-6d48-2079-8932d7a75b9a","FullyQualifiedName":"TestProjectMOPS.ReviewControllerTDDUnitTests.GetReviewByUserId_ValidReview_ReturnsOk","DisplayName":"GetReviewByUserId_ValidReview_ReturnsOk","ExecutorUri":"executor://MSTestAdapter/v2","Source":"C:\\Users\\Vlad\\Desktop\\ASP\\Proiect-MOPS\\Backend\\ProiectMOPS\\TestProjectMOPS\\bin\\Debug\\net6.0\\fine-code-coverage\\build-output\\TestProjectMOPS.dll","CodeFilePath":null,"LineNumber":-1,"Properties":[{"Key":{"Id":"TestCase.ManagedType","Label":"ManagedType","Category":"","Description":"","Attributes":1,"ValueType":"System.String"},"Value":"TestProjectMOPS.ReviewControllerTDDUnitTests"},{"Key":{"Id":"TestCase.ManagedMethod","Label":"ManagedMethod","Category":"","Description":"","Attributes":1,"ValueType":"System.String"},"Value":"GetReviewByUserId_ValidReview_ReturnsOk"},{"Key":{"Id":"MSTestDiscoverer.TestClassName","Label":"ClassName","Category":"","Description":"","Attributes":1,"ValueType":"System.String"},"Value":"TestProjectMOPS.ReviewControllerTDDUnitTests"},{"Key":{"Id":"TestCase.Hierarchy","Label":"Hierarchy","Category":"","Description":"","Attributes":2,"ValueType":"System.String[]"},"Value":["TestProjectMOPS","ReviewControllerTDDUnitTests"]},{"Key":{"Id":"TestObject.Traits","Label":"Traits","Category":"","Description":"","Attributes":5,"ValueType":"System.Collections.Generic.KeyValuePair`2[[System.String],[System.String]][]"},"Value":[]}]}]}}
TpTrace Verbose: 0 : 23940, 4, 2023/12/15, 00:21:49.281, 398320581508, testhost.dll, TestRunCache: OnNewTestResult: Notified the onCacheHit callback.
TpTrace Information: 0 : 23940, 4, 2023/12/15, 00:21:49.281, 398320590468, testhost.dll, MSTest - Executing test GetReviewByUserId_ValidReview_ReturnsOk
TpTrace Information: 0 : 23940, 4, 2023/12/15, 00:21:49.287, 398320644143, testhost.dll, MSTest - Executed test GetReviewByUserId_ValidReview_ReturnsOk
TpTrace Verbose: 0 : 23940, 4, 2023/12/15, 00:21:49.287, 398320645158, testhost.dll, TestExecutionRecorder.RecordEnd: test: TestProjectMOPS.ReviewControllerTDDUnitTests.GetReviewByUserId_ValidReview_ReturnsOk execution completed.
TpTrace Warning: 0 : 23940, 4, 2023/12/15, 00:21:49.287, 398320645550, testhost.dll, TestRunCache: InProgressTests is null
TpTrace Verbose: 0 : 23940, 4, 2023/12/15, 00:21:49.288, 398320657535, testhost.dll, TestExecutionRecorder.RecordResult: Received result for test: TestProjectMOPS.ReviewControllerTDDUnitTests.GetReviewByUserId_ValidReview_ReturnsOk.
TpTrace Warning: 0 : 23940, 4, 2023/12/15, 00:21:49.288, 398320658476, testhost.dll, TestRunCache: InProgressTests is null
TpTrace Warning: 0 : 23940, 4, 2023/12/15, 00:21:49.288, 398320658880, testhost.dll, TestRunCache: No test found corresponding to testResult 'GetReviewByUserId_ValidReview_ReturnsOk' in inProgress list.
TpTrace Verbose: 0 : 23940, 4, 2023/12/15, 00:21:49.288, 398320659432, testhost.dll, TestExecutionRecorder.RecordStart: Starting test: TestProjectMOPS.ReviewControllerUnitTests.CreateReview_ReturnsOkResult.
TpTrace Information: 0 : 23940, 4, 2023/12/15, 00:21:49.289, 398320667627, testhost.dll, MSTest - Executing test CreateReview_ReturnsOkResult
TpTrace Information: 0 : 23940, 4, 2023/12/15, 00:21:49.295, 398320730666, testhost.dll, MSTest - Executed test CreateReview_ReturnsOkResult
TpTrace Verbose: 0 : 23940, 4, 2023/12/15, 00:21:49.296, 398320731740, testhost.dll, TestExecutionRecorder.RecordEnd: test: TestProjectMOPS.ReviewControllerUnitTests.CreateReview_ReturnsOkResult execution completed.
TpTrace Verbose: 0 : 23940, 4, 2023/12/15, 00:21:49.297, 398320743418, testhost.dll, TestExecutionRecorder.RecordResult: Received result for test: TestProjectMOPS.ReviewControllerUnitTests.CreateReview_ReturnsOkResult.
TpTrace Warning: 0 : 23940, 4, 2023/12/15, 00:21:49.297, 398320744356, testhost.dll, TestRunCache: InProgressTests is null
TpTrace Warning: 0 : 23940, 4, 2023/12/15, 00:21:49.297, 398320744738, testhost.dll, TestRunCache: No test found corresponding to testResult 'CreateReview_ReturnsOkResult' in inProgress list.
TpTrace Verbose: 0 : 23940, 4, 2023/12/15, 00:21:49.297, 398320745279, testhost.dll, TestExecutionRecorder.RecordStart: Starting test: TestProjectMOPS.ReviewControllerUnitTests.UpdateReview_ValidReview_ReturnsOk.
TpTrace Information: 0 : 23940, 4, 2023/12/15, 00:21:49.298, 398320755325, testhost.dll, MSTest - Executing test UpdateReview_ValidReview_ReturnsOk
TpTrace Information: 0 : 23940, 4, 2023/12/15, 00:21:49.300, 398320775010, testhost.dll, MSTest - Executed test UpdateReview_ValidReview_ReturnsOk
TpTrace Verbose: 0 : 23940, 4, 2023/12/15, 00:21:49.300, 398320775655, testhost.dll, TestExecutionRecorder.RecordEnd: test: TestProjectMOPS.ReviewControllerUnitTests.UpdateReview_ValidReview_ReturnsOk execution completed.
TpTrace Verbose: 0 : 23940, 4, 2023/12/15, 00:21:49.301, 398320785968, testhost.dll, TestExecutionRecorder.RecordResult: Received result for test: TestProjectMOPS.ReviewControllerUnitTests.UpdateReview_ValidReview_ReturnsOk.
TpTrace Warning: 0 : 23940, 4, 2023/12/15, 00:21:49.301, 398320786631, testhost.dll, TestRunCache: InProgressTests is null
TpTrace Warning: 0 : 23940, 4, 2023/12/15, 00:21:49.301, 398320787148, testhost.dll, TestRunCache: No test found corresponding to testResult 'UpdateReview_ValidReview_ReturnsOk' in inProgress list.
TpTrace Verbose: 0 : 23940, 4, 2023/12/15, 00:21:49.301, 398320787677, testhost.dll, TestExecutionRecorder.RecordStart: Starting test: TestProjectMOPS.ReviewControllerUnitTests.DeleteReview_ValidReview_ReturnsOk.
TpTrace Information: 0 : 23940, 4, 2023/12/15, 00:21:49.302, 398320795807, testhost.dll, MSTest - Executing test DeleteReview_ValidReview_ReturnsOk
TpTrace Information: 0 : 23940, 4, 2023/12/15, 00:21:49.304, 398320815546, testhost.dll, MSTest - Executed test DeleteReview_ValidReview_ReturnsOk
TpTrace Verbose: 0 : 23940, 4, 2023/12/15, 00:21:49.304, 398320816175, testhost.dll, TestExecutionRecorder.RecordEnd: test: TestProjectMOPS.ReviewControllerUnitTests.DeleteReview_ValidReview_ReturnsOk execution completed.
TpTrace Information: 0 : 23940, 4, 2023/12/15, 00:21:49.305, 398320825800, testhost.dll, MSTest - MSTestExecutor:Test TestProjectMOPS.ReviewControllerUnitTests.DeleteReview_ValidReview_ReturnsOk failed. ErrorMessage:Assert.IsInstanceOfType failed.  Expected type:<Microsoft.AspNetCore.Mvc.OkObjectResult>. Actual type:<Microsoft.AspNetCore.Mvc.NoContentResult>., ErrorStackTrace:   at TestProjectMOPS.ReviewControllerUnitTests.DeleteReview_ValidReview_ReturnsOk() in C:\Users\Vlad\Desktop\ASP\Proiect-MOPS\Backend\ProiectMOPS\TestProjectMOPS\ReviewControllerUnitTests.cs:line 130
   at Microsoft.VisualStudio.TestPlatform.MSTestAdapter.PlatformServices.ThreadOperations.ExecuteWithAbortSafety(Action action)
.
TpTrace Verbose: 0 : 23940, 4, 2023/12/15, 00:21:49.305, 398320826709, testhost.dll, TestExecutionRecorder.RecordResult: Received result for test: TestProjectMOPS.ReviewControllerUnitTests.DeleteReview_ValidReview_ReturnsOk.
TpTrace Warning: 0 : 23940, 4, 2023/12/15, 00:21:49.305, 398320827173, testhost.dll, TestRunCache: InProgressTests is null
TpTrace Warning: 0 : 23940, 4, 2023/12/15, 00:21:49.305, 398320827662, testhost.dll, TestRunCache: No test found corresponding to testResult 'DeleteReview_ValidReview_ReturnsOk' in inProgress list.
TpTrace Verbose: 0 : 23940, 4, 2023/12/15, 00:21:49.305, 398320828170, testhost.dll, TestExecutionRecorder.RecordStart: Starting test: TestProjectMOPS.ReviewControllerUnitTests.GetReview_ValidReview_ReturnsOk.
TpTrace Information: 0 : 23940, 4, 2023/12/15, 00:21:49.306, 398320836222, testhost.dll, MSTest - Executing test GetReview_ValidReview_ReturnsOk
TpTrace Information: 0 : 23940, 4, 2023/12/15, 00:21:49.308, 398320856456, testhost.dll, MSTest - Executed test GetReview_ValidReview_ReturnsOk
TpTrace Verbose: 0 : 23940, 4, 2023/12/15, 00:21:49.308, 398320857163, testhost.dll, TestExecutionRecorder.RecordEnd: test: TestProjectMOPS.ReviewControllerUnitTests.GetReview_ValidReview_ReturnsOk execution completed.
TpTrace Verbose: 0 : 23940, 4, 2023/12/15, 00:21:49.311, 398320886593, testhost.dll, TestExecutionRecorder.RecordResult: Received result for test: TestProjectMOPS.ReviewControllerUnitTests.GetReview_ValidReview_ReturnsOk.
TpTrace Warning: 0 : 23940, 4, 2023/12/15, 00:21:49.311, 398320887465, testhost.dll, TestRunCache: InProgressTests is null
TpTrace Warning: 0 : 23940, 4, 2023/12/15, 00:21:49.311, 398320887859, testhost.dll, TestRunCache: No test found corresponding to testResult 'GetReview_ValidReview_ReturnsOk' in inProgress list.
TpTrace Verbose: 0 : 23940, 4, 2023/12/15, 00:21:49.311, 398320888417, testhost.dll, TestExecutionRecorder.RecordStart: Starting test: TestProjectMOPS.ReviewControllerUnitTests.GetReviewById_ValidReview_ReturnsOk.
TpTrace Information: 0 : 23940, 4, 2023/12/15, 00:21:49.312, 398320896144, testhost.dll, MSTest - Executing test GetReviewById_ValidReview_ReturnsOk
TpTrace Information: 0 : 23940, 4, 2023/12/15, 00:21:49.314, 398320917932, testhost.dll, MSTest - Executed test GetReviewById_ValidReview_ReturnsOk
TpTrace Verbose: 0 : 23940, 4, 2023/12/15, 00:21:49.314, 398320919177, testhost.dll, TestExecutionRecorder.RecordEnd: test: TestProjectMOPS.ReviewControllerUnitTests.GetReviewById_ValidReview_ReturnsOk execution completed.
TpTrace Verbose: 0 : 23940, 4, 2023/12/15, 00:21:49.316, 398320932739, testhost.dll, TestExecutionRecorder.RecordResult: Received result for test: TestProjectMOPS.ReviewControllerUnitTests.GetReviewById_ValidReview_ReturnsOk.
TpTrace Warning: 0 : 23940, 4, 2023/12/15, 00:21:49.316, 398320933469, testhost.dll, TestRunCache: InProgressTests is null
TpTrace Warning: 0 : 23940, 4, 2023/12/15, 00:21:49.316, 398320933998, testhost.dll, TestRunCache: No test found corresponding to testResult 'GetReviewById_ValidReview_ReturnsOk' in inProgress list.
TpTrace Verbose: 0 : 23940, 4, 2023/12/15, 00:21:49.316, 398320935087, testhost.dll, TestExecutionRecorder.RecordStart: Starting test: TestProjectMOPS.ReviewControllerUnitTests.GetReviewByUserId_ValidReview_ReturnsOk.
TpTrace Information: 0 : 23940, 4, 2023/12/15, 00:21:49.317, 398320944348, testhost.dll, MSTest - Executing test GetReviewByUserId_ValidReview_ReturnsOk
TpTrace Information: 0 : 23940, 4, 2023/12/15, 00:21:49.319, 398320964129, testhost.dll, MSTest - Executed test GetReviewByUserId_ValidReview_ReturnsOk
TpTrace Verbose: 0 : 23940, 4, 2023/12/15, 00:21:49.319, 398320964788, testhost.dll, TestExecutionRecorder.RecordEnd: test: TestProjectMOPS.ReviewControllerUnitTests.GetReviewByUserId_ValidReview_ReturnsOk execution completed.
TpTrace Verbose: 0 : 23940, 4, 2023/12/15, 00:21:49.320, 398320973700, testhost.dll, TestExecutionRecorder.RecordResult: Received result for test: TestProjectMOPS.ReviewControllerUnitTests.GetReviewByUserId_ValidReview_ReturnsOk.
TpTrace Warning: 0 : 23940, 4, 2023/12/15, 00:21:49.320, 398320974625, testhost.dll, TestRunCache: InProgressTests is null
TpTrace Warning: 0 : 23940, 4, 2023/12/15, 00:21:49.320, 398320975601, testhost.dll, TestRunCache: No test found corresponding to testResult 'GetReviewByUserId_ValidReview_ReturnsOk' in inProgress list.
TpTrace Verbose: 0 : 23940, 4, 2023/12/15, 00:21:49.320, 398320976432, testhost.dll, TestExecutionRecorder.RecordStart: Starting test: TestProjectMOPS.UserControllerUnitTests.Login_ValidCredentials_ReturnsOkResult.
TpTrace Information: 0 : 23940, 4, 2023/12/15, 00:21:49.321, 398320984359, testhost.dll, MSTest - Executing test Login_ValidCredentials_ReturnsOkResult
TpTrace Information: 0 : 23940, 4, 2023/12/15, 00:21:49.493, 398322708148, testhost.dll, MSTest - Executed test Login_ValidCredentials_ReturnsOkResult
TpTrace Verbose: 0 : 23940, 4, 2023/12/15, 00:21:49.493, 398322709887, testhost.dll, TestExecutionRecorder.RecordEnd: test: TestProjectMOPS.UserControllerUnitTests.Login_ValidCredentials_ReturnsOkResult execution completed.
TpTrace Verbose: 0 : 23940, 4, 2023/12/15, 00:21:49.495, 398322722542, testhost.dll, TestExecutionRecorder.RecordResult: Received result for test: TestProjectMOPS.UserControllerUnitTests.Login_ValidCredentials_ReturnsOkResult.
TpTrace Warning: 0 : 23940, 4, 2023/12/15, 00:21:49.495, 398322723454, testhost.dll, TestRunCache: InProgressTests is null
TpTrace Warning: 0 : 23940, 4, 2023/12/15, 00:21:49.495, 398322723861, testhost.dll, TestRunCache: No test found corresponding to testResult 'Login_ValidCredentials_ReturnsOkResult' in inProgress list.
TpTrace Verbose: 0 : 23940, 4, 2023/12/15, 00:21:49.495, 398322724449, testhost.dll, TestExecutionRecorder.RecordStart: Starting test: TestProjectMOPS.UserControllerUnitTests.Login_InvalidCredentials_ReturnsUnauthorizedResult.
TpTrace Information: 0 : 23940, 4, 2023/12/15, 00:21:49.496, 398322732507, testhost.dll, MSTest - Executing test Login_InvalidCredentials_ReturnsUnauthorizedResult
TpTrace Information: 0 : 23940, 4, 2023/12/15, 00:21:49.498, 398322756342, testhost.dll, MSTest - Executed test Login_InvalidCredentials_ReturnsUnauthorizedResult
TpTrace Verbose: 0 : 23940, 4, 2023/12/15, 00:21:49.498, 398322757143, testhost.dll, TestExecutionRecorder.RecordEnd: test: TestProjectMOPS.UserControllerUnitTests.Login_InvalidCredentials_ReturnsUnauthorizedResult execution completed.
TpTrace Verbose: 0 : 23940, 4, 2023/12/15, 00:21:49.499, 398322765998, testhost.dll, TestExecutionRecorder.RecordResult: Received result for test: TestProjectMOPS.UserControllerUnitTests.Login_InvalidCredentials_ReturnsUnauthorizedResult.
TpTrace Warning: 0 : 23940, 4, 2023/12/15, 00:21:49.499, 398322766714, testhost.dll, TestRunCache: InProgressTests is null
TpTrace Warning: 0 : 23940, 4, 2023/12/15, 00:21:49.499, 398322767258, testhost.dll, TestRunCache: No test found corresponding to testResult 'Login_InvalidCredentials_ReturnsUnauthorizedResult' in inProgress list.
TpTrace Verbose: 0 : 23940, 4, 2023/12/15, 00:21:49.499, 398322767817, testhost.dll, TestExecutionRecorder.RecordStart: Starting test: TestProjectMOPS.UserControllerUnitTests.Register_ValidInput_ReturnsOkResult.
TpTrace Information: 0 : 23940, 4, 2023/12/15, 00:21:49.499, 398322768252, testhost.dll, Sending test run statistics
TpTrace Verbose: 0 : 23940, 4, 2023/12/15, 00:21:49.500, 398322778059, testhost.dll, TestRequestHandler.SendData:  sending data from testhost: {"Version":5,"MessageType":"TestExecution.StatsChange","Payload":{"NewTestResults":[{"TestCase":{"Id":"4a49ea30-bc46-6d48-2079-8932d7a75b9a","FullyQualifiedName":"TestProjectMOPS.ReviewControllerTDDUnitTests.GetReviewByUserId_ValidReview_ReturnsOk","DisplayName":"GetReviewByUserId_ValidReview_ReturnsOk","ExecutorUri":"executor://MSTestAdapter/v2","Source":"C:\\Users\\Vlad\\Desktop\\ASP\\Proiect-MOPS\\Backend\\ProiectMOPS\\TestProjectMOPS\\bin\\Debug\\net6.0\\fine-code-coverage\\build-output\\TestProjectMOPS.dll","CodeFilePath":null,"LineNumber":-1,"Properties":[{"Key":{"Id":"TestCase.ManagedType","Label":"ManagedType","Category":"","Description":"","Attributes":1,"ValueType":"System.String"},"Value":"TestProjectMOPS.ReviewControllerTDDUnitTests"},{"Key":{"Id":"TestCase.ManagedMethod","Label":"ManagedMethod","Category":"","Description":"","Attributes":1,"ValueType":"System.String"},"Value":"GetReviewByUserId_ValidReview_ReturnsOk"},{"Key":{"Id":"MSTestDiscoverer.TestClassName","Label":"ClassName","Category":"","Description":"","Attributes":1,"ValueType":"System.String"},"Value":"TestProjectMOPS.ReviewControllerTDDUnitTests"},{"Key":{"Id":"TestCase.Hierarchy","Label":"Hierarchy","Category":"","Description":"","Attributes":2,"ValueType":"System.String[]"},"Value":["TestProjectMOPS","ReviewControllerTDDUnitTests"]},{"Key":{"Id":"TestObject.Traits","Label":"Traits","Category":"","Description":"","Attributes":5,"ValueType":"System.Collections.Generic.KeyValuePair`2[[System.String],[System.String]][]"},"Value":[]}]},"Attachments":[],"Outcome":1,"ErrorMessage":null,"ErrorStackTrace":null,"DisplayName":"GetReviewByUserId_ValidReview_ReturnsOk","Messages":[],"ComputerName":null,"Duration":"00:00:00.0051918","StartTime":"2023-12-15T00:21:49.281988+02:00","EndTime":"2023-12-15T00:21:49.2874531+02:00","Properties":[{"Key":{"Id":"ExecutionId","Label":"ExecutionId","Category":"","Description":"","Attributes":1,"ValueType":"System.Guid"},"Value":"00000000-0000-0000-0000-000000000000"},{"Key":{"Id":"ParentExecId","Label":"ParentExecId","Category":"","Description":"","Attributes":1,"ValueType":"System.Guid"},"Value":"00000000-0000-0000-0000-000000000000"},{"Key":{"Id":"InnerResultsCount","Label":"InnerResultsCount","Category":"","Description":"","Attributes":1,"ValueType":"System.Int32"},"Value":0}]},{"TestCase":{"Id":"8a97a4e1-608c-5319-8965-238eec94a3f5","FullyQualifiedName":"TestProjectMOPS.ReviewControllerUnitTests.CreateReview_ReturnsOkResult","DisplayName":"CreateReview_ReturnsOkResult","ExecutorUri":"executor://MSTestAdapter/v2","Source":"C:\\Users\\Vlad\\Desktop\\ASP\\Proiect-MOPS\\Backend\\ProiectMOPS\\TestProjectMOPS\\bin\\Debug\\net6.0\\fine-code-coverage\\build-output\\TestProjectMOPS.dll","CodeFilePath":null,"LineNumber":-1,"Properties":[{"Key":{"Id":"TestCase.ManagedType","Label":"ManagedType","Category":"","Description":"","Attributes":1,"ValueType":"System.String"},"Value":"TestProjectMOPS.ReviewControllerUnitTests"},{"Key":{"Id":"TestCase.ManagedMethod","Label":"ManagedMethod","Category":"","Description":"","Attributes":1,"ValueType":"System.String"},"Value":"CreateReview_ReturnsOkResult"},{"Key":{"Id":"MSTestDiscoverer.TestClassName","Label":"ClassName","Category":"","Description":"","Attributes":1,"ValueType":"System.String"},"Value":"TestProjectMOPS.ReviewControllerUnitTests"},{"Key":{"Id":"TestCase.Hierarchy","Label":"Hierarchy","Category":"","Description":"","Attributes":2,"ValueType":"System.String[]"},"Value":["TestProjectMOPS","ReviewControllerUnitTests"]},{"Key":{"Id":"TestObject.Traits","Label":"Traits","Category":"","Description":"","Attributes":5,"ValueType":"System.Collections.Generic.KeyValuePair`2[[System.String],[System.String]][]"},"Value":[]}]},"Attachments":[],"Outcome":1,"ErrorMessage":null,"ErrorStackTrace":null,"DisplayName":"CreateReview_ReturnsOkResult","Messages":[],"ComputerName":null,"Duration":"00:00:00.0060530","StartTime":"2023-12-15T00:21:49.289691+02:00","EndTime":"2023-12-15T00:21:49.2961114+02:00","Properties":[{"Key":{"Id":"ExecutionId","Label":"ExecutionId","Category":"","Description":"","Attributes":1,"ValueType":"System.Guid"},"Value":"00000000-0000-0000-0000-000000000000"},{"Key":{"Id":"ParentExecId","Label":"ParentExecId","Category":"","Description":"","Attributes":1,"ValueType":"System.Guid"},"Value":"00000000-0000-0000-0000-000000000000"},{"Key":{"Id":"InnerResultsCount","Label":"InnerResultsCount","Category":"","Description":"","Attributes":1,"ValueType":"System.Int32"},"Value":0}]},{"TestCase":{"Id":"89588786-84e9-f438-bb69-ee95b8659a8f","FullyQualifiedName":"TestProjectMOPS.ReviewControllerUnitTests.UpdateReview_ValidReview_ReturnsOk","DisplayName":"UpdateReview_ValidReview_ReturnsOk","ExecutorUri":"executor://MSTestAdapter/v2","Source":"C:\\Users\\Vlad\\Desktop\\ASP\\Proiect-MOPS\\Backend\\ProiectMOPS\\TestProjectMOPS\\bin\\Debug\\net6.0\\fine-code-coverage\\build-output\\TestProjectMOPS.dll","CodeFilePath":null,"LineNumber":-1,"Properties":[{"Key":{"Id":"TestCase.ManagedType","Label":"ManagedType","Category":"","Description":"","Attributes":1,"ValueType":"System.String"},"Value":"TestProjectMOPS.ReviewControllerUnitTests"},{"Key":{"Id":"TestCase.ManagedMethod","Label":"ManagedMethod","Category":"","Description":"","Attributes":1,"ValueType":"System.String"},"Value":"UpdateReview_ValidReview_ReturnsOk"},{"Key":{"Id":"MSTestDiscoverer.TestClassName","Label":"ClassName","Category":"","Description":"","Attributes":1,"ValueType":"System.String"},"Value":"TestProjectMOPS.ReviewControllerUnitTests"},{"Key":{"Id":"TestCase.Hierarchy","Label":"Hierarchy","Category":"","Description":"","Attributes":2,"ValueType":"System.String[]"},"Value":["TestProjectMOPS","ReviewControllerUnitTests"]},{"Key":{"Id":"TestObject.Traits","Label":"Traits","Category":"","Description":"","Attributes":5,"ValueType":"System.Collections.Generic.KeyValuePair`2[[System.String],[System.String]][]"},"Value":[]}]},"Attachments":[],"Outcome":1,"ErrorMessage":null,"ErrorStackTrace":null,"DisplayName":"UpdateReview_ValidReview_ReturnsOk","Messages":[],"ComputerName":null,"Duration":"00:00:00.0018034","StartTime":"2023-12-15T00:21:49.2984598+02:00","EndTime":"2023-12-15T00:21:49.3005045+02:00","Properties":[{"Key":{"Id":"ExecutionId","Label":"ExecutionId","Category":"","Description":"","Attributes":1,"ValueType":"System.Guid"},"Value":"00000000-0000-0000-0000-000000000000"},{"Key":{"Id":"ParentExecId","Label":"ParentExecId","Category":"","Description":"","Attributes":1,"ValueType":"System.Guid"},"Value":"00000000-0000-0000-0000-000000000000"},{"Key":{"Id":"InnerResultsCount","Label":"InnerResultsCount","Category":"","Description":"","Attributes":1,"ValueType":"System.Int32"},"Value":0}]},{"TestCase":{"Id":"c4db69ad-3425-7e80-9229-2e2a59a32651","FullyQualifiedName":"TestProjectMOPS.ReviewControllerUnitTests.DeleteReview_ValidReview_ReturnsOk","DisplayName":"DeleteReview_ValidReview_ReturnsOk","ExecutorUri":"executor://MSTestAdapter/v2","Source":"C:\\Users\\Vlad\\Desktop\\ASP\\Proiect-MOPS\\Backend\\ProiectMOPS\\TestProjectMOPS\\bin\\Debug\\net6.0\\fine-code-coverage\\build-output\\TestProjectMOPS.dll","CodeFilePath":null,"LineNumber":-1,"Properties":[{"Key":{"Id":"TestCase.ManagedType","Label":"ManagedType","Category":"","Description":"","Attributes":1,"ValueType":"System.String"},"Value":"TestProjectMOPS.ReviewControllerUnitTests"},{"Key":{"Id":"TestCase.ManagedMethod","Label":"ManagedMethod","Category":"","Description":"","Attributes":1,"ValueType":"System.String"},"Value":"DeleteReview_ValidReview_ReturnsOk"},{"Key":{"Id":"MSTestDiscoverer.TestClassName","Label":"ClassName","Category":"","Description":"","Attributes":1,"ValueType":"System.String"},"Value":"TestProjectMOPS.ReviewControllerUnitTests"},{"Key":{"Id":"TestCase.Hierarchy","Label":"Hierarchy","Category":"","Description":"","Attributes":2,"ValueType":"System.String[]"},"Value":["TestProjectMOPS","ReviewControllerUnitTests"]},{"Key":{"Id":"TestObject.Traits","Label":"Traits","Category":"","Description":"","Attributes":5,"ValueType":"System.Collections.Generic.KeyValuePair`2[[System.String],[System.String]][]"},"Value":[]}]},"Attachments":[],"Outcome":2,"ErrorMessage":"Assert.IsInstanceOfType failed.  Expected type:<Microsoft.AspNetCore.Mvc.OkObjectResult>. Actual type:<Microsoft.AspNetCore.Mvc.NoContentResult>.","ErrorStackTrace":"   at TestProjectMOPS.ReviewControllerUnitTests.DeleteReview_ValidReview_ReturnsOk() in C:\\Users\\Vlad\\Desktop\\ASP\\Proiect-MOPS\\Backend\\ProiectMOPS\\TestProjectMOPS\\ReviewControllerUnitTests.cs:line 130\r\n   at Microsoft.VisualStudio.TestPlatform.MSTestAdapter.PlatformServices.ThreadOperations.ExecuteWithAbortSafety(Action action)\r\n","DisplayName":"DeleteReview_ValidReview_ReturnsOk","Messages":[],"ComputerName":null,"Duration":"00:00:00.0018159","StartTime":"2023-12-15T00:21:49.3025225+02:00","EndTime":"2023-12-15T00:21:49.3045574+02:00","Properties":[{"Key":{"Id":"ExecutionId","Label":"ExecutionId","Category":"","Description":"","Attributes":1,"ValueType":"System.Guid"},"Value":"00000000-0000-0000-0000-000000000000"},{"Key":{"Id":"ParentExecId","Label":"ParentExecId","Category":"","Description":"","Attributes":1,"ValueType":"System.Guid"},"Value":"00000000-0000-0000-0000-000000000000"},{"Key":{"Id":"InnerResultsCount","Label":"InnerResultsCount","Category":"","Description":"","Attributes":1,"ValueType":"System.Int32"},"Value":0}]},{"TestCase":{"Id":"4e8536ee-dcd1-64f4-0dd6-6c4466e29578","FullyQualifiedName":"TestProjectMOPS.ReviewControllerUnitTests.GetReview_ValidReview_ReturnsOk","DisplayName":"GetReview_ValidReview_ReturnsOk","ExecutorUri":"executor://MSTestAdapter/v2","Source":"C:\\Users\\Vlad\\Desktop\\ASP\\Proiect-MOPS\\Backend\\ProiectMOPS\\TestProjectMOPS\\bin\\Debug\\net6.0\\fine-code-coverage\\build-output\\TestProjectMOPS.dll","CodeFilePath":null,"LineNumber":-1,"Properties":[{"Key":{"Id":"TestCase.ManagedType","Label":"ManagedType","Category":"","Description":"","Attributes":1,"ValueType":"System.String"},"Value":"TestProjectMOPS.ReviewControllerUnitTests"},{"Key":{"Id":"TestCase.ManagedMethod","Label":"ManagedMethod","Category":"","Description":"","Attributes":1,"ValueType":"System.String"},"Value":"GetReview_ValidReview_ReturnsOk"},{"Key":{"Id":"MSTestDiscoverer.TestClassName","Label":"ClassName","Category":"","Description":"","Attributes":1,"ValueType":"System.String"},"Value":"TestProjectMOPS.ReviewControllerUnitTests"},{"Key":{"Id":"TestCase.Hierarchy","Label":"Hierarchy","Category":"","Description":"","Attributes":2,"ValueType":"System.String[]"},"Value":["TestProjectMOPS","ReviewControllerUnitTests"]},{"Key":{"Id":"TestObject.Traits","Label":"Traits","Category":"","Description":"","Attributes":5,"ValueType":"System.Collections.Generic.KeyValuePair`2[[System.String],[System.String]][]"},"Value":[]}]},"Attachments":[],"Outcome":1,"ErrorMessage":null,"ErrorStackTrace":null,"DisplayName":"GetReview_ValidReview_ReturnsOk","Messages":[],"ComputerName":null,"Duration":"00:00:00.0018677","StartTime":"2023-12-15T00:21:49.3065651+02:00","EndTime":"2023-12-15T00:21:49.3086551+02:00","Properties":[{"Key":{"Id":"ExecutionId","Label":"ExecutionId","Category":"","Description":"","Attributes":1,"ValueType":"System.Guid"},"Value":"00000000-0000-0000-0000-000000000000"},{"Key":{"Id":"ParentExecId","Label":"ParentExecId","Category":"","Description":"","Attributes":1,"ValueType":"System.Guid"},"Value":"00000000-0000-0000-0000-000000000000"},{"Key":{"Id":"InnerResultsCount","Label":"InnerResultsCount","Category":"","Description":"","Attributes":1,"ValueType":"System.Int32"},"Value":0}]},{"TestCase":{"Id":"9acdc60c-2741-8ada-82b3-655cceadb729","FullyQualifiedName":"TestProjectMOPS.ReviewControllerUnitTests.GetReviewById_ValidReview_ReturnsOk","DisplayName":"GetReviewById_ValidReview_ReturnsOk","ExecutorUri":"executor://MSTestAdapter/v2","Source":"C:\\Users\\Vlad\\Desktop\\ASP\\Proiect-MOPS\\Backend\\ProiectMOPS\\TestProjectMOPS\\bin\\Debug\\net6.0\\fine-code-coverage\\build-output\\TestProjectMOPS.dll","CodeFilePath":null,"LineNumber":-1,"Properties":[{"Key":{"Id":"TestCase.ManagedType","Label":"ManagedType","Category":"","Description":"","Attributes":1,"ValueType":"System.String"},"Value":"TestProjectMOPS.ReviewControllerUnitTests"},{"Key":{"Id":"TestCase.ManagedMethod","Label":"ManagedMethod","Category":"","Description":"","Attributes":1,"ValueType":"System.String"},"Value":"GetReviewById_ValidReview_ReturnsOk"},{"Key":{"Id":"MSTestDiscoverer.TestClassName","Label":"ClassName","Category":"","Description":"","Attributes":1,"ValueType":"System.String"},"Value":"TestProjectMOPS.ReviewControllerUnitTests"},{"Key":{"Id":"TestCase.Hierarchy","Label":"Hierarchy","Category":"","Description":"","Attributes":2,"ValueType":"System.String[]"},"Value":["TestProjectMOPS","ReviewControllerUnitTests"]},{"Key":{"Id":"TestObject.Traits","Label":"Traits","Category":"","Description":"","Attributes":5,"ValueType":"System.Collections.Generic.KeyValuePair`2[[System.String],[System.String]][]"},"Value":[]}]},"Attachments":[],"Outcome":1,"ErrorMessage":null,"ErrorStackTrace":null,"DisplayName":"GetReviewById_ValidReview_ReturnsOk","Messages":[],"ComputerName":null,"Duration":"00:00:00.0020099","StartTime":"2023-12-15T00:21:49.312557+02:00","EndTime":"2023-12-15T00:21:49.3148464+02:00","Properties":[{"Key":{"Id":"ExecutionId","Label":"ExecutionId","Category":"","Description":"","Attributes":1,"ValueType":"System.Guid"},"Value":"00000000-0000-0000-0000-000000000000"},{"Key":{"Id":"ParentExecId","Label":"ParentExecId","Category":"","Description":"","Attributes":1,"ValueType":"System.Guid"},"Value":"00000000-0000-0000-0000-000000000000"},{"Key":{"Id":"InnerResultsCount","Label":"InnerResultsCount","Category":"","Description":"","Attributes":1,"ValueType":"System.Int32"},"Value":0}]},{"TestCase":{"Id":"797956f1-2c39-a122-fb70-80cd230b5df4","FullyQualifiedName":"TestProjectMOPS.ReviewControllerUnitTests.GetReviewByUserId_ValidReview_ReturnsOk","DisplayName":"GetReviewByUserId_ValidReview_ReturnsOk","ExecutorUri":"executor://MSTestAdapter/v2","Source":"C:\\Users\\Vlad\\Desktop\\ASP\\Proiect-MOPS\\Backend\\ProiectMOPS\\TestProjectMOPS\\bin\\Debug\\net6.0\\fine-code-coverage\\build-output\\TestProjectMOPS.dll","CodeFilePath":null,"LineNumber":-1,"Properties":[{"Key":{"Id":"TestCase.ManagedType","Label":"ManagedType","Category":"","Description":"","Attributes":1,"ValueType":"System.String"},"Value":"TestProjectMOPS.ReviewControllerUnitTests"},{"Key":{"Id":"TestCase.ManagedMethod","Label":"ManagedMethod","Category":"","Description":"","Attributes":1,"ValueType":"System.String"},"Value":"GetReviewByUserId_ValidReview_ReturnsOk"},{"Key":{"Id":"MSTestDiscoverer.TestClassName","Label":"ClassName","Category":"","Description":"","Attributes":1,"ValueType":"System.String"},"Value":"TestProjectMOPS.ReviewControllerUnitTests"},{"Key":{"Id":"TestCase.Hierarchy","Label":"Hierarchy","Category":"","Description":"","Attributes":2,"ValueType":"System.String[]"},"Value":["TestProjectMOPS","ReviewControllerUnitTests"]},{"Key":{"Id":"TestObject.Traits","Label":"Traits","Category":"","Description":"","Attributes":5,"ValueType":"System.Collections.Generic.KeyValuePair`2[[System.String],[System.String]][]"},"Value":[]}]},"Attachments":[],"Outcome":1,"ErrorMessage":null,"ErrorStackTrace":null,"DisplayName":"GetReviewByUserId_ValidReview_ReturnsOk","Messages":[],"ComputerName":null,"Duration":"00:00:00.0017978","StartTime":"2023-12-15T00:21:49.3173627+02:00","EndTime":"2023-12-15T00:21:49.3194182+02:00","Properties":[{"Key":{"Id":"ExecutionId","Label":"ExecutionId","Category":"","Description":"","Attributes":1,"ValueType":"System.Guid"},"Value":"00000000-0000-0000-0000-000000000000"},{"Key":{"Id":"ParentExecId","Label":"ParentExecId","Category":"","Description":"","Attributes":1,"ValueType":"System.Guid"},"Value":"00000000-0000-0000-0000-000000000000"},{"Key":{"Id":"InnerResultsCount","Label":"InnerResultsCount","Category":"","Description":"","Attributes":1,"ValueType":"System.Int32"},"Value":0}]},{"TestCase":{"Id":"e450b304-7a5d-08ca-44c3-4712b78c376d","FullyQualifiedName":"TestProjectMOPS.UserControllerUnitTests.Login_ValidCredentials_ReturnsOkResult","DisplayName":"Login_ValidCredentials_ReturnsOkResult","ExecutorUri":"executor://MSTestAdapter/v2","Source":"C:\\Users\\Vlad\\Desktop\\ASP\\Proiect-MOPS\\Backend\\ProiectMOPS\\TestProjectMOPS\\bin\\Debug\\net6.0\\fine-code-coverage\\build-output\\TestProjectMOPS.dll","CodeFilePath":null,"LineNumber":-1,"Properties":[{"Key":{"Id":"TestCase.ManagedType","Label":"ManagedType","Category":"","Description":"","Attributes":1,"ValueType":"System.String"},"Value":"TestProjectMOPS.UserControllerUnitTests"},{"Key":{"Id":"TestCase.ManagedMethod","Label":"ManagedMethod","Category":"","Description":"","Attributes":1,"ValueType":"System.String"},"Value":"Login_ValidCredentials_ReturnsOkResult"},{"Key":{"Id":"MSTestDiscoverer.TestClassName","Label":"ClassName","Category":"","Description":"","Attributes":1,"ValueType":"System.String"},"Value":"TestProjectMOPS.UserControllerUnitTests"},{"Key":{"Id":"TestCase.Hierarchy","Label":"Hierarchy","Category":"","Description":"","Attributes":2,"ValueType":"System.String[]"},"Value":["TestProjectMOPS","UserControllerUnitTests"]},{"Key":{"Id":"TestObject.Traits","Label":"Traits","Category":"","Description":"","Attributes":5,"ValueType":"System.Collections.Generic.KeyValuePair`2[[System.String],[System.String]][]"},"Value":[]}]},"Attachments":[],"Outcome":1,"ErrorMessage":null,"ErrorStackTrace":null,"DisplayName":"Login_ValidCredentials_ReturnsOkResult","Messages":[],"ComputerName":null,"Duration":"00:00:00.1721547","StartTime":"2023-12-15T00:21:49.3213778+02:00","EndTime":"2023-12-15T00:21:49.493922+02:00","Properties":[{"Key":{"Id":"ExecutionId","Label":"ExecutionId","Category":"","Description":"","Attributes":1,"ValueType":"System.Guid"},"Value":"00000000-0000-0000-0000-000000000000"},{"Key":{"Id":"ParentExecId","Label":"ParentExecId","Category":"","Description":"","Attributes":1,"ValueType":"System.Guid"},"Value":"00000000-0000-0000-0000-000000000000"},{"Key":{"Id":"InnerResultsCount","Label":"InnerResultsCount","Category":"","Description":"","Attributes":1,"ValueType":"System.Int32"},"Value":0}]},{"TestCase":{"Id":"7b667d81-ef7c-100c-4c6c-6758d19e6afb","FullyQualifiedName":"TestProjectMOPS.UserControllerUnitTests.Login_InvalidCredentials_ReturnsUnauthorizedResult","DisplayName":"Login_InvalidCredentials_ReturnsUnauthorizedResult","ExecutorUri":"executor://MSTestAdapter/v2","Source":"C:\\Users\\Vlad\\Desktop\\ASP\\Proiect-MOPS\\Backend\\ProiectMOPS\\TestProjectMOPS\\bin\\Debug\\net6.0\\fine-code-coverage\\build-output\\TestProjectMOPS.dll","CodeFilePath":null,"LineNumber":-1,"Properties":[{"Key":{"Id":"TestCase.ManagedType","Label":"ManagedType","Category":"","Description":"","Attributes":1,"ValueType":"System.String"},"Value":"TestProjectMOPS.UserControllerUnitTests"},{"Key":{"Id":"TestCase.ManagedMethod","Label":"ManagedMethod","Category":"","Description":"","Attributes":1,"ValueType":"System.String"},"Value":"Login_InvalidCredentials_ReturnsUnauthorizedResult"},{"Key":{"Id":"MSTestDiscoverer.TestClassName","Label":"ClassName","Category":"","Description":"","Attributes":1,"ValueType":"System.String"},"Value":"TestProjectMOPS.UserControllerUnitTests"},{"Key":{"Id":"TestCase.Hierarchy","Label":"Hierarchy","Category":"","Description":"","Attributes":2,"ValueType":"System.String[]"},"Value":["TestProjectMOPS","UserControllerUnitTests"]},{"Key":{"Id":"TestObject.Traits","Label":"Traits","Category":"","Description":"","Attributes":5,"ValueType":"System.Collections.Generic.KeyValuePair`2[[System.String],[System.String]][]"},"Value":[]}]},"Attachments":[],"Outcome":1,"ErrorMessage":null,"ErrorStackTrace":null,"DisplayName":"Login_InvalidCredentials_ReturnsUnauthorizedResult","Messages":[],"ComputerName":null,"Duration":"00:00:00.0021873","StartTime":"2023-12-15T00:21:49.4961926+02:00","EndTime":"2023-12-15T00:21:49.4986522+02:00","Properties":[{"Key":{"Id":"ExecutionId","Label":"ExecutionId","Category":"","Description":"","Attributes":1,"ValueType":"System.Guid"},"Value":"00000000-0000-0000-0000-000000000000"},{"Key":{"Id":"ParentExecId","Label":"ParentExecId","Category":"","Description":"","Attributes":1,"ValueType":"System.Guid"},"Value":"00000000-0000-0000-0000-000000000000"},{"Key":{"Id":"InnerResultsCount","Label":"InnerResultsCount","Category":"","Description":"","Attributes":1,"ValueType":"System.Int32"},"Value":0}]}],"TestRunStatistics":{"ExecutedTests":36,"Stats":{"Passed":33,"Failed":3}},"ActiveTests":[{"Id":"7301a7a7-af4f-1fed-d1e0-bab903dde199","FullyQualifiedName":"TestProjectMOPS.UserControllerUnitTests.Register_ValidInput_ReturnsOkResult","DisplayName":"Register_ValidInput_ReturnsOkResult","ExecutorUri":"executor://MSTestAdapter/v2","Source":"C:\\Users\\Vlad\\Desktop\\ASP\\Proiect-MOPS\\Backend\\ProiectMOPS\\TestProjectMOPS\\bin\\Debug\\net6.0\\fine-code-coverage\\build-output\\TestProjectMOPS.dll","CodeFilePath":null,"LineNumber":-1,"Properties":[{"Key":{"Id":"TestCase.ManagedType","Label":"ManagedType","Category":"","Description":"","Attributes":1,"ValueType":"System.String"},"Value":"TestProjectMOPS.UserControllerUnitTests"},{"Key":{"Id":"TestCase.ManagedMethod","Label":"ManagedMethod","Category":"","Description":"","Attributes":1,"ValueType":"System.String"},"Value":"Register_ValidInput_ReturnsOkResult"},{"Key":{"Id":"MSTestDiscoverer.TestClassName","Label":"ClassName","Category":"","Description":"","Attributes":1,"ValueType":"System.String"},"Value":"TestProjectMOPS.UserControllerUnitTests"},{"Key":{"Id":"TestCase.Hierarchy","Label":"Hierarchy","Category":"","Description":"","Attributes":2,"ValueType":"System.String[]"},"Value":["TestProjectMOPS","UserControllerUnitTests"]},{"Key":{"Id":"TestObject.Traits","Label":"Traits","Category":"","Description":"","Attributes":5,"ValueType":"System.Collections.Generic.KeyValuePair`2[[System.String],[System.String]][]"},"Value":[]}]}]}}
TpTrace Verbose: 0 : 23940, 4, 2023/12/15, 00:21:49.501, 398322781362, testhost.dll, TestRunCache: OnNewTestResult: Notified the onCacheHit callback.
TpTrace Information: 0 : 23940, 4, 2023/12/15, 00:21:49.502, 398322791583, testhost.dll, MSTest - Executing test Register_ValidInput_ReturnsOkResult
TpTrace Information: 0 : 23940, 4, 2023/12/15, 00:21:49.507, 398322844128, testhost.dll, MSTest - Executed test Register_ValidInput_ReturnsOkResult
TpTrace Verbose: 0 : 23940, 4, 2023/12/15, 00:21:49.507, 398322845487, testhost.dll, TestExecutionRecorder.RecordEnd: test: TestProjectMOPS.UserControllerUnitTests.Register_ValidInput_ReturnsOkResult execution completed.
TpTrace Warning: 0 : 23940, 4, 2023/12/15, 00:21:49.507, 398322845913, testhost.dll, TestRunCache: InProgressTests is null
TpTrace Verbose: 0 : 23940, 4, 2023/12/15, 00:21:49.508, 398322859910, testhost.dll, TestExecutionRecorder.RecordResult: Received result for test: TestProjectMOPS.UserControllerUnitTests.Register_ValidInput_ReturnsOkResult.
TpTrace Warning: 0 : 23940, 4, 2023/12/15, 00:21:49.509, 398322861081, testhost.dll, TestRunCache: InProgressTests is null
TpTrace Warning: 0 : 23940, 4, 2023/12/15, 00:21:49.509, 398322861471, testhost.dll, TestRunCache: No test found corresponding to testResult 'Register_ValidInput_ReturnsOkResult' in inProgress list.
TpTrace Verbose: 0 : 23940, 4, 2023/12/15, 00:21:49.509, 398322862055, testhost.dll, TestExecutionRecorder.RecordStart: Starting test: TestProjectMOPS.UserControllerUnitTests.Register_InvalidInput_ReturnsBadRequestResult.
TpTrace Information: 0 : 23940, 4, 2023/12/15, 00:21:49.509, 398322869454, testhost.dll, MSTest - Executing test Register_InvalidInput_ReturnsBadRequestResult
TpTrace Information: 0 : 23940, 4, 2023/12/15, 00:21:49.511, 398322883821, testhost.dll, MSTest - Executed test Register_InvalidInput_ReturnsBadRequestResult
TpTrace Verbose: 0 : 23940, 4, 2023/12/15, 00:21:49.511, 398322884410, testhost.dll, TestExecutionRecorder.RecordEnd: test: TestProjectMOPS.UserControllerUnitTests.Register_InvalidInput_ReturnsBadRequestResult execution completed.
TpTrace Verbose: 0 : 23940, 4, 2023/12/15, 00:21:49.512, 398322892275, testhost.dll, TestExecutionRecorder.RecordResult: Received result for test: TestProjectMOPS.UserControllerUnitTests.Register_InvalidInput_ReturnsBadRequestResult.
TpTrace Warning: 0 : 23940, 4, 2023/12/15, 00:21:49.512, 398322893247, testhost.dll, TestRunCache: InProgressTests is null
TpTrace Warning: 0 : 23940, 4, 2023/12/15, 00:21:49.512, 398322893798, testhost.dll, TestRunCache: No test found corresponding to testResult 'Register_InvalidInput_ReturnsBadRequestResult' in inProgress list.
TpTrace Verbose: 0 : 23940, 4, 2023/12/15, 00:21:49.512, 398322894304, testhost.dll, TestExecutionRecorder.RecordStart: Starting test: TestProjectMOPS.UserControllerUnitTests.Register_UserExists_ReturnsConflictResult.
TpTrace Information: 0 : 23940, 4, 2023/12/15, 00:21:49.513, 398322902044, testhost.dll, MSTest - Executing test Register_UserExists_ReturnsConflictResult
TpTrace Information: 0 : 23940, 4, 2023/12/15, 00:21:49.514, 398322911846, testhost.dll, MSTest - Executed test Register_UserExists_ReturnsConflictResult
TpTrace Verbose: 0 : 23940, 4, 2023/12/15, 00:21:49.514, 398322912403, testhost.dll, TestExecutionRecorder.RecordEnd: test: TestProjectMOPS.UserControllerUnitTests.Register_UserExists_ReturnsConflictResult execution completed.
TpTrace Verbose: 0 : 23940, 4, 2023/12/15, 00:21:49.514, 398322919563, testhost.dll, TestExecutionRecorder.RecordResult: Received result for test: TestProjectMOPS.UserControllerUnitTests.Register_UserExists_ReturnsConflictResult.
TpTrace Warning: 0 : 23940, 4, 2023/12/15, 00:21:49.514, 398322920192, testhost.dll, TestRunCache: InProgressTests is null
TpTrace Warning: 0 : 23940, 4, 2023/12/15, 00:21:49.515, 398322921183, testhost.dll, TestRunCache: No test found corresponding to testResult 'Register_UserExists_ReturnsConflictResult' in inProgress list.
TpTrace Verbose: 0 : 23940, 4, 2023/12/15, 00:21:49.515, 398322921805, testhost.dll, TestExecutionRecorder.RecordStart: Starting test: TestProjectMOPS.UserControllerUnitTests.AddToRole_ValidCredentials_ReturnsOkResult.
TpTrace Information: 0 : 23940, 4, 2023/12/15, 00:21:49.515, 398322929402, testhost.dll, MSTest - Executing test AddToRole_ValidCredentials_ReturnsOkResult
TpTrace Information: 0 : 23940, 4, 2023/12/15, 00:21:49.519, 398322966095, testhost.dll, AssemblyResolver.OnResolve: Microsoft.VisualStudio.TestPlatform.MSTest.TestAdapter.resources: Resolving assembly.
TpTrace Information: 0 : 23940, 4, 2023/12/15, 00:21:49.519, 398322967140, testhost.dll, AssemblyResolver.OnResolve: Microsoft.VisualStudio.TestPlatform.MSTest.TestAdapter.resources: Searching in: 'C:\Users\Vlad\Desktop\ASP\Proiect-MOPS\Backend\ProiectMOPS\TestProjectMOPS\bin\Debug\net6.0\fine-code-coverage\build-output'.
TpTrace Information: 0 : 23940, 4, 2023/12/15, 00:21:49.519, 398322968139, testhost.dll, AssemblyResolver.OnResolve: Microsoft.VisualStudio.TestPlatform.MSTest.TestAdapter.resources: Assembly path does not exist: 'C:\Users\Vlad\Desktop\ASP\Proiect-MOPS\Backend\ProiectMOPS\TestProjectMOPS\bin\Debug\net6.0\fine-code-coverage\build-output\Microsoft.VisualStudio.TestPlatform.MSTest.TestAdapter.resources.dll', returning.
TpTrace Information: 0 : 23940, 4, 2023/12/15, 00:21:49.519, 398322969339, testhost.dll, AssemblyResolver.OnResolve: Microsoft.VisualStudio.TestPlatform.MSTest.TestAdapter.resources: Assembly path does not exist: 'C:\Users\Vlad\Desktop\ASP\Proiect-MOPS\Backend\ProiectMOPS\TestProjectMOPS\bin\Debug\net6.0\fine-code-coverage\build-output\Microsoft.VisualStudio.TestPlatform.MSTest.TestAdapter.resources.exe', returning.
TpTrace Information: 0 : 23940, 4, 2023/12/15, 00:21:49.519, 398322969865, testhost.dll, AssemblyResolver.OnResolve: Microsoft.VisualStudio.TestPlatform.MSTest.TestAdapter.resources: Failed to load assembly.
TpTrace Information: 0 : 23940, 4, 2023/12/15, 00:21:49.526, 398323033584, testhost.dll, MSTest - Executed test AddToRole_ValidCredentials_ReturnsOkResult
TpTrace Verbose: 0 : 23940, 4, 2023/12/15, 00:21:49.526, 398323034642, testhost.dll, TestExecutionRecorder.RecordEnd: test: TestProjectMOPS.UserControllerUnitTests.AddToRole_ValidCredentials_ReturnsOkResult execution completed.
TpTrace Information: 0 : 23940, 4, 2023/12/15, 00:21:49.527, 398323045847, testhost.dll, MSTest - MSTestExecutor:Test TestProjectMOPS.UserControllerUnitTests.AddToRole_ValidCredentials_ReturnsOkResult failed. ErrorMessage:Test method TestProjectMOPS.UserControllerUnitTests.AddToRole_ValidCredentials_ReturnsOkResult threw exception: 
System.NullReferenceException: Object reference not set to an instance of an object., ErrorStackTrace:    at ProiectMOPS.WEB.Controllers.UserController.AddToRole(String userName, String roleName) in C:\Users\Vlad\Desktop\ASP\Proiect-MOPS\Backend\ProiectMOPS\ProiectMOPS.WebApp\Controllers\UserController.cs:line 99
   at TestProjectMOPS.UserControllerUnitTests.AddToRole_ValidCredentials_ReturnsOkResult() in C:\Users\Vlad\Desktop\ASP\Proiect-MOPS\Backend\ProiectMOPS\TestProjectMOPS\UserControllerUnitTests.cs:line 138
   at Microsoft.VisualStudio.TestPlatform.MSTestAdapter.PlatformServices.ThreadOperations.ExecuteWithAbortSafety(Action action)
.
TpTrace Verbose: 0 : 23940, 4, 2023/12/15, 00:21:49.527, 398323046766, testhost.dll, TestExecutionRecorder.RecordResult: Received result for test: TestProjectMOPS.UserControllerUnitTests.AddToRole_ValidCredentials_ReturnsOkResult.
TpTrace Warning: 0 : 23940, 4, 2023/12/15, 00:21:49.527, 398323047249, testhost.dll, TestRunCache: InProgressTests is null
TpTrace Warning: 0 : 23940, 4, 2023/12/15, 00:21:49.527, 398323047611, testhost.dll, TestRunCache: No test found corresponding to testResult 'AddToRole_ValidCredentials_ReturnsOkResult' in inProgress list.
TpTrace Verbose: 0 : 23940, 4, 2023/12/15, 00:21:49.527, 398323048154, testhost.dll, TestExecutionRecorder.RecordStart: Starting test: TestProjectMOPS.UserControllerUnitTests.ChangePassword_ValidCredentials_ReturnsOkResult.
TpTrace Information: 0 : 23940, 4, 2023/12/15, 00:21:49.528, 398323055913, testhost.dll, MSTest - Executing test ChangePassword_ValidCredentials_ReturnsOkResult
TpTrace Information: 0 : 23940, 4, 2023/12/15, 00:21:49.531, 398323089459, testhost.dll, MSTest - Executed test ChangePassword_ValidCredentials_ReturnsOkResult
TpTrace Verbose: 0 : 23940, 4, 2023/12/15, 00:21:49.531, 398323090442, testhost.dll, TestExecutionRecorder.RecordEnd: test: TestProjectMOPS.UserControllerUnitTests.ChangePassword_ValidCredentials_ReturnsOkResult execution completed.
TpTrace Information: 0 : 23940, 4, 2023/12/15, 00:21:49.532, 398323098605, testhost.dll, MSTest - MSTestExecutor:Test TestProjectMOPS.UserControllerUnitTests.ChangePassword_ValidCredentials_ReturnsOkResult failed. ErrorMessage:Test method TestProjectMOPS.UserControllerUnitTests.ChangePassword_ValidCredentials_ReturnsOkResult threw exception: 
System.NullReferenceException: Object reference not set to an instance of an object., ErrorStackTrace:    at ProiectMOPS.WEB.Controllers.UserController.ChangePassword(String username, String password, String newPassword) in C:\Users\Vlad\Desktop\ASP\Proiect-MOPS\Backend\ProiectMOPS\ProiectMOPS.WebApp\Controllers\UserController.cs:line 119
   at TestProjectMOPS.UserControllerUnitTests.ChangePassword_ValidCredentials_ReturnsOkResult() in C:\Users\Vlad\Desktop\ASP\Proiect-MOPS\Backend\ProiectMOPS\TestProjectMOPS\UserControllerUnitTests.cs:line 153
   at Microsoft.VisualStudio.TestPlatform.MSTestAdapter.PlatformServices.ThreadOperations.ExecuteWithAbortSafety(Action action)
.
TpTrace Verbose: 0 : 23940, 4, 2023/12/15, 00:21:49.532, 398323099214, testhost.dll, TestExecutionRecorder.RecordResult: Received result for test: TestProjectMOPS.UserControllerUnitTests.ChangePassword_ValidCredentials_ReturnsOkResult.
TpTrace Warning: 0 : 23940, 4, 2023/12/15, 00:21:49.532, 398323099703, testhost.dll, TestRunCache: InProgressTests is null
TpTrace Warning: 0 : 23940, 4, 2023/12/15, 00:21:49.533, 398323100691, testhost.dll, TestRunCache: No test found corresponding to testResult 'ChangePassword_ValidCredentials_ReturnsOkResult' in inProgress list.
TpTrace Information: 0 : 23940, 4, 2023/12/15, 00:21:49.533, 398323103187, testhost.dll, MSTest - Executing cleanup methods.
TpTrace Information: 0 : 23940, 4, 2023/12/15, 00:21:49.534, 398323114304, testhost.dll, MSTest - Executed cleanup methods.
TpTrace Information: 0 : 23940, 4, 2023/12/15, 00:21:49.534, 398323114850, testhost.dll, MSTest - Executed tests belonging to source C:\Users\Vlad\Desktop\ASP\Proiect-MOPS\Backend\ProiectMOPS\TestProjectMOPS\bin\Debug\net6.0\fine-code-coverage\build-output\TestProjectMOPS.dll
TpTrace Verbose: 0 : 23940, 4, 2023/12/15, 00:21:49.534, 398323117779, testhost.dll, BaseRunTests.RunTestInternalWithExecutors: Completed running tests for executor://MSTestAdapter/v2
TpTrace Information: 0 : 23940, 4, 2023/12/15, 00:21:49.536, 398323135777, testhost.dll, Sending test run complete
TpTrace Verbose: 0 : 23940, 4, 2023/12/15, 00:21:49.543, 398323205480, testhost.dll, TestRequestHandler.SendData:  sending data from testhost: {"Version":5,"MessageType":"TestExecution.Completed","Payload":{"TestRunCompleteArgs":{"TestRunStatistics":{"ExecutedTests":41,"Stats":{"Passed":36,"Failed":5}},"IsCanceled":false,"IsAborted":false,"Error":null,"AttachmentSets":[],"ElapsedTimeInRunningTests":"00:00:02.7781078","Metrics":{}},"LastRunTests":{"NewTestResults":[{"TestCase":{"Id":"7301a7a7-af4f-1fed-d1e0-bab903dde199","FullyQualifiedName":"TestProjectMOPS.UserControllerUnitTests.Register_ValidInput_ReturnsOkResult","DisplayName":"Register_ValidInput_ReturnsOkResult","ExecutorUri":"executor://MSTestAdapter/v2","Source":"C:\\Users\\Vlad\\Desktop\\ASP\\Proiect-MOPS\\Backend\\ProiectMOPS\\TestProjectMOPS\\bin\\Debug\\net6.0\\fine-code-coverage\\build-output\\TestProjectMOPS.dll","CodeFilePath":null,"LineNumber":-1,"Properties":[{"Key":{"Id":"TestCase.ManagedType","Label":"ManagedType","Category":"","Description":"","Attributes":1,"ValueType":"System.String"},"Value":"TestProjectMOPS.UserControllerUnitTests"},{"Key":{"Id":"TestCase.ManagedMethod","Label":"ManagedMethod","Category":"","Description":"","Attributes":1,"ValueType":"System.String"},"Value":"Register_ValidInput_ReturnsOkResult"},{"Key":{"Id":"MSTestDiscoverer.TestClassName","Label":"ClassName","Category":"","Description":"","Attributes":1,"ValueType":"System.String"},"Value":"TestProjectMOPS.UserControllerUnitTests"},{"Key":{"Id":"TestCase.Hierarchy","Label":"Hierarchy","Category":"","Description":"","Attributes":2,"ValueType":"System.String[]"},"Value":["TestProjectMOPS","UserControllerUnitTests"]},{"Key":{"Id":"TestObject.Traits","Label":"Traits","Category":"","Description":"","Attributes":5,"ValueType":"System.Collections.Generic.KeyValuePair`2[[System.String],[System.String]][]"},"Value":[]}]},"Attachments":[],"Outcome":1,"ErrorMessage":null,"ErrorStackTrace":null,"DisplayName":"Register_ValidInput_ReturnsOkResult","Messages":[],"ComputerName":null,"Duration":"00:00:00.0049757","StartTime":"2023-12-15T00:21:49.5020925+02:00","EndTime":"2023-12-15T00:21:49.5074845+02:00","Properties":[{"Key":{"Id":"ExecutionId","Label":"ExecutionId","Category":"","Description":"","Attributes":1,"ValueType":"System.Guid"},"Value":"00000000-0000-0000-0000-000000000000"},{"Key":{"Id":"ParentExecId","Label":"ParentExecId","Category":"","Description":"","Attributes":1,"ValueType":"System.Guid"},"Value":"00000000-0000-0000-0000-000000000000"},{"Key":{"Id":"InnerResultsCount","Label":"InnerResultsCount","Category":"","Description":"","Attributes":1,"ValueType":"System.Int32"},"Value":0}]},{"TestCase":{"Id":"c309bd0f-a32b-51ec-f413-36287305db59","FullyQualifiedName":"TestProjectMOPS.UserControllerUnitTests.Register_InvalidInput_ReturnsBadRequestResult","DisplayName":"Register_InvalidInput_ReturnsBadRequestResult","ExecutorUri":"executor://MSTestAdapter/v2","Source":"C:\\Users\\Vlad\\Desktop\\ASP\\Proiect-MOPS\\Backend\\ProiectMOPS\\TestProjectMOPS\\bin\\Debug\\net6.0\\fine-code-coverage\\build-output\\TestProjectMOPS.dll","CodeFilePath":null,"LineNumber":-1,"Properties":[{"Key":{"Id":"TestCase.ManagedType","Label":"ManagedType","Category":"","Description":"","Attributes":1,"ValueType":"System.String"},"Value":"TestProjectMOPS.UserControllerUnitTests"},{"Key":{"Id":"TestCase.ManagedMethod","Label":"ManagedMethod","Category":"","Description":"","Attributes":1,"ValueType":"System.String"},"Value":"Register_InvalidInput_ReturnsBadRequestResult"},{"Key":{"Id":"MSTestDiscoverer.TestClassName","Label":"ClassName","Category":"","Description":"","Attributes":1,"ValueType":"System.String"},"Value":"TestProjectMOPS.UserControllerUnitTests"},{"Key":{"Id":"TestCase.Hierarchy","Label":"Hierarchy","Category":"","Description":"","Attributes":2,"ValueType":"System.String[]"},"Value":["TestProjectMOPS","UserControllerUnitTests"]},{"Key":{"Id":"TestObject.Traits","Label":"Traits","Category":"","Description":"","Attributes":5,"ValueType":"System.Collections.Generic.KeyValuePair`2[[System.String],[System.String]][]"},"Value":[]}]},"Attachments":[],"Outcome":1,"ErrorMessage":null,"ErrorStackTrace":null,"DisplayName":"Register_InvalidInput_ReturnsBadRequestResult","Messages":[],"ComputerName":null,"Duration":"00:00:00.0012296","StartTime":"2023-12-15T00:21:49.5098865+02:00","EndTime":"2023-12-15T00:21:49.5113808+02:00","Properties":[{"Key":{"Id":"ExecutionId","Label":"ExecutionId","Category":"","Description":"","Attributes":1,"ValueType":"System.Guid"},"Value":"00000000-0000-0000-0000-000000000000"},{"Key":{"Id":"ParentExecId","Label":"ParentExecId","Category":"","Description":"","Attributes":1,"ValueType":"System.Guid"},"Value":"00000000-0000-0000-0000-000000000000"},{"Key":{"Id":"InnerResultsCount","Label":"InnerResultsCount","Category":"","Description":"","Attributes":1,"ValueType":"System.Int32"},"Value":0}]},{"TestCase":{"Id":"8091f4e4-25b1-8b61-8fca-1593922bde5b","FullyQualifiedName":"TestProjectMOPS.UserControllerUnitTests.Register_UserExists_ReturnsConflictResult","DisplayName":"Register_UserExists_ReturnsConflictResult","ExecutorUri":"executor://MSTestAdapter/v2","Source":"C:\\Users\\Vlad\\Desktop\\ASP\\Proiect-MOPS\\Backend\\ProiectMOPS\\TestProjectMOPS\\bin\\Debug\\net6.0\\fine-code-coverage\\build-output\\TestProjectMOPS.dll","CodeFilePath":null,"LineNumber":-1,"Properties":[{"Key":{"Id":"TestCase.ManagedType","Label":"ManagedType","Category":"","Description":"","Attributes":1,"ValueType":"System.String"},"Value":"TestProjectMOPS.UserControllerUnitTests"},{"Key":{"Id":"TestCase.ManagedMethod","Label":"ManagedMethod","Category":"","Description":"","Attributes":1,"ValueType":"System.String"},"Value":"Register_UserExists_ReturnsConflictResult"},{"Key":{"Id":"MSTestDiscoverer.TestClassName","Label":"ClassName","Category":"","Description":"","Attributes":1,"ValueType":"System.String"},"Value":"TestProjectMOPS.UserControllerUnitTests"},{"Key":{"Id":"TestCase.Hierarchy","Label":"Hierarchy","Category":"","Description":"","Attributes":2,"ValueType":"System.String[]"},"Value":["TestProjectMOPS","UserControllerUnitTests"]},{"Key":{"Id":"TestObject.Traits","Label":"Traits","Category":"","Description":"","Attributes":5,"ValueType":"System.Collections.Generic.KeyValuePair`2[[System.String],[System.String]][]"},"Value":[]}]},"Attachments":[],"Outcome":1,"ErrorMessage":null,"ErrorStackTrace":null,"DisplayName":"Register_UserExists_ReturnsConflictResult","Messages":[],"ComputerName":null,"Duration":"00:00:00.0008285","StartTime":"2023-12-15T00:21:49.5131472+02:00","EndTime":"2023-12-15T00:21:49.5141812+02:00","Properties":[{"Key":{"Id":"ExecutionId","Label":"ExecutionId","Category":"","Description":"","Attributes":1,"ValueType":"System.Guid"},"Value":"00000000-0000-0000-0000-000000000000"},{"Key":{"Id":"ParentExecId","Label":"ParentExecId","Category":"","Description":"","Attributes":1,"ValueType":"System.Guid"},"Value":"00000000-0000-0000-0000-000000000000"},{"Key":{"Id":"InnerResultsCount","Label":"InnerResultsCount","Category":"","Description":"","Attributes":1,"ValueType":"System.Int32"},"Value":0}]},{"TestCase":{"Id":"2f6cdddd-935a-91bb-702d-b921001f66b4","FullyQualifiedName":"TestProjectMOPS.UserControllerUnitTests.AddToRole_ValidCredentials_ReturnsOkResult","DisplayName":"AddToRole_ValidCredentials_ReturnsOkResult","ExecutorUri":"executor://MSTestAdapter/v2","Source":"C:\\Users\\Vlad\\Desktop\\ASP\\Proiect-MOPS\\Backend\\ProiectMOPS\\TestProjectMOPS\\bin\\Debug\\net6.0\\fine-code-coverage\\build-output\\TestProjectMOPS.dll","CodeFilePath":null,"LineNumber":-1,"Properties":[{"Key":{"Id":"TestCase.ManagedType","Label":"ManagedType","Category":"","Description":"","Attributes":1,"ValueType":"System.String"},"Value":"TestProjectMOPS.UserControllerUnitTests"},{"Key":{"Id":"TestCase.ManagedMethod","Label":"ManagedMethod","Category":"","Description":"","Attributes":1,"ValueType":"System.String"},"Value":"AddToRole_ValidCredentials_ReturnsOkResult"},{"Key":{"Id":"MSTestDiscoverer.TestClassName","Label":"ClassName","Category":"","Description":"","Attributes":1,"ValueType":"System.String"},"Value":"TestProjectMOPS.UserControllerUnitTests"},{"Key":{"Id":"TestCase.Hierarchy","Label":"Hierarchy","Category":"","Description":"","Attributes":2,"ValueType":"System.String[]"},"Value":["TestProjectMOPS","UserControllerUnitTests"]},{"Key":{"Id":"TestObject.Traits","Label":"Traits","Category":"","Description":"","Attributes":5,"ValueType":"System.Collections.Generic.KeyValuePair`2[[System.String],[System.String]][]"},"Value":[]}]},"Attachments":[],"Outcome":2,"ErrorMessage":"Test method TestProjectMOPS.UserControllerUnitTests.AddToRole_ValidCredentials_ReturnsOkResult threw exception: \r\nSystem.NullReferenceException: Object reference not set to an instance of an object.","ErrorStackTrace":"    at ProiectMOPS.WEB.Controllers.UserController.AddToRole(String userName, String roleName) in C:\\Users\\Vlad\\Desktop\\ASP\\Proiect-MOPS\\Backend\\ProiectMOPS\\ProiectMOPS.WebApp\\Controllers\\UserController.cs:line 99\r\n   at TestProjectMOPS.UserControllerUnitTests.AddToRole_ValidCredentials_ReturnsOkResult() in C:\\Users\\Vlad\\Desktop\\ASP\\Proiect-MOPS\\Backend\\ProiectMOPS\\TestProjectMOPS\\UserControllerUnitTests.cs:line 138\r\n   at Microsoft.VisualStudio.TestPlatform.MSTestAdapter.PlatformServices.ThreadOperations.ExecuteWithAbortSafety(Action action)\r\n","DisplayName":"AddToRole_ValidCredentials_ReturnsOkResult","Messages":[],"ComputerName":null,"Duration":"00:00:00.0102213","StartTime":"2023-12-15T00:21:49.5158823+02:00","EndTime":"2023-12-15T00:21:49.5263985+02:00","Properties":[{"Key":{"Id":"ExecutionId","Label":"ExecutionId","Category":"","Description":"","Attributes":1,"ValueType":"System.Guid"},"Value":"00000000-0000-0000-0000-000000000000"},{"Key":{"Id":"ParentExecId","Label":"ParentExecId","Category":"","Description":"","Attributes":1,"ValueType":"System.Guid"},"Value":"00000000-0000-0000-0000-000000000000"},{"Key":{"Id":"InnerResultsCount","Label":"InnerResultsCount","Category":"","Description":"","Attributes":1,"ValueType":"System.Int32"},"Value":0}]},{"TestCase":{"Id":"d31d8a2a-20ee-f932-aaf4-3aadf86cc3ad","FullyQualifiedName":"TestProjectMOPS.UserControllerUnitTests.ChangePassword_ValidCredentials_ReturnsOkResult","DisplayName":"ChangePassword_ValidCredentials_ReturnsOkResult","ExecutorUri":"executor://MSTestAdapter/v2","Source":"C:\\Users\\Vlad\\Desktop\\ASP\\Proiect-MOPS\\Backend\\ProiectMOPS\\TestProjectMOPS\\bin\\Debug\\net6.0\\fine-code-coverage\\build-output\\TestProjectMOPS.dll","CodeFilePath":null,"LineNumber":-1,"Properties":[{"Key":{"Id":"TestCase.ManagedType","Label":"ManagedType","Category":"","Description":"","Attributes":1,"ValueType":"System.String"},"Value":"TestProjectMOPS.UserControllerUnitTests"},{"Key":{"Id":"TestCase.ManagedMethod","Label":"ManagedMethod","Category":"","Description":"","Attributes":1,"ValueType":"System.String"},"Value":"ChangePassword_ValidCredentials_ReturnsOkResult"},{"Key":{"Id":"MSTestDiscoverer.TestClassName","Label":"ClassName","Category":"","Description":"","Attributes":1,"ValueType":"System.String"},"Value":"TestProjectMOPS.UserControllerUnitTests"},{"Key":{"Id":"TestCase.Hierarchy","Label":"Hierarchy","Category":"","Description":"","Attributes":2,"ValueType":"System.String[]"},"Value":["TestProjectMOPS","UserControllerUnitTests"]},{"Key":{"Id":"TestObject.Traits","Label":"Traits","Category":"","Description":"","Attributes":5,"ValueType":"System.Collections.Generic.KeyValuePair`2[[System.String],[System.String]][]"},"Value":[]}]},"Attachments":[],"Outcome":2,"ErrorMessage":"Test method TestProjectMOPS.UserControllerUnitTests.ChangePassword_ValidCredentials_ReturnsOkResult threw exception: \r\nSystem.NullReferenceException: Object reference not set to an instance of an object.","ErrorStackTrace":"    at ProiectMOPS.WEB.Controllers.UserController.ChangePassword(String username, String password, String newPassword) in C:\\Users\\Vlad\\Desktop\\ASP\\Proiect-MOPS\\Backend\\ProiectMOPS\\ProiectMOPS.WebApp\\Controllers\\UserController.cs:line 119\r\n   at TestProjectMOPS.UserControllerUnitTests.ChangePassword_ValidCredentials_ReturnsOkResult() in C:\\Users\\Vlad\\Desktop\\ASP\\Proiect-MOPS\\Backend\\ProiectMOPS\\TestProjectMOPS\\UserControllerUnitTests.cs:line 153\r\n   at Microsoft.VisualStudio.TestPlatform.MSTestAdapter.PlatformServices.ThreadOperations.ExecuteWithAbortSafety(Action action)\r\n","DisplayName":"ChangePassword_ValidCredentials_ReturnsOkResult","Messages":[],"ComputerName":null,"Duration":"00:00:00.0031930","StartTime":"2023-12-15T00:21:49.5285196+02:00","EndTime":"2023-12-15T00:21:49.5319831+02:00","Properties":[{"Key":{"Id":"ExecutionId","Label":"ExecutionId","Category":"","Description":"","Attributes":1,"ValueType":"System.Guid"},"Value":"00000000-0000-0000-0000-000000000000"},{"Key":{"Id":"ParentExecId","Label":"ParentExecId","Category":"","Description":"","Attributes":1,"ValueType":"System.Guid"},"Value":"00000000-0000-0000-0000-000000000000"},{"Key":{"Id":"InnerResultsCount","Label":"InnerResultsCount","Category":"","Description":"","Attributes":1,"ValueType":"System.Int32"},"Value":0}]}],"TestRunStatistics":{"ExecutedTests":41,"Stats":{"Passed":36,"Failed":5}},"ActiveTests":[]},"RunAttachments":[],"ExecutorUris":["executor://mstestadapter/v2"]}}
TpTrace Verbose: 0 : 23940, 4, 2023/12/15, 00:21:49.543, 398323209388, testhost.dll, BaseRunTests.RunTests: Run is complete.
TpTrace Verbose: 0 : 23940, 10, 2023/12/15, 00:21:49.544, 398323214681, testhost.dll, TcpClientExtensions.MessageLoopAsync: NotifyDataAvailable remoteEndPoint: [::ffff:127.0.0.1]:55569 localEndPoint: [::ffff:127.0.0.1]:55570
TpTrace Information: 0 : 23940, 10, 2023/12/15, 00:21:49.544, 398323216498, testhost.dll, TestRequestHandler.OnMessageReceived: received message: (TestSession.Terminate) -> null
TpTrace Information: 0 : 23940, 10, 2023/12/15, 00:21:49.544, 398323217101, testhost.dll, Session End message received from server. Closing the connection.
TpTrace Information: 0 : 23940, 10, 2023/12/15, 00:21:49.544, 398323219879, testhost.dll, SocketClient.Stop: Stop communication from server endpoint: 127.0.0.1:055569
TpTrace Information: 0 : 23940, 10, 2023/12/15, 00:21:49.544, 398323220334, testhost.dll, SocketClient: Stop: Cancellation requested. Stopping message loop.
TpTrace Verbose: 0 : 23940, 10, 2023/12/15, 00:21:49.545, 398323221528, testhost.dll, LengthPrefixCommunicationChannel.Dispose: Dispose reader and writer.
TpTrace Information: 0 : 23940, 10, 2023/12/15, 00:21:49.545, 398323222146, testhost.dll, Closing the connection !
TpTrace Information: 0 : 23940, 10, 2023/12/15, 00:21:49.545, 398323223911, testhost.dll, SocketClient.PrivateStop: Stop communication from server endpoint: 127.0.0.1:055569, error:
TpTrace Information: 0 : 23940, 1, 2023/12/15, 00:21:49.545, 398323226397, testhost.dll, Closing the connection !
TpTrace Verbose: 0 : 23940, 10, 2023/12/15, 00:21:49.545, 398323226654, testhost.dll, LengthPrefixCommunicationChannel.Dispose: Dispose reader and writer.
TpTrace Verbose: 0 : 23940, 10, 2023/12/15, 00:21:49.545, 398323227681, testhost.dll, TcpClientExtensions.MessageLoopAsync: exiting MessageLoopAsync remoteEndPoint: [::ffff:127.0.0.1]:55569 localEndPoint: [::ffff:127.0.0.1]:55570
TpTrace Information: 0 : 23940, 1, 2023/12/15, 00:21:49.545, 398323227858, testhost.dll, SocketClient.Stop: Stop communication from server endpoint: 127.0.0.1:055569
TpTrace Verbose: 0 : 23940, 1, 2023/12/15, 00:21:49.545, 398323228815, testhost.dll, LengthPrefixCommunicationChannel.Dispose: Dispose reader and writer.
TpTrace Information: 0 : 23940, 1, 2023/12/15, 00:21:49.545, 398323229721, testhost.dll, Testhost process exiting.
