<?xml version="1.0" encoding="utf-8"?>
<coverage line-rate="0.7295" branch-rate="0.5102" version="1.9" timestamp="1702592509" lines-covered="1052" lines-valid="1442" branches-covered="50" branches-valid="98">
  <sources>
    <source>C:\Users\Vlad\</source>
  </sources>
  <packages>
    <package name="ProiectMOPS.Applications" line-rate="0.1693" branch-rate="0" complexity="77">
      <classes>
        <class name="ProiectMOPS.Applications.QueryHandlers.ReviewQueryHandlers.GetReviewByIDQueryHandler" filename="Desktop\ASP\Proiect-MOPS\Backend\ProiectMOPS\ProiectMOPS.Applications\QueryHandlers\ReviewQueryHandlers\GetReviewByIDQueryHandler.cs" line-rate="0" branch-rate="1" complexity="1">
          <methods>
            <method name=".ctor" signature="(ProiectMOPS.Applications.Abstract.IUnitOfWork)" line-rate="0" branch-rate="1" complexity="1">
              <lines>
                <line number="11" hits="0" branch="False" />
                <line number="12" hits="0" branch="False" />
                <line number="13" hits="0" branch="False" />
                <line number="14" hits="0" branch="False" />
              </lines>
            </method>
          </methods>
          <lines>
            <line number="11" hits="0" branch="False" />
            <line number="12" hits="0" branch="False" />
            <line number="13" hits="0" branch="False" />
            <line number="14" hits="0" branch="False" />
          </lines>
        </class>
        <class name="ProiectMOPS.Applications.QueryHandlers.ReviewQueryHandlers.GetReviewByIDQueryHandler/&lt;Handle&gt;d__2" filename="Desktop\ASP\Proiect-MOPS\Backend\ProiectMOPS\ProiectMOPS.Applications\QueryHandlers\ReviewQueryHandlers\GetReviewByIDQueryHandler.cs" line-rate="0" branch-rate="0" complexity="2">
          <methods>
            <method name="MoveNext" signature="()" line-rate="0" branch-rate="0" complexity="2">
              <lines>
                <line number="17" hits="0" branch="False" />
                <line number="18" hits="0" branch="False" />
                <line number="19" hits="0" branch="True" condition-coverage="0% (0/2)">
                  <conditions>
                    <condition number="174" type="jump" coverage="0%" />
                  </conditions>
                </line>
                <line number="20" hits="0" branch="False" />
                <line number="21" hits="0" branch="False" />
                <line number="23" hits="0" branch="False" />
                <line number="24" hits="0" branch="False" />
              </lines>
            </method>
          </methods>
          <lines>
            <line number="17" hits="0" branch="False" />
            <line number="18" hits="0" branch="False" />
            <line number="19" hits="0" branch="True" condition-coverage="0% (0/2)">
              <conditions>
                <condition number="174" type="jump" coverage="0%" />
              </conditions>
            </line>
            <line number="20" hits="0" branch="False" />
            <line number="21" hits="0" branch="False" />
            <line number="23" hits="0" branch="False" />
            <line number="24" hits="0" branch="False" />
          </lines>
        </class>
        <class name="ProiectMOPS.Applications.QueryHandlers.ReviewQueryHandlers.GetReviewsByProductIDQueryHandler" filename="Desktop\ASP\Proiect-MOPS\Backend\ProiectMOPS\ProiectMOPS.Applications\QueryHandlers\ReviewQueryHandlers\GetReviewsByProductIDQueryHandler.cs" line-rate="0" branch-rate="1" complexity="1">
          <methods>
            <method name=".ctor" signature="(ProiectMOPS.Applications.Abstract.IUnitOfWork)" line-rate="0" branch-rate="1" complexity="1">
              <lines>
                <line number="11" hits="0" branch="False" />
                <line number="12" hits="0" branch="False" />
                <line number="13" hits="0" branch="False" />
                <line number="14" hits="0" branch="False" />
              </lines>
            </method>
          </methods>
          <lines>
            <line number="11" hits="0" branch="False" />
            <line number="12" hits="0" branch="False" />
            <line number="13" hits="0" branch="False" />
            <line number="14" hits="0" branch="False" />
          </lines>
        </class>
        <class name="ProiectMOPS.Applications.QueryHandlers.ReviewQueryHandlers.GetReviewsByProductIDQueryHandler/&lt;Handle&gt;d__2" filename="Desktop\ASP\Proiect-MOPS\Backend\ProiectMOPS\ProiectMOPS.Applications\QueryHandlers\ReviewQueryHandlers\GetReviewsByProductIDQueryHandler.cs" line-rate="0" branch-rate="1" complexity="1">
          <methods>
            <method name="MoveNext" signature="()" line-rate="0" branch-rate="1" complexity="1">
              <lines>
                <line number="16" hits="0" branch="False" />
                <line number="17" hits="0" branch="False" />
                <line number="18" hits="0" branch="False" />
              </lines>
            </method>
          </methods>
          <lines>
            <line number="16" hits="0" branch="False" />
            <line number="17" hits="0" branch="False" />
            <line number="18" hits="0" branch="False" />
          </lines>
        </class>
        <class name="ProiectMOPS.Applications.QueryHandlers.ReviewQueryHandlers.GetReviewsByUserIDQueryHandler" filename="Desktop\ASP\Proiect-MOPS\Backend\ProiectMOPS\ProiectMOPS.Applications\QueryHandlers\ReviewQueryHandlers\GetReviewsByUserIDQueryHandler.cs" line-rate="0" branch-rate="1" complexity="1">
          <methods>
            <method name=".ctor" signature="(ProiectMOPS.Applications.Abstract.IUnitOfWork)" line-rate="0" branch-rate="1" complexity="1">
              <lines>
                <line number="11" hits="0" branch="False" />
                <line number="12" hits="0" branch="False" />
                <line number="13" hits="0" branch="False" />
                <line number="14" hits="0" branch="False" />
              </lines>
            </method>
          </methods>
          <lines>
            <line number="11" hits="0" branch="False" />
            <line number="12" hits="0" branch="False" />
            <line number="13" hits="0" branch="False" />
            <line number="14" hits="0" branch="False" />
          </lines>
        </class>
        <class name="ProiectMOPS.Applications.QueryHandlers.ReviewQueryHandlers.GetReviewsByUserIDQueryHandler/&lt;Handle&gt;d__2" filename="Desktop\ASP\Proiect-MOPS\Backend\ProiectMOPS\ProiectMOPS.Applications\QueryHandlers\ReviewQueryHandlers\GetReviewsByUserIDQueryHandler.cs" line-rate="0" branch-rate="1" complexity="1">
          <methods>
            <method name="MoveNext" signature="()" line-rate="0" branch-rate="1" complexity="1">
              <lines>
                <line number="16" hits="0" branch="False" />
                <line number="17" hits="0" branch="False" />
                <line number="18" hits="0" branch="False" />
              </lines>
            </method>
          </methods>
          <lines>
            <line number="16" hits="0" branch="False" />
            <line number="17" hits="0" branch="False" />
            <line number="18" hits="0" branch="False" />
          </lines>
        </class>
        <class name="ProiectMOPS.Applications.QueryHandlers.ReviewQueryHandlers.GetReviewsQueryHandler" filename="Desktop\ASP\Proiect-MOPS\Backend\ProiectMOPS\ProiectMOPS.Applications\QueryHandlers\ReviewQueryHandlers\GetReviewsQueryHandler.cs" line-rate="0" branch-rate="1" complexity="1">
          <methods>
            <method name=".ctor" signature="(ProiectMOPS.Applications.Abstract.IUnitOfWork)" line-rate="0" branch-rate="1" complexity="1">
              <lines>
                <line number="11" hits="0" branch="False" />
                <line number="12" hits="0" branch="False" />
                <line number="13" hits="0" branch="False" />
                <line number="14" hits="0" branch="False" />
              </lines>
            </method>
          </methods>
          <lines>
            <line number="11" hits="0" branch="False" />
            <line number="12" hits="0" branch="False" />
            <line number="13" hits="0" branch="False" />
            <line number="14" hits="0" branch="False" />
          </lines>
        </class>
        <class name="ProiectMOPS.Applications.QueryHandlers.ReviewQueryHandlers.GetReviewsQueryHandler/&lt;Handle&gt;d__2" filename="Desktop\ASP\Proiect-MOPS\Backend\ProiectMOPS\ProiectMOPS.Applications\QueryHandlers\ReviewQueryHandlers\GetReviewsQueryHandler.cs" line-rate="0" branch-rate="1" complexity="1">
          <methods>
            <method name="MoveNext" signature="()" line-rate="0" branch-rate="1" complexity="1">
              <lines>
                <line number="16" hits="0" branch="False" />
                <line number="17" hits="0" branch="False" />
                <line number="18" hits="0" branch="False" />
              </lines>
            </method>
          </methods>
          <lines>
            <line number="16" hits="0" branch="False" />
            <line number="17" hits="0" branch="False" />
            <line number="18" hits="0" branch="False" />
          </lines>
        </class>
        <class name="ProiectMOPS.Applications.QueryHandlers.ProductQueryHandlers.GetProductByIDQueryHandler" filename="Desktop\ASP\Proiect-MOPS\Backend\ProiectMOPS\ProiectMOPS.Applications\QueryHandlers\ProductQueryHandlers\GetProductByIDQueryHandler.cs" line-rate="0" branch-rate="1" complexity="1">
          <methods>
            <method name=".ctor" signature="(ProiectMOPS.Applications.Abstract.IUnitOfWork)" line-rate="0" branch-rate="1" complexity="1">
              <lines>
                <line number="11" hits="0" branch="False" />
                <line number="12" hits="0" branch="False" />
                <line number="13" hits="0" branch="False" />
                <line number="14" hits="0" branch="False" />
              </lines>
            </method>
          </methods>
          <lines>
            <line number="11" hits="0" branch="False" />
            <line number="12" hits="0" branch="False" />
            <line number="13" hits="0" branch="False" />
            <line number="14" hits="0" branch="False" />
          </lines>
        </class>
        <class name="ProiectMOPS.Applications.QueryHandlers.ProductQueryHandlers.GetProductByIDQueryHandler/&lt;Handle&gt;d__2" filename="Desktop\ASP\Proiect-MOPS\Backend\ProiectMOPS\ProiectMOPS.Applications\QueryHandlers\ProductQueryHandlers\GetProductByIDQueryHandler.cs" line-rate="0" branch-rate="0" complexity="2">
          <methods>
            <method name="MoveNext" signature="()" line-rate="0" branch-rate="0" complexity="2">
              <lines>
                <line number="17" hits="0" branch="False" />
                <line number="18" hits="0" branch="False" />
                <line number="19" hits="0" branch="True" condition-coverage="0% (0/2)">
                  <conditions>
                    <condition number="174" type="jump" coverage="0%" />
                  </conditions>
                </line>
                <line number="20" hits="0" branch="False" />
                <line number="21" hits="0" branch="False" />
                <line number="23" hits="0" branch="False" />
                <line number="24" hits="0" branch="False" />
              </lines>
            </method>
          </methods>
          <lines>
            <line number="17" hits="0" branch="False" />
            <line number="18" hits="0" branch="False" />
            <line number="19" hits="0" branch="True" condition-coverage="0% (0/2)">
              <conditions>
                <condition number="174" type="jump" coverage="0%" />
              </conditions>
            </line>
            <line number="20" hits="0" branch="False" />
            <line number="21" hits="0" branch="False" />
            <line number="23" hits="0" branch="False" />
            <line number="24" hits="0" branch="False" />
          </lines>
        </class>
        <class name="ProiectMOPS.Applications.QueryHandlers.ProductQueryHandlers.GetProductsByUserIDQueryHandler" filename="Desktop\ASP\Proiect-MOPS\Backend\ProiectMOPS\ProiectMOPS.Applications\QueryHandlers\ProductQueryHandlers\GetProductsByUserIDQueryHandler.cs" line-rate="0" branch-rate="1" complexity="1">
          <methods>
            <method name=".ctor" signature="(ProiectMOPS.Applications.Abstract.IUnitOfWork)" line-rate="0" branch-rate="1" complexity="1">
              <lines>
                <line number="11" hits="0" branch="False" />
                <line number="12" hits="0" branch="False" />
                <line number="13" hits="0" branch="False" />
                <line number="14" hits="0" branch="False" />
              </lines>
            </method>
          </methods>
          <lines>
            <line number="11" hits="0" branch="False" />
            <line number="12" hits="0" branch="False" />
            <line number="13" hits="0" branch="False" />
            <line number="14" hits="0" branch="False" />
          </lines>
        </class>
        <class name="ProiectMOPS.Applications.QueryHandlers.ProductQueryHandlers.GetProductsByUserIDQueryHandler/&lt;Handle&gt;d__2" filename="Desktop\ASP\Proiect-MOPS\Backend\ProiectMOPS\ProiectMOPS.Applications\QueryHandlers\ProductQueryHandlers\GetProductsByUserIDQueryHandler.cs" line-rate="0" branch-rate="1" complexity="1">
          <methods>
            <method name="MoveNext" signature="()" line-rate="0" branch-rate="1" complexity="1">
              <lines>
                <line number="16" hits="0" branch="False" />
                <line number="17" hits="0" branch="False" />
                <line number="18" hits="0" branch="False" />
              </lines>
            </method>
          </methods>
          <lines>
            <line number="16" hits="0" branch="False" />
            <line number="17" hits="0" branch="False" />
            <line number="18" hits="0" branch="False" />
          </lines>
        </class>
        <class name="ProiectMOPS.Applications.QueryHandlers.ProductQueryHandlers.GetProductsQueryHandlers" filename="Desktop\ASP\Proiect-MOPS\Backend\ProiectMOPS\ProiectMOPS.Applications\QueryHandlers\ProductQueryHandlers\GetProductsQueryHandlers.cs" line-rate="0" branch-rate="1" complexity="1">
          <methods>
            <method name=".ctor" signature="(ProiectMOPS.Applications.Abstract.IUnitOfWork)" line-rate="0" branch-rate="1" complexity="1">
              <lines>
                <line number="11" hits="0" branch="False" />
                <line number="12" hits="0" branch="False" />
                <line number="13" hits="0" branch="False" />
                <line number="14" hits="0" branch="False" />
              </lines>
            </method>
          </methods>
          <lines>
            <line number="11" hits="0" branch="False" />
            <line number="12" hits="0" branch="False" />
            <line number="13" hits="0" branch="False" />
            <line number="14" hits="0" branch="False" />
          </lines>
        </class>
        <class name="ProiectMOPS.Applications.QueryHandlers.ProductQueryHandlers.GetProductsQueryHandlers/&lt;Handle&gt;d__2" filename="Desktop\ASP\Proiect-MOPS\Backend\ProiectMOPS\ProiectMOPS.Applications\QueryHandlers\ProductQueryHandlers\GetProductsQueryHandlers.cs" line-rate="0" branch-rate="1" complexity="1">
          <methods>
            <method name="MoveNext" signature="()" line-rate="0" branch-rate="1" complexity="1">
              <lines>
                <line number="16" hits="0" branch="False" />
                <line number="17" hits="0" branch="False" />
                <line number="18" hits="0" branch="False" />
              </lines>
            </method>
          </methods>
          <lines>
            <line number="16" hits="0" branch="False" />
            <line number="17" hits="0" branch="False" />
            <line number="18" hits="0" branch="False" />
          </lines>
        </class>
        <class name="ProiectMOPS.Applications.QueryHandlers.ProductImageQueryHandlers.GetProductImageByIDQueryHandler" filename="Desktop\ASP\Proiect-MOPS\Backend\ProiectMOPS\ProiectMOPS.Applications\QueryHandlers\ProductImageQueryHandlers\GetProductImageByIDQueryHandler.cs" line-rate="0" branch-rate="1" complexity="1">
          <methods>
            <method name=".ctor" signature="(ProiectMOPS.Applications.Abstract.IUnitOfWork)" line-rate="0" branch-rate="1" complexity="1">
              <lines>
                <line number="11" hits="0" branch="False" />
                <line number="12" hits="0" branch="False" />
                <line number="13" hits="0" branch="False" />
                <line number="14" hits="0" branch="False" />
              </lines>
            </method>
          </methods>
          <lines>
            <line number="11" hits="0" branch="False" />
            <line number="12" hits="0" branch="False" />
            <line number="13" hits="0" branch="False" />
            <line number="14" hits="0" branch="False" />
          </lines>
        </class>
        <class name="ProiectMOPS.Applications.QueryHandlers.ProductImageQueryHandlers.GetProductImageByIDQueryHandler/&lt;Handle&gt;d__2" filename="Desktop\ASP\Proiect-MOPS\Backend\ProiectMOPS\ProiectMOPS.Applications\QueryHandlers\ProductImageQueryHandlers\GetProductImageByIDQueryHandler.cs" line-rate="0" branch-rate="0" complexity="2">
          <methods>
            <method name="MoveNext" signature="()" line-rate="0" branch-rate="0" complexity="2">
              <lines>
                <line number="17" hits="0" branch="False" />
                <line number="18" hits="0" branch="False" />
                <line number="19" hits="0" branch="True" condition-coverage="0% (0/2)">
                  <conditions>
                    <condition number="174" type="jump" coverage="0%" />
                  </conditions>
                </line>
                <line number="20" hits="0" branch="False" />
                <line number="21" hits="0" branch="False" />
                <line number="23" hits="0" branch="False" />
                <line number="24" hits="0" branch="False" />
              </lines>
            </method>
          </methods>
          <lines>
            <line number="17" hits="0" branch="False" />
            <line number="18" hits="0" branch="False" />
            <line number="19" hits="0" branch="True" condition-coverage="0% (0/2)">
              <conditions>
                <condition number="174" type="jump" coverage="0%" />
              </conditions>
            </line>
            <line number="20" hits="0" branch="False" />
            <line number="21" hits="0" branch="False" />
            <line number="23" hits="0" branch="False" />
            <line number="24" hits="0" branch="False" />
          </lines>
        </class>
        <class name="ProiectMOPS.Applications.QueryHandlers.ProductImageQueryHandlers.GetProductImagesByProductIDQueryHandler" filename="Desktop\ASP\Proiect-MOPS\Backend\ProiectMOPS\ProiectMOPS.Applications\QueryHandlers\ProductImageQueryHandlers\GetProductImagesByProductIDQueryHandler.cs" line-rate="0" branch-rate="1" complexity="1">
          <methods>
            <method name=".ctor" signature="(ProiectMOPS.Applications.Abstract.IUnitOfWork)" line-rate="0" branch-rate="1" complexity="1">
              <lines>
                <line number="11" hits="0" branch="False" />
                <line number="12" hits="0" branch="False" />
                <line number="13" hits="0" branch="False" />
                <line number="14" hits="0" branch="False" />
              </lines>
            </method>
          </methods>
          <lines>
            <line number="11" hits="0" branch="False" />
            <line number="12" hits="0" branch="False" />
            <line number="13" hits="0" branch="False" />
            <line number="14" hits="0" branch="False" />
          </lines>
        </class>
        <class name="ProiectMOPS.Applications.QueryHandlers.ProductImageQueryHandlers.GetProductImagesByProductIDQueryHandler/&lt;Handle&gt;d__2" filename="Desktop\ASP\Proiect-MOPS\Backend\ProiectMOPS\ProiectMOPS.Applications\QueryHandlers\ProductImageQueryHandlers\GetProductImagesByProductIDQueryHandler.cs" line-rate="0" branch-rate="1" complexity="1">
          <methods>
            <method name="MoveNext" signature="()" line-rate="0" branch-rate="1" complexity="1">
              <lines>
                <line number="16" hits="0" branch="False" />
                <line number="17" hits="0" branch="False" />
                <line number="18" hits="0" branch="False" />
              </lines>
            </method>
          </methods>
          <lines>
            <line number="16" hits="0" branch="False" />
            <line number="17" hits="0" branch="False" />
            <line number="18" hits="0" branch="False" />
          </lines>
        </class>
        <class name="ProiectMOPS.Applications.QueryHandlers.ProductImageQueryHandlers.GetProductImagesQueryHandler" filename="Desktop\ASP\Proiect-MOPS\Backend\ProiectMOPS\ProiectMOPS.Applications\QueryHandlers\ProductImageQueryHandlers\GetProductImagesQueryHandler.cs" line-rate="0" branch-rate="1" complexity="1">
          <methods>
            <method name=".ctor" signature="(ProiectMOPS.Applications.Abstract.IUnitOfWork)" line-rate="0" branch-rate="1" complexity="1">
              <lines>
                <line number="11" hits="0" branch="False" />
                <line number="12" hits="0" branch="False" />
                <line number="13" hits="0" branch="False" />
                <line number="14" hits="0" branch="False" />
              </lines>
            </method>
          </methods>
          <lines>
            <line number="11" hits="0" branch="False" />
            <line number="12" hits="0" branch="False" />
            <line number="13" hits="0" branch="False" />
            <line number="14" hits="0" branch="False" />
          </lines>
        </class>
        <class name="ProiectMOPS.Applications.QueryHandlers.ProductImageQueryHandlers.GetProductImagesQueryHandler/&lt;Handle&gt;d__2" filename="Desktop\ASP\Proiect-MOPS\Backend\ProiectMOPS\ProiectMOPS.Applications\QueryHandlers\ProductImageQueryHandlers\GetProductImagesQueryHandler.cs" line-rate="0" branch-rate="1" complexity="1">
          <methods>
            <method name="MoveNext" signature="()" line-rate="0" branch-rate="1" complexity="1">
              <lines>
                <line number="16" hits="0" branch="False" />
                <line number="17" hits="0" branch="False" />
                <line number="18" hits="0" branch="False" />
              </lines>
            </method>
          </methods>
          <lines>
            <line number="16" hits="0" branch="False" />
            <line number="17" hits="0" branch="False" />
            <line number="18" hits="0" branch="False" />
          </lines>
        </class>
        <class name="ProiectMOPS.Applications.Queries.ReviewQueries.GetReviewByIDQuery" filename="Desktop\ASP\Proiect-MOPS\Backend\ProiectMOPS\ProiectMOPS.Applications\Queries\ReviewQueries\GetReviewByIDQuery.cs" line-rate="1" branch-rate="1" complexity="1">
          <methods>
            <method name="get_ReviewID" signature="()" line-rate="1" branch-rate="1" complexity="1">
              <lines>
                <line number="8" hits="1" branch="False" />
              </lines>
            </method>
          </methods>
          <lines>
            <line number="8" hits="1" branch="False" />
          </lines>
        </class>
        <class name="ProiectMOPS.Applications.Queries.ReviewQueries.GetReviewsByProductIDQuery" filename="Desktop\ASP\Proiect-MOPS\Backend\ProiectMOPS\ProiectMOPS.Applications\Queries\ReviewQueries\GetReviewsByProductIDQuery.cs" line-rate="0" branch-rate="1" complexity="1">
          <methods>
            <method name="get_ProductID" signature="()" line-rate="0" branch-rate="1" complexity="1">
              <lines>
                <line number="8" hits="0" branch="False" />
              </lines>
            </method>
          </methods>
          <lines>
            <line number="8" hits="0" branch="False" />
          </lines>
        </class>
        <class name="ProiectMOPS.Applications.Queries.ReviewQueries.GetReviewsByUserIDQuery" filename="Desktop\ASP\Proiect-MOPS\Backend\ProiectMOPS\ProiectMOPS.Applications\Queries\ReviewQueries\GetReviewsByUserIDQuery.cs" line-rate="1" branch-rate="1" complexity="1">
          <methods>
            <method name="get_UserID" signature="()" line-rate="1" branch-rate="1" complexity="1">
              <lines>
                <line number="8" hits="1" branch="False" />
              </lines>
            </method>
          </methods>
          <lines>
            <line number="8" hits="1" branch="False" />
          </lines>
        </class>
        <class name="ProiectMOPS.Applications.Queries.ProductQueries.GetProductByIDQuery" filename="Desktop\ASP\Proiect-MOPS\Backend\ProiectMOPS\ProiectMOPS.Applications\Queries\ProductQueries\GetProductByIDQuery.cs" line-rate="1" branch-rate="1" complexity="1">
          <methods>
            <method name="get_ProductID" signature="()" line-rate="1" branch-rate="1" complexity="1">
              <lines>
                <line number="8" hits="1" branch="False" />
              </lines>
            </method>
          </methods>
          <lines>
            <line number="8" hits="1" branch="False" />
          </lines>
        </class>
        <class name="ProiectMOPS.Applications.Queries.ProductQueries.GetProductsByUserIDQuery" filename="Desktop\ASP\Proiect-MOPS\Backend\ProiectMOPS\ProiectMOPS.Applications\Queries\ProductQueries\GetProductsByUserIDQuery.cs" line-rate="1" branch-rate="1" complexity="1">
          <methods>
            <method name="get_UserID" signature="()" line-rate="1" branch-rate="1" complexity="1">
              <lines>
                <line number="8" hits="1" branch="False" />
              </lines>
            </method>
          </methods>
          <lines>
            <line number="8" hits="1" branch="False" />
          </lines>
        </class>
        <class name="ProiectMOPS.Applications.Queries.ProductImageQueries.GetProductImageByIDQuery" filename="Desktop\ASP\Proiect-MOPS\Backend\ProiectMOPS\ProiectMOPS.Applications\Queries\ProductImageQueries\GetProductImageByIDQuery.cs" line-rate="1" branch-rate="1" complexity="1">
          <methods>
            <method name="get_ProductImageID" signature="()" line-rate="1" branch-rate="1" complexity="1">
              <lines>
                <line number="8" hits="1" branch="False" />
              </lines>
            </method>
          </methods>
          <lines>
            <line number="8" hits="1" branch="False" />
          </lines>
        </class>
        <class name="ProiectMOPS.Applications.Queries.ProductImageQueries.GetProductImagesByProductIDQuery" filename="Desktop\ASP\Proiect-MOPS\Backend\ProiectMOPS\ProiectMOPS.Applications\Queries\ProductImageQueries\GetProductImagesByProductIDQuery.cs" line-rate="1" branch-rate="1" complexity="1">
          <methods>
            <method name="get_ProductID" signature="()" line-rate="1" branch-rate="1" complexity="1">
              <lines>
                <line number="8" hits="1" branch="False" />
              </lines>
            </method>
          </methods>
          <lines>
            <line number="8" hits="1" branch="False" />
          </lines>
        </class>
        <class name="ProiectMOPS.Applications.Commands.ReviewCommands.CreateReviewCommand" filename="Desktop\ASP\Proiect-MOPS\Backend\ProiectMOPS\ProiectMOPS.Applications\Commands\ReviewCommands\CreateReviewCommand.cs" line-rate="0.7777" branch-rate="1" complexity="5">
          <methods>
            <method name="get_Description" signature="()" line-rate="1" branch-rate="1" complexity="1">
              <lines>
                <line number="11" hits="6" branch="False" />
              </lines>
            </method>
            <method name="get_UserID" signature="()" line-rate="0" branch-rate="1" complexity="1">
              <lines>
                <line number="12" hits="0" branch="False" />
              </lines>
            </method>
            <method name="get_StarNumber" signature="()" line-rate="1" branch-rate="1" complexity="1">
              <lines>
                <line number="13" hits="6" branch="False" />
              </lines>
            </method>
            <method name="get_ProductID" signature="()" line-rate="0" branch-rate="1" complexity="1">
              <lines>
                <line number="14" hits="0" branch="False" />
              </lines>
            </method>
            <method name=".ctor" signature="(ProiectMOPS.Domain.DTOs.CreateReviewDTO)" line-rate="1" branch-rate="1" complexity="1">
              <lines>
                <line number="16" hits="6" branch="False" />
                <line number="17" hits="6" branch="False" />
                <line number="19" hits="6" branch="False" />
                <line number="20" hits="6" branch="False" />
                <line number="21" hits="6" branch="False" />
              </lines>
            </method>
          </methods>
          <lines>
            <line number="11" hits="6" branch="False" />
            <line number="12" hits="0" branch="False" />
            <line number="13" hits="6" branch="False" />
            <line number="14" hits="0" branch="False" />
            <line number="16" hits="6" branch="False" />
            <line number="17" hits="6" branch="False" />
            <line number="19" hits="6" branch="False" />
            <line number="20" hits="6" branch="False" />
            <line number="21" hits="6" branch="False" />
          </lines>
        </class>
        <class name="ProiectMOPS.Applications.Commands.ReviewCommands.DeleteReviewCommand" filename="Desktop\ASP\Proiect-MOPS\Backend\ProiectMOPS\ProiectMOPS.Applications\Commands\ReviewCommands\DeleteReviewCommand.cs" line-rate="1" branch-rate="1" complexity="1">
          <methods>
            <method name="get_ReviewID" signature="()" line-rate="1" branch-rate="1" complexity="1">
              <lines>
                <line number="8" hits="7" branch="False" />
              </lines>
            </method>
          </methods>
          <lines>
            <line number="8" hits="7" branch="False" />
          </lines>
        </class>
        <class name="ProiectMOPS.Applications.Commands.ReviewCommands.UpdateReviewCommand" filename="Desktop\ASP\Proiect-MOPS\Backend\ProiectMOPS\ProiectMOPS.Applications\Commands\ReviewCommands\UpdateReviewCommand.cs" line-rate="1" branch-rate="1" complexity="3">
          <methods>
            <method name="get_Description" signature="()" line-rate="1" branch-rate="1" complexity="1">
              <lines>
                <line number="8" hits="7" branch="False" />
              </lines>
            </method>
            <method name="get_StarNumber" signature="()" line-rate="1" branch-rate="1" complexity="1">
              <lines>
                <line number="9" hits="7" branch="False" />
              </lines>
            </method>
            <method name="get_ReviewID" signature="()" line-rate="1" branch-rate="1" complexity="1">
              <lines>
                <line number="10" hits="7" branch="False" />
              </lines>
            </method>
          </methods>
          <lines>
            <line number="8" hits="7" branch="False" />
            <line number="9" hits="7" branch="False" />
            <line number="10" hits="7" branch="False" />
          </lines>
        </class>
        <class name="ProiectMOPS.Applications.Commands.ProductImageCommands.CreateProductImageCommand" filename="Desktop\ASP\Proiect-MOPS\Backend\ProiectMOPS\ProiectMOPS.Applications\Commands\ProductImageCommands\CreateProductImageCommand.cs" line-rate="1" branch-rate="1" complexity="3">
          <methods>
            <method name="get_URL" signature="()" line-rate="1" branch-rate="1" complexity="1">
              <lines>
                <line number="9" hits="5" branch="False" />
              </lines>
            </method>
            <method name="get_ProductID" signature="()" line-rate="1" branch-rate="1" complexity="1">
              <lines>
                <line number="10" hits="5" branch="False" />
              </lines>
            </method>
            <method name=".ctor" signature="(ProiectMOPS.Domain.DTOs.CreateProductImageDTO)" line-rate="1" branch-rate="1" complexity="1">
              <lines>
                <line number="11" hits="5" branch="False" />
                <line number="12" hits="5" branch="False" />
                <line number="13" hits="5" branch="False" />
                <line number="14" hits="5" branch="False" />
                <line number="15" hits="5" branch="False" />
              </lines>
            </method>
          </methods>
          <lines>
            <line number="9" hits="5" branch="False" />
            <line number="10" hits="5" branch="False" />
            <line number="11" hits="5" branch="False" />
            <line number="12" hits="5" branch="False" />
            <line number="13" hits="5" branch="False" />
            <line number="14" hits="5" branch="False" />
            <line number="15" hits="5" branch="False" />
          </lines>
        </class>
        <class name="ProiectMOPS.Applications.Commands.ProductImageCommands.DeleteProductImageCommand" filename="Desktop\ASP\Proiect-MOPS\Backend\ProiectMOPS\ProiectMOPS.Applications\Commands\ProductImageCommands\DeleteProductImageCommand.cs" line-rate="1" branch-rate="1" complexity="1">
          <methods>
            <method name="get_ProductImageID" signature="()" line-rate="1" branch-rate="1" complexity="1">
              <lines>
                <line number="8" hits="6" branch="False" />
              </lines>
            </method>
          </methods>
          <lines>
            <line number="8" hits="6" branch="False" />
          </lines>
        </class>
        <class name="ProiectMOPS.Applications.Commands.ProductCommands.CreateProductCommand" filename="Desktop\ASP\Proiect-MOPS\Backend\ProiectMOPS\ProiectMOPS.Applications\Commands\ProductCommands\CreateProductCommand.cs" line-rate="0.9166" branch-rate="1" complexity="6">
          <methods>
            <method name="get_UserID" signature="()" line-rate="1" branch-rate="1" complexity="1">
              <lines>
                <line number="17" hits="6" branch="False" />
              </lines>
            </method>
            <method name="get_Price" signature="()" line-rate="1" branch-rate="1" complexity="1">
              <lines>
                <line number="18" hits="6" branch="False" />
              </lines>
            </method>
            <method name="get_Description" signature="()" line-rate="1" branch-rate="1" complexity="1">
              <lines>
                <line number="19" hits="6" branch="False" />
              </lines>
            </method>
            <method name="get_Name" signature="()" line-rate="1" branch-rate="1" complexity="1">
              <lines>
                <line number="20" hits="6" branch="False" />
              </lines>
            </method>
            <method name=".ctor" signature="()" line-rate="0" branch-rate="1" complexity="1">
              <lines>
                <line number="9" hits="0" branch="False" />
              </lines>
            </method>
            <method name=".ctor" signature="(ProiectMOPS.Domain.DTOs.CreateProductDTO)" line-rate="1" branch-rate="1" complexity="1">
              <lines>
                <line number="10" hits="6" branch="False" />
                <line number="11" hits="6" branch="False" />
                <line number="12" hits="6" branch="False" />
                <line number="13" hits="6" branch="False" />
                <line number="14" hits="6" branch="False" />
                <line number="15" hits="6" branch="False" />
                <line number="16" hits="6" branch="False" />
              </lines>
            </method>
          </methods>
          <lines>
            <line number="17" hits="6" branch="False" />
            <line number="18" hits="6" branch="False" />
            <line number="19" hits="6" branch="False" />
            <line number="20" hits="6" branch="False" />
            <line number="9" hits="0" branch="False" />
            <line number="10" hits="6" branch="False" />
            <line number="11" hits="6" branch="False" />
            <line number="12" hits="6" branch="False" />
            <line number="13" hits="6" branch="False" />
            <line number="14" hits="6" branch="False" />
            <line number="15" hits="6" branch="False" />
            <line number="16" hits="6" branch="False" />
          </lines>
        </class>
        <class name="ProiectMOPS.Applications.Commands.ProductCommands.DeleteProductCommand" filename="Desktop\ASP\Proiect-MOPS\Backend\ProiectMOPS\ProiectMOPS.Applications\Commands\ProductCommands\DeleteProductCommand.cs" line-rate="1" branch-rate="1" complexity="1">
          <methods>
            <method name="get_ProductID" signature="()" line-rate="1" branch-rate="1" complexity="1">
              <lines>
                <line number="8" hits="7" branch="False" />
              </lines>
            </method>
          </methods>
          <lines>
            <line number="8" hits="7" branch="False" />
          </lines>
        </class>
        <class name="ProiectMOPS.Applications.Commands.ProductCommands.UpdateProductCommand" filename="Desktop\ASP\Proiect-MOPS\Backend\ProiectMOPS\ProiectMOPS.Applications\Commands\ProductCommands\UpdateProductCommand.cs" line-rate="1" branch-rate="1" complexity="5">
          <methods>
            <method name="get_ProductID" signature="()" line-rate="1" branch-rate="1" complexity="1">
              <lines>
                <line number="8" hits="7" branch="False" />
              </lines>
            </method>
            <method name="get_UserID" signature="()" line-rate="1" branch-rate="1" complexity="1">
              <lines>
                <line number="9" hits="7" branch="False" />
              </lines>
            </method>
            <method name="get_Price" signature="()" line-rate="1" branch-rate="1" complexity="1">
              <lines>
                <line number="10" hits="7" branch="False" />
              </lines>
            </method>
            <method name="get_Description" signature="()" line-rate="1" branch-rate="1" complexity="1">
              <lines>
                <line number="11" hits="7" branch="False" />
              </lines>
            </method>
            <method name="get_Name" signature="()" line-rate="1" branch-rate="1" complexity="1">
              <lines>
                <line number="12" hits="7" branch="False" />
              </lines>
            </method>
          </methods>
          <lines>
            <line number="8" hits="7" branch="False" />
            <line number="9" hits="7" branch="False" />
            <line number="10" hits="7" branch="False" />
            <line number="11" hits="7" branch="False" />
            <line number="12" hits="7" branch="False" />
          </lines>
        </class>
        <class name="ProiectMOPS.Applications.CommandHandlers.ReviewCommandHandlers.CreateReviewCommandHandler" filename="Desktop\ASP\Proiect-MOPS\Backend\ProiectMOPS\ProiectMOPS.Applications\CommandHandlers\ReviewCommandHandlers\CreateReviewCommandHandler.cs" line-rate="0" branch-rate="1" complexity="1">
          <methods>
            <method name=".ctor" signature="(ProiectMOPS.Applications.Abstract.IUnitOfWork)" line-rate="0" branch-rate="1" complexity="1">
              <lines>
                <line number="12" hits="0" branch="False" />
                <line number="13" hits="0" branch="False" />
                <line number="14" hits="0" branch="False" />
                <line number="15" hits="0" branch="False" />
              </lines>
            </method>
          </methods>
          <lines>
            <line number="12" hits="0" branch="False" />
            <line number="13" hits="0" branch="False" />
            <line number="14" hits="0" branch="False" />
            <line number="15" hits="0" branch="False" />
          </lines>
        </class>
        <class name="ProiectMOPS.Applications.CommandHandlers.ReviewCommandHandlers.CreateReviewCommandHandler/&lt;Handle&gt;d__2" filename="Desktop\ASP\Proiect-MOPS\Backend\ProiectMOPS\ProiectMOPS.Applications\CommandHandlers\ReviewCommandHandlers\CreateReviewCommandHandler.cs" line-rate="0" branch-rate="0" complexity="2">
          <methods>
            <method name="MoveNext" signature="()" line-rate="0" branch-rate="0" complexity="2">
              <lines>
                <line number="18" hits="0" branch="False" />
                <line number="19" hits="0" branch="False" />
                <line number="21" hits="0" branch="True" condition-coverage="0% (0/2)">
                  <conditions>
                    <condition number="199" type="jump" coverage="0%" />
                  </conditions>
                </line>
                <line number="22" hits="0" branch="False" />
                <line number="23" hits="0" branch="False" />
                <line number="26" hits="0" branch="False" />
                <line number="27" hits="0" branch="False" />
                <line number="28" hits="0" branch="False" />
                <line number="29" hits="0" branch="False" />
                <line number="30" hits="0" branch="False" />
                <line number="31" hits="0" branch="False" />
                <line number="32" hits="0" branch="False" />
                <line number="34" hits="0" branch="False" />
                <line number="35" hits="0" branch="False" />
                <line number="36" hits="0" branch="False" />
                <line number="37" hits="0" branch="False" />
              </lines>
            </method>
          </methods>
          <lines>
            <line number="18" hits="0" branch="False" />
            <line number="19" hits="0" branch="False" />
            <line number="21" hits="0" branch="True" condition-coverage="0% (0/2)">
              <conditions>
                <condition number="199" type="jump" coverage="0%" />
              </conditions>
            </line>
            <line number="22" hits="0" branch="False" />
            <line number="23" hits="0" branch="False" />
            <line number="26" hits="0" branch="False" />
            <line number="27" hits="0" branch="False" />
            <line number="28" hits="0" branch="False" />
            <line number="29" hits="0" branch="False" />
            <line number="30" hits="0" branch="False" />
            <line number="31" hits="0" branch="False" />
            <line number="32" hits="0" branch="False" />
            <line number="34" hits="0" branch="False" />
            <line number="35" hits="0" branch="False" />
            <line number="36" hits="0" branch="False" />
            <line number="37" hits="0" branch="False" />
          </lines>
        </class>
        <class name="ProiectMOPS.Applications.CommandHandlers.ReviewCommandHandlers.DeleteReviewCommandHandler" filename="Desktop\ASP\Proiect-MOPS\Backend\ProiectMOPS\ProiectMOPS.Applications\CommandHandlers\ReviewCommandHandlers\DeleteReviewCommandHandler.cs" line-rate="0" branch-rate="1" complexity="1">
          <methods>
            <method name=".ctor" signature="(ProiectMOPS.Applications.Abstract.IUnitOfWork)" line-rate="0" branch-rate="1" complexity="1">
              <lines>
                <line number="11" hits="0" branch="False" />
                <line number="12" hits="0" branch="False" />
                <line number="13" hits="0" branch="False" />
                <line number="14" hits="0" branch="False" />
              </lines>
            </method>
          </methods>
          <lines>
            <line number="11" hits="0" branch="False" />
            <line number="12" hits="0" branch="False" />
            <line number="13" hits="0" branch="False" />
            <line number="14" hits="0" branch="False" />
          </lines>
        </class>
        <class name="ProiectMOPS.Applications.CommandHandlers.ReviewCommandHandlers.DeleteReviewCommandHandler/&lt;Handle&gt;d__2" filename="Desktop\ASP\Proiect-MOPS\Backend\ProiectMOPS\ProiectMOPS.Applications\CommandHandlers\ReviewCommandHandlers\DeleteReviewCommandHandler.cs" line-rate="0" branch-rate="0" complexity="2">
          <methods>
            <method name="MoveNext" signature="()" line-rate="0" branch-rate="0" complexity="2">
              <lines>
                <line number="17" hits="0" branch="False" />
                <line number="18" hits="0" branch="False" />
                <line number="19" hits="0" branch="True" condition-coverage="0% (0/2)">
                  <conditions>
                    <condition number="185" type="jump" coverage="0%" />
                  </conditions>
                </line>
                <line number="20" hits="0" branch="False" />
                <line number="21" hits="0" branch="False" />
                <line number="23" hits="0" branch="False" />
                <line number="24" hits="0" branch="False" />
                <line number="25" hits="0" branch="False" />
                <line number="26" hits="0" branch="False" />
              </lines>
            </method>
          </methods>
          <lines>
            <line number="17" hits="0" branch="False" />
            <line number="18" hits="0" branch="False" />
            <line number="19" hits="0" branch="True" condition-coverage="0% (0/2)">
              <conditions>
                <condition number="185" type="jump" coverage="0%" />
              </conditions>
            </line>
            <line number="20" hits="0" branch="False" />
            <line number="21" hits="0" branch="False" />
            <line number="23" hits="0" branch="False" />
            <line number="24" hits="0" branch="False" />
            <line number="25" hits="0" branch="False" />
            <line number="26" hits="0" branch="False" />
          </lines>
        </class>
        <class name="ProiectMOPS.Applications.CommandHandlers.ReviewCommandHandlers.UpdateReviewCommandHandler" filename="Desktop\ASP\Proiect-MOPS\Backend\ProiectMOPS\ProiectMOPS.Applications\CommandHandlers\ReviewCommandHandlers\UpdateReviewCommandHandler.cs" line-rate="0" branch-rate="1" complexity="1">
          <methods>
            <method name=".ctor" signature="(ProiectMOPS.Applications.Abstract.IUnitOfWork)" line-rate="0" branch-rate="1" complexity="1">
              <lines>
                <line number="11" hits="0" branch="False" />
                <line number="12" hits="0" branch="False" />
                <line number="13" hits="0" branch="False" />
                <line number="14" hits="0" branch="False" />
              </lines>
            </method>
          </methods>
          <lines>
            <line number="11" hits="0" branch="False" />
            <line number="12" hits="0" branch="False" />
            <line number="13" hits="0" branch="False" />
            <line number="14" hits="0" branch="False" />
          </lines>
        </class>
        <class name="ProiectMOPS.Applications.CommandHandlers.ReviewCommandHandlers.UpdateReviewCommandHandler/&lt;Handle&gt;d__2" filename="Desktop\ASP\Proiect-MOPS\Backend\ProiectMOPS\ProiectMOPS.Applications\CommandHandlers\ReviewCommandHandlers\UpdateReviewCommandHandler.cs" line-rate="0" branch-rate="0" complexity="2">
          <methods>
            <method name="MoveNext" signature="()" line-rate="0" branch-rate="0" complexity="2">
              <lines>
                <line number="17" hits="0" branch="False" />
                <line number="18" hits="0" branch="False" />
                <line number="19" hits="0" branch="True" condition-coverage="0% (0/2)">
                  <conditions>
                    <condition number="199" type="jump" coverage="0%" />
                  </conditions>
                </line>
                <line number="20" hits="0" branch="False" />
                <line number="21" hits="0" branch="False" />
                <line number="24" hits="0" branch="False" />
                <line number="25" hits="0" branch="False" />
                <line number="26" hits="0" branch="False" />
                <line number="27" hits="0" branch="False" />
                <line number="28" hits="0" branch="False" />
                <line number="29" hits="0" branch="False" />
                <line number="30" hits="0" branch="False" />
              </lines>
            </method>
          </methods>
          <lines>
            <line number="17" hits="0" branch="False" />
            <line number="18" hits="0" branch="False" />
            <line number="19" hits="0" branch="True" condition-coverage="0% (0/2)">
              <conditions>
                <condition number="199" type="jump" coverage="0%" />
              </conditions>
            </line>
            <line number="20" hits="0" branch="False" />
            <line number="21" hits="0" branch="False" />
            <line number="24" hits="0" branch="False" />
            <line number="25" hits="0" branch="False" />
            <line number="26" hits="0" branch="False" />
            <line number="27" hits="0" branch="False" />
            <line number="28" hits="0" branch="False" />
            <line number="29" hits="0" branch="False" />
            <line number="30" hits="0" branch="False" />
          </lines>
        </class>
        <class name="ProiectMOPS.Applications.CommandHandlers.ProductImageCommandHandlers.CreateProductImageCommandHandler" filename="Desktop\ASP\Proiect-MOPS\Backend\ProiectMOPS\ProiectMOPS.Applications\CommandHandlers\ProductImageCommandHandlers\CreateProductImageCommandHandler.cs" line-rate="0" branch-rate="1" complexity="1">
          <methods>
            <method name=".ctor" signature="(ProiectMOPS.Applications.Abstract.IUnitOfWork)" line-rate="0" branch-rate="1" complexity="1">
              <lines>
                <line number="12" hits="0" branch="False" />
                <line number="13" hits="0" branch="False" />
                <line number="14" hits="0" branch="False" />
                <line number="15" hits="0" branch="False" />
              </lines>
            </method>
          </methods>
          <lines>
            <line number="12" hits="0" branch="False" />
            <line number="13" hits="0" branch="False" />
            <line number="14" hits="0" branch="False" />
            <line number="15" hits="0" branch="False" />
          </lines>
        </class>
        <class name="ProiectMOPS.Applications.CommandHandlers.ProductImageCommandHandlers.CreateProductImageCommandHandler/&lt;Handle&gt;d__2" filename="Desktop\ASP\Proiect-MOPS\Backend\ProiectMOPS\ProiectMOPS.Applications\CommandHandlers\ProductImageCommandHandlers\CreateProductImageCommandHandler.cs" line-rate="0" branch-rate="1" complexity="1">
          <methods>
            <method name="MoveNext" signature="()" line-rate="0" branch-rate="1" complexity="1">
              <lines>
                <line number="18" hits="0" branch="False" />
                <line number="19" hits="0" branch="False" />
                <line number="20" hits="0" branch="False" />
                <line number="21" hits="0" branch="False" />
                <line number="23" hits="0" branch="False" />
                <line number="24" hits="0" branch="False" />
                <line number="25" hits="0" branch="False" />
                <line number="26" hits="0" branch="False" />
              </lines>
            </method>
          </methods>
          <lines>
            <line number="18" hits="0" branch="False" />
            <line number="19" hits="0" branch="False" />
            <line number="20" hits="0" branch="False" />
            <line number="21" hits="0" branch="False" />
            <line number="23" hits="0" branch="False" />
            <line number="24" hits="0" branch="False" />
            <line number="25" hits="0" branch="False" />
            <line number="26" hits="0" branch="False" />
          </lines>
        </class>
        <class name="ProiectMOPS.Applications.CommandHandlers.ProductImageCommandHandlers.DeleteProductImageCommandHandler" filename="Desktop\ASP\Proiect-MOPS\Backend\ProiectMOPS\ProiectMOPS.Applications\CommandHandlers\ProductImageCommandHandlers\DeleteProductImageCommandHandler.cs" line-rate="0" branch-rate="1" complexity="1">
          <methods>
            <method name=".ctor" signature="(ProiectMOPS.Applications.Abstract.IUnitOfWork)" line-rate="0" branch-rate="1" complexity="1">
              <lines>
                <line number="11" hits="0" branch="False" />
                <line number="12" hits="0" branch="False" />
                <line number="13" hits="0" branch="False" />
                <line number="14" hits="0" branch="False" />
              </lines>
            </method>
          </methods>
          <lines>
            <line number="11" hits="0" branch="False" />
            <line number="12" hits="0" branch="False" />
            <line number="13" hits="0" branch="False" />
            <line number="14" hits="0" branch="False" />
          </lines>
        </class>
        <class name="ProiectMOPS.Applications.CommandHandlers.ProductImageCommandHandlers.DeleteProductImageCommandHandler/&lt;Handle&gt;d__2" filename="Desktop\ASP\Proiect-MOPS\Backend\ProiectMOPS\ProiectMOPS.Applications\CommandHandlers\ProductImageCommandHandlers\DeleteProductImageCommandHandler.cs" line-rate="0" branch-rate="0" complexity="2">
          <methods>
            <method name="MoveNext" signature="()" line-rate="0" branch-rate="0" complexity="2">
              <lines>
                <line number="17" hits="0" branch="False" />
                <line number="18" hits="0" branch="False" />
                <line number="19" hits="0" branch="True" condition-coverage="0% (0/2)">
                  <conditions>
                    <condition number="185" type="jump" coverage="0%" />
                  </conditions>
                </line>
                <line number="20" hits="0" branch="False" />
                <line number="21" hits="0" branch="False" />
                <line number="23" hits="0" branch="False" />
                <line number="24" hits="0" branch="False" />
                <line number="25" hits="0" branch="False" />
                <line number="26" hits="0" branch="False" />
              </lines>
            </method>
          </methods>
          <lines>
            <line number="17" hits="0" branch="False" />
            <line number="18" hits="0" branch="False" />
            <line number="19" hits="0" branch="True" condition-coverage="0% (0/2)">
              <conditions>
                <condition number="185" type="jump" coverage="0%" />
              </conditions>
            </line>
            <line number="20" hits="0" branch="False" />
            <line number="21" hits="0" branch="False" />
            <line number="23" hits="0" branch="False" />
            <line number="24" hits="0" branch="False" />
            <line number="25" hits="0" branch="False" />
            <line number="26" hits="0" branch="False" />
          </lines>
        </class>
        <class name="ProiectMOPS.Applications.CommandHandlers.ProductCommandHandlers.CreateProductCommandHandlers" filename="Desktop\ASP\Proiect-MOPS\Backend\ProiectMOPS\ProiectMOPS.Applications\CommandHandlers\ProductCommandHandlers\CreateProductCommandHandlers.cs" line-rate="0" branch-rate="1" complexity="1">
          <methods>
            <method name=".ctor" signature="(ProiectMOPS.Applications.Abstract.IUnitOfWork)" line-rate="0" branch-rate="1" complexity="1">
              <lines>
                <line number="11" hits="0" branch="False" />
                <line number="12" hits="0" branch="False" />
                <line number="13" hits="0" branch="False" />
                <line number="14" hits="0" branch="False" />
              </lines>
            </method>
          </methods>
          <lines>
            <line number="11" hits="0" branch="False" />
            <line number="12" hits="0" branch="False" />
            <line number="13" hits="0" branch="False" />
            <line number="14" hits="0" branch="False" />
          </lines>
        </class>
        <class name="ProiectMOPS.Applications.CommandHandlers.ProductCommandHandlers.CreateProductCommandHandlers/&lt;Handle&gt;d__2" filename="Desktop\ASP\Proiect-MOPS\Backend\ProiectMOPS\ProiectMOPS.Applications\CommandHandlers\ProductCommandHandlers\CreateProductCommandHandlers.cs" line-rate="0" branch-rate="1" complexity="1">
          <methods>
            <method name="MoveNext" signature="()" line-rate="0" branch-rate="1" complexity="1">
              <lines>
                <line number="17" hits="0" branch="False" />
                <line number="18" hits="0" branch="False" />
                <line number="19" hits="0" branch="False" />
                <line number="20" hits="0" branch="False" />
                <line number="21" hits="0" branch="False" />
                <line number="22" hits="0" branch="False" />
                <line number="23" hits="0" branch="False" />
                <line number="24" hits="0" branch="False" />
                <line number="26" hits="0" branch="False" />
                <line number="27" hits="0" branch="False" />
                <line number="28" hits="0" branch="False" />
                <line number="29" hits="0" branch="False" />
              </lines>
            </method>
          </methods>
          <lines>
            <line number="17" hits="0" branch="False" />
            <line number="18" hits="0" branch="False" />
            <line number="19" hits="0" branch="False" />
            <line number="20" hits="0" branch="False" />
            <line number="21" hits="0" branch="False" />
            <line number="22" hits="0" branch="False" />
            <line number="23" hits="0" branch="False" />
            <line number="24" hits="0" branch="False" />
            <line number="26" hits="0" branch="False" />
            <line number="27" hits="0" branch="False" />
            <line number="28" hits="0" branch="False" />
            <line number="29" hits="0" branch="False" />
          </lines>
        </class>
        <class name="ProiectMOPS.Applications.CommandHandlers.ProductCommandHandlers.DeleteProductCommandHandler" filename="Desktop\ASP\Proiect-MOPS\Backend\ProiectMOPS\ProiectMOPS.Applications\CommandHandlers\ProductCommandHandlers\DeleteProductCommandHandler.cs" line-rate="0" branch-rate="1" complexity="1">
          <methods>
            <method name=".ctor" signature="(ProiectMOPS.Applications.Abstract.IUnitOfWork)" line-rate="0" branch-rate="1" complexity="1">
              <lines>
                <line number="11" hits="0" branch="False" />
                <line number="12" hits="0" branch="False" />
                <line number="13" hits="0" branch="False" />
                <line number="14" hits="0" branch="False" />
              </lines>
            </method>
          </methods>
          <lines>
            <line number="11" hits="0" branch="False" />
            <line number="12" hits="0" branch="False" />
            <line number="13" hits="0" branch="False" />
            <line number="14" hits="0" branch="False" />
          </lines>
        </class>
        <class name="ProiectMOPS.Applications.CommandHandlers.ProductCommandHandlers.DeleteProductCommandHandler/&lt;Handle&gt;d__2" filename="Desktop\ASP\Proiect-MOPS\Backend\ProiectMOPS\ProiectMOPS.Applications\CommandHandlers\ProductCommandHandlers\DeleteProductCommandHandler.cs" line-rate="0" branch-rate="0" complexity="2">
          <methods>
            <method name="MoveNext" signature="()" line-rate="0" branch-rate="0" complexity="2">
              <lines>
                <line number="17" hits="0" branch="False" />
                <line number="18" hits="0" branch="False" />
                <line number="19" hits="0" branch="True" condition-coverage="0% (0/2)">
                  <conditions>
                    <condition number="185" type="jump" coverage="0%" />
                  </conditions>
                </line>
                <line number="20" hits="0" branch="False" />
                <line number="21" hits="0" branch="False" />
                <line number="23" hits="0" branch="False" />
                <line number="24" hits="0" branch="False" />
                <line number="25" hits="0" branch="False" />
                <line number="26" hits="0" branch="False" />
              </lines>
            </method>
          </methods>
          <lines>
            <line number="17" hits="0" branch="False" />
            <line number="18" hits="0" branch="False" />
            <line number="19" hits="0" branch="True" condition-coverage="0% (0/2)">
              <conditions>
                <condition number="185" type="jump" coverage="0%" />
              </conditions>
            </line>
            <line number="20" hits="0" branch="False" />
            <line number="21" hits="0" branch="False" />
            <line number="23" hits="0" branch="False" />
            <line number="24" hits="0" branch="False" />
            <line number="25" hits="0" branch="False" />
            <line number="26" hits="0" branch="False" />
          </lines>
        </class>
        <class name="ProiectMOPS.Applications.CommandHandlers.ProductCommandHandlers.UpdateProductCommandHandlers" filename="Desktop\ASP\Proiect-MOPS\Backend\ProiectMOPS\ProiectMOPS.Applications\CommandHandlers\ProductCommandHandlers\UpdateProductCommandHandlers.cs" line-rate="0" branch-rate="1" complexity="1">
          <methods>
            <method name=".ctor" signature="(ProiectMOPS.Applications.Abstract.IUnitOfWork)" line-rate="0" branch-rate="1" complexity="1">
              <lines>
                <line number="11" hits="0" branch="False" />
                <line number="12" hits="0" branch="False" />
                <line number="13" hits="0" branch="False" />
                <line number="14" hits="0" branch="False" />
              </lines>
            </method>
          </methods>
          <lines>
            <line number="11" hits="0" branch="False" />
            <line number="12" hits="0" branch="False" />
            <line number="13" hits="0" branch="False" />
            <line number="14" hits="0" branch="False" />
          </lines>
        </class>
        <class name="ProiectMOPS.Applications.CommandHandlers.ProductCommandHandlers.UpdateProductCommandHandlers/&lt;Handle&gt;d__2" filename="Desktop\ASP\Proiect-MOPS\Backend\ProiectMOPS\ProiectMOPS.Applications\CommandHandlers\ProductCommandHandlers\UpdateProductCommandHandlers.cs" line-rate="0" branch-rate="0" complexity="2">
          <methods>
            <method name="MoveNext" signature="()" line-rate="0" branch-rate="0" complexity="2">
              <lines>
                <line number="17" hits="0" branch="False" />
                <line number="18" hits="0" branch="False" />
                <line number="19" hits="0" branch="True" condition-coverage="0% (0/2)">
                  <conditions>
                    <condition number="199" type="jump" coverage="0%" />
                  </conditions>
                </line>
                <line number="20" hits="0" branch="False" />
                <line number="21" hits="0" branch="False" />
                <line number="24" hits="0" branch="False" />
                <line number="25" hits="0" branch="False" />
                <line number="26" hits="0" branch="False" />
                <line number="27" hits="0" branch="False" />
                <line number="28" hits="0" branch="False" />
                <line number="29" hits="0" branch="False" />
                <line number="30" hits="0" branch="False" />
                <line number="31" hits="0" branch="False" />
              </lines>
            </method>
          </methods>
          <lines>
            <line number="17" hits="0" branch="False" />
            <line number="18" hits="0" branch="False" />
            <line number="19" hits="0" branch="True" condition-coverage="0% (0/2)">
              <conditions>
                <condition number="199" type="jump" coverage="0%" />
              </conditions>
            </line>
            <line number="20" hits="0" branch="False" />
            <line number="21" hits="0" branch="False" />
            <line number="24" hits="0" branch="False" />
            <line number="25" hits="0" branch="False" />
            <line number="26" hits="0" branch="False" />
            <line number="27" hits="0" branch="False" />
            <line number="28" hits="0" branch="False" />
            <line number="29" hits="0" branch="False" />
            <line number="30" hits="0" branch="False" />
            <line number="31" hits="0" branch="False" />
          </lines>
        </class>
      </classes>
    </package>
    <package name="ProiectMOPS.Domain" line-rate="0.9079999999999999" branch-rate="1" complexity="68">
      <classes>
        <class name="ProiectMOPS.Domain.Models.Product" filename="Desktop\ASP\Proiect-MOPS\Backend\ProiectMOPS\ProiectMOPS\Models\Product.cs" line-rate="0.7272" branch-rate="1" complexity="11">
          <methods>
            <method name="get_ProductID" signature="()" line-rate="1" branch-rate="1" complexity="1">
              <lines>
                <line number="5" hits="113" branch="False" />
              </lines>
            </method>
            <method name="get_Price" signature="()" line-rate="1" branch-rate="1" complexity="1">
              <lines>
                <line number="6" hits="95" branch="False" />
              </lines>
            </method>
            <method name="get_Name" signature="()" line-rate="1" branch-rate="1" complexity="1">
              <lines>
                <line number="7" hits="95" branch="False" />
              </lines>
            </method>
            <method name="get_Description" signature="()" line-rate="1" branch-rate="1" complexity="1">
              <lines>
                <line number="8" hits="95" branch="False" />
              </lines>
            </method>
            <method name="get_CreateTime" signature="()" line-rate="1" branch-rate="1" complexity="1">
              <lines>
                <line number="9" hits="3" branch="False" />
              </lines>
            </method>
            <method name="get_UpdateTime" signature="()" line-rate="1" branch-rate="1" complexity="1">
              <lines>
                <line number="10" hits="3" branch="False" />
              </lines>
            </method>
            <method name="get_UserID" signature="()" line-rate="1" branch-rate="1" complexity="1">
              <lines>
                <line number="11" hits="101" branch="False" />
              </lines>
            </method>
            <method name="get_User" signature="()" line-rate="0" branch-rate="1" complexity="1">
              <lines>
                <line number="12" hits="0" branch="False" />
              </lines>
            </method>
            <method name="get_Images" signature="()" line-rate="0" branch-rate="1" complexity="1">
              <lines>
                <line number="13" hits="0" branch="False" />
              </lines>
            </method>
            <method name="get_Reviews" signature="()" line-rate="0" branch-rate="1" complexity="1">
              <lines>
                <line number="14" hits="0" branch="False" />
              </lines>
            </method>
            <method name=".ctor" signature="()" line-rate="1" branch-rate="1" complexity="1">
              <lines>
                <line number="16" hits="567" branch="False" />
              </lines>
            </method>
          </methods>
          <lines>
            <line number="5" hits="113" branch="False" />
            <line number="6" hits="95" branch="False" />
            <line number="7" hits="95" branch="False" />
            <line number="8" hits="95" branch="False" />
            <line number="9" hits="3" branch="False" />
            <line number="10" hits="3" branch="False" />
            <line number="11" hits="101" branch="False" />
            <line number="12" hits="0" branch="False" />
            <line number="13" hits="0" branch="False" />
            <line number="14" hits="0" branch="False" />
            <line number="16" hits="567" branch="False" />
          </lines>
        </class>
        <class name="ProiectMOPS.Domain.Models.ProductImage" filename="Desktop\ASP\Proiect-MOPS\Backend\ProiectMOPS\ProiectMOPS\Models\ProductImage.cs" line-rate="0.75" branch-rate="1" complexity="4">
          <methods>
            <method name="get_ProductImageID" signature="()" line-rate="1" branch-rate="1" complexity="1">
              <lines>
                <line number="5" hits="5" branch="False" />
              </lines>
            </method>
            <method name="get_URL" signature="()" line-rate="1" branch-rate="1" complexity="1">
              <lines>
                <line number="6" hits="27" branch="False" />
              </lines>
            </method>
            <method name="get_ProductID" signature="()" line-rate="1" branch-rate="1" complexity="1">
              <lines>
                <line number="7" hits="27" branch="False" />
              </lines>
            </method>
            <method name="get_Product" signature="()" line-rate="0" branch-rate="1" complexity="1">
              <lines>
                <line number="8" hits="0" branch="False" />
              </lines>
            </method>
          </methods>
          <lines>
            <line number="5" hits="5" branch="False" />
            <line number="6" hits="27" branch="False" />
            <line number="7" hits="27" branch="False" />
            <line number="8" hits="0" branch="False" />
          </lines>
        </class>
        <class name="ProiectMOPS.Domain.Models.Review" filename="Desktop\ASP\Proiect-MOPS\Backend\ProiectMOPS\ProiectMOPS\Models\Review.cs" line-rate="0.7777" branch-rate="1" complexity="9">
          <methods>
            <method name="get_ReviewID" signature="()" line-rate="1" branch-rate="1" complexity="1">
              <lines>
                <line number="5" hits="9" branch="False" />
              </lines>
            </method>
            <method name="get_CreatedTime" signature="()" line-rate="1" branch-rate="1" complexity="1">
              <lines>
                <line number="6" hits="3" branch="False" />
              </lines>
            </method>
            <method name="get_UpdatedTime" signature="()" line-rate="1" branch-rate="1" complexity="1">
              <lines>
                <line number="7" hits="3" branch="False" />
              </lines>
            </method>
            <method name="get_Description" signature="()" line-rate="1" branch-rate="1" complexity="1">
              <lines>
                <line number="8" hits="27" branch="False" />
              </lines>
            </method>
            <method name="get_UserID" signature="()" line-rate="1" branch-rate="1" complexity="1">
              <lines>
                <line number="9" hits="33" branch="False" />
              </lines>
            </method>
            <method name="get_StarNumber" signature="()" line-rate="1" branch-rate="1" complexity="1">
              <lines>
                <line number="10" hits="27" branch="False" />
              </lines>
            </method>
            <method name="get_User" signature="()" line-rate="0" branch-rate="1" complexity="1">
              <lines>
                <line number="11" hits="0" branch="False" />
              </lines>
            </method>
            <method name="get_ProductID" signature="()" line-rate="1" branch-rate="1" complexity="1">
              <lines>
                <line number="12" hits="27" branch="False" />
              </lines>
            </method>
            <method name="get_Product" signature="()" line-rate="0" branch-rate="1" complexity="1">
              <lines>
                <line number="13" hits="0" branch="False" />
              </lines>
            </method>
          </methods>
          <lines>
            <line number="5" hits="9" branch="False" />
            <line number="6" hits="3" branch="False" />
            <line number="7" hits="3" branch="False" />
            <line number="8" hits="27" branch="False" />
            <line number="9" hits="33" branch="False" />
            <line number="10" hits="27" branch="False" />
            <line number="11" hits="0" branch="False" />
            <line number="12" hits="27" branch="False" />
            <line number="13" hits="0" branch="False" />
          </lines>
        </class>
        <class name="ProiectMOPS.Domain.Models.User" filename="Desktop\ASP\Proiect-MOPS\Backend\ProiectMOPS\ProiectMOPS\Models\User.cs" line-rate="0" branch-rate="1" complexity="2">
          <methods>
            <method name="get_Products" signature="()" line-rate="0" branch-rate="1" complexity="1">
              <lines>
                <line number="7" hits="0" branch="False" />
              </lines>
            </method>
            <method name="get_Reviews" signature="()" line-rate="0" branch-rate="1" complexity="1">
              <lines>
                <line number="8" hits="0" branch="False" />
              </lines>
            </method>
          </methods>
          <lines>
            <line number="7" hits="0" branch="False" />
            <line number="8" hits="0" branch="False" />
          </lines>
        </class>
        <class name="ProiectMOPS.Domain.DTOs.CreateProductDTO" filename="Desktop\ASP\Proiect-MOPS\Backend\ProiectMOPS\ProiectMOPS\DTOs\CreateProductDTO.cs" line-rate="1" branch-rate="1" complexity="4">
          <methods>
            <method name="get_UserID" signature="()" line-rate="1" branch-rate="1" complexity="1">
              <lines>
                <line number="5" hits="13" branch="False" />
              </lines>
            </method>
            <method name="get_Price" signature="()" line-rate="1" branch-rate="1" complexity="1">
              <lines>
                <line number="6" hits="12" branch="False" />
              </lines>
            </method>
            <method name="get_Description" signature="()" line-rate="1" branch-rate="1" complexity="1">
              <lines>
                <line number="7" hits="12" branch="False" />
              </lines>
            </method>
            <method name="get_Name" signature="()" line-rate="1" branch-rate="1" complexity="1">
              <lines>
                <line number="8" hits="12" branch="False" />
              </lines>
            </method>
          </methods>
          <lines>
            <line number="5" hits="13" branch="False" />
            <line number="6" hits="12" branch="False" />
            <line number="7" hits="12" branch="False" />
            <line number="8" hits="12" branch="False" />
          </lines>
        </class>
        <class name="ProiectMOPS.Domain.DTOs.CreateProductImageDTO" filename="Desktop\ASP\Proiect-MOPS\Backend\ProiectMOPS\ProiectMOPS\DTOs\CreateProductImageDTO.cs" line-rate="1" branch-rate="1" complexity="2">
          <methods>
            <method name="get_ProductID" signature="()" line-rate="1" branch-rate="1" complexity="1">
              <lines>
                <line number="5" hits="11" branch="False" />
              </lines>
            </method>
            <method name="get_URL" signature="()" line-rate="1" branch-rate="1" complexity="1">
              <lines>
                <line number="6" hits="10" branch="False" />
              </lines>
            </method>
          </methods>
          <lines>
            <line number="5" hits="11" branch="False" />
            <line number="6" hits="10" branch="False" />
          </lines>
        </class>
        <class name="ProiectMOPS.Domain.DTOs.CreateReviewDTO" filename="Desktop\ASP\Proiect-MOPS\Backend\ProiectMOPS\ProiectMOPS\DTOs\CreateReviewDTO.cs" line-rate="1" branch-rate="1" complexity="4">
          <methods>
            <method name="get_Description" signature="()" line-rate="1" branch-rate="1" complexity="1">
              <lines>
                <line number="5" hits="12" branch="False" />
              </lines>
            </method>
            <method name="get_UserID" signature="()" line-rate="1" branch-rate="1" complexity="1">
              <lines>
                <line number="6" hits="7" branch="False" />
              </lines>
            </method>
            <method name="get_StarNumber" signature="()" line-rate="1" branch-rate="1" complexity="1">
              <lines>
                <line number="7" hits="12" branch="False" />
              </lines>
            </method>
            <method name="get_ProductID" signature="()" line-rate="1" branch-rate="1" complexity="1">
              <lines>
                <line number="8" hits="7" branch="False" />
              </lines>
            </method>
          </methods>
          <lines>
            <line number="5" hits="12" branch="False" />
            <line number="6" hits="7" branch="False" />
            <line number="7" hits="12" branch="False" />
            <line number="8" hits="7" branch="False" />
          </lines>
        </class>
        <class name="ProiectMOPS.Domain.DTOs.LoginUserDTO" filename="Desktop\ASP\Proiect-MOPS\Backend\ProiectMOPS\ProiectMOPS\DTOs\LoginUserDTO.cs" line-rate="1" branch-rate="1" complexity="2">
          <methods>
            <method name="get_UserName" signature="()" line-rate="1" branch-rate="1" complexity="1">
              <lines>
                <line number="5" hits="13" branch="False" />
              </lines>
            </method>
            <method name="get_Password" signature="()" line-rate="1" branch-rate="1" complexity="1">
              <lines>
                <line number="6" hits="13" branch="False" />
              </lines>
            </method>
          </methods>
          <lines>
            <line number="5" hits="13" branch="False" />
            <line number="6" hits="13" branch="False" />
          </lines>
        </class>
        <class name="ProiectMOPS.Domain.DTOs.ProductDTO_TDD" filename="Desktop\ASP\Proiect-MOPS\Backend\ProiectMOPS\ProiectMOPS\DTOs\ProductDTO_TDD.cs" line-rate="1" branch-rate="1" complexity="9">
          <methods>
            <method name="get_ProductID" signature="()" line-rate="1" branch-rate="1" complexity="1">
              <lines>
                <line number="12" hits="92" branch="False" />
              </lines>
            </method>
            <method name="get_Price" signature="()" line-rate="1" branch-rate="1" complexity="1">
              <lines>
                <line number="13" hits="96" branch="False" />
              </lines>
            </method>
            <method name="get_Name" signature="()" line-rate="1" branch-rate="1" complexity="1">
              <lines>
                <line number="14" hits="96" branch="False" />
              </lines>
            </method>
            <method name="get_Description" signature="()" line-rate="1" branch-rate="1" complexity="1">
              <lines>
                <line number="15" hits="96" branch="False" />
              </lines>
            </method>
[...]
        </class>
        <class name="TestProjectMOPS.ReviewControllerUnitTests/&lt;GetReviewById_ValidReview_ReturnsOk&gt;d__19" filename="Desktop\ASP\Proiect-MOPS\Backend\ProiectMOPS\TestProjectMOPS\ReviewControllerUnitTests.cs" line-rate="1" branch-rate="1" complexity="1">
          <methods>
            <method name="MoveNext" signature="()" line-rate="1" branch-rate="1" complexity="1">
              <lines>
                <line number="148" hits="1" branch="False" />
                <line number="152" hits="1" branch="False" />
                <line number="153" hits="1" branch="False" />
                <line number="156" hits="1" branch="False" />
                <line number="158" hits="1" branch="False" />
                <line number="159" hits="1" branch="False" />
              </lines>
            </method>
          </methods>
          <lines>
            <line number="148" hits="1" branch="False" />
            <line number="152" hits="1" branch="False" />
            <line number="153" hits="1" branch="False" />
            <line number="156" hits="1" branch="False" />
            <line number="158" hits="1" branch="False" />
            <line number="159" hits="1" branch="False" />
          </lines>
        </class>
        <class name="TestProjectMOPS.ReviewControllerUnitTests/&lt;GetReviewByUserId_ValidReview_ReturnsOk&gt;d__20" filename="Desktop\ASP\Proiect-MOPS\Backend\ProiectMOPS\TestProjectMOPS\ReviewControllerUnitTests.cs" line-rate="1" branch-rate="1" complexity="1">
          <methods>
            <method name="MoveNext" signature="()" line-rate="1" branch-rate="1" complexity="1">
              <lines>
                <line number="162" hits="1" branch="False" />
                <line number="166" hits="1" branch="False" />
                <line number="167" hits="1" branch="False" />
                <line number="170" hits="1" branch="False" />
                <line number="172" hits="1" branch="False" />
                <line number="173" hits="1" branch="False" />
              </lines>
            </method>
          </methods>
          <lines>
            <line number="162" hits="1" branch="False" />
            <line number="166" hits="1" branch="False" />
            <line number="167" hits="1" branch="False" />
            <line number="170" hits="1" branch="False" />
            <line number="172" hits="1" branch="False" />
            <line number="173" hits="1" branch="False" />
          </lines>
        </class>
        <class name="TestProjectMOPS.ReviewControllerUnitTests/&lt;GetReview_ValidReview_ReturnsOk&gt;d__18" filename="Desktop\ASP\Proiect-MOPS\Backend\ProiectMOPS\TestProjectMOPS\ReviewControllerUnitTests.cs" line-rate="1" branch-rate="1" complexity="1">
          <methods>
            <method name="MoveNext" signature="()" line-rate="1" branch-rate="1" complexity="1">
              <lines>
                <line number="134" hits="1" branch="False" />
                <line number="138" hits="1" branch="False" />
                <line number="139" hits="1" branch="False" />
                <line number="142" hits="1" branch="False" />
                <line number="144" hits="1" branch="False" />
                <line number="145" hits="1" branch="False" />
              </lines>
            </method>
          </methods>
          <lines>
            <line number="134" hits="1" branch="False" />
            <line number="138" hits="1" branch="False" />
            <line number="139" hits="1" branch="False" />
            <line number="142" hits="1" branch="False" />
            <line number="144" hits="1" branch="False" />
            <line number="145" hits="1" branch="False" />
          </lines>
        </class>
        <class name="TestProjectMOPS.ReviewControllerUnitTests/&lt;UpdateReview_ValidReview_ReturnsOk&gt;d__16" filename="Desktop\ASP\Proiect-MOPS\Backend\ProiectMOPS\TestProjectMOPS\ReviewControllerUnitTests.cs" line-rate="1" branch-rate="1" complexity="1">
          <methods>
            <method name="MoveNext" signature="()" line-rate="1" branch-rate="1" complexity="1">
              <lines>
                <line number="105" hits="1" branch="False" />
                <line number="109" hits="1" branch="False" />
                <line number="110" hits="1" branch="False" />
                <line number="113" hits="1" branch="False" />
                <line number="115" hits="1" branch="False" />
                <line number="116" hits="1" branch="False" />
              </lines>
            </method>
          </methods>
          <lines>
            <line number="105" hits="1" branch="False" />
            <line number="109" hits="1" branch="False" />
            <line number="110" hits="1" branch="False" />
            <line number="113" hits="1" branch="False" />
            <line number="115" hits="1" branch="False" />
            <line number="116" hits="1" branch="False" />
          </lines>
        </class>
        <class name="TestProjectMOPS.UserControllerUnitTests" filename="Desktop\ASP\Proiect-MOPS\Backend\ProiectMOPS\TestProjectMOPS\UserControllerUnitTests.cs" line-rate="1" branch-rate="1" complexity="1">
          <methods>
            <method name=".ctor" signature="()" line-rate="1" branch-rate="1" complexity="1">
              <lines>
                <line number="30" hits="7" branch="False" />
                <line number="31" hits="7" branch="False" />
                <line number="32" hits="7" branch="False" />
                <line number="33" hits="7" branch="False" />
                <line number="34" hits="7" branch="False" />
                <line number="35" hits="7" branch="False" />
                <line number="36" hits="7" branch="False" />
                <line number="37" hits="7" branch="False" />
                <line number="38" hits="7" branch="False" />
                <line number="39" hits="7" branch="False" />
                <line number="40" hits="7" branch="False" />
                <line number="41" hits="7" branch="False" />
                <line number="42" hits="7" branch="False" />
                <line number="43" hits="7" branch="False" />
                <line number="44" hits="7" branch="False" />
                <line number="45" hits="7" branch="False" />
                <line number="46" hits="7" branch="False" />
                <line number="47" hits="7" branch="False" />
                <line number="48" hits="7" branch="False" />
                <line number="49" hits="7" branch="False" />
                <line number="50" hits="7" branch="False" />
                <line number="51" hits="7" branch="False" />
                <line number="52" hits="7" branch="False" />
                <line number="53" hits="7" branch="False" />
                <line number="54" hits="7" branch="False" />
                <line number="55" hits="7" branch="False" />
                <line number="56" hits="7" branch="False" />
                <line number="57" hits="7" branch="False" />
                <line number="58" hits="7" branch="False" />
                <line number="59" hits="7" branch="False" />
                <line number="60" hits="7" branch="False" />
                <line number="61" hits="7" branch="False" />
                <line number="62" hits="7" branch="False" />
              </lines>
            </method>
          </methods>
          <lines>
            <line number="30" hits="7" branch="False" />
            <line number="31" hits="7" branch="False" />
            <line number="32" hits="7" branch="False" />
            <line number="33" hits="7" branch="False" />
            <line number="34" hits="7" branch="False" />
            <line number="35" hits="7" branch="False" />
            <line number="36" hits="7" branch="False" />
            <line number="37" hits="7" branch="False" />
            <line number="38" hits="7" branch="False" />
            <line number="39" hits="7" branch="False" />
            <line number="40" hits="7" branch="False" />
            <line number="41" hits="7" branch="False" />
            <line number="42" hits="7" branch="False" />
            <line number="43" hits="7" branch="False" />
            <line number="44" hits="7" branch="False" />
            <line number="45" hits="7" branch="False" />
            <line number="46" hits="7" branch="False" />
            <line number="47" hits="7" branch="False" />
            <line number="48" hits="7" branch="False" />
            <line number="49" hits="7" branch="False" />
            <line number="50" hits="7" branch="False" />
            <line number="51" hits="7" branch="False" />
            <line number="52" hits="7" branch="False" />
            <line number="53" hits="7" branch="False" />
            <line number="54" hits="7" branch="False" />
            <line number="55" hits="7" branch="False" />
            <line number="56" hits="7" branch="False" />
            <line number="57" hits="7" branch="False" />
            <line number="58" hits="7" branch="False" />
            <line number="59" hits="7" branch="False" />
            <line number="60" hits="7" branch="False" />
            <line number="61" hits="7" branch="False" />
            <line number="62" hits="7" branch="False" />
          </lines>
        </class>
        <class name="TestProjectMOPS.UserControllerUnitTests/&lt;AddToRole_ValidCredentials_ReturnsOkResult&gt;d__12" filename="Desktop\ASP\Proiect-MOPS\Backend\ProiectMOPS\TestProjectMOPS\UserControllerUnitTests.cs" line-rate="0.8332999999999999" branch-rate="1" complexity="1">
          <methods>
            <method name="MoveNext" signature="()" line-rate="0.8332999999999999" branch-rate="1" complexity="1">
              <lines>
                <line number="128" hits="1" branch="False" />
                <line number="129" hits="1" branch="False" />
                <line number="130" hits="1" branch="False" />
                <line number="131" hits="1" branch="False" />
                <line number="132" hits="1" branch="False" />
                <line number="133" hits="1" branch="False" />
                <line number="134" hits="1" branch="False" />
                <line number="135" hits="1" branch="False" />
                <line number="136" hits="1" branch="False" />
                <line number="138" hits="1" branch="False" />
                <line number="140" hits="0" branch="False" />
                <line number="141" hits="0" branch="False" />
              </lines>
            </method>
          </methods>
          <lines>
            <line number="128" hits="1" branch="False" />
            <line number="129" hits="1" branch="False" />
            <line number="130" hits="1" branch="False" />
            <line number="131" hits="1" branch="False" />
            <line number="132" hits="1" branch="False" />
            <line number="133" hits="1" branch="False" />
            <line number="134" hits="1" branch="False" />
            <line number="135" hits="1" branch="False" />
            <line number="136" hits="1" branch="False" />
            <line number="138" hits="1" branch="False" />
            <line number="140" hits="0" branch="False" />
            <line number="141" hits="0" branch="False" />
          </lines>
        </class>
        <class name="TestProjectMOPS.UserControllerUnitTests/&lt;ChangePassword_ValidCredentials_ReturnsOkResult&gt;d__13" filename="Desktop\ASP\Proiect-MOPS\Backend\ProiectMOPS\TestProjectMOPS\UserControllerUnitTests.cs" line-rate="0.8" branch-rate="1" complexity="1">
          <methods>
            <method name="MoveNext" signature="()" line-rate="0.8" branch-rate="1" complexity="1">
              <lines>
                <line number="145" hits="1" branch="False" />
                <line number="146" hits="1" branch="False" />
                <line number="147" hits="1" branch="False" />
                <line number="148" hits="1" branch="False" />
                <line number="149" hits="1" branch="False" />
                <line number="150" hits="1" branch="False" />
                <line number="151" hits="1" branch="False" />
                <line number="153" hits="1" branch="False" />
                <line number="155" hits="0" branch="False" />
                <line number="156" hits="0" branch="False" />
              </lines>
            </method>
          </methods>
          <lines>
            <line number="145" hits="1" branch="False" />
            <line number="146" hits="1" branch="False" />
            <line number="147" hits="1" branch="False" />
            <line number="148" hits="1" branch="False" />
            <line number="149" hits="1" branch="False" />
            <line number="150" hits="1" branch="False" />
            <line number="151" hits="1" branch="False" />
            <line number="153" hits="1" branch="False" />
            <line number="155" hits="0" branch="False" />
            <line number="156" hits="0" branch="False" />
          </lines>
        </class>
        <class name="TestProjectMOPS.UserControllerUnitTests/&lt;Login_InvalidCredentials_ReturnsUnauthorizedResult&gt;d__8" filename="Desktop\ASP\Proiect-MOPS\Backend\ProiectMOPS\TestProjectMOPS\UserControllerUnitTests.cs" line-rate="1" branch-rate="1" complexity="1">
          <methods>
            <method name="MoveNext" signature="()" line-rate="1" branch-rate="1" complexity="1">
              <lines>
                <line number="81" hits="1" branch="False" />
                <line number="82" hits="1" branch="False" />
                <line number="83" hits="1" branch="False" />
                <line number="84" hits="1" branch="False" />
                <line number="85" hits="1" branch="False" />
                <line number="87" hits="1" branch="False" />
                <line number="89" hits="1" branch="False" />
                <line number="90" hits="1" branch="False" />
              </lines>
            </method>
          </methods>
          <lines>
            <line number="81" hits="1" branch="False" />
            <line number="82" hits="1" branch="False" />
            <line number="83" hits="1" branch="False" />
            <line number="84" hits="1" branch="False" />
            <line number="85" hits="1" branch="False" />
            <line number="87" hits="1" branch="False" />
            <line number="89" hits="1" branch="False" />
            <line number="90" hits="1" branch="False" />
          </lines>
        </class>
        <class name="TestProjectMOPS.UserControllerUnitTests/&lt;Login_ValidCredentials_ReturnsOkResult&gt;d__7" filename="Desktop\ASP\Proiect-MOPS\Backend\ProiectMOPS\TestProjectMOPS\UserControllerUnitTests.cs" line-rate="1" branch-rate="1" complexity="1">
          <methods>
            <method name="MoveNext" signature="()" line-rate="1" branch-rate="1" complexity="1">
              <lines>
                <line number="66" hits="1" branch="False" />
                <line number="67" hits="1" branch="False" />
                <line number="68" hits="1" branch="False" />
                <line number="69" hits="1" branch="False" />
                <line number="70" hits="1" branch="False" />
                <line number="71" hits="1" branch="False" />
                <line number="72" hits="1" branch="False" />
                <line number="74" hits="1" branch="False" />
                <line number="76" hits="1" branch="False" />
                <line number="77" hits="1" branch="False" />
              </lines>
            </method>
          </methods>
          <lines>
            <line number="66" hits="1" branch="False" />
            <line number="67" hits="1" branch="False" />
            <line number="68" hits="1" branch="False" />
            <line number="69" hits="1" branch="False" />
            <line number="70" hits="1" branch="False" />
            <line number="71" hits="1" branch="False" />
            <line number="72" hits="1" branch="False" />
            <line number="74" hits="1" branch="False" />
            <line number="76" hits="1" branch="False" />
            <line number="77" hits="1" branch="False" />
          </lines>
        </class>
        <class name="TestProjectMOPS.UserControllerUnitTests/&lt;Register_InvalidInput_ReturnsBadRequestResult&gt;d__10" filename="Desktop\ASP\Proiect-MOPS\Backend\ProiectMOPS\TestProjectMOPS\UserControllerUnitTests.cs" line-rate="1" branch-rate="1" complexity="1">
          <methods>
            <method name="MoveNext" signature="()" line-rate="1" branch-rate="1" complexity="1">
              <lines>
                <line number="106" hits="1" branch="False" />
                <line number="107" hits="1" branch="False" />
                <line number="108" hits="1" branch="False" />
                <line number="110" hits="1" branch="False" />
                <line number="112" hits="1" branch="False" />
                <line number="113" hits="1" branch="False" />
              </lines>
            </method>
          </methods>
          <lines>
            <line number="106" hits="1" branch="False" />
            <line number="107" hits="1" branch="False" />
            <line number="108" hits="1" branch="False" />
            <line number="110" hits="1" branch="False" />
            <line number="112" hits="1" branch="False" />
            <line number="113" hits="1" branch="False" />
          </lines>
        </class>
        <class name="TestProjectMOPS.UserControllerUnitTests/&lt;Register_UserExists_ReturnsConflictResult&gt;d__11" filename="Desktop\ASP\Proiect-MOPS\Backend\ProiectMOPS\TestProjectMOPS\UserControllerUnitTests.cs" line-rate="1" branch-rate="1" complexity="1">
          <methods>
            <method name="MoveNext" signature="()" line-rate="1" branch-rate="1" complexity="1">
              <lines>
                <line number="117" hits="1" branch="False" />
                <line number="118" hits="1" branch="False" />
                <line number="119" hits="1" branch="False" />
                <line number="121" hits="1" branch="False" />
                <line number="123" hits="1" branch="False" />
                <line number="124" hits="1" branch="False" />
              </lines>
            </method>
          </methods>
          <lines>
            <line number="117" hits="1" branch="False" />
            <line number="118" hits="1" branch="False" />
            <line number="119" hits="1" branch="False" />
            <line number="121" hits="1" branch="False" />
            <line number="123" hits="1" branch="False" />
            <line number="124" hits="1" branch="False" />
          </lines>
        </class>
        <class name="TestProjectMOPS.UserControllerUnitTests/&lt;Register_ValidInput_ReturnsOkResult&gt;d__9" filename="Desktop\ASP\Proiect-MOPS\Backend\ProiectMOPS\TestProjectMOPS\UserControllerUnitTests.cs" line-rate="1" branch-rate="1" complexity="1">
          <methods>
            <method name="MoveNext" signature="()" line-rate="1" branch-rate="1" complexity="1">
              <lines>
                <line number="94" hits="1" branch="False" />
                <line number="95" hits="1" branch="False" />
                <line number="96" hits="1" branch="False" />
                <line number="98" hits="1" branch="False" />
                <line number="100" hits="1" branch="False" />
                <line number="101" hits="1" branch="False" />
              </lines>
            </method>
          </methods>
          <lines>
            <line number="94" hits="1" branch="False" />
            <line number="95" hits="1" branch="False" />
            <line number="96" hits="1" branch="False" />
            <line number="98" hits="1" branch="False" />
            <line number="100" hits="1" branch="False" />
            <line number="101" hits="1" branch="False" />
          </lines>
        </class>
      </classes>
    </package>
  </packages>
</coverage>